
=============
== PyTorch ==
=============

NVIDIA Release 26.03 (build 286725635)
PyTorch Version 2.11.0a0+a6c236b
Container image Copyright (c) 2025, NVIDIA CORPORATION & AFFILIATES. All rights reserved.
Copyright (c) 2014-2024 Facebook Inc.
Copyright (c) 2011-2014 Idiap Research Institute (Ronan Collobert)
Copyright (c) 2012-2014 Deepmind Technologies    (Koray Kavukcuoglu)
Copyright (c) 2011-2012 NEC Laboratories America (Koray Kavukcuoglu)
Copyright (c) 2011-2013 NYU                      (Clement Farabet)
Copyright (c) 2006-2010 NEC Laboratories America (Ronan Collobert, Leon Bottou, Iain Melvin, Jason Weston)
Copyright (c) 2006      Idiap Research Institute (Samy Bengio)
Copyright (c) 2001-2004 Idiap Research Institute (Ronan Collobert, Samy Bengio, Johnny Mariethoz)
Copyright (c) 2015      Google Inc.
Copyright (c) 2015      Yangqing Jia
Copyright (c) 2013-2016 The Caffe contributors
All rights reserved.

Various files include modifications (c) NVIDIA CORPORATION & AFFILIATES.  All rights reserved.

GOVERNING TERMS: The software and materials are governed by the NVIDIA Software License Agreement
(found at https://www.nvidia.com/en-us/agreements/enterprise-software/nvidia-software-license-agreement/)
and the Product-Specific Terms for NVIDIA AI Products
(found at https://www.nvidia.com/en-us/agreements/enterprise-software/product-specific-terms-for-ai-products/).

NOTE: Mellanox network driver detected, but NVIDIA peer memory driver not
      detected.  Multi-node communication performance may be reduced.

SM90 MegaMoE bench: ranks=8 hidden=7168 ih=3072 experts=384 topk=6 masked_ratio=0.0 fast_math=True
/usr/local/lib/python3.12/dist-packages/torch/utils/_device.py:124: UserWarning: Specified kernel cache directory could not be created! This disables kernel caching. Specified directory is /root/.cache/torch/kernels. This warning will appear only once per process. (Triggered internally at /opt/pytorch/pytorch/aten/src/ATen/native/cuda/jit_utils.cpp:1487.)
  return func(*args, **kwargs)
/usr/local/lib/python3.12/dist-packages/torch/utils/_device.py:124: UserWarning: Specified kernel cache directory could not be created! This disables kernel caching. Specified directory is /root/.cache/torch/kernels. This warning will appear only once per process. (Triggered internally at /opt/pytorch/pytorch/aten/src/ATen/native/cuda/jit_utils.cpp:1487.)
  return func(*args, **kwargs)
/usr/local/lib/python3.12/dist-packages/torch/utils/_device.py:124: UserWarning: Specified kernel cache directory could not be created! This disables kernel caching. Specified directory is /root/.cache/torch/kernels. This warning will appear only once per process. (Triggered internally at /opt/pytorch/pytorch/aten/src/ATen/native/cuda/jit_utils.cpp:1487.)
  return func(*args, **kwargs)
 tokens=   8  recv=   50  experts=  33  nvfp4=  643.9us mean_rank=  637.6us max_rank=  650.6us ( 10.3TF, 1906GB/s)  (rank0)
 tokens=  16  recv=   89  experts=  39  nvfp4=  786.8us mean_rank=  781.6us max_rank=  794.9us ( 14.9TF, 1845GB/s)  (rank0)
 tokens=  32  recv=  187  experts=  47  nvfp4=  958.0us mean_rank=  933.7us max_rank=  960.8us ( 25.8TF, 1828GB/s)  (rank0)
 tokens=  64  recv=  348  experts=  48  nvfp4=  899.1us mean_rank=  887.6us max_rank=  902.3us ( 51.1TF, 1994GB/s)  (rank0)
 tokens= 128  recv=  789  experts=  48  nvfp4=  906.2us mean_rank=  901.4us max_rank=  910.2us (115.0TF, 1992GB/s)  (rank0)
 tokens= 256  recv= 1574  experts=  48  nvfp4=  914.6us mean_rank=  992.1us max_rank= 1015.0us (227.4TF, 1998GB/s)  (rank0)
 tokens= 512  recv= 3089  experts=  48  nvfp4= 1446.0us mean_rank= 1437.2us max_rank= 1450.0us (282.2TF, 1293GB/s)  (rank0)
 tokens=1024  recv= 6102  experts=  48  nvfp4= 2227.0us mean_rank= 2220.2us max_rank= 2227.0us (362.0TF,  877GB/s)  (rank0)
 tokens=2048  recv=12294  experts=  48  nvfp4= 4157.0us mean_rank= 4152.6us max_rank= 4168.0us (390.7TF,  511GB/s)  (rank0)
 tokens=4096  recv=24323  experts=  48  nvfp4= 7317.0us mean_rank= 7317.7us max_rank= 7329.0us (439.2TF,  336GB/s)  (rank0)
 tokens=8192  recv=49566  experts=  48  nvfp4=13781.0us mean_rank=13783.5us max_rank=13798.0us (475.2TF,  229GB/s)  (rank0)
