
=============
== PyTorch ==
=============

NVIDIA Release 26.03 (build 286725635)
PyTorch Version 2.11.0a0+a6c236b
Container image Copyright (c) 2025, NVIDIA CORPORATION & AFFILIATES. All rights reserved.
Copyright (c) 2014-2024 Facebook Inc.
Copyright (c) 2011-2014 Idiap Research Institute (Ronan Collobert)
Copyright (c) 2012-2014 Deepmind Technologies    (Koray Kavukcuoglu)
Copyright (c) 2011-2012 NEC Laboratories America (Koray Kavukcuoglu)
Copyright (c) 2011-2013 NYU                      (Clement Farabet)
Copyright (c) 2006-2010 NEC Laboratories America (Ronan Collobert, Leon Bottou, Iain Melvin, Jason Weston)
Copyright (c) 2006      Idiap Research Institute (Samy Bengio)
Copyright (c) 2001-2004 Idiap Research Institute (Ronan Collobert, Samy Bengio, Johnny Mariethoz)
Copyright (c) 2015      Google Inc.
Copyright (c) 2015      Yangqing Jia
Copyright (c) 2013-2016 The Caffe contributors
All rights reserved.

Various files include modifications (c) NVIDIA CORPORATION & AFFILIATES.  All rights reserved.

GOVERNING TERMS: The software and materials are governed by the NVIDIA Software License Agreement
(found at https://www.nvidia.com/en-us/agreements/enterprise-software/nvidia-software-license-agreement/)
and the Product-Specific Terms for NVIDIA AI Products
(found at https://www.nvidia.com/en-us/agreements/enterprise-software/product-specific-terms-for-ai-products/).

NOTE: Mellanox network driver detected, but NVIDIA peer memory driver not
      detected.  Multi-node communication performance may be reduced.

SM90 MegaMoE bench: ranks=8 hidden=6144 ih=2048 experts=384 topk=8 masked_ratio=0.0 fast_math=True
 tokens=   8  recv=   64  experts=  39  nvfp4=  431.8us mean_rank=  434.5us max_rank=  440.0us ( 11.2TF, 1921GB/s)  (rank0)
 tokens=  16  recv=  118  experts=  45  nvfp4=  499.6us mean_rank=  497.2us max_rank=  502.6us ( 17.8TF, 1918GB/s)  (rank0)
 tokens=  32  recv=  241  experts=  48  nvfp4=  541.6us mean_rank=  539.2us max_rank=  548.3us ( 33.6TF, 1892GB/s)  (rank0)
 tokens=  64  recv=  546  experts=  48  nvfp4=  537.8us mean_rank=  542.7us max_rank=  548.3us ( 76.7TF, 1918GB/s)  (rank0)
 tokens= 128  recv=  984  experts=  48  nvfp4=  538.2us mean_rank=  538.4us max_rank=  543.8us (138.0TF, 1935GB/s)  (rank0)
 tokens= 256  recv= 2037  experts=  48  nvfp4=  561.5us mean_rank=  564.3us max_rank=  569.3us (273.9TF, 1897GB/s)  (rank0)
 tokens= 512  recv= 4097  experts=  48  nvfp4= 1019.0us mean_rank= 1026.2us max_rank= 1033.0us (303.5TF, 1091GB/s)  (rank0)
 tokens=1024  recv= 8140  experts=  48  nvfp4= 1521.0us mean_rank= 1532.5us max_rank= 1539.0us (404.0TF,  791GB/s)  (rank0)
 tokens=2048  recv=16409  experts=  48  nvfp4= 2883.0us mean_rank= 2889.1us max_rank= 2893.0us (429.7TF,  482GB/s)  (rank0)
 tokens=4096  recv=32686  experts=  48  nvfp4= 5443.0us mean_rank= 5443.8us max_rank= 5447.0us (453.4TF,  323GB/s)  (rank0)
 tokens=8192  recv=65538  experts=  48  nvfp4=10527.0us mean_rank=10527.7us max_rank=10532.0us (470.0TF,  237GB/s)  (rank0)
