
=============
== PyTorch ==
=============

NVIDIA Release 26.03 (build 286725635)
PyTorch Version 2.11.0a0+a6c236b
Container image Copyright (c) 2025, NVIDIA CORPORATION & AFFILIATES. All rights reserved.
Copyright (c) 2014-2024 Facebook Inc.
Copyright (c) 2011-2014 Idiap Research Institute (Ronan Collobert)
Copyright (c) 2012-2014 Deepmind Technologies    (Koray Kavukcuoglu)
Copyright (c) 2011-2012 NEC Laboratories America (Koray Kavukcuoglu)
Copyright (c) 2011-2013 NYU                      (Clement Farabet)
Copyright (c) 2006-2010 NEC Laboratories America (Ronan Collobert, Leon Bottou, Iain Melvin, Jason Weston)
Copyright (c) 2006      Idiap Research Institute (Samy Bengio)
Copyright (c) 2001-2004 Idiap Research Institute (Ronan Collobert, Samy Bengio, Johnny Mariethoz)
Copyright (c) 2015      Google Inc.
Copyright (c) 2015      Yangqing Jia
Copyright (c) 2013-2016 The Caffe contributors
All rights reserved.

Various files include modifications (c) NVIDIA CORPORATION & AFFILIATES.  All rights reserved.

GOVERNING TERMS: The software and materials are governed by the NVIDIA Software License Agreement
(found at https://www.nvidia.com/en-us/agreements/enterprise-software/nvidia-software-license-agreement/)
and the Product-Specific Terms for NVIDIA AI Products
(found at https://www.nvidia.com/en-us/agreements/enterprise-software/product-specific-terms-for-ai-products/).

NOTE: Mellanox network driver detected, but NVIDIA peer memory driver not
      detected.  Multi-node communication performance may be reduced.

SM90 MegaMoE bench: ranks=8 hidden=6144 ih=2048 experts=384 topk=8 masked_ratio=0.0 fast_math=True
 tokens=   8  recv=   64  experts=  39  nvfp4=  439.6us mean_rank=  437.8us max_rank=  443.2us ( 11.0TF, 1887GB/s)  (rank0)
 tokens=  16  recv=  118  experts=  45  nvfp4=  519.1us mean_rank=  510.2us max_rank=  519.1us ( 17.2TF, 1846GB/s)  (rank0)
 tokens=  32  recv=  241  experts=  48  nvfp4=  530.7us mean_rank=  523.6us max_rank=  530.7us ( 34.3TF, 1931GB/s)  (rank0)
 tokens=  64  recv=  546  experts=  48  nvfp4=  536.3us mean_rank=  541.0us max_rank=  549.2us ( 76.9TF, 1923GB/s)  (rank0)
 tokens= 128  recv=  984  experts=  48  nvfp4=  564.3us mean_rank=  568.8us max_rank=  581.8us (131.6TF, 1845GB/s)  (rank0)
 tokens= 256  recv= 2037  experts=  48  nvfp4=  583.6us mean_rank=  574.2us max_rank=  585.5us (263.5TF, 1825GB/s)  (rank0)
 tokens= 512  recv= 4097  experts=  48  nvfp4= 1032.0us mean_rank= 1025.0us max_rank= 1032.0us (299.7TF, 1077GB/s)  (rank0)
 tokens=1024  recv= 8140  experts=  48  nvfp4= 1555.0us mean_rank= 1563.1us max_rank= 1572.0us (395.2TF,  773GB/s)  (rank0)
 tokens=2048  recv=16409  experts=  48  nvfp4= 2892.0us mean_rank= 2893.6us max_rank= 2899.0us (428.4TF,  480GB/s)  (rank0)
 tokens=4096  recv=32686  experts=  48  nvfp4= 5448.0us mean_rank= 5444.0us max_rank= 5448.0us (453.0TF,  322GB/s)  (rank0)
 tokens=8192  recv=65538  experts=  48  nvfp4=10536.0us mean_rank=10530.9us max_rank=10536.0us (469.6TF,  237GB/s)  (rank0)
