
=============
== PyTorch ==
=============

NVIDIA Release 26.03 (build 286725635)
PyTorch Version 2.11.0a0+a6c236b
Container image Copyright (c) 2025, NVIDIA CORPORATION & AFFILIATES. All rights reserved.
Copyright (c) 2014-2024 Facebook Inc.
Copyright (c) 2011-2014 Idiap Research Institute (Ronan Collobert)
Copyright (c) 2012-2014 Deepmind Technologies    (Koray Kavukcuoglu)
Copyright (c) 2011-2012 NEC Laboratories America (Koray Kavukcuoglu)
Copyright (c) 2011-2013 NYU                      (Clement Farabet)
Copyright (c) 2006-2010 NEC Laboratories America (Ronan Collobert, Leon Bottou, Iain Melvin, Jason Weston)
Copyright (c) 2006      Idiap Research Institute (Samy Bengio)
Copyright (c) 2001-2004 Idiap Research Institute (Ronan Collobert, Samy Bengio, Johnny Mariethoz)
Copyright (c) 2015      Google Inc.
Copyright (c) 2015      Yangqing Jia
Copyright (c) 2013-2016 The Caffe contributors
All rights reserved.

Various files include modifications (c) NVIDIA CORPORATION & AFFILIATES.  All rights reserved.

GOVERNING TERMS: The software and materials are governed by the NVIDIA Software License Agreement
(found at https://www.nvidia.com/en-us/agreements/enterprise-software/nvidia-software-license-agreement/)
and the Product-Specific Terms for NVIDIA AI Products
(found at https://www.nvidia.com/en-us/agreements/enterprise-software/product-specific-terms-for-ai-products/).

NOTE: Mellanox network driver detected, but NVIDIA peer memory driver not
      detected.  Multi-node communication performance may be reduced.

SM90 MegaMoE bench: ranks=8 hidden=4096 ih=2048 experts=256 topk=6 masked_ratio=0.0 fast_math=True
/usr/local/lib/python3.12/dist-packages/torch/utils/_device.py:124: UserWarning: Specified kernel cache directory could not be created! This disables kernel caching. Specified directory is /root/.cache/torch/kernels. This warning will appear only once per process. (Triggered internally at /opt/pytorch/pytorch/aten/src/ATen/native/cuda/jit_utils.cpp:1487.)
  return func(*args, **kwargs)
/usr/local/lib/python3.12/dist-packages/torch/utils/_device.py:124: UserWarning: Specified kernel cache directory could not be created! This disables kernel caching. Specified directory is /root/.cache/torch/kernels. This warning will appear only once per process. (Triggered internally at /opt/pytorch/pytorch/aten/src/ATen/native/cuda/jit_utils.cpp:1487.)
  return func(*args, **kwargs)
 tokens=   8  recv=   46  experts=  24  nvfp4=  222.5us mean_rank=  232.6us max_rank=  241.2us ( 10.4TF, 1530GB/s)  (rank0)
 tokens=  16  recv=   92  experts=  30  nvfp4=  264.2us mean_rank=  270.8us max_rank=  280.5us ( 17.5TF, 1613GB/s)  (rank0)
 tokens=  32  recv=  170  experts=  32  nvfp4=  483.5us mean_rank=  464.2us max_rank=  499.6us ( 17.7TF,  943GB/s)  (rank0)
 tokens=  64  recv=  378  experts=  32  nvfp4=  292.8us mean_rank=  299.2us max_rank=  311.1us ( 65.0TF, 1568GB/s)  (rank0)
 tokens= 128  recv=  784  experts=  32  nvfp4=  284.9us mean_rank=  285.1us max_rank=  293.9us (138.5TF, 1635GB/s)  (rank0)
 tokens= 256  recv= 1568  experts=  32  nvfp4=  313.4us mean_rank=  312.4us max_rank=  323.2us (251.8TF, 1527GB/s)  (rank0)
 tokens= 512  recv= 3147  experts=  32  nvfp4=  506.1us mean_rank=  506.9us max_rank=  515.5us (313.0TF,  997GB/s)  (rank0)
 tokens=1024  recv= 6221  experts=  32  nvfp4=  831.0us mean_rank=  838.1us max_rank=  847.9us (376.8TF,  668GB/s)  (rank0)
 tokens=2048  recv=12365  experts=  32  nvfp4= 1649.1us mean_rank= 1656.8us max_rank= 1669.2us (377.4TF,  398GB/s)  (rank0)
 tokens=4096  recv=24547  experts=  32  nvfp4= 2815.0us mean_rank= 2837.3us max_rank= 2846.0us (438.9TF,  304GB/s)  (rank0)
 tokens=8192  recv=49065  experts=  32  nvfp4= 5345.0us mean_rank= 5354.5us max_rank= 5363.0us (462.0TF,  235GB/s)  (rank0)
