
=============
== PyTorch ==
=============

NVIDIA Release 26.03 (build 286725635)
PyTorch Version 2.11.0a0+a6c236b
Container image Copyright (c) 2025, NVIDIA CORPORATION & AFFILIATES. All rights reserved.
Copyright (c) 2014-2024 Facebook Inc.
Copyright (c) 2011-2014 Idiap Research Institute (Ronan Collobert)
Copyright (c) 2012-2014 Deepmind Technologies    (Koray Kavukcuoglu)
Copyright (c) 2011-2012 NEC Laboratories America (Koray Kavukcuoglu)
Copyright (c) 2011-2013 NYU                      (Clement Farabet)
Copyright (c) 2006-2010 NEC Laboratories America (Ronan Collobert, Leon Bottou, Iain Melvin, Jason Weston)
Copyright (c) 2006      Idiap Research Institute (Samy Bengio)
Copyright (c) 2001-2004 Idiap Research Institute (Ronan Collobert, Samy Bengio, Johnny Mariethoz)
Copyright (c) 2015      Google Inc.
Copyright (c) 2015      Yangqing Jia
Copyright (c) 2013-2016 The Caffe contributors
All rights reserved.

Various files include modifications (c) NVIDIA CORPORATION & AFFILIATES.  All rights reserved.

GOVERNING TERMS: The software and materials are governed by the NVIDIA Software License Agreement
(found at https://www.nvidia.com/en-us/agreements/enterprise-software/nvidia-software-license-agreement/)
and the Product-Specific Terms for NVIDIA AI Products
(found at https://www.nvidia.com/en-us/agreements/enterprise-software/product-specific-terms-for-ai-products/).

NOTE: Mellanox network driver detected, but NVIDIA peer memory driver not
      detected.  Multi-node communication performance may be reduced.

SM90 MegaMoE bench: ranks=8 hidden=4096 ih=2048 experts=256 topk=6 masked_ratio=0.0 fast_math=True
 tokens=   8  recv=   46  experts=  24  nvfp4=  229.9us mean_rank=  249.0us max_rank=  257.9us ( 10.1TF, 1481GB/s)  (rank0)
 tokens=  16  recv=   92  experts=  30  nvfp4=  255.7us mean_rank=  343.5us max_rank=  363.0us ( 18.1TF, 1667GB/s)  (rank0)
 tokens=  32  recv=  170  experts=  32  nvfp4=  245.3us mean_rank=  260.8us max_rank=  268.8us ( 34.9TF, 1858GB/s)  (rank0)
 tokens=  64  recv=  378  experts=  32  nvfp4=  256.2us mean_rank=  286.5us max_rank=  297.5us ( 74.3TF, 1792GB/s)  (rank0)
 tokens= 128  recv=  784  experts=  32  nvfp4=  268.2us mean_rank=  268.7us max_rank=  273.9us (147.1TF, 1737GB/s)  (rank0)
 tokens= 256  recv= 1568  experts=  32  nvfp4=  306.4us mean_rank=  302.1us max_rank=  309.6us (257.6TF, 1562GB/s)  (rank0)
 tokens= 512  recv= 3147  experts=  32  nvfp4=  529.2us mean_rank=  522.2us max_rank=  529.9us (299.3TF,  953GB/s)  (rank0)
 tokens=1024  recv= 6221  experts=  32  nvfp4=  824.4us mean_rank=  823.8us max_rank=  829.7us (379.8TF,  673GB/s)  (rank0)
 tokens=2048  recv=12365  experts=  32  nvfp4= 1641.6us mean_rank= 1641.6us max_rank= 1650.1us (379.1TF,  399GB/s)  (rank0)
 tokens=4096  recv=24547  experts=  32  nvfp4= 2818.0us mean_rank= 2819.6us max_rank= 2825.0us (438.4TF,  303GB/s)  (rank0)
 tokens=8192  recv=49065  experts=  32  nvfp4= 5355.0us mean_rank= 5346.6us max_rank= 5355.0us (461.2TF,  235GB/s)  (rank0)
