
=============
== PyTorch ==
=============

NVIDIA Release 26.03 (build 286725635)
PyTorch Version 2.11.0a0+a6c236b
Container image Copyright (c) 2025, NVIDIA CORPORATION & AFFILIATES. All rights reserved.
Copyright (c) 2014-2024 Facebook Inc.
Copyright (c) 2011-2014 Idiap Research Institute (Ronan Collobert)
Copyright (c) 2012-2014 Deepmind Technologies    (Koray Kavukcuoglu)
Copyright (c) 2011-2012 NEC Laboratories America (Koray Kavukcuoglu)
Copyright (c) 2011-2013 NYU                      (Clement Farabet)
Copyright (c) 2006-2010 NEC Laboratories America (Ronan Collobert, Leon Bottou, Iain Melvin, Jason Weston)
Copyright (c) 2006      Idiap Research Institute (Samy Bengio)
Copyright (c) 2001-2004 Idiap Research Institute (Ronan Collobert, Samy Bengio, Johnny Mariethoz)
Copyright (c) 2015      Google Inc.
Copyright (c) 2015      Yangqing Jia
Copyright (c) 2013-2016 The Caffe contributors
All rights reserved.

Various files include modifications (c) NVIDIA CORPORATION & AFFILIATES.  All rights reserved.

GOVERNING TERMS: The software and materials are governed by the NVIDIA Software License Agreement
(found at https://www.nvidia.com/en-us/agreements/enterprise-software/nvidia-software-license-agreement/)
and the Product-Specific Terms for NVIDIA AI Products
(found at https://www.nvidia.com/en-us/agreements/enterprise-software/product-specific-terms-for-ai-products/).

NOTE: Mellanox network driver detected, but NVIDIA peer memory driver not
      detected.  Multi-node communication performance may be reduced.

SM90 MegaMoE bench: ranks=8 hidden=4096 ih=2048 experts=256 topk=6 masked_ratio=0.0 fast_math=True
 tokens=   8  recv=   46  experts=  24  nvfp4=  227.6us mean_rank=  228.2us max_rank=  234.1us ( 10.2TF, 1496GB/s)  (rank0)
 tokens=  16  recv=   92  experts=  30  nvfp4=  257.3us mean_rank=  261.5us max_rank=  266.7us ( 18.0TF, 1656GB/s)  (rank0)
 tokens=  32  recv=  170  experts=  32  nvfp4=  301.8us mean_rank=  293.6us max_rank=  302.7us ( 28.3TF, 1510GB/s)  (rank0)
 tokens=  64  recv=  378  experts=  32  nvfp4=  271.5us mean_rank=  268.5us max_rank=  273.8us ( 70.1TF, 1691GB/s)  (rank0)
 tokens= 128  recv=  784  experts=  32  nvfp4=  282.2us mean_rank=  276.2us max_rank=  282.4us (139.8TF, 1651GB/s)  (rank0)
 tokens= 256  recv= 1568  experts=  32  nvfp4=  313.3us mean_rank=  309.1us max_rank=  318.5us (251.9TF, 1528GB/s)  (rank0)
 tokens= 512  recv= 3147  experts=  32  nvfp4=  501.6us mean_rank=  499.6us max_rank=  507.1us (315.8TF, 1006GB/s)  (rank0)
 tokens=1024  recv= 6221  experts=  32  nvfp4=  818.7us mean_rank=  817.9us max_rank=  823.3us (382.4TF,  678GB/s)  (rank0)
 tokens=2048  recv=12365  experts=  32  nvfp4= 1632.7us mean_rank= 1637.6us max_rank= 1646.7us (381.2TF,  402GB/s)  (rank0)
 tokens=4096  recv=24547  experts=  32  nvfp4= 2811.0us mean_rank= 2813.0us max_rank= 2819.0us (439.5TF,  304GB/s)  (rank0)
 tokens=8192  recv=49065  experts=  32  nvfp4= 5328.0us mean_rank= 5325.8us max_rank= 5335.0us (463.5TF,  236GB/s)  (rank0)
