
=============
== PyTorch ==
=============

NVIDIA Release 26.03 (build 286725635)
PyTorch Version 2.11.0a0+a6c236b
Container image Copyright (c) 2025, NVIDIA CORPORATION & AFFILIATES. All rights reserved.
Copyright (c) 2014-2024 Facebook Inc.
Copyright (c) 2011-2014 Idiap Research Institute (Ronan Collobert)
Copyright (c) 2012-2014 Deepmind Technologies    (Koray Kavukcuoglu)
Copyright (c) 2011-2012 NEC Laboratories America (Koray Kavukcuoglu)
Copyright (c) 2011-2013 NYU                      (Clement Farabet)
Copyright (c) 2006-2010 NEC Laboratories America (Ronan Collobert, Leon Bottou, Iain Melvin, Jason Weston)
Copyright (c) 2006      Idiap Research Institute (Samy Bengio)
Copyright (c) 2001-2004 Idiap Research Institute (Ronan Collobert, Samy Bengio, Johnny Mariethoz)
Copyright (c) 2015      Google Inc.
Copyright (c) 2015      Yangqing Jia
Copyright (c) 2013-2016 The Caffe contributors
All rights reserved.

Various files include modifications (c) NVIDIA CORPORATION & AFFILIATES.  All rights reserved.

GOVERNING TERMS: The software and materials are governed by the NVIDIA Software License Agreement
(found at https://www.nvidia.com/en-us/agreements/enterprise-software/nvidia-software-license-agreement/)
and the Product-Specific Terms for NVIDIA AI Products
(found at https://www.nvidia.com/en-us/agreements/enterprise-software/product-specific-terms-for-ai-products/).

NOTE: Mellanox network driver detected, but NVIDIA peer memory driver not
      detected.  Multi-node communication performance may be reduced.

SM90 MegaMoE bench: ranks=8 hidden=4096 ih=2048 experts=256 topk=6 masked_ratio=0.0 fast_math=True
/usr/local/lib/python3.12/dist-packages/torch/utils/_device.py:124: UserWarning: Specified kernel cache directory could not be created! This disables kernel caching. Specified directory is /root/.cache/torch/kernels. This warning will appear only once per process. (Triggered internally at /opt/pytorch/pytorch/aten/src/ATen/native/cuda/jit_utils.cpp:1487.)
  return func(*args, **kwargs)
 tokens=   8  recv=   46  experts=  24  nvfp4=  227.8us mean_rank=  227.4us max_rank=  234.2us ( 10.2TF, 1495GB/s)  (rank0)
 tokens=  16  recv=   92  experts=  30  nvfp4=  493.6us mean_rank=  481.7us max_rank=  523.6us (  9.4TF,  863GB/s)  (rank0)
 tokens=  32  recv=  170  experts=  32  nvfp4=  263.4us mean_rank=  276.7us max_rank=  286.0us ( 32.5TF, 1730GB/s)  (rank0)
 tokens=  64  recv=  378  experts=  32  nvfp4=  289.4us mean_rank=  305.6us max_rank=  317.8us ( 65.7TF, 1587GB/s)  (rank0)
 tokens= 128  recv=  784  experts=  32  nvfp4=  260.7us mean_rank=  276.3us max_rank=  284.9us (151.4TF, 1787GB/s)  (rank0)
 tokens= 256  recv= 1568  experts=  32  nvfp4=  290.6us mean_rank=  294.0us max_rank=  298.5us (271.6TF, 1647GB/s)  (rank0)
 tokens= 512  recv= 3147  experts=  32  nvfp4=  524.3us mean_rank=  531.4us max_rank=  544.4us (302.1TF,  962GB/s)  (rank0)
 tokens=1024  recv= 6221  experts=  32  nvfp4=  828.4us mean_rank=  828.4us max_rank=  833.9us (378.0TF,  670GB/s)  (rank0)
 tokens=2048  recv=12365  experts=  32  nvfp4= 1642.9us mean_rank= 1637.5us max_rank= 1642.9us (378.8TF,  399GB/s)  (rank0)
 tokens=4096  recv=24547  experts=  32  nvfp4= 2822.0us mean_rank= 2837.9us max_rank= 2852.0us (437.8TF,  303GB/s)  (rank0)
 tokens=8192  recv=49065  experts=  32  nvfp4= 5347.0us mean_rank= 5372.2us max_rank= 5382.0us (461.9TF,  235GB/s)  (rank0)
