
=============
== PyTorch ==
=============

NVIDIA Release 26.03 (build 286725635)
PyTorch Version 2.11.0a0+a6c236b
Container image Copyright (c) 2025, NVIDIA CORPORATION & AFFILIATES. All rights reserved.
Copyright (c) 2014-2024 Facebook Inc.
Copyright (c) 2011-2014 Idiap Research Institute (Ronan Collobert)
Copyright (c) 2012-2014 Deepmind Technologies    (Koray Kavukcuoglu)
Copyright (c) 2011-2012 NEC Laboratories America (Koray Kavukcuoglu)
Copyright (c) 2011-2013 NYU                      (Clement Farabet)
Copyright (c) 2006-2010 NEC Laboratories America (Ronan Collobert, Leon Bottou, Iain Melvin, Jason Weston)
Copyright (c) 2006      Idiap Research Institute (Samy Bengio)
Copyright (c) 2001-2004 Idiap Research Institute (Ronan Collobert, Samy Bengio, Johnny Mariethoz)
Copyright (c) 2015      Google Inc.
Copyright (c) 2015      Yangqing Jia
Copyright (c) 2013-2016 The Caffe contributors
All rights reserved.

Various files include modifications (c) NVIDIA CORPORATION & AFFILIATES.  All rights reserved.

GOVERNING TERMS: The software and materials are governed by the NVIDIA Software License Agreement
(found at https://www.nvidia.com/en-us/agreements/enterprise-software/nvidia-software-license-agreement/)
and the Product-Specific Terms for NVIDIA AI Products
(found at https://www.nvidia.com/en-us/agreements/enterprise-software/product-specific-terms-for-ai-products/).

NOTE: Mellanox network driver detected, but NVIDIA peer memory driver not
      detected.  Multi-node communication performance may be reduced.

SM90 MegaMoE bench: ranks=8 hidden=6144 ih=2048 experts=384 topk=8 masked_ratio=0.0 fast_math=True
 tokens=   8  recv=   64  experts=  39  nvfp4=  467.1us mean_rank=  460.8us max_rank=  469.5us ( 10.3TF, 1776GB/s)  (rank0)
 tokens=  16  recv=  118  experts=  45  nvfp4=  524.7us mean_rank=  519.2us max_rank=  529.2us ( 17.0TF, 1826GB/s)  (rank0)
 tokens=  32  recv=  241  experts=  48  nvfp4=  527.4us mean_rank=  520.0us max_rank=  527.4us ( 34.5TF, 1943GB/s)  (rank0)
 tokens=  64  recv=  546  experts=  48  nvfp4=  601.8us mean_rank=  585.4us max_rank=  601.8us ( 68.5TF, 1714GB/s)  (rank0)
 tokens= 128  recv=  984  experts=  48  nvfp4=  545.6us mean_rank=  563.8us max_rank=  573.3us (136.2TF, 1909GB/s)  (rank0)
 tokens= 256  recv= 2037  experts=  48  nvfp4=  560.6us mean_rank=  556.4us max_rank=  562.2us (274.3TF, 1900GB/s)  (rank0)
 tokens= 512  recv= 4097  experts=  48  nvfp4= 1049.0us mean_rank= 1035.2us max_rank= 1049.0us (294.9TF, 1060GB/s)  (rank0)
 tokens=1024  recv= 8140  experts=  48  nvfp4= 1560.0us mean_rank= 1547.9us max_rank= 1560.0us (393.9TF,  771GB/s)  (rank0)
 tokens=2048  recv=16409  experts=  48  nvfp4= 2921.0us mean_rank= 2908.0us max_rank= 2921.0us (424.1TF,  475GB/s)  (rank0)
 tokens=4096  recv=32686  experts=  48  nvfp4= 5458.0us mean_rank= 5445.6us max_rank= 5458.0us (452.1TF,  322GB/s)  (rank0)
 tokens=8192  recv=65538  experts=  48  nvfp4=10552.0us mean_rank=10546.1us max_rank=10555.0us (468.9TF,  237GB/s)  (rank0)
