
=============
== PyTorch ==
=============

NVIDIA Release 26.03 (build 286725635)
PyTorch Version 2.11.0a0+a6c236b
Container image Copyright (c) 2025, NVIDIA CORPORATION & AFFILIATES. All rights reserved.
Copyright (c) 2014-2024 Facebook Inc.
Copyright (c) 2011-2014 Idiap Research Institute (Ronan Collobert)
Copyright (c) 2012-2014 Deepmind Technologies    (Koray Kavukcuoglu)
Copyright (c) 2011-2012 NEC Laboratories America (Koray Kavukcuoglu)
Copyright (c) 2011-2013 NYU                      (Clement Farabet)
Copyright (c) 2006-2010 NEC Laboratories America (Ronan Collobert, Leon Bottou, Iain Melvin, Jason Weston)
Copyright (c) 2006      Idiap Research Institute (Samy Bengio)
Copyright (c) 2001-2004 Idiap Research Institute (Ronan Collobert, Samy Bengio, Johnny Mariethoz)
Copyright (c) 2015      Google Inc.
Copyright (c) 2015      Yangqing Jia
Copyright (c) 2013-2016 The Caffe contributors
All rights reserved.

Various files include modifications (c) NVIDIA CORPORATION & AFFILIATES.  All rights reserved.

GOVERNING TERMS: The software and materials are governed by the NVIDIA Software License Agreement
(found at https://www.nvidia.com/en-us/agreements/enterprise-software/nvidia-software-license-agreement/)
and the Product-Specific Terms for NVIDIA AI Products
(found at https://www.nvidia.com/en-us/agreements/enterprise-software/product-specific-terms-for-ai-products/).

NOTE: Mellanox network driver detected, but NVIDIA peer memory driver not
      detected.  Multi-node communication performance may be reduced.

SM90 MegaMoE bench: ranks=8 hidden=7168 ih=3072 experts=384 topk=6 masked_ratio=0.0 fast_math=True
 tokens=   8  recv=   50  experts=  33  nvfp4=  631.1us mean_rank=  629.5us max_rank=  636.4us ( 10.5TF, 1945GB/s)  (rank0)
 tokens=  16  recv=   89  experts=  39  nvfp4=  821.6us mean_rank=  807.8us max_rank=  822.4us ( 14.3TF, 1767GB/s)  (rank0)
 tokens=  32  recv=  187  experts=  47  nvfp4=  858.4us mean_rank=  853.6us max_rank=  867.9us ( 28.8TF, 2041GB/s)  (rank0)
 tokens=  64  recv=  348  experts=  48  nvfp4=  878.1us mean_rank=  873.1us max_rank=  883.9us ( 52.4TF, 2042GB/s)  (rank0)
 tokens= 128  recv=  789  experts=  48  nvfp4=  920.2us mean_rank=  914.2us max_rank=  923.8us (113.3TF, 1962GB/s)  (rank0)
 tokens= 256  recv= 1574  experts=  48  nvfp4=  932.1us mean_rank=  925.4us max_rank=  936.9us (223.1TF, 1960GB/s)  (rank0)
 tokens= 512  recv= 3089  experts=  48  nvfp4= 1397.0us mean_rank= 1400.2us max_rank= 1405.0us (292.1TF, 1338GB/s)  (rank0)
 tokens=1024  recv= 6102  experts=  48  nvfp4= 2239.0us mean_rank= 2232.1us max_rank= 2243.0us (360.1TF,  872GB/s)  (rank0)
 tokens=2048  recv=12294  experts=  48  nvfp4= 4150.0us mean_rank= 4153.6us max_rank= 4161.0us (391.4TF,  512GB/s)  (rank0)
 tokens=4096  recv=24323  experts=  48  nvfp4= 7310.0us mean_rank= 7307.5us max_rank= 7315.0us (439.6TF,  336GB/s)  (rank0)
 tokens=8192  recv=49566  experts=  48  nvfp4=13758.0us mean_rank=13761.0us max_rank=13767.0us (476.0TF,  229GB/s)  (rank0)
