
=============
== PyTorch ==
=============

NVIDIA Release 26.03 (build 286725635)
PyTorch Version 2.11.0a0+a6c236b
Container image Copyright (c) 2025, NVIDIA CORPORATION & AFFILIATES. All rights reserved.
Copyright (c) 2014-2024 Facebook Inc.
Copyright (c) 2011-2014 Idiap Research Institute (Ronan Collobert)
Copyright (c) 2012-2014 Deepmind Technologies    (Koray Kavukcuoglu)
Copyright (c) 2011-2012 NEC Laboratories America (Koray Kavukcuoglu)
Copyright (c) 2011-2013 NYU                      (Clement Farabet)
Copyright (c) 2006-2010 NEC Laboratories America (Ronan Collobert, Leon Bottou, Iain Melvin, Jason Weston)
Copyright (c) 2006      Idiap Research Institute (Samy Bengio)
Copyright (c) 2001-2004 Idiap Research Institute (Ronan Collobert, Samy Bengio, Johnny Mariethoz)
Copyright (c) 2015      Google Inc.
Copyright (c) 2015      Yangqing Jia
Copyright (c) 2013-2016 The Caffe contributors
All rights reserved.

Various files include modifications (c) NVIDIA CORPORATION & AFFILIATES.  All rights reserved.

GOVERNING TERMS: The software and materials are governed by the NVIDIA Software License Agreement
(found at https://www.nvidia.com/en-us/agreements/enterprise-software/nvidia-software-license-agreement/)
and the Product-Specific Terms for NVIDIA AI Products
(found at https://www.nvidia.com/en-us/agreements/enterprise-software/product-specific-terms-for-ai-products/).

NOTE: Mellanox network driver detected, but NVIDIA peer memory driver not
      detected.  Multi-node communication performance may be reduced.

SM90 MegaMoE bench: ranks=8 hidden=7168 ih=3072 experts=384 topk=6 masked_ratio=0.0 fast_math=True
 tokens=   8  recv=   50  experts=  33  nvfp4=  665.0us mean_rank=  655.7us max_rank=  666.3us (  9.9TF, 1846GB/s)  (rank0)
 tokens=  16  recv=   89  experts=  39  nvfp4=  780.1us mean_rank=  782.5us max_rank=  792.6us ( 15.1TF, 1861GB/s)  (rank0)
 tokens=  32  recv=  187  experts=  47  nvfp4=  819.2us mean_rank=  816.7us max_rank=  822.3us ( 30.2TF, 2138GB/s)  (rank0)
 tokens=  64  recv=  348  experts=  48  nvfp4=  851.7us mean_rank=  847.8us max_rank=  853.0us ( 54.0TF, 2105GB/s)  (rank0)
 tokens= 128  recv=  789  experts=  48  nvfp4=  903.7us mean_rank=  898.9us max_rank=  905.5us (115.3TF, 1998GB/s)  (rank0)
 tokens= 256  recv= 1574  experts=  48  nvfp4=  909.7us mean_rank=  905.5us max_rank=  910.5us (228.6TF, 2009GB/s)  (rank0)
 tokens= 512  recv= 3089  experts=  48  nvfp4= 1421.0us mean_rank= 1412.4us max_rank= 1421.0us (287.2TF, 1315GB/s)  (rank0)
 tokens=1024  recv= 6102  experts=  48  nvfp4= 2211.0us mean_rank= 2202.8us max_rank= 2211.0us (364.6TF,  883GB/s)  (rank0)
 tokens=2048  recv=12294  experts=  48  nvfp4= 4156.0us mean_rank= 4149.2us max_rank= 4156.0us (390.8TF,  511GB/s)  (rank0)
 tokens=4096  recv=24323  experts=  48  nvfp4= 7312.0us mean_rank= 7303.7us max_rank= 7312.0us (439.5TF,  336GB/s)  (rank0)
 tokens=8192  recv=49566  experts=  48  nvfp4=13720.0us mean_rank=13714.4us max_rank=13720.0us (477.3TF,  230GB/s)  (rank0)
