
=============
== PyTorch ==
=============

NVIDIA Release 26.03 (build 286725635)
PyTorch Version 2.11.0a0+a6c236b
Container image Copyright (c) 2025, NVIDIA CORPORATION & AFFILIATES. All rights reserved.
Copyright (c) 2014-2024 Facebook Inc.
Copyright (c) 2011-2014 Idiap Research Institute (Ronan Collobert)
Copyright (c) 2012-2014 Deepmind Technologies    (Koray Kavukcuoglu)
Copyright (c) 2011-2012 NEC Laboratories America (Koray Kavukcuoglu)
Copyright (c) 2011-2013 NYU                      (Clement Farabet)
Copyright (c) 2006-2010 NEC Laboratories America (Ronan Collobert, Leon Bottou, Iain Melvin, Jason Weston)
Copyright (c) 2006      Idiap Research Institute (Samy Bengio)
Copyright (c) 2001-2004 Idiap Research Institute (Ronan Collobert, Samy Bengio, Johnny Mariethoz)
Copyright (c) 2015      Google Inc.
Copyright (c) 2015      Yangqing Jia
Copyright (c) 2013-2016 The Caffe contributors
All rights reserved.

Various files include modifications (c) NVIDIA CORPORATION & AFFILIATES.  All rights reserved.

GOVERNING TERMS: The software and materials are governed by the NVIDIA Software License Agreement
(found at https://www.nvidia.com/en-us/agreements/enterprise-software/nvidia-software-license-agreement/)
and the Product-Specific Terms for NVIDIA AI Products
(found at https://www.nvidia.com/en-us/agreements/enterprise-software/product-specific-terms-for-ai-products/).

NOTE: Mellanox network driver detected, but NVIDIA peer memory driver not
      detected.  Multi-node communication performance may be reduced.

SM90 MegaMoE bench: ranks=8 hidden=7168 ih=3072 experts=384 topk=6 masked_ratio=0.0 fast_math=True
 tokens=   8  recv=   50  experts=  33  nvfp4=  620.0us mean_rank=  618.2us max_rank=  623.0us ( 10.7TF, 1980GB/s)  (rank0)
 tokens=  16  recv=   89  experts=  39  nvfp4=  749.7us mean_rank=  758.4us max_rank=  766.8us ( 15.7TF, 1936GB/s)  (rank0)
 tokens=  32  recv=  187  experts=  47  nvfp4=  834.6us mean_rank=  839.1us max_rank=  846.5us ( 29.6TF, 2099GB/s)  (rank0)
 tokens=  64  recv=  348  experts=  48  nvfp4=  969.3us mean_rank=  951.8us max_rank=  972.5us ( 47.4TF, 1850GB/s)  (rank0)
 tokens= 128  recv=  789  experts=  48  nvfp4=  897.8us mean_rank=  895.2us max_rank=  899.5us (116.1TF, 2011GB/s)  (rank0)
 tokens= 256  recv= 1574  experts=  48  nvfp4=  904.7us mean_rank=  903.8us max_rank=  907.8us (229.9TF, 2020GB/s)  (rank0)
 tokens= 512  recv= 3089  experts=  48  nvfp4= 1407.0us mean_rank= 1406.1us max_rank= 1411.0us (290.1TF, 1328GB/s)  (rank0)
 tokens=1024  recv= 6102  experts=  48  nvfp4= 2172.0us mean_rank= 2178.6us max_rank= 2185.0us (371.2TF,  899GB/s)  (rank0)
 tokens=2048  recv=12294  experts=  48  nvfp4= 4140.0us mean_rank= 4149.4us max_rank= 4155.0us (392.3TF,  513GB/s)  (rank0)
 tokens=4096  recv=24323  experts=  48  nvfp4= 7322.0us mean_rank= 7319.2us max_rank= 7325.0us (438.9TF,  335GB/s)  (rank0)
 tokens=8192  recv=49566  experts=  48  nvfp4=13775.0us mean_rank=13773.2us max_rank=13777.0us (475.4TF,  229GB/s)  (rank0)
