
=============
== PyTorch ==
=============

NVIDIA Release 26.03 (build 286725635)
PyTorch Version 2.11.0a0+a6c236b
Container image Copyright (c) 2025, NVIDIA CORPORATION & AFFILIATES. All rights reserved.
Copyright (c) 2014-2024 Facebook Inc.
Copyright (c) 2011-2014 Idiap Research Institute (Ronan Collobert)
Copyright (c) 2012-2014 Deepmind Technologies    (Koray Kavukcuoglu)
Copyright (c) 2011-2012 NEC Laboratories America (Koray Kavukcuoglu)
Copyright (c) 2011-2013 NYU                      (Clement Farabet)
Copyright (c) 2006-2010 NEC Laboratories America (Ronan Collobert, Leon Bottou, Iain Melvin, Jason Weston)
Copyright (c) 2006      Idiap Research Institute (Samy Bengio)
Copyright (c) 2001-2004 Idiap Research Institute (Ronan Collobert, Samy Bengio, Johnny Mariethoz)
Copyright (c) 2015      Google Inc.
Copyright (c) 2015      Yangqing Jia
Copyright (c) 2013-2016 The Caffe contributors
All rights reserved.

Various files include modifications (c) NVIDIA CORPORATION & AFFILIATES.  All rights reserved.

GOVERNING TERMS: The software and materials are governed by the NVIDIA Software License Agreement
(found at https://www.nvidia.com/en-us/agreements/enterprise-software/nvidia-software-license-agreement/)
and the Product-Specific Terms for NVIDIA AI Products
(found at https://www.nvidia.com/en-us/agreements/enterprise-software/product-specific-terms-for-ai-products/).

NOTE: Mellanox network driver detected, but NVIDIA peer memory driver not
      detected.  Multi-node communication performance may be reduced.

SM90 MegaMoE bench: ranks=8 hidden=4096 ih=2048 experts=256 topk=6 masked_ratio=0.0 fast_math=True
 tokens=   8  recv=   46  experts=  24  nvfp4=  242.3us mean_rank=  250.8us max_rank=  264.8us (  9.6TF, 1405GB/s)  (rank0)
 tokens=  16  recv=   92  experts=  30  nvfp4=  308.3us mean_rank=  294.5us max_rank=  308.3us ( 15.0TF, 1382GB/s)  (rank0)
 tokens=  32  recv=  170  experts=  32  nvfp4=  355.0us mean_rank=  341.2us max_rank=  356.2us ( 24.1TF, 1284GB/s)  (rank0)
 tokens=  64  recv=  378  experts=  32  nvfp4=  306.6us mean_rank=  297.7us max_rank=  309.0us ( 62.0TF, 1498GB/s)  (rank0)
 tokens= 128  recv=  784  experts=  32  nvfp4=  292.7us mean_rank=  284.0us max_rank=  292.7us (134.8TF, 1591GB/s)  (rank0)
 tokens= 256  recv= 1568  experts=  32  nvfp4=  364.0us mean_rank=  348.9us max_rank=  364.0us (216.8TF, 1315GB/s)  (rank0)
 tokens= 512  recv= 3147  experts=  32  nvfp4=  591.7us mean_rank=  574.6us max_rank=  592.8us (267.7TF,  853GB/s)  (rank0)
 tokens=1024  recv= 6221  experts=  32  nvfp4=  846.5us mean_rank=  840.8us max_rank=  846.5us (369.9TF,  656GB/s)  (rank0)
 tokens=2048  recv=12365  experts=  32  nvfp4= 1679.2us mean_rank= 1667.8us max_rank= 1679.2us (370.6TF,  390GB/s)  (rank0)
 tokens=4096  recv=24547  experts=  32  nvfp4= 2840.0us mean_rank= 2830.9us max_rank= 2840.0us (435.0TF,  301GB/s)  (rank0)
 tokens=8192  recv=49065  experts=  32  nvfp4= 5356.0us mean_rank= 5342.5us max_rank= 5356.0us (461.1TF,  235GB/s)  (rank0)
