
=============
== PyTorch ==
=============

NVIDIA Release 26.03 (build 286725635)
PyTorch Version 2.11.0a0+a6c236b
Container image Copyright (c) 2025, NVIDIA CORPORATION & AFFILIATES. All rights reserved.
Copyright (c) 2014-2024 Facebook Inc.
Copyright (c) 2011-2014 Idiap Research Institute (Ronan Collobert)
Copyright (c) 2012-2014 Deepmind Technologies    (Koray Kavukcuoglu)
Copyright (c) 2011-2012 NEC Laboratories America (Koray Kavukcuoglu)
Copyright (c) 2011-2013 NYU                      (Clement Farabet)
Copyright (c) 2006-2010 NEC Laboratories America (Ronan Collobert, Leon Bottou, Iain Melvin, Jason Weston)
Copyright (c) 2006      Idiap Research Institute (Samy Bengio)
Copyright (c) 2001-2004 Idiap Research Institute (Ronan Collobert, Samy Bengio, Johnny Mariethoz)
Copyright (c) 2015      Google Inc.
Copyright (c) 2015      Yangqing Jia
Copyright (c) 2013-2016 The Caffe contributors
All rights reserved.

Various files include modifications (c) NVIDIA CORPORATION & AFFILIATES.  All rights reserved.

GOVERNING TERMS: The software and materials are governed by the NVIDIA Software License Agreement
(found at https://www.nvidia.com/en-us/agreements/enterprise-software/nvidia-software-license-agreement/)
and the Product-Specific Terms for NVIDIA AI Products
(found at https://www.nvidia.com/en-us/agreements/enterprise-software/product-specific-terms-for-ai-products/).

NOTE: Mellanox network driver detected, but NVIDIA peer memory driver not
      detected.  Multi-node communication performance may be reduced.

SM90 MegaMoE bench: ranks=8 hidden=7168 ih=3072 experts=384 topk=6 masked_ratio=0.0 fast_math=True
 tokens=   8  recv=   50  experts=  33  nvfp4=  629.3us mean_rank=  626.8us max_rank=  632.7us ( 10.5TF, 1951GB/s)  (rank0)
 tokens=  16  recv=   89  experts=  39  nvfp4=  766.4us mean_rank=  762.3us max_rank=  766.4us ( 15.3TF, 1894GB/s)  (rank0)
 tokens=  32  recv=  187  experts=  47  nvfp4=  921.0us mean_rank=  905.7us max_rank=  922.8us ( 26.8TF, 1902GB/s)  (rank0)
 tokens=  64  recv=  348  experts=  48  nvfp4=  883.0us mean_rank=  873.1us max_rank=  884.6us ( 52.1TF, 2031GB/s)  (rank0)
 tokens= 128  recv=  789  experts=  48  nvfp4=  948.3us mean_rank= 1005.3us max_rank= 1031.0us (109.9TF, 1904GB/s)  (rank0)
 tokens= 256  recv= 1574  experts=  48  nvfp4=  921.0us mean_rank=  916.2us max_rank=  924.8us (225.8TF, 1984GB/s)  (rank0)
 tokens= 512  recv= 3089  experts=  48  nvfp4= 1436.0us mean_rank= 1427.3us max_rank= 1437.0us (284.2TF, 1302GB/s)  (rank0)
 tokens=1024  recv= 6102  experts=  48  nvfp4= 2222.0us mean_rank= 2214.2us max_rank= 2224.0us (362.8TF,  879GB/s)  (rank0)
 tokens=2048  recv=12294  experts=  48  nvfp4= 4194.0us mean_rank= 4183.6us max_rank= 4194.0us (387.3TF,  506GB/s)  (rank0)
 tokens=4096  recv=24323  experts=  48  nvfp4= 7358.0us mean_rank= 7345.9us max_rank= 7360.0us (436.7TF,  334GB/s)  (rank0)
 tokens=8192  recv=49566  experts=  48  nvfp4=13816.0us mean_rank=13803.8us max_rank=13817.0us (474.0TF,  228GB/s)  (rank0)
