
=============
== PyTorch ==
=============

NVIDIA Release 26.03 (build 286725635)
PyTorch Version 2.11.0a0+a6c236b
Container image Copyright (c) 2025, NVIDIA CORPORATION & AFFILIATES. All rights reserved.
Copyright (c) 2014-2024 Facebook Inc.
Copyright (c) 2011-2014 Idiap Research Institute (Ronan Collobert)
Copyright (c) 2012-2014 Deepmind Technologies    (Koray Kavukcuoglu)
Copyright (c) 2011-2012 NEC Laboratories America (Koray Kavukcuoglu)
Copyright (c) 2011-2013 NYU                      (Clement Farabet)
Copyright (c) 2006-2010 NEC Laboratories America (Ronan Collobert, Leon Bottou, Iain Melvin, Jason Weston)
Copyright (c) 2006      Idiap Research Institute (Samy Bengio)
Copyright (c) 2001-2004 Idiap Research Institute (Ronan Collobert, Samy Bengio, Johnny Mariethoz)
Copyright (c) 2015      Google Inc.
Copyright (c) 2015      Yangqing Jia
Copyright (c) 2013-2016 The Caffe contributors
All rights reserved.

Various files include modifications (c) NVIDIA CORPORATION & AFFILIATES.  All rights reserved.

GOVERNING TERMS: The software and materials are governed by the NVIDIA Software License Agreement
(found at https://www.nvidia.com/en-us/agreements/enterprise-software/nvidia-software-license-agreement/)
and the Product-Specific Terms for NVIDIA AI Products
(found at https://www.nvidia.com/en-us/agreements/enterprise-software/product-specific-terms-for-ai-products/).

NOTE: Mellanox network driver detected, but NVIDIA peer memory driver not
      detected.  Multi-node communication performance may be reduced.

SM90 MegaMoE bench: ranks=8 hidden=6144 ih=2048 experts=384 topk=8 masked_ratio=0.0 fast_math=True
/usr/local/lib/python3.12/dist-packages/torch/utils/_device.py:124: UserWarning: Specified kernel cache directory could not be created! This disables kernel caching. Specified directory is /root/.cache/torch/kernels. This warning will appear only once per process. (Triggered internally at /opt/pytorch/pytorch/aten/src/ATen/native/cuda/jit_utils.cpp:1487.)
  return func(*args, **kwargs)
 tokens=   8  recv=   64  experts=  39  nvfp4=  445.1us mean_rank=  443.3us max_rank=  447.3us ( 10.9TF, 1864GB/s)  (rank0)
 tokens=  16  recv=  118  experts=  45  nvfp4=  510.5us mean_rank=  505.8us max_rank=  513.9us ( 17.5TF, 1877GB/s)  (rank0)
 tokens=  32  recv=  241  experts=  48  nvfp4=  573.0us mean_rank=  567.7us max_rank=  579.5us ( 31.8TF, 1788GB/s)  (rank0)
 tokens=  64  recv=  546  experts=  48  nvfp4=  539.2us mean_rank=  551.0us max_rank=  562.3us ( 76.5TF, 1913GB/s)  (rank0)
 tokens= 128  recv=  984  experts=  48  nvfp4=  537.1us mean_rank=  535.5us max_rank=  541.9us (138.3TF, 1939GB/s)  (rank0)
 tokens= 256  recv= 2037  experts=  48  nvfp4=  551.5us mean_rank=  550.9us max_rank=  556.9us (278.9TF, 1931GB/s)  (rank0)
 tokens= 512  recv= 4097  experts=  48  nvfp4= 1016.0us mean_rank= 1012.7us max_rank= 1017.0us (304.4TF, 1094GB/s)  (rank0)
 tokens=1024  recv= 8140  experts=  48  nvfp4= 1522.0us mean_rank= 1525.4us max_rank= 1531.0us (403.8TF,  790GB/s)  (rank0)
 tokens=2048  recv=16409  experts=  48  nvfp4= 2880.0us mean_rank= 2881.9us max_rank= 2889.0us (430.2TF,  482GB/s)  (rank0)
 tokens=4096  recv=32686  experts=  48  nvfp4= 5450.0us mean_rank= 5446.3us max_rank= 5450.0us (452.8TF,  322GB/s)  (rank0)
 tokens=8192  recv=65538  experts=  48  nvfp4=10558.0us mean_rank=10554.0us max_rank=10564.0us (468.6TF,  236GB/s)  (rank0)
