
=============
== PyTorch ==
=============

NVIDIA Release 26.03 (build 286725635)
PyTorch Version 2.11.0a0+a6c236b
Container image Copyright (c) 2025, NVIDIA CORPORATION & AFFILIATES. All rights reserved.
Copyright (c) 2014-2024 Facebook Inc.
Copyright (c) 2011-2014 Idiap Research Institute (Ronan Collobert)
Copyright (c) 2012-2014 Deepmind Technologies    (Koray Kavukcuoglu)
Copyright (c) 2011-2012 NEC Laboratories America (Koray Kavukcuoglu)
Copyright (c) 2011-2013 NYU                      (Clement Farabet)
Copyright (c) 2006-2010 NEC Laboratories America (Ronan Collobert, Leon Bottou, Iain Melvin, Jason Weston)
Copyright (c) 2006      Idiap Research Institute (Samy Bengio)
Copyright (c) 2001-2004 Idiap Research Institute (Ronan Collobert, Samy Bengio, Johnny Mariethoz)
Copyright (c) 2015      Google Inc.
Copyright (c) 2015      Yangqing Jia
Copyright (c) 2013-2016 The Caffe contributors
All rights reserved.

Various files include modifications (c) NVIDIA CORPORATION & AFFILIATES.  All rights reserved.

GOVERNING TERMS: The software and materials are governed by the NVIDIA Software License Agreement
(found at https://www.nvidia.com/en-us/agreements/enterprise-software/nvidia-software-license-agreement/)
and the Product-Specific Terms for NVIDIA AI Products
(found at https://www.nvidia.com/en-us/agreements/enterprise-software/product-specific-terms-for-ai-products/).

NOTE: Mellanox network driver detected, but NVIDIA peer memory driver not
      detected.  Multi-node communication performance may be reduced.

SM90 MegaMoE bench: ranks=8 hidden=6144 ih=2048 experts=384 topk=8 masked_ratio=0.0 fast_math=True
/usr/local/lib/python3.12/dist-packages/torch/utils/_device.py:124: UserWarning: Specified kernel cache directory could not be created! This disables kernel caching. Specified directory is /root/.cache/torch/kernels. This warning will appear only once per process. (Triggered internally at /opt/pytorch/pytorch/aten/src/ATen/native/cuda/jit_utils.cpp:1487.)
  return func(*args, **kwargs)
 tokens=   8  recv=   64  experts=  39  nvfp4=  459.9us mean_rank=  453.7us max_rank=  462.5us ( 10.5TF, 1804GB/s)  (rank0)
 tokens=  16  recv=  118  experts=  45  nvfp4=  576.2us mean_rank=  555.7us max_rank=  576.2us ( 15.5TF, 1663GB/s)  (rank0)
 tokens=  32  recv=  241  experts=  48  nvfp4=  510.7us mean_rank=  502.4us max_rank=  510.7us ( 35.6TF, 2006GB/s)  (rank0)
 tokens=  64  recv=  546  experts=  48  nvfp4=  538.4us mean_rank=  533.9us max_rank=  539.9us ( 76.6TF, 1916GB/s)  (rank0)
 tokens= 128  recv=  984  experts=  48  nvfp4=  570.0us mean_rank=  560.4us max_rank=  570.0us (130.3TF, 1827GB/s)  (rank0)
 tokens= 256  recv= 2037  experts=  48  nvfp4=  563.7us mean_rank=  556.1us max_rank=  563.7us (272.8TF, 1889GB/s)  (rank0)
 tokens= 512  recv= 4097  experts=  48  nvfp4= 1048.0us mean_rank= 1037.4us max_rank= 1048.0us (295.1TF, 1061GB/s)  (rank0)
 tokens=1024  recv= 8140  experts=  48  nvfp4= 1573.0us mean_rank= 1560.6us max_rank= 1573.0us (390.7TF,  765GB/s)  (rank0)
 tokens=2048  recv=16409  experts=  48  nvfp4= 3064.0us mean_rank= 3032.0us max_rank= 3064.0us (404.3TF,  453GB/s)  (rank0)
 tokens=4096  recv=32686  experts=  48  nvfp4= 5480.0us mean_rank= 5527.4us max_rank= 5546.0us (450.3TF,  320GB/s)  (rank0)
 tokens=8192  recv=65538  experts=  48  nvfp4=10536.0us mean_rank=10529.2us max_rank=10537.0us (469.6TF,  237GB/s)  (rank0)
