
=============
== PyTorch ==
=============

NVIDIA Release 26.03 (build 286725635)
PyTorch Version 2.11.0a0+a6c236b
Container image Copyright (c) 2025, NVIDIA CORPORATION & AFFILIATES. All rights reserved.
Copyright (c) 2014-2024 Facebook Inc.
Copyright (c) 2011-2014 Idiap Research Institute (Ronan Collobert)
Copyright (c) 2012-2014 Deepmind Technologies    (Koray Kavukcuoglu)
Copyright (c) 2011-2012 NEC Laboratories America (Koray Kavukcuoglu)
Copyright (c) 2011-2013 NYU                      (Clement Farabet)
Copyright (c) 2006-2010 NEC Laboratories America (Ronan Collobert, Leon Bottou, Iain Melvin, Jason Weston)
Copyright (c) 2006      Idiap Research Institute (Samy Bengio)
Copyright (c) 2001-2004 Idiap Research Institute (Ronan Collobert, Samy Bengio, Johnny Mariethoz)
Copyright (c) 2015      Google Inc.
Copyright (c) 2015      Yangqing Jia
Copyright (c) 2013-2016 The Caffe contributors
All rights reserved.

Various files include modifications (c) NVIDIA CORPORATION & AFFILIATES.  All rights reserved.

GOVERNING TERMS: The software and materials are governed by the NVIDIA Software License Agreement
(found at https://www.nvidia.com/en-us/agreements/enterprise-software/nvidia-software-license-agreement/)
and the Product-Specific Terms for NVIDIA AI Products
(found at https://www.nvidia.com/en-us/agreements/enterprise-software/product-specific-terms-for-ai-products/).

NOTE: Mellanox network driver detected, but NVIDIA peer memory driver not
      detected.  Multi-node communication performance may be reduced.

SM90 MegaMoE bench: ranks=8 hidden=7168 ih=3072 experts=384 topk=6 masked_ratio=0.0 fast_math=True
/usr/local/lib/python3.12/dist-packages/torch/utils/_device.py:124: UserWarning: Specified kernel cache directory could not be created! This disables kernel caching. Specified directory is /root/.cache/torch/kernels. This warning will appear only once per process. (Triggered internally at /opt/pytorch/pytorch/aten/src/ATen/native/cuda/jit_utils.cpp:1487.)
  return func(*args, **kwargs)
 tokens=   8  recv=   50  experts=  33  nvfp4=  644.2us mean_rank=  639.5us max_rank=  648.4us ( 10.3TF, 1906GB/s)  (rank0)
 tokens=  16  recv=   89  experts=  39  nvfp4=  962.9us mean_rank=  935.0us max_rank=  962.9us ( 12.2TF, 1508GB/s)  (rank0)
 tokens=  32  recv=  187  experts=  47  nvfp4=  999.9us mean_rank=  971.2us max_rank=  999.9us ( 24.7TF, 1752GB/s)  (rank0)
 tokens=  64  recv=  348  experts=  48  nvfp4=  962.0us mean_rank=  939.8us max_rank=  962.0us ( 47.8TF, 1864GB/s)  (rank0)
 tokens= 128  recv=  789  experts=  48  nvfp4=  917.9us mean_rank=  910.6us max_rank=  918.9us (113.6TF, 1967GB/s)  (rank0)
 tokens= 256  recv= 1574  experts=  48  nvfp4=  923.6us mean_rank=  915.6us max_rank=  923.6us (225.2TF, 1978GB/s)  (rank0)
 tokens= 512  recv= 3089  experts=  48  nvfp4= 1421.0us mean_rank= 1412.0us max_rank= 1421.0us (287.2TF, 1315GB/s)  (rank0)
 tokens=1024  recv= 6102  experts=  48  nvfp4= 2192.0us mean_rank= 2184.8us max_rank= 2192.0us (367.8TF,  891GB/s)  (rank0)
 tokens=2048  recv=12294  experts=  48  nvfp4= 4115.0us mean_rank= 4110.2us max_rank= 4115.0us (394.7TF,  516GB/s)  (rank0)
 tokens=4096  recv=24323  experts=  48  nvfp4= 7329.0us mean_rank= 7321.2us max_rank= 7332.0us (438.5TF,  335GB/s)  (rank0)
 tokens=8192  recv=49566  experts=  48  nvfp4=13763.0us mean_rank=13759.9us max_rank=13770.0us (475.8TF,  229GB/s)  (rank0)
