
=============
== PyTorch ==
=============

NVIDIA Release 26.03 (build 286725635)
PyTorch Version 2.11.0a0+a6c236b
Container image Copyright (c) 2025, NVIDIA CORPORATION & AFFILIATES. All rights reserved.
Copyright (c) 2014-2024 Facebook Inc.
Copyright (c) 2011-2014 Idiap Research Institute (Ronan Collobert)
Copyright (c) 2012-2014 Deepmind Technologies    (Koray Kavukcuoglu)
Copyright (c) 2011-2012 NEC Laboratories America (Koray Kavukcuoglu)
Copyright (c) 2011-2013 NYU                      (Clement Farabet)
Copyright (c) 2006-2010 NEC Laboratories America (Ronan Collobert, Leon Bottou, Iain Melvin, Jason Weston)
Copyright (c) 2006      Idiap Research Institute (Samy Bengio)
Copyright (c) 2001-2004 Idiap Research Institute (Ronan Collobert, Samy Bengio, Johnny Mariethoz)
Copyright (c) 2015      Google Inc.
Copyright (c) 2015      Yangqing Jia
Copyright (c) 2013-2016 The Caffe contributors
All rights reserved.

Various files include modifications (c) NVIDIA CORPORATION & AFFILIATES.  All rights reserved.

GOVERNING TERMS: The software and materials are governed by the NVIDIA Software License Agreement
(found at https://www.nvidia.com/en-us/agreements/enterprise-software/nvidia-software-license-agreement/)
and the Product-Specific Terms for NVIDIA AI Products
(found at https://www.nvidia.com/en-us/agreements/enterprise-software/product-specific-terms-for-ai-products/).

NOTE: Mellanox network driver detected, but NVIDIA peer memory driver not
      detected.  Multi-node communication performance may be reduced.

SM90 MegaMoE bench: ranks=8 hidden=7168 ih=3072 experts=384 topk=6 masked_ratio=0.0 fast_math=True
/usr/local/lib/python3.12/dist-packages/torch/utils/_device.py:124: UserWarning: Specified kernel cache directory could not be created! This disables kernel caching. Specified directory is /root/.cache/torch/kernels. This warning will appear only once per process. (Triggered internally at /opt/pytorch/pytorch/aten/src/ATen/native/cuda/jit_utils.cpp:1487.)
  return func(*args, **kwargs)
 tokens=   8  recv=   50  experts=  33  nvfp4=  608.3us mean_rank=  614.3us max_rank=  618.3us ( 10.9TF, 2018GB/s)  (rank0)
 tokens=  16  recv=   89  experts=  39  nvfp4= 1058.0us mean_rank= 1032.5us max_rank= 1076.0us ( 11.1TF, 1372GB/s)  (rank0)
 tokens=  32  recv=  187  experts=  47  nvfp4=  832.1us mean_rank=  830.0us max_rank=  835.4us ( 29.7TF, 2105GB/s)  (rank0)
 tokens=  64  recv=  348  experts=  48  nvfp4=  840.4us mean_rank=  841.9us max_rank=  844.9us ( 54.7TF, 2134GB/s)  (rank0)
 tokens= 128  recv=  789  experts=  48  nvfp4=  895.9us mean_rank=  900.6us max_rank=  906.6us (116.4TF, 2015GB/s)  (rank0)
 tokens= 256  recv= 1574  experts=  48  nvfp4=  922.9us mean_rank=  924.1us max_rank=  929.4us (225.3TF, 1980GB/s)  (rank0)
 tokens= 512  recv= 3089  experts=  48  nvfp4= 1408.0us mean_rank= 1411.7us max_rank= 1415.0us (289.9TF, 1327GB/s)  (rank0)
 tokens=1024  recv= 6102  experts=  48  nvfp4= 2245.0us mean_rank= 2236.0us max_rank= 2248.0us (359.1TF,  870GB/s)  (rank0)
 tokens=2048  recv=12294  experts=  48  nvfp4= 4147.0us mean_rank= 4153.5us max_rank= 4157.0us (391.7TF,  512GB/s)  (rank0)
 tokens=4096  recv=24323  experts=  48  nvfp4= 7295.0us mean_rank= 7294.5us max_rank= 7298.0us (440.5TF,  337GB/s)  (rank0)
 tokens=8192  recv=49566  experts=  48  nvfp4=13755.0us mean_rank=13771.0us max_rank=13776.0us (476.1TF,  229GB/s)  (rank0)
