
=============
== PyTorch ==
=============

NVIDIA Release 26.03 (build 286725635)
PyTorch Version 2.11.0a0+a6c236b
Container image Copyright (c) 2025, NVIDIA CORPORATION & AFFILIATES. All rights reserved.
Copyright (c) 2014-2024 Facebook Inc.
Copyright (c) 2011-2014 Idiap Research Institute (Ronan Collobert)
Copyright (c) 2012-2014 Deepmind Technologies    (Koray Kavukcuoglu)
Copyright (c) 2011-2012 NEC Laboratories America (Koray Kavukcuoglu)
Copyright (c) 2011-2013 NYU                      (Clement Farabet)
Copyright (c) 2006-2010 NEC Laboratories America (Ronan Collobert, Leon Bottou, Iain Melvin, Jason Weston)
Copyright (c) 2006      Idiap Research Institute (Samy Bengio)
Copyright (c) 2001-2004 Idiap Research Institute (Ronan Collobert, Samy Bengio, Johnny Mariethoz)
Copyright (c) 2015      Google Inc.
Copyright (c) 2015      Yangqing Jia
Copyright (c) 2013-2016 The Caffe contributors
All rights reserved.

Various files include modifications (c) NVIDIA CORPORATION & AFFILIATES.  All rights reserved.

GOVERNING TERMS: The software and materials are governed by the NVIDIA Software License Agreement
(found at https://www.nvidia.com/en-us/agreements/enterprise-software/nvidia-software-license-agreement/)
and the Product-Specific Terms for NVIDIA AI Products
(found at https://www.nvidia.com/en-us/agreements/enterprise-software/product-specific-terms-for-ai-products/).

NOTE: Mellanox network driver detected, but NVIDIA peer memory driver not
      detected.  Multi-node communication performance may be reduced.

SM90 MegaMoE bench: ranks=8 hidden=6144 ih=2048 experts=384 topk=8 masked_ratio=0.0 fast_math=True
 tokens=   8  recv=   64  experts=  39  nvfp4=  466.6us mean_rank=  473.1us max_rank=  487.0us ( 10.4TF, 1778GB/s)  (rank0)
 tokens=  16  recv=  118  experts=  45  nvfp4=  483.1us mean_rank=  485.3us max_rank=  487.7us ( 18.4TF, 1984GB/s)  (rank0)
 tokens=  32  recv=  241  experts=  48  nvfp4=  530.8us mean_rank=  582.3us max_rank=  597.2us ( 34.3TF, 1931GB/s)  (rank0)
 tokens=  64  recv=  546  experts=  48  nvfp4=  546.0us mean_rank=  552.3us max_rank=  559.2us ( 75.5TF, 1889GB/s)  (rank0)
 tokens= 128  recv=  984  experts=  48  nvfp4=  543.0us mean_rank=  545.7us max_rank=  550.8us (136.8TF, 1918GB/s)  (rank0)
 tokens= 256  recv= 2037  experts=  48  nvfp4=  558.8us mean_rank=  558.8us max_rank=  563.5us (275.2TF, 1906GB/s)  (rank0)
 tokens= 512  recv= 4097  experts=  48  nvfp4= 1013.0us mean_rank= 1013.1us max_rank= 1017.0us (305.3TF, 1097GB/s)  (rank0)
 tokens=1024  recv= 8140  experts=  48  nvfp4= 1622.0us mean_rank= 1610.9us max_rank= 1627.0us (378.9TF,  741GB/s)  (rank0)
 tokens=2048  recv=16409  experts=  48  nvfp4= 2898.0us mean_rank= 2892.2us max_rank= 2898.0us (427.5TF,  479GB/s)  (rank0)
 tokens=4096  recv=32686  experts=  48  nvfp4= 5439.0us mean_rank= 5449.0us max_rank= 5455.0us (453.7TF,  323GB/s)  (rank0)
 tokens=8192  recv=65538  experts=  48  nvfp4=10541.0us mean_rank=10543.4us max_rank=10551.0us (469.4TF,  237GB/s)  (rank0)
