
=============
== PyTorch ==
=============

NVIDIA Release 26.03 (build 286725635)
PyTorch Version 2.11.0a0+a6c236b
Container image Copyright (c) 2025, NVIDIA CORPORATION & AFFILIATES. All rights reserved.
Copyright (c) 2014-2024 Facebook Inc.
Copyright (c) 2011-2014 Idiap Research Institute (Ronan Collobert)
Copyright (c) 2012-2014 Deepmind Technologies    (Koray Kavukcuoglu)
Copyright (c) 2011-2012 NEC Laboratories America (Koray Kavukcuoglu)
Copyright (c) 2011-2013 NYU                      (Clement Farabet)
Copyright (c) 2006-2010 NEC Laboratories America (Ronan Collobert, Leon Bottou, Iain Melvin, Jason Weston)
Copyright (c) 2006      Idiap Research Institute (Samy Bengio)
Copyright (c) 2001-2004 Idiap Research Institute (Ronan Collobert, Samy Bengio, Johnny Mariethoz)
Copyright (c) 2015      Google Inc.
Copyright (c) 2015      Yangqing Jia
Copyright (c) 2013-2016 The Caffe contributors
All rights reserved.

Various files include modifications (c) NVIDIA CORPORATION & AFFILIATES.  All rights reserved.

GOVERNING TERMS: The software and materials are governed by the NVIDIA Software License Agreement
(found at https://www.nvidia.com/en-us/agreements/enterprise-software/nvidia-software-license-agreement/)
and the Product-Specific Terms for NVIDIA AI Products
(found at https://www.nvidia.com/en-us/agreements/enterprise-software/product-specific-terms-for-ai-products/).

NOTE: Mellanox network driver detected, but NVIDIA peer memory driver not
      detected.  Multi-node communication performance may be reduced.

SM90 MegaMoE bench: ranks=8 hidden=7168 ih=3072 experts=384 topk=6 masked_ratio=0.0 fast_math=True
 tokens=   8  recv=   50  experts=  33  nvfp4=  657.5us mean_rank=  649.2us max_rank=  663.6us ( 10.0TF, 1867GB/s)  (rank0)
 tokens=  16  recv=   89  experts=  39  nvfp4=  786.6us mean_rank=  777.4us max_rank=  790.9us ( 14.9TF, 1845GB/s)  (rank0)
 tokens=  32  recv=  187  experts=  47  nvfp4=  816.6us mean_rank=  814.8us max_rank=  820.9us ( 30.3TF, 2145GB/s)  (rank0)
 tokens=  64  recv=  348  experts=  48  nvfp4=  853.5us mean_rank=  854.2us max_rank=  863.6us ( 53.9TF, 2101GB/s)  (rank0)
 tokens= 128  recv=  789  experts=  48  nvfp4=  895.6us mean_rank=  893.4us max_rank=  904.3us (116.4TF, 2016GB/s)  (rank0)
 tokens= 256  recv= 1574  experts=  48  nvfp4=  941.5us mean_rank=  965.9us max_rank=  985.1us (220.9TF, 1941GB/s)  (rank0)
 tokens= 512  recv= 3089  experts=  48  nvfp4= 1427.0us mean_rank= 1422.6us max_rank= 1436.0us (286.0TF, 1310GB/s)  (rank0)
 tokens=1024  recv= 6102  experts=  48  nvfp4= 2203.0us mean_rank= 2199.2us max_rank= 2211.0us (366.0TF,  886GB/s)  (rank0)
 tokens=2048  recv=12294  experts=  48  nvfp4= 4157.0us mean_rank= 4152.6us max_rank= 4161.0us (390.7TF,  511GB/s)  (rank0)
 tokens=4096  recv=24323  experts=  48  nvfp4= 7311.0us mean_rank= 7307.4us max_rank= 7321.0us (439.6TF,  336GB/s)  (rank0)
 tokens=8192  recv=49566  experts=  48  nvfp4=13762.0us mean_rank=13762.4us max_rank=13772.0us (475.9TF,  229GB/s)  (rank0)
