
=============
== PyTorch ==
=============

NVIDIA Release 26.03 (build 286725635)
PyTorch Version 2.11.0a0+a6c236b
Container image Copyright (c) 2025, NVIDIA CORPORATION & AFFILIATES. All rights reserved.
Copyright (c) 2014-2024 Facebook Inc.
Copyright (c) 2011-2014 Idiap Research Institute (Ronan Collobert)
Copyright (c) 2012-2014 Deepmind Technologies    (Koray Kavukcuoglu)
Copyright (c) 2011-2012 NEC Laboratories America (Koray Kavukcuoglu)
Copyright (c) 2011-2013 NYU                      (Clement Farabet)
Copyright (c) 2006-2010 NEC Laboratories America (Ronan Collobert, Leon Bottou, Iain Melvin, Jason Weston)
Copyright (c) 2006      Idiap Research Institute (Samy Bengio)
Copyright (c) 2001-2004 Idiap Research Institute (Ronan Collobert, Samy Bengio, Johnny Mariethoz)
Copyright (c) 2015      Google Inc.
Copyright (c) 2015      Yangqing Jia
Copyright (c) 2013-2016 The Caffe contributors
All rights reserved.

Various files include modifications (c) NVIDIA CORPORATION & AFFILIATES.  All rights reserved.

GOVERNING TERMS: The software and materials are governed by the NVIDIA Software License Agreement
(found at https://www.nvidia.com/en-us/agreements/enterprise-software/nvidia-software-license-agreement/)
and the Product-Specific Terms for NVIDIA AI Products
(found at https://www.nvidia.com/en-us/agreements/enterprise-software/product-specific-terms-for-ai-products/).

NOTE: Mellanox network driver detected, but NVIDIA peer memory driver not
      detected.  Multi-node communication performance may be reduced.

SM90 MegaMoE bench: ranks=8 hidden=4096 ih=2048 experts=256 topk=6 masked_ratio=0.0 fast_math=True
/usr/local/lib/python3.12/dist-packages/torch/utils/_device.py:124: UserWarning: Specified kernel cache directory could not be created! This disables kernel caching. Specified directory is /root/.cache/torch/kernels. This warning will appear only once per process. (Triggered internally at /opt/pytorch/pytorch/aten/src/ATen/native/cuda/jit_utils.cpp:1487.)
  return func(*args, **kwargs)
/usr/local/lib/python3.12/dist-packages/torch/utils/_device.py:124: UserWarning: Specified kernel cache directory could not be created! This disables kernel caching. Specified directory is /root/.cache/torch/kernels. This warning will appear only once per process. (Triggered internally at /opt/pytorch/pytorch/aten/src/ATen/native/cuda/jit_utils.cpp:1487.)
  return func(*args, **kwargs)
 tokens=   8  recv=   46  experts=  24  nvfp4=  222.8us mean_rank=  226.2us max_rank=  231.7us ( 10.4TF, 1528GB/s)  (rank0)
 tokens=  16  recv=   92  experts=  30  nvfp4=  330.2us mean_rank=  322.7us max_rank=  337.5us ( 14.0TF, 1291GB/s)  (rank0)
 tokens=  32  recv=  170  experts=  32  nvfp4=  254.9us mean_rank=  255.9us max_rank=  258.6us ( 33.6TF, 1788GB/s)  (rank0)
 tokens=  64  recv=  378  experts=  32  nvfp4=  295.1us mean_rank=  287.2us max_rank=  295.4us ( 64.5TF, 1556GB/s)  (rank0)
 tokens= 128  recv=  784  experts=  32  nvfp4=  274.7us mean_rank=  307.4us max_rank=  318.3us (143.6TF, 1696GB/s)  (rank0)
 tokens= 256  recv= 1568  experts=  32  nvfp4=  303.1us mean_rank=  299.6us max_rank=  306.7us (260.4TF, 1579GB/s)  (rank0)
 tokens= 512  recv= 3147  experts=  32  nvfp4=  490.7us mean_rank=  492.3us max_rank=  495.2us (322.8TF, 1028GB/s)  (rank0)
 tokens=1024  recv= 6221  experts=  32  nvfp4=  813.3us mean_rank=  826.3us max_rank=  830.4us (385.0TF,  682GB/s)  (rank0)
 tokens=2048  recv=12365  experts=  32  nvfp4= 1640.7us mean_rank= 1643.1us max_rank= 1650.1us (379.3TF,  400GB/s)  (rank0)
 tokens=4096  recv=24547  experts=  32  nvfp4= 2825.0us mean_rank= 2827.0us max_rank= 2832.0us (437.3TF,  303GB/s)  (rank0)
 tokens=8192  recv=49065  experts=  32  nvfp4= 5331.0us mean_rank= 5328.4us max_rank= 5334.0us (463.2TF,  236GB/s)  (rank0)
