
=============
== PyTorch ==
=============

NVIDIA Release 26.03 (build 286725635)
PyTorch Version 2.11.0a0+a6c236b
Container image Copyright (c) 2025, NVIDIA CORPORATION & AFFILIATES. All rights reserved.
Copyright (c) 2014-2024 Facebook Inc.
Copyright (c) 2011-2014 Idiap Research Institute (Ronan Collobert)
Copyright (c) 2012-2014 Deepmind Technologies    (Koray Kavukcuoglu)
Copyright (c) 2011-2012 NEC Laboratories America (Koray Kavukcuoglu)
Copyright (c) 2011-2013 NYU                      (Clement Farabet)
Copyright (c) 2006-2010 NEC Laboratories America (Ronan Collobert, Leon Bottou, Iain Melvin, Jason Weston)
Copyright (c) 2006      Idiap Research Institute (Samy Bengio)
Copyright (c) 2001-2004 Idiap Research Institute (Ronan Collobert, Samy Bengio, Johnny Mariethoz)
Copyright (c) 2015      Google Inc.
Copyright (c) 2015      Yangqing Jia
Copyright (c) 2013-2016 The Caffe contributors
All rights reserved.

Various files include modifications (c) NVIDIA CORPORATION & AFFILIATES.  All rights reserved.

GOVERNING TERMS: The software and materials are governed by the NVIDIA Software License Agreement
(found at https://www.nvidia.com/en-us/agreements/enterprise-software/nvidia-software-license-agreement/)
and the Product-Specific Terms for NVIDIA AI Products
(found at https://www.nvidia.com/en-us/agreements/enterprise-software/product-specific-terms-for-ai-products/).

NOTE: Mellanox network driver detected, but NVIDIA peer memory driver not
      detected.  Multi-node communication performance may be reduced.

SM90 MegaMoE bench: ranks=8 hidden=6144 ih=2048 experts=384 topk=8 masked_ratio=0.0 fast_math=True
 tokens=   8  recv=   64  experts=  39  nvfp4=  459.4us mean_rank=  453.2us max_rank=  459.4us ( 10.5TF, 1806GB/s)  (rank0)
 tokens=  16  recv=  118  experts=  45  nvfp4=  608.4us mean_rank=  594.6us max_rank=  614.8us ( 14.6TF, 1575GB/s)  (rank0)
 tokens=  32  recv=  241  experts=  48  nvfp4=  540.7us mean_rank=  532.3us max_rank=  542.0us ( 33.7TF, 1895GB/s)  (rank0)
 tokens=  64  recv=  546  experts=  48  nvfp4=  546.9us mean_rank=  547.7us max_rank=  556.0us ( 75.4TF, 1886GB/s)  (rank0)
 tokens= 128  recv=  984  experts=  48  nvfp4=  573.1us mean_rank=  562.8us max_rank=  573.1us (129.6TF, 1817GB/s)  (rank0)
 tokens= 256  recv= 2037  experts=  48  nvfp4=  614.4us mean_rank=  601.1us max_rank=  614.4us (250.3TF, 1734GB/s)  (rank0)
 tokens= 512  recv= 4097  experts=  48  nvfp4= 1024.0us mean_rank= 1018.5us max_rank= 1024.0us (302.1TF, 1085GB/s)  (rank0)
 tokens=1024  recv= 8140  experts=  48  nvfp4= 1547.0us mean_rank= 1543.1us max_rank= 1549.0us (397.3TF,  777GB/s)  (rank0)
 tokens=2048  recv=16409  experts=  48  nvfp4= 2900.0us mean_rank= 2894.8us max_rank= 2900.0us (427.2TF,  479GB/s)  (rank0)
 tokens=4096  recv=32686  experts=  48  nvfp4= 5437.0us mean_rank= 5432.5us max_rank= 5437.0us (453.9TF,  323GB/s)  (rank0)
 tokens=8192  recv=65538  experts=  48  nvfp4=10559.0us mean_rank=10567.0us max_rank=10577.0us (468.6TF,  236GB/s)  (rank0)
