
=============
== PyTorch ==
=============

NVIDIA Release 26.03 (build 286725635)
PyTorch Version 2.11.0a0+a6c236b
Container image Copyright (c) 2025, NVIDIA CORPORATION & AFFILIATES. All rights reserved.
Copyright (c) 2014-2024 Facebook Inc.
Copyright (c) 2011-2014 Idiap Research Institute (Ronan Collobert)
Copyright (c) 2012-2014 Deepmind Technologies    (Koray Kavukcuoglu)
Copyright (c) 2011-2012 NEC Laboratories America (Koray Kavukcuoglu)
Copyright (c) 2011-2013 NYU                      (Clement Farabet)
Copyright (c) 2006-2010 NEC Laboratories America (Ronan Collobert, Leon Bottou, Iain Melvin, Jason Weston)
Copyright (c) 2006      Idiap Research Institute (Samy Bengio)
Copyright (c) 2001-2004 Idiap Research Institute (Ronan Collobert, Samy Bengio, Johnny Mariethoz)
Copyright (c) 2015      Google Inc.
Copyright (c) 2015      Yangqing Jia
Copyright (c) 2013-2016 The Caffe contributors
All rights reserved.

Various files include modifications (c) NVIDIA CORPORATION & AFFILIATES.  All rights reserved.

GOVERNING TERMS: The software and materials are governed by the NVIDIA Software License Agreement
(found at https://www.nvidia.com/en-us/agreements/enterprise-software/nvidia-software-license-agreement/)
and the Product-Specific Terms for NVIDIA AI Products
(found at https://www.nvidia.com/en-us/agreements/enterprise-software/product-specific-terms-for-ai-products/).

NOTE: Mellanox network driver detected, but NVIDIA peer memory driver not
      detected.  Multi-node communication performance may be reduced.

SM90 MegaMoE bench: ranks=8 hidden=7168 ih=3072 experts=384 topk=6 masked_ratio=0.0 fast_math=True
/usr/local/lib/python3.12/dist-packages/torch/utils/_device.py:124: UserWarning: Specified kernel cache directory could not be created! This disables kernel caching. Specified directory is /root/.cache/torch/kernels. This warning will appear only once per process. (Triggered internally at /opt/pytorch/pytorch/aten/src/ATen/native/cuda/jit_utils.cpp:1487.)
  return func(*args, **kwargs)
 tokens=   8  recv=   50  experts=  33  nvfp4=  634.6us mean_rank=  625.8us max_rank=  634.6us ( 10.4TF, 1935GB/s)  (rank0)
 tokens=  16  recv=   89  experts=  39  nvfp4=  773.8us mean_rank=  799.4us max_rank=  810.7us ( 15.2TF, 1876GB/s)  (rank0)
 tokens=  32  recv=  187  experts=  47  nvfp4=  835.8us mean_rank=  829.4us max_rank=  835.8us ( 29.6TF, 2096GB/s)  (rank0)
 tokens=  64  recv=  348  experts=  48  nvfp4=  900.9us mean_rank=  890.5us max_rank=  902.9us ( 51.0TF, 1991GB/s)  (rank0)
 tokens= 128  recv=  789  experts=  48  nvfp4=  921.4us mean_rank=  914.0us max_rank=  921.4us (113.1TF, 1959GB/s)  (rank0)
 tokens= 256  recv= 1574  experts=  48  nvfp4=  934.2us mean_rank=  923.5us max_rank=  934.2us (222.6TF, 1956GB/s)  (rank0)
 tokens= 512  recv= 3089  experts=  48  nvfp4= 1442.0us mean_rank= 1432.0us max_rank= 1442.0us (283.0TF, 1296GB/s)  (rank0)
 tokens=1024  recv= 6102  experts=  48  nvfp4= 2233.0us mean_rank= 2221.6us max_rank= 2233.0us (361.0TF,  874GB/s)  (rank0)
 tokens=2048  recv=12294  experts=  48  nvfp4= 4175.0us mean_rank= 4166.2us max_rank= 4176.0us (389.1TF,  509GB/s)  (rank0)
 tokens=4096  recv=24323  experts=  48  nvfp4= 7330.0us mean_rank= 7322.2us max_rank= 7331.0us (438.4TF,  335GB/s)  (rank0)
 tokens=8192  recv=49566  experts=  48  nvfp4=13793.0us mean_rank=13781.2us max_rank=13793.0us (474.8TF,  229GB/s)  (rank0)
