
=============
== PyTorch ==
=============

NVIDIA Release 26.03 (build 286725635)
PyTorch Version 2.11.0a0+a6c236b
Container image Copyright (c) 2025, NVIDIA CORPORATION & AFFILIATES. All rights reserved.
Copyright (c) 2014-2024 Facebook Inc.
Copyright (c) 2011-2014 Idiap Research Institute (Ronan Collobert)
Copyright (c) 2012-2014 Deepmind Technologies    (Koray Kavukcuoglu)
Copyright (c) 2011-2012 NEC Laboratories America (Koray Kavukcuoglu)
Copyright (c) 2011-2013 NYU                      (Clement Farabet)
Copyright (c) 2006-2010 NEC Laboratories America (Ronan Collobert, Leon Bottou, Iain Melvin, Jason Weston)
Copyright (c) 2006      Idiap Research Institute (Samy Bengio)
Copyright (c) 2001-2004 Idiap Research Institute (Ronan Collobert, Samy Bengio, Johnny Mariethoz)
Copyright (c) 2015      Google Inc.
Copyright (c) 2015      Yangqing Jia
Copyright (c) 2013-2016 The Caffe contributors
All rights reserved.

Various files include modifications (c) NVIDIA CORPORATION & AFFILIATES.  All rights reserved.

GOVERNING TERMS: The software and materials are governed by the NVIDIA Software License Agreement
(found at https://www.nvidia.com/en-us/agreements/enterprise-software/nvidia-software-license-agreement/)
and the Product-Specific Terms for NVIDIA AI Products
(found at https://www.nvidia.com/en-us/agreements/enterprise-software/product-specific-terms-for-ai-products/).

NOTE: Mellanox network driver detected, but NVIDIA peer memory driver not
      detected.  Multi-node communication performance may be reduced.

SM90 MegaMoE bench: ranks=8 hidden=4096 ih=2048 experts=256 topk=6 masked_ratio=0.0 fast_math=True
 tokens=   8  recv=   46  experts=  24  nvfp4=  235.3us mean_rank=  232.1us max_rank=  236.6us (  9.8TF, 1447GB/s)  (rank0)
 tokens=  16  recv=   92  experts=  30  nvfp4=  283.3us mean_rank=  281.2us max_rank=  292.9us ( 16.3TF, 1504GB/s)  (rank0)
 tokens=  32  recv=  170  experts=  32  nvfp4=  259.5us mean_rank=  267.3us max_rank=  274.4us ( 33.0TF, 1756GB/s)  (rank0)
 tokens=  64  recv=  378  experts=  32  nvfp4=  271.5us mean_rank=  273.7us max_rank=  278.8us ( 70.1TF, 1691GB/s)  (rank0)
 tokens= 128  recv=  784  experts=  32  nvfp4=  264.5us mean_rank=  269.7us max_rank=  274.1us (149.2TF, 1761GB/s)  (rank0)
 tokens= 256  recv= 1568  experts=  32  nvfp4=  275.9us mean_rank=  299.2us max_rank=  311.7us (286.0TF, 1735GB/s)  (rank0)
 tokens= 512  recv= 3147  experts=  32  nvfp4=  477.9us mean_rank=  503.7us max_rank=  510.6us (331.4TF, 1056GB/s)  (rank0)
 tokens=1024  recv= 6221  experts=  32  nvfp4=  819.2us mean_rank=  855.6us max_rank=  867.6us (382.2TF,  677GB/s)  (rank0)
 tokens=2048  recv=12365  experts=  32  nvfp4= 1636.2us mean_rank= 1657.9us max_rank= 1672.4us (380.4TF,  401GB/s)  (rank0)
 tokens=4096  recv=24547  experts=  32  nvfp4= 2813.0us mean_rank= 2836.5us max_rank= 2847.0us (439.2TF,  304GB/s)  (rank0)
 tokens=8192  recv=49065  experts=  32  nvfp4= 5371.0us mean_rank= 5360.9us max_rank= 5374.0us (459.8TF,  234GB/s)  (rank0)
