
=============
== PyTorch ==
=============

NVIDIA Release 26.03 (build 286725635)
PyTorch Version 2.11.0a0+a6c236b
Container image Copyright (c) 2025, NVIDIA CORPORATION & AFFILIATES. All rights reserved.
Copyright (c) 2014-2024 Facebook Inc.
Copyright (c) 2011-2014 Idiap Research Institute (Ronan Collobert)
Copyright (c) 2012-2014 Deepmind Technologies    (Koray Kavukcuoglu)
Copyright (c) 2011-2012 NEC Laboratories America (Koray Kavukcuoglu)
Copyright (c) 2011-2013 NYU                      (Clement Farabet)
Copyright (c) 2006-2010 NEC Laboratories America (Ronan Collobert, Leon Bottou, Iain Melvin, Jason Weston)
Copyright (c) 2006      Idiap Research Institute (Samy Bengio)
Copyright (c) 2001-2004 Idiap Research Institute (Ronan Collobert, Samy Bengio, Johnny Mariethoz)
Copyright (c) 2015      Google Inc.
Copyright (c) 2015      Yangqing Jia
Copyright (c) 2013-2016 The Caffe contributors
All rights reserved.

Various files include modifications (c) NVIDIA CORPORATION & AFFILIATES.  All rights reserved.

GOVERNING TERMS: The software and materials are governed by the NVIDIA Software License Agreement
(found at https://www.nvidia.com/en-us/agreements/enterprise-software/nvidia-software-license-agreement/)
and the Product-Specific Terms for NVIDIA AI Products
(found at https://www.nvidia.com/en-us/agreements/enterprise-software/product-specific-terms-for-ai-products/).

NOTE: Mellanox network driver detected, but NVIDIA peer memory driver not
      detected.  Multi-node communication performance may be reduced.

SM90 MegaMoE bench: ranks=8 hidden=7168 ih=3072 experts=384 topk=6 masked_ratio=0.0 fast_math=True
 tokens=   8  recv=   50  experts=  33  nvfp4=  603.6us mean_rank=  628.1us max_rank=  636.8us ( 10.9TF, 2034GB/s)  (rank0)
 tokens=  16  recv=   89  experts=  39  nvfp4=  760.6us mean_rank=  777.7us max_rank=  788.8us ( 15.5TF, 1909GB/s)  (rank0)
 tokens=  32  recv=  187  experts=  47  nvfp4=  803.6us mean_rank=  818.8us max_rank=  826.9us ( 30.7TF, 2180GB/s)  (rank0)
 tokens=  64  recv=  348  experts=  48  nvfp4=  876.7us mean_rank=  883.5us max_rank=  896.0us ( 52.4TF, 2045GB/s)  (rank0)
 tokens= 128  recv=  789  experts=  48  nvfp4=  881.0us mean_rank=  889.3us max_rank=  894.4us (118.3TF, 2049GB/s)  (rank0)
 tokens= 256  recv= 1574  experts=  48  nvfp4=  908.7us mean_rank=  916.5us max_rank=  925.8us (228.8TF, 2011GB/s)  (rank0)
 tokens= 512  recv= 3089  experts=  48  nvfp4= 1397.0us mean_rank= 1409.6us max_rank= 1420.0us (292.1TF, 1338GB/s)  (rank0)
 tokens=1024  recv= 6102  experts=  48  nvfp4= 2186.0us mean_rank= 2196.4us max_rank= 2203.0us (368.8TF,  893GB/s)  (rank0)
 tokens=2048  recv=12294  experts=  48  nvfp4= 4111.0us mean_rank= 4134.0us max_rank= 4142.0us (395.1TF,  517GB/s)  (rank0)
 tokens=4096  recv=24323  experts=  48  nvfp4= 7295.0us mean_rank= 7316.8us max_rank= 7325.0us (440.5TF,  337GB/s)  (rank0)
 tokens=8192  recv=49566  experts=  48  nvfp4=13781.0us mean_rank=13775.1us max_rank=13784.0us (475.2TF,  229GB/s)  (rank0)
