
=============
== PyTorch ==
=============

NVIDIA Release 26.03 (build 286725635)
PyTorch Version 2.11.0a0+a6c236b
Container image Copyright (c) 2025, NVIDIA CORPORATION & AFFILIATES. All rights reserved.
Copyright (c) 2014-2024 Facebook Inc.
Copyright (c) 2011-2014 Idiap Research Institute (Ronan Collobert)
Copyright (c) 2012-2014 Deepmind Technologies    (Koray Kavukcuoglu)
Copyright (c) 2011-2012 NEC Laboratories America (Koray Kavukcuoglu)
Copyright (c) 2011-2013 NYU                      (Clement Farabet)
Copyright (c) 2006-2010 NEC Laboratories America (Ronan Collobert, Leon Bottou, Iain Melvin, Jason Weston)
Copyright (c) 2006      Idiap Research Institute (Samy Bengio)
Copyright (c) 2001-2004 Idiap Research Institute (Ronan Collobert, Samy Bengio, Johnny Mariethoz)
Copyright (c) 2015      Google Inc.
Copyright (c) 2015      Yangqing Jia
Copyright (c) 2013-2016 The Caffe contributors
All rights reserved.

Various files include modifications (c) NVIDIA CORPORATION & AFFILIATES.  All rights reserved.

GOVERNING TERMS: The software and materials are governed by the NVIDIA Software License Agreement
(found at https://www.nvidia.com/en-us/agreements/enterprise-software/nvidia-software-license-agreement/)
and the Product-Specific Terms for NVIDIA AI Products
(found at https://www.nvidia.com/en-us/agreements/enterprise-software/product-specific-terms-for-ai-products/).

NOTE: Mellanox network driver detected, but NVIDIA peer memory driver not
      detected.  Multi-node communication performance may be reduced.

SM90 MegaMoE bench: ranks=8 hidden=4096 ih=2048 experts=256 topk=6 masked_ratio=0.0 fast_math=True
 tokens=   8  recv=   46  experts=  24  nvfp4=  273.8us mean_rank=  269.5us max_rank=  283.3us (  8.5TF, 1243GB/s)  (rank0)
 tokens=  16  recv=   92  experts=  30  nvfp4=  257.6us mean_rank=  315.9us max_rank=  329.3us ( 18.0TF, 1654GB/s)  (rank0)
 tokens=  32  recv=  170  experts=  32  nvfp4=  332.4us mean_rank=  321.0us max_rank=  335.2us ( 25.7TF, 1371GB/s)  (rank0)
 tokens=  64  recv=  378  experts=  32  nvfp4=  280.4us mean_rank=  291.8us max_rank=  301.2us ( 67.9TF, 1638GB/s)  (rank0)
 tokens= 128  recv=  784  experts=  32  nvfp4=  290.8us mean_rank=  288.2us max_rank=  296.5us (135.7TF, 1602GB/s)  (rank0)
 tokens= 256  recv= 1568  experts=  32  nvfp4=  287.3us mean_rank=  289.2us max_rank=  293.5us (274.7TF, 1666GB/s)  (rank0)
 tokens= 512  recv= 3147  experts=  32  nvfp4=  630.4us mean_rank=  612.7us max_rank=  633.6us (251.3TF,  800GB/s)  (rank0)
 tokens=1024  recv= 6221  experts=  32  nvfp4=  815.0us mean_rank=  826.6us max_rank=  831.3us (384.2TF,  681GB/s)  (rank0)
 tokens=2048  recv=12365  experts=  32  nvfp4= 1654.7us mean_rank= 1660.8us max_rank= 1667.3us (376.1TF,  396GB/s)  (rank0)
 tokens=4096  recv=24547  experts=  32  nvfp4= 2811.0us mean_rank= 2811.0us max_rank= 2815.0us (439.5TF,  304GB/s)  (rank0)
 tokens=8192  recv=49065  experts=  32  nvfp4= 5341.0us mean_rank= 5342.4us max_rank= 5348.0us (462.4TF,  235GB/s)  (rank0)
