
=============
== PyTorch ==
=============

NVIDIA Release 26.03 (build 286725635)
PyTorch Version 2.11.0a0+a6c236b
Container image Copyright (c) 2025, NVIDIA CORPORATION & AFFILIATES. All rights reserved.
Copyright (c) 2014-2024 Facebook Inc.
Copyright (c) 2011-2014 Idiap Research Institute (Ronan Collobert)
Copyright (c) 2012-2014 Deepmind Technologies    (Koray Kavukcuoglu)
Copyright (c) 2011-2012 NEC Laboratories America (Koray Kavukcuoglu)
Copyright (c) 2011-2013 NYU                      (Clement Farabet)
Copyright (c) 2006-2010 NEC Laboratories America (Ronan Collobert, Leon Bottou, Iain Melvin, Jason Weston)
Copyright (c) 2006      Idiap Research Institute (Samy Bengio)
Copyright (c) 2001-2004 Idiap Research Institute (Ronan Collobert, Samy Bengio, Johnny Mariethoz)
Copyright (c) 2015      Google Inc.
Copyright (c) 2015      Yangqing Jia
Copyright (c) 2013-2016 The Caffe contributors
All rights reserved.

Various files include modifications (c) NVIDIA CORPORATION & AFFILIATES.  All rights reserved.

GOVERNING TERMS: The software and materials are governed by the NVIDIA Software License Agreement
(found at https://www.nvidia.com/en-us/agreements/enterprise-software/nvidia-software-license-agreement/)
and the Product-Specific Terms for NVIDIA AI Products
(found at https://www.nvidia.com/en-us/agreements/enterprise-software/product-specific-terms-for-ai-products/).

NOTE: Mellanox network driver detected, but NVIDIA peer memory driver not
      detected.  Multi-node communication performance may be reduced.

SM90 MegaMoE bench: ranks=8 hidden=6144 ih=2048 experts=384 topk=8 masked_ratio=0.0 fast_math=True
 tokens=   8  recv=   64  experts=  39  nvfp4=  436.1us mean_rank=  433.5us max_rank=  436.8us ( 11.1TF, 1902GB/s)  (rank0)
 tokens=  16  recv=  118  experts=  45  nvfp4=  568.3us mean_rank=  558.9us max_rank=  574.3us ( 15.7TF, 1686GB/s)  (rank0)
 tokens=  32  recv=  241  experts=  48  nvfp4=  602.4us mean_rank=  584.6us max_rank=  602.4us ( 30.2TF, 1701GB/s)  (rank0)
 tokens=  64  recv=  546  experts=  48  nvfp4=  529.3us mean_rank=  525.4us max_rank=  529.3us ( 77.9TF, 1949GB/s)  (rank0)
 tokens= 128  recv=  984  experts=  48  nvfp4=  627.8us mean_rank=  610.8us max_rank=  627.8us (118.3TF, 1659GB/s)  (rank0)
 tokens= 256  recv= 2037  experts=  48  nvfp4=  562.3us mean_rank=  557.2us max_rank=  562.3us (273.5TF, 1894GB/s)  (rank0)
 tokens= 512  recv= 4097  experts=  48  nvfp4= 1043.0us mean_rank= 1033.6us max_rank= 1043.0us (296.6TF, 1066GB/s)  (rank0)
 tokens=1024  recv= 8140  experts=  48  nvfp4= 1546.0us mean_rank= 1542.4us max_rank= 1548.0us (397.5TF,  778GB/s)  (rank0)
 tokens=2048  recv=16409  experts=  48  nvfp4= 2886.0us mean_rank= 2878.9us max_rank= 2886.0us (429.3TF,  481GB/s)  (rank0)
 tokens=4096  recv=32686  experts=  48  nvfp4= 5458.0us mean_rank= 5450.4us max_rank= 5458.0us (452.1TF,  322GB/s)  (rank0)
 tokens=8192  recv=65538  experts=  48  nvfp4=10565.0us mean_rank=10555.8us max_rank=10566.0us (468.3TF,  236GB/s)  (rank0)
