
=============
== PyTorch ==
=============

NVIDIA Release 26.03 (build 286725635)
PyTorch Version 2.11.0a0+a6c236b
Container image Copyright (c) 2025, NVIDIA CORPORATION & AFFILIATES. All rights reserved.
Copyright (c) 2014-2024 Facebook Inc.
Copyright (c) 2011-2014 Idiap Research Institute (Ronan Collobert)
Copyright (c) 2012-2014 Deepmind Technologies    (Koray Kavukcuoglu)
Copyright (c) 2011-2012 NEC Laboratories America (Koray Kavukcuoglu)
Copyright (c) 2011-2013 NYU                      (Clement Farabet)
Copyright (c) 2006-2010 NEC Laboratories America (Ronan Collobert, Leon Bottou, Iain Melvin, Jason Weston)
Copyright (c) 2006      Idiap Research Institute (Samy Bengio)
Copyright (c) 2001-2004 Idiap Research Institute (Ronan Collobert, Samy Bengio, Johnny Mariethoz)
Copyright (c) 2015      Google Inc.
Copyright (c) 2015      Yangqing Jia
Copyright (c) 2013-2016 The Caffe contributors
All rights reserved.

Various files include modifications (c) NVIDIA CORPORATION & AFFILIATES.  All rights reserved.

GOVERNING TERMS: The software and materials are governed by the NVIDIA Software License Agreement
(found at https://www.nvidia.com/en-us/agreements/enterprise-software/nvidia-software-license-agreement/)
and the Product-Specific Terms for NVIDIA AI Products
(found at https://www.nvidia.com/en-us/agreements/enterprise-software/product-specific-terms-for-ai-products/).

NOTE: Mellanox network driver detected, but NVIDIA peer memory driver not
      detected.  Multi-node communication performance may be reduced.

SM90 MegaMoE bench: ranks=8 hidden=6144 ih=2048 experts=384 topk=8 masked_ratio=0.0 fast_math=True
 tokens=   8  recv=   64  experts=  39  nvfp4=  434.2us mean_rank=  434.1us max_rank=  437.9us ( 11.1TF, 1910GB/s)  (rank0)
 tokens=  16  recv=  118  experts=  45  nvfp4=  500.5us mean_rank=  496.7us max_rank=  500.6us ( 17.8TF, 1914GB/s)  (rank0)
 tokens=  32  recv=  241  experts=  48  nvfp4=  625.9us mean_rank=  604.8us max_rank=  625.9us ( 29.1TF, 1637GB/s)  (rank0)
 tokens=  64  recv=  546  experts=  48  nvfp4=  534.2us mean_rank=  529.7us max_rank=  534.2us ( 77.2TF, 1931GB/s)  (rank0)
 tokens= 128  recv=  984  experts=  48  nvfp4=  581.4us mean_rank=  571.1us max_rank=  581.4us (127.8TF, 1791GB/s)  (rank0)
 tokens= 256  recv= 2037  experts=  48  nvfp4=  577.0us mean_rank=  570.2us max_rank=  577.0us (266.5TF, 1846GB/s)  (rank0)
 tokens= 512  recv= 4097  experts=  48  nvfp4= 1012.0us mean_rank= 1011.9us max_rank= 1013.0us (305.6TF, 1098GB/s)  (rank0)
 tokens=1024  recv= 8140  experts=  48  nvfp4= 1550.0us mean_rank= 1541.9us max_rank= 1550.0us (396.5TF,  776GB/s)  (rank0)
 tokens=2048  recv=16409  experts=  48  nvfp4= 2885.0us mean_rank= 2884.5us max_rank= 2888.0us (429.4TF,  481GB/s)  (rank0)
 tokens=4096  recv=32686  experts=  48  nvfp4= 5413.0us mean_rank= 5407.9us max_rank= 5413.0us (455.9TF,  324GB/s)  (rank0)
 tokens=8192  recv=65538  experts=  48  nvfp4=10550.0us mean_rank=10545.8us max_rank=10554.0us (469.0TF,  237GB/s)  (rank0)
