
=============
== PyTorch ==
=============

NVIDIA Release 26.03 (build 286725635)
PyTorch Version 2.11.0a0+a6c236b
Container image Copyright (c) 2025, NVIDIA CORPORATION & AFFILIATES. All rights reserved.
Copyright (c) 2014-2024 Facebook Inc.
Copyright (c) 2011-2014 Idiap Research Institute (Ronan Collobert)
Copyright (c) 2012-2014 Deepmind Technologies    (Koray Kavukcuoglu)
Copyright (c) 2011-2012 NEC Laboratories America (Koray Kavukcuoglu)
Copyright (c) 2011-2013 NYU                      (Clement Farabet)
Copyright (c) 2006-2010 NEC Laboratories America (Ronan Collobert, Leon Bottou, Iain Melvin, Jason Weston)
Copyright (c) 2006      Idiap Research Institute (Samy Bengio)
Copyright (c) 2001-2004 Idiap Research Institute (Ronan Collobert, Samy Bengio, Johnny Mariethoz)
Copyright (c) 2015      Google Inc.
Copyright (c) 2015      Yangqing Jia
Copyright (c) 2013-2016 The Caffe contributors
All rights reserved.

Various files include modifications (c) NVIDIA CORPORATION & AFFILIATES.  All rights reserved.

GOVERNING TERMS: The software and materials are governed by the NVIDIA Software License Agreement
(found at https://www.nvidia.com/en-us/agreements/enterprise-software/nvidia-software-license-agreement/)
and the Product-Specific Terms for NVIDIA AI Products
(found at https://www.nvidia.com/en-us/agreements/enterprise-software/product-specific-terms-for-ai-products/).

NOTE: Mellanox network driver detected, but NVIDIA peer memory driver not
      detected.  Multi-node communication performance may be reduced.

SM90 MegaMoE bench: ranks=8 hidden=7168 ih=3072 experts=384 topk=6 masked_ratio=0.0 fast_math=True
 tokens=   8  recv=   50  experts=  33  nvfp4=  620.7us mean_rank=  614.6us max_rank=  620.7us ( 10.6TF, 1978GB/s)  (rank0)
 tokens=  16  recv=   89  experts=  39  nvfp4=  843.7us mean_rank=  832.0us max_rank=  849.7us ( 13.9TF, 1721GB/s)  (rank0)
 tokens=  32  recv=  187  experts=  47  nvfp4=  827.4us mean_rank=  821.4us max_rank=  827.6us ( 29.9TF, 2117GB/s)  (rank0)
 tokens=  64  recv=  348  experts=  48  nvfp4=  856.8us mean_rank=  851.6us max_rank=  859.7us ( 53.7TF, 2093GB/s)  (rank0)
 tokens= 128  recv=  789  experts=  48  nvfp4=  891.8us mean_rank=  933.6us max_rank=  948.7us (116.9TF, 2024GB/s)  (rank0)
 tokens= 256  recv= 1574  experts=  48  nvfp4= 1013.0us mean_rank=  993.1us max_rank= 1013.0us (205.3TF, 1804GB/s)  (rank0)
 tokens= 512  recv= 3089  experts=  48  nvfp4= 1427.0us mean_rank= 1415.6us max_rank= 1427.0us (286.0TF, 1310GB/s)  (rank0)
 tokens=1024  recv= 6102  experts=  48  nvfp4= 2196.0us mean_rank= 2194.4us max_rank= 2202.0us (367.1TF,  889GB/s)  (rank0)
 tokens=2048  recv=12294  experts=  48  nvfp4= 4170.0us mean_rank= 4161.0us max_rank= 4172.0us (389.5TF,  509GB/s)  (rank0)
 tokens=4096  recv=24323  experts=  48  nvfp4= 7317.0us mean_rank= 7310.5us max_rank= 7318.0us (439.2TF,  336GB/s)  (rank0)
 tokens=8192  recv=49566  experts=  48  nvfp4=13795.0us mean_rank=13784.4us max_rank=13795.0us (474.7TF,  229GB/s)  (rank0)
