
=============
== PyTorch ==
=============

NVIDIA Release 26.03 (build 286725635)
PyTorch Version 2.11.0a0+a6c236b
Container image Copyright (c) 2025, NVIDIA CORPORATION & AFFILIATES. All rights reserved.
Copyright (c) 2014-2024 Facebook Inc.
Copyright (c) 2011-2014 Idiap Research Institute (Ronan Collobert)
Copyright (c) 2012-2014 Deepmind Technologies    (Koray Kavukcuoglu)
Copyright (c) 2011-2012 NEC Laboratories America (Koray Kavukcuoglu)
Copyright (c) 2011-2013 NYU                      (Clement Farabet)
Copyright (c) 2006-2010 NEC Laboratories America (Ronan Collobert, Leon Bottou, Iain Melvin, Jason Weston)
Copyright (c) 2006      Idiap Research Institute (Samy Bengio)
Copyright (c) 2001-2004 Idiap Research Institute (Ronan Collobert, Samy Bengio, Johnny Mariethoz)
Copyright (c) 2015      Google Inc.
Copyright (c) 2015      Yangqing Jia
Copyright (c) 2013-2016 The Caffe contributors
All rights reserved.

Various files include modifications (c) NVIDIA CORPORATION & AFFILIATES.  All rights reserved.

GOVERNING TERMS: The software and materials are governed by the NVIDIA Software License Agreement
(found at https://www.nvidia.com/en-us/agreements/enterprise-software/nvidia-software-license-agreement/)
and the Product-Specific Terms for NVIDIA AI Products
(found at https://www.nvidia.com/en-us/agreements/enterprise-software/product-specific-terms-for-ai-products/).

NOTE: Mellanox network driver detected, but NVIDIA peer memory driver not
      detected.  Multi-node communication performance may be reduced.

SM90 MegaMoE bench: ranks=8 hidden=4096 ih=2048 experts=256 topk=6 masked_ratio=0.0 fast_math=True
 tokens=   8  recv=   46  experts=  24  nvfp4=  259.7us mean_rank=  253.7us max_rank=  259.8us (  8.9TF, 1311GB/s)  (rank0)
 tokens=  16  recv=   92  experts=  30  nvfp4=  399.7us mean_rank=  378.8us max_rank=  401.4us ( 11.6TF, 1066GB/s)  (rank0)
 tokens=  32  recv=  170  experts=  32  nvfp4=  395.3us mean_rank=  376.4us max_rank=  398.5us ( 21.6TF, 1153GB/s)  (rank0)
 tokens=  64  recv=  378  experts=  32  nvfp4=  279.8us mean_rank=  277.1us max_rank=  284.7us ( 68.0TF, 1641GB/s)  (rank0)
 tokens= 128  recv=  784  experts=  32  nvfp4=  319.5us mean_rank=  311.9us max_rank=  321.7us (123.5TF, 1458GB/s)  (rank0)
 tokens= 256  recv= 1568  experts=  32  nvfp4=  295.9us mean_rank=  301.3us max_rank=  307.1us (266.7TF, 1618GB/s)  (rank0)
 tokens= 512  recv= 3147  experts=  32  nvfp4=  487.8us mean_rank=  489.4us max_rank=  492.5us (324.7TF, 1034GB/s)  (rank0)
 tokens=1024  recv= 6221  experts=  32  nvfp4=  824.1us mean_rank=  822.6us max_rank=  827.8us (379.9TF,  673GB/s)  (rank0)
 tokens=2048  recv=12365  experts=  32  nvfp4= 1623.0us mean_rank= 1621.9us max_rank= 1626.9us (383.5TF,  404GB/s)  (rank0)
 tokens=4096  recv=24547  experts=  32  nvfp4= 2816.0us mean_rank= 2824.6us max_rank= 2832.0us (438.7TF,  304GB/s)  (rank0)
 tokens=8192  recv=49065  experts=  32  nvfp4= 5340.0us mean_rank= 5343.5us max_rank= 5350.0us (462.5TF,  235GB/s)  (rank0)
