
=============
== PyTorch ==
=============

NVIDIA Release 26.03 (build 286725635)
PyTorch Version 2.11.0a0+a6c236b
Container image Copyright (c) 2025, NVIDIA CORPORATION & AFFILIATES. All rights reserved.
Copyright (c) 2014-2024 Facebook Inc.
Copyright (c) 2011-2014 Idiap Research Institute (Ronan Collobert)
Copyright (c) 2012-2014 Deepmind Technologies    (Koray Kavukcuoglu)
Copyright (c) 2011-2012 NEC Laboratories America (Koray Kavukcuoglu)
Copyright (c) 2011-2013 NYU                      (Clement Farabet)
Copyright (c) 2006-2010 NEC Laboratories America (Ronan Collobert, Leon Bottou, Iain Melvin, Jason Weston)
Copyright (c) 2006      Idiap Research Institute (Samy Bengio)
Copyright (c) 2001-2004 Idiap Research Institute (Ronan Collobert, Samy Bengio, Johnny Mariethoz)
Copyright (c) 2015      Google Inc.
Copyright (c) 2015      Yangqing Jia
Copyright (c) 2013-2016 The Caffe contributors
All rights reserved.

Various files include modifications (c) NVIDIA CORPORATION & AFFILIATES.  All rights reserved.

GOVERNING TERMS: The software and materials are governed by the NVIDIA Software License Agreement
(found at https://www.nvidia.com/en-us/agreements/enterprise-software/nvidia-software-license-agreement/)
and the Product-Specific Terms for NVIDIA AI Products
(found at https://www.nvidia.com/en-us/agreements/enterprise-software/product-specific-terms-for-ai-products/).

NOTE: Mellanox network driver detected, but NVIDIA peer memory driver not
      detected.  Multi-node communication performance may be reduced.

SM90 MegaMoE bench: ranks=8 hidden=6144 ih=2048 experts=384 topk=8 masked_ratio=0.0 fast_math=True
 tokens=   8  recv=   64  experts=  39  nvfp4=  431.5us mean_rank=  452.1us max_rank=  459.5us ( 11.2TF, 1922GB/s)  (rank0)
 tokens=  16  recv=  118  experts=  45  nvfp4=  519.8us mean_rank=  515.5us max_rank=  522.4us ( 17.1TF, 1843GB/s)  (rank0)
 tokens=  32  recv=  241  experts=  48  nvfp4=  517.6us mean_rank=  512.9us max_rank=  517.6us ( 35.2TF, 1980GB/s)  (rank0)
 tokens=  64  recv=  546  experts=  48  nvfp4=  562.6us mean_rank=  563.1us max_rank=  570.3us ( 73.3TF, 1834GB/s)  (rank0)
 tokens= 128  recv=  984  experts=  48  nvfp4=  541.0us mean_rank=  540.4us max_rank=  543.8us (137.3TF, 1925GB/s)  (rank0)
 tokens= 256  recv= 2037  experts=  48  nvfp4=  572.9us mean_rank=  570.3us max_rank=  576.8us (268.5TF, 1859GB/s)  (rank0)
 tokens= 512  recv= 4097  experts=  48  nvfp4= 1030.0us mean_rank= 1041.8us max_rank= 1048.0us (300.3TF, 1079GB/s)  (rank0)
 tokens=1024  recv= 8140  experts=  48  nvfp4= 1551.0us mean_rank= 1551.5us max_rank= 1562.0us (396.2TF,  775GB/s)  (rank0)
 tokens=2048  recv=16409  experts=  48  nvfp4= 2877.0us mean_rank= 2878.5us max_rank= 2881.0us (430.6TF,  483GB/s)  (rank0)
 tokens=4096  recv=32686  experts=  48  nvfp4= 5439.0us mean_rank= 5440.5us max_rank= 5447.0us (453.7TF,  323GB/s)  (rank0)
 tokens=8192  recv=65538  experts=  48  nvfp4=10571.0us mean_rank=10570.0us max_rank=10578.0us (468.1TF,  236GB/s)  (rank0)
