
=============
== PyTorch ==
=============

NVIDIA Release 26.03 (build 286725635)
PyTorch Version 2.11.0a0+a6c236b
Container image Copyright (c) 2025, NVIDIA CORPORATION & AFFILIATES. All rights reserved.
Copyright (c) 2014-2024 Facebook Inc.
Copyright (c) 2011-2014 Idiap Research Institute (Ronan Collobert)
Copyright (c) 2012-2014 Deepmind Technologies    (Koray Kavukcuoglu)
Copyright (c) 2011-2012 NEC Laboratories America (Koray Kavukcuoglu)
Copyright (c) 2011-2013 NYU                      (Clement Farabet)
Copyright (c) 2006-2010 NEC Laboratories America (Ronan Collobert, Leon Bottou, Iain Melvin, Jason Weston)
Copyright (c) 2006      Idiap Research Institute (Samy Bengio)
Copyright (c) 2001-2004 Idiap Research Institute (Ronan Collobert, Samy Bengio, Johnny Mariethoz)
Copyright (c) 2015      Google Inc.
Copyright (c) 2015      Yangqing Jia
Copyright (c) 2013-2016 The Caffe contributors
All rights reserved.

Various files include modifications (c) NVIDIA CORPORATION & AFFILIATES.  All rights reserved.

GOVERNING TERMS: The software and materials are governed by the NVIDIA Software License Agreement
(found at https://www.nvidia.com/en-us/agreements/enterprise-software/nvidia-software-license-agreement/)
and the Product-Specific Terms for NVIDIA AI Products
(found at https://www.nvidia.com/en-us/agreements/enterprise-software/product-specific-terms-for-ai-products/).

NOTE: Mellanox network driver detected, but NVIDIA peer memory driver not
      detected.  Multi-node communication performance may be reduced.

SM90 MegaMoE bench: ranks=8 hidden=7168 ih=3072 experts=384 topk=6 masked_ratio=0.0 fast_math=True
/usr/local/lib/python3.12/dist-packages/torch/utils/_device.py:124: UserWarning: Specified kernel cache directory could not be created! This disables kernel caching. Specified directory is /root/.cache/torch/kernels. This warning will appear only once per process. (Triggered internally at /opt/pytorch/pytorch/aten/src/ATen/native/cuda/jit_utils.cpp:1487.)
  return func(*args, **kwargs)
 tokens=   8  recv=   50  experts=  33  nvfp4=  646.1us mean_rank=  641.6us max_rank=  651.6us ( 10.2TF, 1900GB/s)  (rank0)
 tokens=  16  recv=   89  experts=  39  nvfp4=  775.8us mean_rank=  839.4us max_rank=  856.8us ( 15.2TF, 1871GB/s)  (rank0)
 tokens=  32  recv=  187  experts=  47  nvfp4=  851.2us mean_rank=  839.2us max_rank=  851.2us ( 29.0TF, 2058GB/s)  (rank0)
 tokens=  64  recv=  348  experts=  48  nvfp4=  871.9us mean_rank=  866.2us max_rank=  874.0us ( 52.7TF, 2057GB/s)  (rank0)
 tokens= 128  recv=  789  experts=  48  nvfp4=  929.7us mean_rank=  919.5us max_rank=  929.7us (112.1TF, 1942GB/s)  (rank0)
 tokens= 256  recv= 1574  experts=  48  nvfp4=  949.3us mean_rank=  939.3us max_rank=  949.3us (219.1TF, 1925GB/s)  (rank0)
 tokens= 512  recv= 3089  experts=  48  nvfp4= 1468.0us mean_rank= 1453.3us max_rank= 1468.0us (278.0TF, 1273GB/s)  (rank0)
 tokens=1024  recv= 6102  experts=  48  nvfp4= 2224.0us mean_rank= 2214.0us max_rank= 2224.0us (362.5TF,  878GB/s)  (rank0)
 tokens=2048  recv=12294  experts=  48  nvfp4= 4142.0us mean_rank= 4131.9us max_rank= 4142.0us (392.2TF,  513GB/s)  (rank0)
 tokens=4096  recv=24323  experts=  48  nvfp4= 7344.0us mean_rank= 7332.2us max_rank= 7344.0us (437.6TF,  334GB/s)  (rank0)
 tokens=8192  recv=49566  experts=  48  nvfp4=13800.0us mean_rank=13791.3us max_rank=13801.0us (474.5TF,  229GB/s)  (rank0)
