
=============
== PyTorch ==
=============

NVIDIA Release 26.03 (build 286725635)
PyTorch Version 2.11.0a0+a6c236b
Container image Copyright (c) 2025, NVIDIA CORPORATION & AFFILIATES. All rights reserved.
Copyright (c) 2014-2024 Facebook Inc.
Copyright (c) 2011-2014 Idiap Research Institute (Ronan Collobert)
Copyright (c) 2012-2014 Deepmind Technologies    (Koray Kavukcuoglu)
Copyright (c) 2011-2012 NEC Laboratories America (Koray Kavukcuoglu)
Copyright (c) 2011-2013 NYU                      (Clement Farabet)
Copyright (c) 2006-2010 NEC Laboratories America (Ronan Collobert, Leon Bottou, Iain Melvin, Jason Weston)
Copyright (c) 2006      Idiap Research Institute (Samy Bengio)
Copyright (c) 2001-2004 Idiap Research Institute (Ronan Collobert, Samy Bengio, Johnny Mariethoz)
Copyright (c) 2015      Google Inc.
Copyright (c) 2015      Yangqing Jia
Copyright (c) 2013-2016 The Caffe contributors
All rights reserved.

Various files include modifications (c) NVIDIA CORPORATION & AFFILIATES.  All rights reserved.

GOVERNING TERMS: The software and materials are governed by the NVIDIA Software License Agreement
(found at https://www.nvidia.com/en-us/agreements/enterprise-software/nvidia-software-license-agreement/)
and the Product-Specific Terms for NVIDIA AI Products
(found at https://www.nvidia.com/en-us/agreements/enterprise-software/product-specific-terms-for-ai-products/).

NOTE: Mellanox network driver detected, but NVIDIA peer memory driver not
      detected.  Multi-node communication performance may be reduced.

SM90 MegaMoE bench: ranks=8 hidden=6144 ih=2048 experts=384 topk=8 masked_ratio=0.0 fast_math=True
 tokens=   8  recv=   64  experts=  39  nvfp4=  437.8us mean_rank=  433.3us max_rank=  439.0us ( 11.0TF, 1895GB/s)  (rank0)
 tokens=  16  recv=  118  experts=  45  nvfp4=  496.2us mean_rank=  496.5us max_rank=  505.0us ( 18.0TF, 1931GB/s)  (rank0)
 tokens=  32  recv=  241  experts=  48  nvfp4=  515.8us mean_rank=  510.0us max_rank=  518.8us ( 35.3TF, 1986GB/s)  (rank0)
 tokens=  64  recv=  546  experts=  48  nvfp4=  539.4us mean_rank=  535.5us max_rank=  543.6us ( 76.4TF, 1912GB/s)  (rank0)
 tokens= 128  recv=  984  experts=  48  nvfp4=  546.9us mean_rank=  568.3us max_rank=  580.3us (135.8TF, 1904GB/s)  (rank0)
 tokens= 256  recv= 2037  experts=  48  nvfp4=  551.8us mean_rank=  549.4us max_rank=  556.1us (278.7TF, 1930GB/s)  (rank0)
 tokens= 512  recv= 4097  experts=  48  nvfp4= 1015.0us mean_rank= 1013.9us max_rank= 1022.0us (304.7TF, 1095GB/s)  (rank0)
 tokens=1024  recv= 8140  experts=  48  nvfp4= 1540.0us mean_rank= 1532.9us max_rank= 1541.0us (399.1TF,  781GB/s)  (rank0)
 tokens=2048  recv=16409  experts=  48  nvfp4= 2881.0us mean_rank= 2876.4us max_rank= 2882.0us (430.0TF,  482GB/s)  (rank0)
 tokens=4096  recv=32686  experts=  48  nvfp4= 5452.0us mean_rank= 5443.9us max_rank= 5452.0us (452.6TF,  322GB/s)  (rank0)
 tokens=8192  recv=65538  experts=  48  nvfp4=10548.0us mean_rank=10549.4us max_rank=10558.0us (469.1TF,  237GB/s)  (rank0)
