
=============
== PyTorch ==
=============

NVIDIA Release 26.03 (build 286725635)
PyTorch Version 2.11.0a0+a6c236b
Container image Copyright (c) 2025, NVIDIA CORPORATION & AFFILIATES. All rights reserved.
Copyright (c) 2014-2024 Facebook Inc.
Copyright (c) 2011-2014 Idiap Research Institute (Ronan Collobert)
Copyright (c) 2012-2014 Deepmind Technologies    (Koray Kavukcuoglu)
Copyright (c) 2011-2012 NEC Laboratories America (Koray Kavukcuoglu)
Copyright (c) 2011-2013 NYU                      (Clement Farabet)
Copyright (c) 2006-2010 NEC Laboratories America (Ronan Collobert, Leon Bottou, Iain Melvin, Jason Weston)
Copyright (c) 2006      Idiap Research Institute (Samy Bengio)
Copyright (c) 2001-2004 Idiap Research Institute (Ronan Collobert, Samy Bengio, Johnny Mariethoz)
Copyright (c) 2015      Google Inc.
Copyright (c) 2015      Yangqing Jia
Copyright (c) 2013-2016 The Caffe contributors
All rights reserved.

Various files include modifications (c) NVIDIA CORPORATION & AFFILIATES.  All rights reserved.

GOVERNING TERMS: The software and materials are governed by the NVIDIA Software License Agreement
(found at https://www.nvidia.com/en-us/agreements/enterprise-software/nvidia-software-license-agreement/)
and the Product-Specific Terms for NVIDIA AI Products
(found at https://www.nvidia.com/en-us/agreements/enterprise-software/product-specific-terms-for-ai-products/).

NOTE: Mellanox network driver detected, but NVIDIA peer memory driver not
      detected.  Multi-node communication performance may be reduced.

SM90 MegaMoE bench: ranks=8 hidden=7168 ih=3072 experts=384 topk=6 masked_ratio=0.0 fast_math=True
/usr/local/lib/python3.12/dist-packages/torch/utils/_device.py:124: UserWarning: Specified kernel cache directory could not be created! This disables kernel caching. Specified directory is /root/.cache/torch/kernels. This warning will appear only once per process. (Triggered internally at /opt/pytorch/pytorch/aten/src/ATen/native/cuda/jit_utils.cpp:1487.)
  return func(*args, **kwargs)
 tokens=   8  recv=   50  experts=  33  nvfp4=  613.3us mean_rank=  614.9us max_rank=  623.3us ( 10.8TF, 2002GB/s)  (rank0)
 tokens=  16  recv=   89  experts=  39  nvfp4=  768.3us mean_rank=  766.2us max_rank=  773.5us ( 15.3TF, 1889GB/s)  (rank0)
 tokens=  32  recv=  187  experts=  47  nvfp4=  833.6us mean_rank=  869.8us max_rank=  880.1us ( 29.6TF, 2101GB/s)  (rank0)
 tokens=  64  recv=  348  experts=  48  nvfp4=  964.2us mean_rank=  951.7us max_rank=  972.8us ( 47.7TF, 1860GB/s)  (rank0)
 tokens= 128  recv=  789  experts=  48  nvfp4=  907.0us mean_rank=  904.7us max_rank=  912.0us (114.9TF, 1991GB/s)  (rank0)
 tokens= 256  recv= 1574  experts=  48  nvfp4=  906.3us mean_rank=  908.3us max_rank=  913.8us (229.4TF, 2016GB/s)  (rank0)
 tokens= 512  recv= 3089  experts=  48  nvfp4= 1432.0us mean_rank= 1427.6us max_rank= 1434.0us (285.0TF, 1305GB/s)  (rank0)
 tokens=1024  recv= 6102  experts=  48  nvfp4= 2192.0us mean_rank= 2189.5us max_rank= 2194.0us (367.8TF,  891GB/s)  (rank0)
 tokens=2048  recv=12294  experts=  48  nvfp4= 4152.0us mean_rank= 4156.8us max_rank= 4162.0us (391.2TF,  511GB/s)  (rank0)
 tokens=4096  recv=24323  experts=  48  nvfp4= 7305.0us mean_rank= 7312.5us max_rank= 7320.0us (439.9TF,  336GB/s)  (rank0)
 tokens=8192  recv=49566  experts=  48  nvfp4=13770.0us mean_rank=13769.2us max_rank=13778.0us (475.6TF,  229GB/s)  (rank0)
