
=============
== PyTorch ==
=============

NVIDIA Release 26.03 (build 286725635)
PyTorch Version 2.11.0a0+a6c236b
Container image Copyright (c) 2025, NVIDIA CORPORATION & AFFILIATES. All rights reserved.
Copyright (c) 2014-2024 Facebook Inc.
Copyright (c) 2011-2014 Idiap Research Institute (Ronan Collobert)
Copyright (c) 2012-2014 Deepmind Technologies    (Koray Kavukcuoglu)
Copyright (c) 2011-2012 NEC Laboratories America (Koray Kavukcuoglu)
Copyright (c) 2011-2013 NYU                      (Clement Farabet)
Copyright (c) 2006-2010 NEC Laboratories America (Ronan Collobert, Leon Bottou, Iain Melvin, Jason Weston)
Copyright (c) 2006      Idiap Research Institute (Samy Bengio)
Copyright (c) 2001-2004 Idiap Research Institute (Ronan Collobert, Samy Bengio, Johnny Mariethoz)
Copyright (c) 2015      Google Inc.
Copyright (c) 2015      Yangqing Jia
Copyright (c) 2013-2016 The Caffe contributors
All rights reserved.

Various files include modifications (c) NVIDIA CORPORATION & AFFILIATES.  All rights reserved.

GOVERNING TERMS: The software and materials are governed by the NVIDIA Software License Agreement
(found at https://www.nvidia.com/en-us/agreements/enterprise-software/nvidia-software-license-agreement/)
and the Product-Specific Terms for NVIDIA AI Products
(found at https://www.nvidia.com/en-us/agreements/enterprise-software/product-specific-terms-for-ai-products/).

NOTE: Mellanox network driver detected, but NVIDIA peer memory driver not
      detected.  Multi-node communication performance may be reduced.

SM90 MegaMoE bench: ranks=8 hidden=7168 ih=3072 experts=384 topk=6 masked_ratio=0.0 fast_math=True
 tokens=   8  recv=   50  experts=  33  nvfp4=  624.0us mean_rank=  641.9us max_rank=  653.9us ( 10.6TF, 1967GB/s)  (rank0)
 tokens=  16  recv=   89  experts=  39  nvfp4=  757.5us mean_rank=  753.4us max_rank=  760.5us ( 15.5TF, 1916GB/s)  (rank0)
 tokens=  32  recv=  187  experts=  47  nvfp4=  846.8us mean_rank=  840.8us max_rank=  850.5us ( 29.2TF, 2069GB/s)  (rank0)
 tokens=  64  recv=  348  experts=  48  nvfp4=  844.8us mean_rank=  852.2us max_rank=  859.0us ( 54.4TF, 2123GB/s)  (rank0)
 tokens= 128  recv=  789  experts=  48  nvfp4=  886.3us mean_rank=  897.9us max_rank=  903.6us (117.6TF, 2037GB/s)  (rank0)
 tokens= 256  recv= 1574  experts=  48  nvfp4= 1013.0us mean_rank=  997.1us max_rank= 1016.0us (205.3TF, 1804GB/s)  (rank0)
 tokens= 512  recv= 3089  experts=  48  nvfp4= 1418.0us mean_rank= 1412.0us max_rank= 1420.0us (287.8TF, 1318GB/s)  (rank0)
 tokens=1024  recv= 6102  experts=  48  nvfp4= 2194.0us mean_rank= 2198.1us max_rank= 2203.0us (367.5TF,  890GB/s)  (rank0)
 tokens=2048  recv=12294  experts=  48  nvfp4= 4152.0us mean_rank= 4151.1us max_rank= 4157.0us (391.2TF,  511GB/s)  (rank0)
 tokens=4096  recv=24323  experts=  48  nvfp4= 7309.0us mean_rank= 7305.0us max_rank= 7311.0us (439.7TF,  336GB/s)  (rank0)
 tokens=8192  recv=49566  experts=  48  nvfp4=13770.0us mean_rank=13764.6us max_rank=13770.0us (475.6TF,  229GB/s)  (rank0)
