
=============
== PyTorch ==
=============

NVIDIA Release 26.03 (build 286725635)
PyTorch Version 2.11.0a0+a6c236b
Container image Copyright (c) 2025, NVIDIA CORPORATION & AFFILIATES. All rights reserved.
Copyright (c) 2014-2024 Facebook Inc.
Copyright (c) 2011-2014 Idiap Research Institute (Ronan Collobert)
Copyright (c) 2012-2014 Deepmind Technologies    (Koray Kavukcuoglu)
Copyright (c) 2011-2012 NEC Laboratories America (Koray Kavukcuoglu)
Copyright (c) 2011-2013 NYU                      (Clement Farabet)
Copyright (c) 2006-2010 NEC Laboratories America (Ronan Collobert, Leon Bottou, Iain Melvin, Jason Weston)
Copyright (c) 2006      Idiap Research Institute (Samy Bengio)
Copyright (c) 2001-2004 Idiap Research Institute (Ronan Collobert, Samy Bengio, Johnny Mariethoz)
Copyright (c) 2015      Google Inc.
Copyright (c) 2015      Yangqing Jia
Copyright (c) 2013-2016 The Caffe contributors
All rights reserved.

Various files include modifications (c) NVIDIA CORPORATION & AFFILIATES.  All rights reserved.

GOVERNING TERMS: The software and materials are governed by the NVIDIA Software License Agreement
(found at https://www.nvidia.com/en-us/agreements/enterprise-software/nvidia-software-license-agreement/)
and the Product-Specific Terms for NVIDIA AI Products
(found at https://www.nvidia.com/en-us/agreements/enterprise-software/product-specific-terms-for-ai-products/).

NOTE: Mellanox network driver detected, but NVIDIA peer memory driver not
      detected.  Multi-node communication performance may be reduced.

SM90 MegaMoE bench: ranks=8 hidden=7168 ih=3072 experts=384 topk=6 masked_ratio=0.0 fast_math=True
/usr/local/lib/python3.12/dist-packages/torch/utils/_device.py:124: UserWarning: Specified kernel cache directory could not be created! This disables kernel caching. Specified directory is /root/.cache/torch/kernels. This warning will appear only once per process. (Triggered internally at /opt/pytorch/pytorch/aten/src/ATen/native/cuda/jit_utils.cpp:1487.)
  return func(*args, **kwargs)
 tokens=   8  recv=   50  experts=  33  nvfp4=  630.0us mean_rank=  630.0us max_rank=  638.1us ( 10.5TF, 1949GB/s)  (rank0)
 tokens=  16  recv=   89  experts=  39  nvfp4=  787.0us mean_rank=  781.3us max_rank=  792.4us ( 14.9TF, 1844GB/s)  (rank0)
 tokens=  32  recv=  187  experts=  47  nvfp4=  829.8us mean_rank=  826.8us max_rank=  834.7us ( 29.8TF, 2111GB/s)  (rank0)
 tokens=  64  recv=  348  experts=  48  nvfp4=  873.6us mean_rank=  866.4us max_rank=  875.9us ( 52.6TF, 2053GB/s)  (rank0)
 tokens= 128  recv=  789  experts=  48  nvfp4=  910.4us mean_rank=  906.4us max_rank=  912.8us (114.5TF, 1983GB/s)  (rank0)
 tokens= 256  recv= 1574  experts=  48  nvfp4=  938.3us mean_rank=  933.4us max_rank=  944.5us (221.6TF, 1947GB/s)  (rank0)
 tokens= 512  recv= 3089  experts=  48  nvfp4= 1427.0us mean_rank= 1421.2us max_rank= 1430.0us (286.0TF, 1310GB/s)  (rank0)
 tokens=1024  recv= 6102  experts=  48  nvfp4= 2247.0us mean_rank= 2244.6us max_rank= 2262.0us (358.8TF,  869GB/s)  (rank0)
 tokens=2048  recv=12294  experts=  48  nvfp4= 4134.0us mean_rank= 4127.4us max_rank= 4138.0us (392.9TF,  514GB/s)  (rank0)
 tokens=4096  recv=24323  experts=  48  nvfp4= 7369.0us mean_rank= 7361.4us max_rank= 7377.0us (436.1TF,  333GB/s)  (rank0)
 tokens=8192  recv=49566  experts=  48  nvfp4=13763.0us mean_rank=13762.1us max_rank=13770.0us (475.8TF,  229GB/s)  (rank0)
