
=============
== PyTorch ==
=============

NVIDIA Release 26.03 (build 286725635)
PyTorch Version 2.11.0a0+a6c236b
Container image Copyright (c) 2025, NVIDIA CORPORATION & AFFILIATES. All rights reserved.
Copyright (c) 2014-2024 Facebook Inc.
Copyright (c) 2011-2014 Idiap Research Institute (Ronan Collobert)
Copyright (c) 2012-2014 Deepmind Technologies    (Koray Kavukcuoglu)
Copyright (c) 2011-2012 NEC Laboratories America (Koray Kavukcuoglu)
Copyright (c) 2011-2013 NYU                      (Clement Farabet)
Copyright (c) 2006-2010 NEC Laboratories America (Ronan Collobert, Leon Bottou, Iain Melvin, Jason Weston)
Copyright (c) 2006      Idiap Research Institute (Samy Bengio)
Copyright (c) 2001-2004 Idiap Research Institute (Ronan Collobert, Samy Bengio, Johnny Mariethoz)
Copyright (c) 2015      Google Inc.
Copyright (c) 2015      Yangqing Jia
Copyright (c) 2013-2016 The Caffe contributors
All rights reserved.

Various files include modifications (c) NVIDIA CORPORATION & AFFILIATES.  All rights reserved.

GOVERNING TERMS: The software and materials are governed by the NVIDIA Software License Agreement
(found at https://www.nvidia.com/en-us/agreements/enterprise-software/nvidia-software-license-agreement/)
and the Product-Specific Terms for NVIDIA AI Products
(found at https://www.nvidia.com/en-us/agreements/enterprise-software/product-specific-terms-for-ai-products/).

NOTE: Mellanox network driver detected, but NVIDIA peer memory driver not
      detected.  Multi-node communication performance may be reduced.

SM90 MegaMoE bench: ranks=8 hidden=4096 ih=2048 experts=256 topk=6 masked_ratio=0.0 fast_math=True
 tokens=   8  recv=   46  experts=  24  nvfp4=  229.8us mean_rank=  232.8us max_rank=  237.9us ( 10.1TF, 1482GB/s)  (rank0)
 tokens=  16  recv=   92  experts=  30  nvfp4=  252.5us mean_rank=  335.4us max_rank=  352.5us ( 18.3TF, 1688GB/s)  (rank0)
 tokens=  32  recv=  170  experts=  32  nvfp4=  374.2us mean_rank=  357.6us max_rank=  375.7us ( 22.9TF, 1218GB/s)  (rank0)
 tokens=  64  recv=  378  experts=  32  nvfp4=  334.3us mean_rank=  338.5us max_rank=  356.7us ( 56.9TF, 1374GB/s)  (rank0)
 tokens= 128  recv=  784  experts=  32  nvfp4=  263.7us mean_rank=  263.5us max_rank=  267.9us (149.7TF, 1767GB/s)  (rank0)
 tokens= 256  recv= 1568  experts=  32  nvfp4=  451.8us mean_rank=  431.9us max_rank=  457.2us (174.7TF, 1059GB/s)  (rank0)
 tokens= 512  recv= 3147  experts=  32  nvfp4=  489.1us mean_rank=  485.4us max_rank=  489.3us (323.9TF, 1032GB/s)  (rank0)
 tokens=1024  recv= 6221  experts=  32  nvfp4=  827.7us mean_rank=  829.1us max_rank=  833.7us (378.3TF,  670GB/s)  (rank0)
 tokens=2048  recv=12365  experts=  32  nvfp4= 1644.8us mean_rank= 1641.3us max_rank= 1648.2us (378.4TF,  399GB/s)  (rank0)
 tokens=4096  recv=24547  experts=  32  nvfp4= 2828.0us mean_rank= 2824.1us max_rank= 2831.0us (436.9TF,  302GB/s)  (rank0)
 tokens=8192  recv=49065  experts=  32  nvfp4= 5337.0us mean_rank= 5336.0us max_rank= 5342.0us (462.7TF,  236GB/s)  (rank0)
