
=============
== PyTorch ==
=============

NVIDIA Release 26.03 (build 286725635)
PyTorch Version 2.11.0a0+a6c236b
Container image Copyright (c) 2025, NVIDIA CORPORATION & AFFILIATES. All rights reserved.
Copyright (c) 2014-2024 Facebook Inc.
Copyright (c) 2011-2014 Idiap Research Institute (Ronan Collobert)
Copyright (c) 2012-2014 Deepmind Technologies    (Koray Kavukcuoglu)
Copyright (c) 2011-2012 NEC Laboratories America (Koray Kavukcuoglu)
Copyright (c) 2011-2013 NYU                      (Clement Farabet)
Copyright (c) 2006-2010 NEC Laboratories America (Ronan Collobert, Leon Bottou, Iain Melvin, Jason Weston)
Copyright (c) 2006      Idiap Research Institute (Samy Bengio)
Copyright (c) 2001-2004 Idiap Research Institute (Ronan Collobert, Samy Bengio, Johnny Mariethoz)
Copyright (c) 2015      Google Inc.
Copyright (c) 2015      Yangqing Jia
Copyright (c) 2013-2016 The Caffe contributors
All rights reserved.

Various files include modifications (c) NVIDIA CORPORATION & AFFILIATES.  All rights reserved.

GOVERNING TERMS: The software and materials are governed by the NVIDIA Software License Agreement
(found at https://www.nvidia.com/en-us/agreements/enterprise-software/nvidia-software-license-agreement/)
and the Product-Specific Terms for NVIDIA AI Products
(found at https://www.nvidia.com/en-us/agreements/enterprise-software/product-specific-terms-for-ai-products/).

NOTE: Mellanox network driver detected, but NVIDIA peer memory driver not
      detected.  Multi-node communication performance may be reduced.

SM90 MegaMoE bench: ranks=8 hidden=4096 ih=2048 experts=256 topk=6 masked_ratio=0.0 fast_math=True
 tokens=   8  recv=   46  experts=  24  nvfp4=  233.9us mean_rank=  237.1us max_rank=  244.2us (  9.9TF, 1456GB/s)  (rank0)
 tokens=  16  recv=   92  experts=  30  nvfp4=  240.2us mean_rank=  248.0us max_rank=  254.4us ( 19.3TF, 1775GB/s)  (rank0)
 tokens=  32  recv=  170  experts=  32  nvfp4=  422.8us mean_rank=  400.6us max_rank=  426.3us ( 20.2TF, 1078GB/s)  (rank0)
 tokens=  64  recv=  378  experts=  32  nvfp4=  274.5us mean_rank=  329.2us max_rank=  346.9us ( 69.3TF, 1673GB/s)  (rank0)
 tokens= 128  recv=  784  experts=  32  nvfp4=  263.9us mean_rank=  263.0us max_rank=  267.6us (149.5TF, 1765GB/s)  (rank0)
 tokens= 256  recv= 1568  experts=  32  nvfp4=  290.4us mean_rank=  289.0us max_rank=  297.7us (271.7TF, 1648GB/s)  (rank0)
 tokens= 512  recv= 3147  experts=  32  nvfp4=  497.6us mean_rank=  504.8us max_rank=  511.8us (318.3TF, 1014GB/s)  (rank0)
 tokens=1024  recv= 6221  experts=  32  nvfp4=  828.9us mean_rank=  841.1us max_rank=  849.7us (377.8TF,  669GB/s)  (rank0)
 tokens=2048  recv=12365  experts=  32  nvfp4= 1642.3us mean_rank= 1639.5us max_rank= 1646.3us (379.0TF,  399GB/s)  (rank0)
 tokens=4096  recv=24547  experts=  32  nvfp4= 2819.0us mean_rank= 2818.1us max_rank= 2823.0us (438.3TF,  303GB/s)  (rank0)
 tokens=8192  recv=49065  experts=  32  nvfp4= 5426.0us mean_rank= 5425.7us max_rank= 5445.0us (455.1TF,  232GB/s)  (rank0)
