
=============
== PyTorch ==
=============

NVIDIA Release 26.03 (build 286725635)
PyTorch Version 2.11.0a0+a6c236b
Container image Copyright (c) 2025, NVIDIA CORPORATION & AFFILIATES. All rights reserved.
Copyright (c) 2014-2024 Facebook Inc.
Copyright (c) 2011-2014 Idiap Research Institute (Ronan Collobert)
Copyright (c) 2012-2014 Deepmind Technologies    (Koray Kavukcuoglu)
Copyright (c) 2011-2012 NEC Laboratories America (Koray Kavukcuoglu)
Copyright (c) 2011-2013 NYU                      (Clement Farabet)
Copyright (c) 2006-2010 NEC Laboratories America (Ronan Collobert, Leon Bottou, Iain Melvin, Jason Weston)
Copyright (c) 2006      Idiap Research Institute (Samy Bengio)
Copyright (c) 2001-2004 Idiap Research Institute (Ronan Collobert, Samy Bengio, Johnny Mariethoz)
Copyright (c) 2015      Google Inc.
Copyright (c) 2015      Yangqing Jia
Copyright (c) 2013-2016 The Caffe contributors
All rights reserved.

Various files include modifications (c) NVIDIA CORPORATION & AFFILIATES.  All rights reserved.

GOVERNING TERMS: The software and materials are governed by the NVIDIA Software License Agreement
(found at https://www.nvidia.com/en-us/agreements/enterprise-software/nvidia-software-license-agreement/)
and the Product-Specific Terms for NVIDIA AI Products
(found at https://www.nvidia.com/en-us/agreements/enterprise-software/product-specific-terms-for-ai-products/).

NOTE: Mellanox network driver detected, but NVIDIA peer memory driver not
      detected.  Multi-node communication performance may be reduced.

SM90 MegaMoE bench: ranks=8 hidden=6144 ih=2048 experts=384 topk=8 masked_ratio=0.0 fast_math=True
 tokens=   8  recv=   64  experts=  39  nvfp4=  433.7us mean_rank=  453.7us max_rank=  461.3us ( 11.1TF, 1913GB/s)  (rank0)
 tokens=  16  recv=  118  experts=  45  nvfp4=  535.2us mean_rank=  530.6us max_rank=  545.9us ( 16.6TF, 1790GB/s)  (rank0)
 tokens=  32  recv=  241  experts=  48  nvfp4=  506.1us mean_rank=  530.2us max_rank=  542.8us ( 35.9TF, 2025GB/s)  (rank0)
 tokens=  64  recv=  546  experts=  48  nvfp4=  526.0us mean_rank=  560.3us max_rank=  570.6us ( 78.4TF, 1961GB/s)  (rank0)
 tokens= 128  recv=  984  experts=  48  nvfp4=  598.1us mean_rank=  613.3us max_rank=  630.1us (124.2TF, 1741GB/s)  (rank0)
 tokens= 256  recv= 2037  experts=  48  nvfp4=  569.8us mean_rank=  596.4us max_rank=  611.5us (269.9TF, 1869GB/s)  (rank0)
 tokens= 512  recv= 4097  experts=  48  nvfp4= 1008.0us mean_rank= 1037.0us max_rank= 1050.0us (306.9TF, 1103GB/s)  (rank0)
 tokens=1024  recv= 8140  experts=  48  nvfp4= 1510.0us mean_rank= 1545.3us max_rank= 1555.0us (407.0TF,  796GB/s)  (rank0)
 tokens=2048  recv=16409  experts=  48  nvfp4= 2882.0us mean_rank= 2883.6us max_rank= 2890.0us (429.9TF,  482GB/s)  (rank0)
 tokens=4096  recv=32686  experts=  48  nvfp4= 5447.0us mean_rank= 5443.5us max_rank= 5450.0us (453.0TF,  322GB/s)  (rank0)
 tokens=8192  recv=65538  experts=  48  nvfp4=10575.0us mean_rank=10584.5us max_rank=10597.0us (467.9TF,  236GB/s)  (rank0)
