
=============
== PyTorch ==
=============

NVIDIA Release 26.03 (build 286725635)
PyTorch Version 2.11.0a0+a6c236b
Container image Copyright (c) 2025, NVIDIA CORPORATION & AFFILIATES. All rights reserved.
Copyright (c) 2014-2024 Facebook Inc.
Copyright (c) 2011-2014 Idiap Research Institute (Ronan Collobert)
Copyright (c) 2012-2014 Deepmind Technologies    (Koray Kavukcuoglu)
Copyright (c) 2011-2012 NEC Laboratories America (Koray Kavukcuoglu)
Copyright (c) 2011-2013 NYU                      (Clement Farabet)
Copyright (c) 2006-2010 NEC Laboratories America (Ronan Collobert, Leon Bottou, Iain Melvin, Jason Weston)
Copyright (c) 2006      Idiap Research Institute (Samy Bengio)
Copyright (c) 2001-2004 Idiap Research Institute (Ronan Collobert, Samy Bengio, Johnny Mariethoz)
Copyright (c) 2015      Google Inc.
Copyright (c) 2015      Yangqing Jia
Copyright (c) 2013-2016 The Caffe contributors
All rights reserved.

Various files include modifications (c) NVIDIA CORPORATION & AFFILIATES.  All rights reserved.

GOVERNING TERMS: The software and materials are governed by the NVIDIA Software License Agreement
(found at https://www.nvidia.com/en-us/agreements/enterprise-software/nvidia-software-license-agreement/)
and the Product-Specific Terms for NVIDIA AI Products
(found at https://www.nvidia.com/en-us/agreements/enterprise-software/product-specific-terms-for-ai-products/).

NOTE: Mellanox network driver detected, but NVIDIA peer memory driver not
      detected.  Multi-node communication performance may be reduced.

SM90 MegaMoE bench: ranks=8 hidden=6144 ih=2048 experts=384 topk=8 masked_ratio=0.0 fast_math=True
 tokens=   8  recv=   64  experts=  39  nvfp4=  498.4us mean_rank=  485.4us max_rank=  498.7us (  9.7TF, 1664GB/s)  (rank0)
 tokens=  16  recv=  118  experts=  45  nvfp4=  494.9us mean_rank=  494.4us max_rank=  498.9us ( 18.0TF, 1936GB/s)  (rank0)
 tokens=  32  recv=  241  experts=  48  nvfp4=  501.0us mean_rank=  499.7us max_rank=  504.4us ( 36.3TF, 2045GB/s)  (rank0)
 tokens=  64  recv=  546  experts=  48  nvfp4=  567.0us mean_rank=  556.9us max_rank=  567.0us ( 72.7TF, 1819GB/s)  (rank0)
 tokens= 128  recv=  984  experts=  48  nvfp4=  567.1us mean_rank=  558.9us max_rank=  567.9us (131.0TF, 1836GB/s)  (rank0)
 tokens= 256  recv= 2037  experts=  48  nvfp4=  567.0us mean_rank=  558.8us max_rank=  567.0us (271.2TF, 1878GB/s)  (rank0)
 tokens= 512  recv= 4097  experts=  48  nvfp4= 1018.0us mean_rank= 1013.9us max_rank= 1019.0us (303.8TF, 1092GB/s)  (rank0)
 tokens=1024  recv= 8140  experts=  48  nvfp4= 1539.0us mean_rank= 1537.1us max_rank= 1545.0us (399.3TF,  781GB/s)  (rank0)
 tokens=2048  recv=16409  experts=  48  nvfp4= 2889.0us mean_rank= 2882.5us max_rank= 2889.0us (428.8TF,  481GB/s)  (rank0)
 tokens=4096  recv=32686  experts=  48  nvfp4= 5446.0us mean_rank= 5443.0us max_rank= 5448.0us (453.1TF,  322GB/s)  (rank0)
 tokens=8192  recv=65538  experts=  48  nvfp4=10533.0us mean_rank=10537.0us max_rank=10540.0us (469.8TF,  237GB/s)  (rank0)
