
=============
== PyTorch ==
=============

NVIDIA Release 26.03 (build 286725635)
PyTorch Version 2.11.0a0+a6c236b
Container image Copyright (c) 2025, NVIDIA CORPORATION & AFFILIATES. All rights reserved.
Copyright (c) 2014-2024 Facebook Inc.
Copyright (c) 2011-2014 Idiap Research Institute (Ronan Collobert)
Copyright (c) 2012-2014 Deepmind Technologies    (Koray Kavukcuoglu)
Copyright (c) 2011-2012 NEC Laboratories America (Koray Kavukcuoglu)
Copyright (c) 2011-2013 NYU                      (Clement Farabet)
Copyright (c) 2006-2010 NEC Laboratories America (Ronan Collobert, Leon Bottou, Iain Melvin, Jason Weston)
Copyright (c) 2006      Idiap Research Institute (Samy Bengio)
Copyright (c) 2001-2004 Idiap Research Institute (Ronan Collobert, Samy Bengio, Johnny Mariethoz)
Copyright (c) 2015      Google Inc.
Copyright (c) 2015      Yangqing Jia
Copyright (c) 2013-2016 The Caffe contributors
All rights reserved.

Various files include modifications (c) NVIDIA CORPORATION & AFFILIATES.  All rights reserved.

GOVERNING TERMS: The software and materials are governed by the NVIDIA Software License Agreement
(found at https://www.nvidia.com/en-us/agreements/enterprise-software/nvidia-software-license-agreement/)
and the Product-Specific Terms for NVIDIA AI Products
(found at https://www.nvidia.com/en-us/agreements/enterprise-software/product-specific-terms-for-ai-products/).

NOTE: Mellanox network driver detected, but NVIDIA peer memory driver not
      detected.  Multi-node communication performance may be reduced.

SM90 MegaMoE bench: ranks=8 hidden=4096 ih=2048 experts=256 topk=6 masked_ratio=0.0 fast_math=True
/usr/local/lib/python3.12/dist-packages/torch/utils/_device.py:124: UserWarning: Specified kernel cache directory could not be created! This disables kernel caching. Specified directory is /root/.cache/torch/kernels. This warning will appear only once per process. (Triggered internally at /opt/pytorch/pytorch/aten/src/ATen/native/cuda/jit_utils.cpp:1487.)
  return func(*args, **kwargs)
 tokens=   8  recv=   46  experts=  24  nvfp4=  227.7us mean_rank=  247.9us max_rank=  256.9us ( 10.2TF, 1496GB/s)  (rank0)
 tokens=  16  recv=   92  experts=  30  nvfp4=  247.0us mean_rank=  265.2us max_rank=  273.1us ( 18.7TF, 1726GB/s)  (rank0)
 tokens=  32  recv=  170  experts=  32  nvfp4=  271.9us mean_rank=  281.6us max_rank=  290.2us ( 31.5TF, 1676GB/s)  (rank0)
 tokens=  64  recv=  378  experts=  32  nvfp4=  251.3us mean_rank=  285.4us max_rank=  292.6us ( 75.7TF, 1827GB/s)  (rank0)
 tokens= 128  recv=  784  experts=  32  nvfp4=  270.6us mean_rank=  287.1us max_rank=  297.0us (145.8TF, 1721GB/s)  (rank0)
 tokens= 256  recv= 1568  experts=  32  nvfp4=  277.3us mean_rank=  299.9us max_rank=  305.6us (284.6TF, 1726GB/s)  (rank0)
 tokens= 512  recv= 3147  experts=  32  nvfp4=  548.5us mean_rank=  538.5us max_rank=  549.5us (288.8TF,  920GB/s)  (rank0)
 tokens=1024  recv= 6221  experts=  32  nvfp4=  890.5us mean_rank=  880.6us max_rank=  894.0us (351.6TF,  623GB/s)  (rank0)
 tokens=2048  recv=12365  experts=  32  nvfp4= 1630.7us mean_rank= 1627.9us max_rank= 1631.1us (381.6TF,  402GB/s)  (rank0)
 tokens=4096  recv=24547  experts=  32  nvfp4= 2810.0us mean_rank= 2806.1us max_rank= 2810.0us (439.7TF,  304GB/s)  (rank0)
 tokens=8192  recv=49065  experts=  32  nvfp4= 5348.0us mean_rank= 5352.6us max_rank= 5357.0us (461.8TF,  235GB/s)  (rank0)
