
=============
== PyTorch ==
=============

NVIDIA Release 26.03 (build 286725635)
PyTorch Version 2.11.0a0+a6c236b
Container image Copyright (c) 2025, NVIDIA CORPORATION & AFFILIATES. All rights reserved.
Copyright (c) 2014-2024 Facebook Inc.
Copyright (c) 2011-2014 Idiap Research Institute (Ronan Collobert)
Copyright (c) 2012-2014 Deepmind Technologies    (Koray Kavukcuoglu)
Copyright (c) 2011-2012 NEC Laboratories America (Koray Kavukcuoglu)
Copyright (c) 2011-2013 NYU                      (Clement Farabet)
Copyright (c) 2006-2010 NEC Laboratories America (Ronan Collobert, Leon Bottou, Iain Melvin, Jason Weston)
Copyright (c) 2006      Idiap Research Institute (Samy Bengio)
Copyright (c) 2001-2004 Idiap Research Institute (Ronan Collobert, Samy Bengio, Johnny Mariethoz)
Copyright (c) 2015      Google Inc.
Copyright (c) 2015      Yangqing Jia
Copyright (c) 2013-2016 The Caffe contributors
All rights reserved.

Various files include modifications (c) NVIDIA CORPORATION & AFFILIATES.  All rights reserved.

GOVERNING TERMS: The software and materials are governed by the NVIDIA Software License Agreement
(found at https://www.nvidia.com/en-us/agreements/enterprise-software/nvidia-software-license-agreement/)
and the Product-Specific Terms for NVIDIA AI Products
(found at https://www.nvidia.com/en-us/agreements/enterprise-software/product-specific-terms-for-ai-products/).

NOTE: Mellanox network driver detected, but NVIDIA peer memory driver not
      detected.  Multi-node communication performance may be reduced.

SM90 MegaMoE bench: ranks=8 hidden=7168 ih=3072 experts=384 topk=6 masked_ratio=0.0 fast_math=True
 tokens=   8  recv=   50  experts=  33  nvfp4=  638.1us mean_rank=  652.4us max_rank=  665.6us ( 10.4TF, 1924GB/s)  (rank0)
 tokens=  16  recv=   89  experts=  39  nvfp4=  853.0us mean_rank=  836.5us max_rank=  855.3us ( 13.8TF, 1702GB/s)  (rank0)
 tokens=  32  recv=  187  experts=  47  nvfp4=  847.5us mean_rank=  844.1us max_rank=  853.8us ( 29.2TF, 2067GB/s)  (rank0)
 tokens=  64  recv=  348  experts=  48  nvfp4=  871.2us mean_rank=  866.2us max_rank=  874.0us ( 52.8TF, 2058GB/s)  (rank0)
 tokens= 128  recv=  789  experts=  48  nvfp4=  921.3us mean_rank=  916.0us max_rank=  926.0us (113.1TF, 1960GB/s)  (rank0)
 tokens= 256  recv= 1574  experts=  48  nvfp4= 1082.0us mean_rank= 1059.1us max_rank= 1090.0us (192.2TF, 1689GB/s)  (rank0)
 tokens= 512  recv= 3089  experts=  48  nvfp4= 1433.0us mean_rank= 1430.2us max_rank= 1439.0us (284.8TF, 1304GB/s)  (rank0)
 tokens=1024  recv= 6102  experts=  48  nvfp4= 2205.0us mean_rank= 2209.6us max_rank= 2218.0us (365.6TF,  885GB/s)  (rank0)
 tokens=2048  recv=12294  experts=  48  nvfp4= 4175.0us mean_rank= 4169.5us max_rank= 4177.0us (389.1TF,  509GB/s)  (rank0)
 tokens=4096  recv=24323  experts=  48  nvfp4= 7331.0us mean_rank= 7325.6us max_rank= 7334.0us (438.4TF,  335GB/s)  (rank0)
 tokens=8192  recv=49566  experts=  48  nvfp4=13796.0us mean_rank=13791.6us max_rank=13802.0us (474.7TF,  229GB/s)  (rank0)
