
=============
== PyTorch ==
=============

NVIDIA Release 26.03 (build 286725635)
PyTorch Version 2.11.0a0+a6c236b
Container image Copyright (c) 2025, NVIDIA CORPORATION & AFFILIATES. All rights reserved.
Copyright (c) 2014-2024 Facebook Inc.
Copyright (c) 2011-2014 Idiap Research Institute (Ronan Collobert)
Copyright (c) 2012-2014 Deepmind Technologies    (Koray Kavukcuoglu)
Copyright (c) 2011-2012 NEC Laboratories America (Koray Kavukcuoglu)
Copyright (c) 2011-2013 NYU                      (Clement Farabet)
Copyright (c) 2006-2010 NEC Laboratories America (Ronan Collobert, Leon Bottou, Iain Melvin, Jason Weston)
Copyright (c) 2006      Idiap Research Institute (Samy Bengio)
Copyright (c) 2001-2004 Idiap Research Institute (Ronan Collobert, Samy Bengio, Johnny Mariethoz)
Copyright (c) 2015      Google Inc.
Copyright (c) 2015      Yangqing Jia
Copyright (c) 2013-2016 The Caffe contributors
All rights reserved.

Various files include modifications (c) NVIDIA CORPORATION & AFFILIATES.  All rights reserved.

GOVERNING TERMS: The software and materials are governed by the NVIDIA Software License Agreement
(found at https://www.nvidia.com/en-us/agreements/enterprise-software/nvidia-software-license-agreement/)
and the Product-Specific Terms for NVIDIA AI Products
(found at https://www.nvidia.com/en-us/agreements/enterprise-software/product-specific-terms-for-ai-products/).

NOTE: Mellanox network driver detected, but NVIDIA peer memory driver not
      detected.  Multi-node communication performance may be reduced.

SM90 MegaMoE bench: ranks=8 hidden=6144 ih=2048 experts=384 topk=8 masked_ratio=0.0 fast_math=True
 tokens=   8  recv=   64  experts=  39  nvfp4=  525.0us mean_rank=  515.9us max_rank=  532.1us (  9.2TF, 1580GB/s)  (rank0)
 tokens=  16  recv=  118  experts=  45  nvfp4=  497.3us mean_rank=  492.7us max_rank=  497.3us ( 17.9TF, 1927GB/s)  (rank0)
 tokens=  32  recv=  241  experts=  48  nvfp4=  536.3us mean_rank=  526.2us max_rank=  536.4us ( 33.9TF, 1911GB/s)  (rank0)
 tokens=  64  recv=  546  experts=  48  nvfp4=  560.3us mean_rank=  552.9us max_rank=  560.3us ( 73.6TF, 1841GB/s)  (rank0)
 tokens= 128  recv=  984  experts=  48  nvfp4=  568.7us mean_rank=  560.0us max_rank=  568.7us (130.6TF, 1831GB/s)  (rank0)
 tokens= 256  recv= 2037  experts=  48  nvfp4=  567.7us mean_rank=  563.8us max_rank=  569.8us (270.9TF, 1876GB/s)  (rank0)
 tokens= 512  recv= 4097  experts=  48  nvfp4= 1023.0us mean_rank= 1029.6us max_rank= 1038.0us (302.4TF, 1087GB/s)  (rank0)
 tokens=1024  recv= 8140  experts=  48  nvfp4= 1566.0us mean_rank= 1557.8us max_rank= 1569.0us (392.4TF,  768GB/s)  (rank0)
 tokens=2048  recv=16409  experts=  48  nvfp4= 2911.0us mean_rank= 2904.0us max_rank= 2912.0us (425.6TF,  477GB/s)  (rank0)
 tokens=4096  recv=32686  experts=  48  nvfp4= 5466.0us mean_rank= 5468.5us max_rank= 5482.0us (451.5TF,  321GB/s)  (rank0)
 tokens=8192  recv=65538  experts=  48  nvfp4=10571.0us mean_rank=10560.2us max_rank=10576.0us (468.1TF,  236GB/s)  (rank0)
