
=============
== PyTorch ==
=============

NVIDIA Release 26.03 (build 286725635)
PyTorch Version 2.11.0a0+a6c236b
Container image Copyright (c) 2025, NVIDIA CORPORATION & AFFILIATES. All rights reserved.
Copyright (c) 2014-2024 Facebook Inc.
Copyright (c) 2011-2014 Idiap Research Institute (Ronan Collobert)
Copyright (c) 2012-2014 Deepmind Technologies    (Koray Kavukcuoglu)
Copyright (c) 2011-2012 NEC Laboratories America (Koray Kavukcuoglu)
Copyright (c) 2011-2013 NYU                      (Clement Farabet)
Copyright (c) 2006-2010 NEC Laboratories America (Ronan Collobert, Leon Bottou, Iain Melvin, Jason Weston)
Copyright (c) 2006      Idiap Research Institute (Samy Bengio)
Copyright (c) 2001-2004 Idiap Research Institute (Ronan Collobert, Samy Bengio, Johnny Mariethoz)
Copyright (c) 2015      Google Inc.
Copyright (c) 2015      Yangqing Jia
Copyright (c) 2013-2016 The Caffe contributors
All rights reserved.

Various files include modifications (c) NVIDIA CORPORATION & AFFILIATES.  All rights reserved.

GOVERNING TERMS: The software and materials are governed by the NVIDIA Software License Agreement
(found at https://www.nvidia.com/en-us/agreements/enterprise-software/nvidia-software-license-agreement/)
and the Product-Specific Terms for NVIDIA AI Products
(found at https://www.nvidia.com/en-us/agreements/enterprise-software/product-specific-terms-for-ai-products/).

NOTE: Mellanox network driver detected, but NVIDIA peer memory driver not
      detected.  Multi-node communication performance may be reduced.

SM90 MegaMoE bench: ranks=8 hidden=6144 ih=2048 experts=384 topk=8 masked_ratio=0.0 fast_math=True
/usr/local/lib/python3.12/dist-packages/torch/utils/_device.py:124: UserWarning: Specified kernel cache directory could not be created! This disables kernel caching. Specified directory is /root/.cache/torch/kernels. This warning will appear only once per process. (Triggered internally at /opt/pytorch/pytorch/aten/src/ATen/native/cuda/jit_utils.cpp:1487.)
  return func(*args, **kwargs)
 tokens=   8  recv=   64  experts=  39  nvfp4=  443.7us mean_rank=  437.6us max_rank=  443.7us ( 10.9TF, 1870GB/s)  (rank0)
 tokens=  16  recv=  118  experts=  45  nvfp4=  557.9us mean_rank=  549.7us max_rank=  561.8us ( 16.0TF, 1718GB/s)  (rank0)
 tokens=  32  recv=  241  experts=  48  nvfp4=  530.0us mean_rank=  521.7us max_rank=  530.0us ( 34.3TF, 1933GB/s)  (rank0)
 tokens=  64  recv=  546  experts=  48  nvfp4=  525.6us mean_rank=  522.3us max_rank=  526.5us ( 78.4TF, 1962GB/s)  (rank0)
 tokens= 128  recv=  984  experts=  48  nvfp4=  560.0us mean_rank=  552.7us max_rank=  560.0us (132.7TF, 1860GB/s)  (rank0)
 tokens= 256  recv= 2037  experts=  48  nvfp4=  556.3us mean_rank=  550.4us max_rank=  556.3us (276.4TF, 1915GB/s)  (rank0)
 tokens= 512  recv= 4097  experts=  48  nvfp4= 1026.0us mean_rank= 1020.8us max_rank= 1026.0us (301.5TF, 1083GB/s)  (rank0)
 tokens=1024  recv= 8140  experts=  48  nvfp4= 1543.0us mean_rank= 1535.4us max_rank= 1543.0us (398.3TF,  779GB/s)  (rank0)
 tokens=2048  recv=16409  experts=  48  nvfp4= 2912.0us mean_rank= 2900.8us max_rank= 2912.0us (425.4TF,  477GB/s)  (rank0)
 tokens=4096  recv=32686  experts=  48  nvfp4= 5454.0us mean_rank= 5455.1us max_rank= 5465.0us (452.5TF,  322GB/s)  (rank0)
 tokens=8192  recv=65538  experts=  48  nvfp4=10618.0us mean_rank=10601.6us max_rank=10619.0us (466.0TF,  235GB/s)  (rank0)
