
=============
== PyTorch ==
=============

NVIDIA Release 26.03 (build 286725635)
PyTorch Version 2.11.0a0+a6c236b
Container image Copyright (c) 2025, NVIDIA CORPORATION & AFFILIATES. All rights reserved.
Copyright (c) 2014-2024 Facebook Inc.
Copyright (c) 2011-2014 Idiap Research Institute (Ronan Collobert)
Copyright (c) 2012-2014 Deepmind Technologies    (Koray Kavukcuoglu)
Copyright (c) 2011-2012 NEC Laboratories America (Koray Kavukcuoglu)
Copyright (c) 2011-2013 NYU                      (Clement Farabet)
Copyright (c) 2006-2010 NEC Laboratories America (Ronan Collobert, Leon Bottou, Iain Melvin, Jason Weston)
Copyright (c) 2006      Idiap Research Institute (Samy Bengio)
Copyright (c) 2001-2004 Idiap Research Institute (Ronan Collobert, Samy Bengio, Johnny Mariethoz)
Copyright (c) 2015      Google Inc.
Copyright (c) 2015      Yangqing Jia
Copyright (c) 2013-2016 The Caffe contributors
All rights reserved.

Various files include modifications (c) NVIDIA CORPORATION & AFFILIATES.  All rights reserved.

GOVERNING TERMS: The software and materials are governed by the NVIDIA Software License Agreement
(found at https://www.nvidia.com/en-us/agreements/enterprise-software/nvidia-software-license-agreement/)
and the Product-Specific Terms for NVIDIA AI Products
(found at https://www.nvidia.com/en-us/agreements/enterprise-software/product-specific-terms-for-ai-products/).

NOTE: Mellanox network driver detected, but NVIDIA peer memory driver not
      detected.  Multi-node communication performance may be reduced.

SM90 MegaMoE bench: ranks=8 hidden=7168 ih=3072 experts=384 topk=6 masked_ratio=0.0 fast_math=True
 tokens=   8  recv=   50  experts=  33  nvfp4=  604.3us mean_rank=  633.9us max_rank=  644.9us ( 10.9TF, 2032GB/s)  (rank0)
 tokens=  16  recv=   89  experts=  39  nvfp4=  744.0us mean_rank=  765.7us max_rank=  773.7us ( 15.8TF, 1951GB/s)  (rank0)
 tokens=  32  recv=  187  experts=  47  nvfp4=  803.8us mean_rank=  828.4us max_rank=  835.2us ( 30.7TF, 2179GB/s)  (rank0)
 tokens=  64  recv=  348  experts=  48  nvfp4=  846.2us mean_rank=  849.1us max_rank=  853.6us ( 54.3TF, 2119GB/s)  (rank0)
 tokens= 128  recv=  789  experts=  48  nvfp4=  894.1us mean_rank=  896.8us max_rank=  900.4us (116.6TF, 2019GB/s)  (rank0)
 tokens= 256  recv= 1574  experts=  48  nvfp4=  911.5us mean_rank=  967.7us max_rank=  983.8us (228.2TF, 2005GB/s)  (rank0)
 tokens= 512  recv= 3089  experts=  48  nvfp4= 1407.0us mean_rank= 1431.9us max_rank= 1441.0us (290.1TF, 1328GB/s)  (rank0)
 tokens=1024  recv= 6102  experts=  48  nvfp4= 2187.0us mean_rank= 2196.3us max_rank= 2202.0us (368.6TF,  893GB/s)  (rank0)
 tokens=2048  recv=12294  experts=  48  nvfp4= 4152.0us mean_rank= 4164.8us max_rank= 4171.0us (391.2TF,  511GB/s)  (rank0)
 tokens=4096  recv=24323  experts=  48  nvfp4= 7304.0us mean_rank= 7305.1us max_rank= 7310.0us (440.0TF,  336GB/s)  (rank0)
 tokens=8192  recv=49566  experts=  48  nvfp4=13756.0us mean_rank=13797.5us max_rank=13809.0us (476.1TF,  229GB/s)  (rank0)
