
=============
== PyTorch ==
=============

NVIDIA Release 26.03 (build 286725635)
PyTorch Version 2.11.0a0+a6c236b
Container image Copyright (c) 2025, NVIDIA CORPORATION & AFFILIATES. All rights reserved.
Copyright (c) 2014-2024 Facebook Inc.
Copyright (c) 2011-2014 Idiap Research Institute (Ronan Collobert)
Copyright (c) 2012-2014 Deepmind Technologies    (Koray Kavukcuoglu)
Copyright (c) 2011-2012 NEC Laboratories America (Koray Kavukcuoglu)
Copyright (c) 2011-2013 NYU                      (Clement Farabet)
Copyright (c) 2006-2010 NEC Laboratories America (Ronan Collobert, Leon Bottou, Iain Melvin, Jason Weston)
Copyright (c) 2006      Idiap Research Institute (Samy Bengio)
Copyright (c) 2001-2004 Idiap Research Institute (Ronan Collobert, Samy Bengio, Johnny Mariethoz)
Copyright (c) 2015      Google Inc.
Copyright (c) 2015      Yangqing Jia
Copyright (c) 2013-2016 The Caffe contributors
All rights reserved.

Various files include modifications (c) NVIDIA CORPORATION & AFFILIATES.  All rights reserved.

GOVERNING TERMS: The software and materials are governed by the NVIDIA Software License Agreement
(found at https://www.nvidia.com/en-us/agreements/enterprise-software/nvidia-software-license-agreement/)
and the Product-Specific Terms for NVIDIA AI Products
(found at https://www.nvidia.com/en-us/agreements/enterprise-software/product-specific-terms-for-ai-products/).

NOTE: Mellanox network driver detected, but NVIDIA peer memory driver not
      detected.  Multi-node communication performance may be reduced.

SM90 MegaMoE bench: ranks=8 hidden=7168 ih=3072 experts=384 topk=6 masked_ratio=0.0 fast_math=True
 tokens=   8  recv=   50  experts=  33  nvfp4=  629.6us mean_rank=  626.5us max_rank=  631.4us ( 10.5TF, 1950GB/s)  (rank0)
 tokens=  16  recv=   89  experts=  39  nvfp4=  784.9us mean_rank=  775.8us max_rank=  784.9us ( 15.0TF, 1850GB/s)  (rank0)
 tokens=  32  recv=  187  experts=  47  nvfp4=  818.0us mean_rank=  820.5us max_rank=  827.0us ( 30.2TF, 2141GB/s)  (rank0)
 tokens=  64  recv=  348  experts=  48  nvfp4=  844.9us mean_rank=  844.7us max_rank=  849.4us ( 54.4TF, 2123GB/s)  (rank0)
 tokens= 128  recv=  789  experts=  48  nvfp4=  894.1us mean_rank=  893.3us max_rank=  901.0us (116.6TF, 2019GB/s)  (rank0)
 tokens= 256  recv= 1574  experts=  48  nvfp4=  982.6us mean_rank=  972.1us max_rank=  986.4us (211.6TF, 1860GB/s)  (rank0)
 tokens= 512  recv= 3089  experts=  48  nvfp4= 1423.0us mean_rank= 1417.2us max_rank= 1425.0us (286.8TF, 1313GB/s)  (rank0)
 tokens=1024  recv= 6102  experts=  48  nvfp4= 2177.0us mean_rank= 2180.5us max_rank= 2187.0us (370.3TF,  897GB/s)  (rank0)
 tokens=2048  recv=12294  experts=  48  nvfp4= 4309.0us mean_rank= 4292.4us max_rank= 4316.0us (377.0TF,  493GB/s)  (rank0)
 tokens=4096  recv=24323  experts=  48  nvfp4= 7295.0us mean_rank= 7296.6us max_rank= 7302.0us (440.5TF,  337GB/s)  (rank0)
 tokens=8192  recv=49566  experts=  48  nvfp4=13756.0us mean_rank=13761.0us max_rank=13770.0us (476.1TF,  229GB/s)  (rank0)
