
=============
== PyTorch ==
=============

NVIDIA Release 26.03 (build 286725635)
PyTorch Version 2.11.0a0+a6c236b
Container image Copyright (c) 2025, NVIDIA CORPORATION & AFFILIATES. All rights reserved.
Copyright (c) 2014-2024 Facebook Inc.
Copyright (c) 2011-2014 Idiap Research Institute (Ronan Collobert)
Copyright (c) 2012-2014 Deepmind Technologies    (Koray Kavukcuoglu)
Copyright (c) 2011-2012 NEC Laboratories America (Koray Kavukcuoglu)
Copyright (c) 2011-2013 NYU                      (Clement Farabet)
Copyright (c) 2006-2010 NEC Laboratories America (Ronan Collobert, Leon Bottou, Iain Melvin, Jason Weston)
Copyright (c) 2006      Idiap Research Institute (Samy Bengio)
Copyright (c) 2001-2004 Idiap Research Institute (Ronan Collobert, Samy Bengio, Johnny Mariethoz)
Copyright (c) 2015      Google Inc.
Copyright (c) 2015      Yangqing Jia
Copyright (c) 2013-2016 The Caffe contributors
All rights reserved.

Various files include modifications (c) NVIDIA CORPORATION & AFFILIATES.  All rights reserved.

GOVERNING TERMS: The software and materials are governed by the NVIDIA Software License Agreement
(found at https://www.nvidia.com/en-us/agreements/enterprise-software/nvidia-software-license-agreement/)
and the Product-Specific Terms for NVIDIA AI Products
(found at https://www.nvidia.com/en-us/agreements/enterprise-software/product-specific-terms-for-ai-products/).

NOTE: Mellanox network driver detected, but NVIDIA peer memory driver not
      detected.  Multi-node communication performance may be reduced.

SM90 MegaMoE bench: ranks=8 hidden=4096 ih=2048 experts=256 topk=6 masked_ratio=0.0 fast_math=True
 tokens=   8  recv=   46  experts=  24  nvfp4=  226.6us mean_rank=  230.2us max_rank=  235.3us ( 10.2TF, 1503GB/s)  (rank0)
 tokens=  16  recv=   92  experts=  30  nvfp4=  251.4us mean_rank=  250.2us max_rank=  256.4us ( 18.4TF, 1695GB/s)  (rank0)
 tokens=  32  recv=  170  experts=  32  nvfp4=  261.3us mean_rank=  259.2us max_rank=  263.7us ( 32.7TF, 1744GB/s)  (rank0)
 tokens=  64  recv=  378  experts=  32  nvfp4=  335.3us mean_rank=  342.1us max_rank=  359.0us ( 56.7TF, 1370GB/s)  (rank0)
 tokens= 128  recv=  784  experts=  32  nvfp4=  282.8us mean_rank=  282.0us max_rank=  290.8us (139.5TF, 1647GB/s)  (rank0)
 tokens= 256  recv= 1568  experts=  32  nvfp4=  310.7us mean_rank=  306.5us max_rank=  314.5us (254.0TF, 1541GB/s)  (rank0)
 tokens= 512  recv= 3147  experts=  32  nvfp4=  513.5us mean_rank=  522.1us max_rank=  531.5us (308.4TF,  983GB/s)  (rank0)
 tokens=1024  recv= 6221  experts=  32  nvfp4=  841.3us mean_rank=  837.6us max_rank=  844.6us (372.2TF,  660GB/s)  (rank0)
 tokens=2048  recv=12365  experts=  32  nvfp4= 1645.3us mean_rank= 1644.5us max_rank= 1649.9us (378.2TF,  398GB/s)  (rank0)
 tokens=4096  recv=24547  experts=  32  nvfp4= 2815.0us mean_rank= 2816.5us max_rank= 2821.0us (438.9TF,  304GB/s)  (rank0)
 tokens=8192  recv=49065  experts=  32  nvfp4= 5324.0us mean_rank= 5326.1us max_rank= 5332.0us (463.8TF,  236GB/s)  (rank0)
