
=============
== PyTorch ==
=============

NVIDIA Release 26.03 (build 286725635)
PyTorch Version 2.11.0a0+a6c236b
Container image Copyright (c) 2025, NVIDIA CORPORATION & AFFILIATES. All rights reserved.
Copyright (c) 2014-2024 Facebook Inc.
Copyright (c) 2011-2014 Idiap Research Institute (Ronan Collobert)
Copyright (c) 2012-2014 Deepmind Technologies    (Koray Kavukcuoglu)
Copyright (c) 2011-2012 NEC Laboratories America (Koray Kavukcuoglu)
Copyright (c) 2011-2013 NYU                      (Clement Farabet)
Copyright (c) 2006-2010 NEC Laboratories America (Ronan Collobert, Leon Bottou, Iain Melvin, Jason Weston)
Copyright (c) 2006      Idiap Research Institute (Samy Bengio)
Copyright (c) 2001-2004 Idiap Research Institute (Ronan Collobert, Samy Bengio, Johnny Mariethoz)
Copyright (c) 2015      Google Inc.
Copyright (c) 2015      Yangqing Jia
Copyright (c) 2013-2016 The Caffe contributors
All rights reserved.

Various files include modifications (c) NVIDIA CORPORATION & AFFILIATES.  All rights reserved.

GOVERNING TERMS: The software and materials are governed by the NVIDIA Software License Agreement
(found at https://www.nvidia.com/en-us/agreements/enterprise-software/nvidia-software-license-agreement/)
and the Product-Specific Terms for NVIDIA AI Products
(found at https://www.nvidia.com/en-us/agreements/enterprise-software/product-specific-terms-for-ai-products/).

NOTE: Mellanox network driver detected, but NVIDIA peer memory driver not
      detected.  Multi-node communication performance may be reduced.

SM90 MegaMoE bench: ranks=8 hidden=4096 ih=2048 experts=256 topk=6 masked_ratio=0.0 fast_math=True
 tokens=   8  recv=   46  experts=  24  nvfp4=  230.0us mean_rank=  231.1us max_rank=  237.5us ( 10.1TF, 1481GB/s)  (rank0)
 tokens=  16  recv=   92  experts=  30  nvfp4=  253.1us mean_rank=  252.8us max_rank=  256.4us ( 18.3TF, 1684GB/s)  (rank0)
 tokens=  32  recv=  170  experts=  32  nvfp4=  267.2us mean_rank=  363.6us max_rank=  383.1us ( 32.0TF, 1706GB/s)  (rank0)
 tokens=  64  recv=  378  experts=  32  nvfp4=  270.9us mean_rank=  276.9us max_rank=  282.9us ( 70.2TF, 1695GB/s)  (rank0)
 tokens= 128  recv=  784  experts=  32  nvfp4=  274.1us mean_rank=  271.0us max_rank=  279.0us (144.0TF, 1700GB/s)  (rank0)
 tokens= 256  recv= 1568  experts=  32  nvfp4=  283.0us mean_rank=  283.5us max_rank=  286.4us (278.8TF, 1691GB/s)  (rank0)
 tokens= 512  recv= 3147  experts=  32  nvfp4=  516.2us mean_rank=  510.9us max_rank=  519.1us (306.8TF,  977GB/s)  (rank0)
 tokens=1024  recv= 6221  experts=  32  nvfp4=  834.1us mean_rank=  831.3us max_rank=  837.8us (375.4TF,  665GB/s)  (rank0)
 tokens=2048  recv=12365  experts=  32  nvfp4= 1634.5us mean_rank= 1635.9us max_rank= 1641.4us (380.8TF,  401GB/s)  (rank0)
 tokens=4096  recv=24547  experts=  32  nvfp4= 2813.0us mean_rank= 2820.4us max_rank= 2826.0us (439.2TF,  304GB/s)  (rank0)
 tokens=8192  recv=49065  experts=  32  nvfp4= 5468.0us mean_rank= 5455.1us max_rank= 5478.0us (451.6TF,  230GB/s)  (rank0)
