
=============
== PyTorch ==
=============

NVIDIA Release 26.03 (build 286725635)
PyTorch Version 2.11.0a0+a6c236b
Container image Copyright (c) 2025, NVIDIA CORPORATION & AFFILIATES. All rights reserved.
Copyright (c) 2014-2024 Facebook Inc.
Copyright (c) 2011-2014 Idiap Research Institute (Ronan Collobert)
Copyright (c) 2012-2014 Deepmind Technologies    (Koray Kavukcuoglu)
Copyright (c) 2011-2012 NEC Laboratories America (Koray Kavukcuoglu)
Copyright (c) 2011-2013 NYU                      (Clement Farabet)
Copyright (c) 2006-2010 NEC Laboratories America (Ronan Collobert, Leon Bottou, Iain Melvin, Jason Weston)
Copyright (c) 2006      Idiap Research Institute (Samy Bengio)
Copyright (c) 2001-2004 Idiap Research Institute (Ronan Collobert, Samy Bengio, Johnny Mariethoz)
Copyright (c) 2015      Google Inc.
Copyright (c) 2015      Yangqing Jia
Copyright (c) 2013-2016 The Caffe contributors
All rights reserved.

Various files include modifications (c) NVIDIA CORPORATION & AFFILIATES.  All rights reserved.

GOVERNING TERMS: The software and materials are governed by the NVIDIA Software License Agreement
(found at https://www.nvidia.com/en-us/agreements/enterprise-software/nvidia-software-license-agreement/)
and the Product-Specific Terms for NVIDIA AI Products
(found at https://www.nvidia.com/en-us/agreements/enterprise-software/product-specific-terms-for-ai-products/).

NOTE: Mellanox network driver detected, but NVIDIA peer memory driver not
      detected.  Multi-node communication performance may be reduced.

SM90 MegaMoE bench: ranks=8 hidden=7168 ih=3072 experts=384 topk=6 masked_ratio=0.0 fast_math=True
 tokens=   8  recv=   50  experts=  33  nvfp4=  623.3us mean_rank=  617.2us max_rank=  624.2us ( 10.6TF, 1969GB/s)  (rank0)
 tokens=  16  recv=   89  experts=  39  nvfp4=  773.6us mean_rank=  766.6us max_rank=  775.0us ( 15.2TF, 1876GB/s)  (rank0)
 tokens=  32  recv=  187  experts=  47  nvfp4=  862.2us mean_rank=  850.8us max_rank=  862.2us ( 28.7TF, 2032GB/s)  (rank0)
 tokens=  64  recv=  348  experts=  48  nvfp4=  854.1us mean_rank=  857.1us max_rank=  864.4us ( 53.8TF, 2100GB/s)  (rank0)
 tokens= 128  recv=  789  experts=  48  nvfp4=  895.8us mean_rank=  890.4us max_rank=  897.8us (116.4TF, 2015GB/s)  (rank0)
 tokens= 256  recv= 1574  experts=  48  nvfp4=  932.9us mean_rank=  922.8us max_rank=  932.9us (222.9TF, 1959GB/s)  (rank0)
 tokens= 512  recv= 3089  experts=  48  nvfp4= 1437.0us mean_rank= 1425.0us max_rank= 1437.0us (284.0TF, 1301GB/s)  (rank0)
 tokens=1024  recv= 6102  experts=  48  nvfp4= 2226.0us mean_rank= 2213.2us max_rank= 2226.0us (362.2TF,  877GB/s)  (rank0)
 tokens=2048  recv=12294  experts=  48  nvfp4= 4109.0us mean_rank= 4103.4us max_rank= 4109.0us (395.3TF,  517GB/s)  (rank0)
 tokens=4096  recv=24323  experts=  48  nvfp4= 7351.0us mean_rank= 7337.4us max_rank= 7351.0us (437.2TF,  334GB/s)  (rank0)
 tokens=8192  recv=49566  experts=  48  nvfp4=13711.0us mean_rank=13702.6us max_rank=13711.0us (477.6TF,  230GB/s)  (rank0)
