
=============
== PyTorch ==
=============

NVIDIA Release 26.03 (build 286725635)
PyTorch Version 2.11.0a0+a6c236b
Container image Copyright (c) 2025, NVIDIA CORPORATION & AFFILIATES. All rights reserved.
Copyright (c) 2014-2024 Facebook Inc.
Copyright (c) 2011-2014 Idiap Research Institute (Ronan Collobert)
Copyright (c) 2012-2014 Deepmind Technologies    (Koray Kavukcuoglu)
Copyright (c) 2011-2012 NEC Laboratories America (Koray Kavukcuoglu)
Copyright (c) 2011-2013 NYU                      (Clement Farabet)
Copyright (c) 2006-2010 NEC Laboratories America (Ronan Collobert, Leon Bottou, Iain Melvin, Jason Weston)
Copyright (c) 2006      Idiap Research Institute (Samy Bengio)
Copyright (c) 2001-2004 Idiap Research Institute (Ronan Collobert, Samy Bengio, Johnny Mariethoz)
Copyright (c) 2015      Google Inc.
Copyright (c) 2015      Yangqing Jia
Copyright (c) 2013-2016 The Caffe contributors
All rights reserved.

Various files include modifications (c) NVIDIA CORPORATION & AFFILIATES.  All rights reserved.

GOVERNING TERMS: The software and materials are governed by the NVIDIA Software License Agreement
(found at https://www.nvidia.com/en-us/agreements/enterprise-software/nvidia-software-license-agreement/)
and the Product-Specific Terms for NVIDIA AI Products
(found at https://www.nvidia.com/en-us/agreements/enterprise-software/product-specific-terms-for-ai-products/).

NOTE: Mellanox network driver detected, but NVIDIA peer memory driver not
      detected.  Multi-node communication performance may be reduced.

SM90 MegaMoE bench: ranks=8 hidden=6144 ih=2048 experts=384 topk=8 masked_ratio=0.0 fast_math=True
 tokens=   8  recv=   64  experts=  39  nvfp4=  438.6us mean_rank=  434.2us max_rank=  438.6us ( 11.0TF, 1892GB/s)  (rank0)
 tokens=  16  recv=  118  experts=  45  nvfp4=  498.3us mean_rank=  495.0us max_rank=  499.0us ( 17.9TF, 1923GB/s)  (rank0)
 tokens=  32  recv=  241  experts=  48  nvfp4=  517.7us mean_rank=  515.2us max_rank=  522.3us ( 35.1TF, 1979GB/s)  (rank0)
 tokens=  64  recv=  546  experts=  48  nvfp4=  541.7us mean_rank=  535.5us max_rank=  541.7us ( 76.1TF, 1904GB/s)  (rank0)
 tokens= 128  recv=  984  experts=  48  nvfp4=  578.1us mean_rank=  571.4us max_rank=  579.9us (128.5TF, 1801GB/s)  (rank0)
 tokens= 256  recv= 2037  experts=  48  nvfp4=  554.4us mean_rank=  550.9us max_rank=  554.6us (277.4TF, 1921GB/s)  (rank0)
 tokens= 512  recv= 4097  experts=  48  nvfp4= 1028.0us mean_rank= 1020.1us max_rank= 1028.0us (300.9TF, 1081GB/s)  (rank0)
 tokens=1024  recv= 8140  experts=  48  nvfp4= 1524.0us mean_rank= 1519.9us max_rank= 1525.0us (403.2TF,  789GB/s)  (rank0)
 tokens=2048  recv=16409  experts=  48  nvfp4= 2899.0us mean_rank= 2891.4us max_rank= 2899.0us (427.3TF,  479GB/s)  (rank0)
 tokens=4096  recv=32686  experts=  48  nvfp4= 5458.0us mean_rank= 5457.4us max_rank= 5464.0us (452.1TF,  322GB/s)  (rank0)
 tokens=8192  recv=65538  experts=  48  nvfp4=10587.0us mean_rank=10583.2us max_rank=10594.0us (467.4TF,  236GB/s)  (rank0)
