
=============
== PyTorch ==
=============

NVIDIA Release 26.03 (build 286725635)
PyTorch Version 2.11.0a0+a6c236b
Container image Copyright (c) 2025, NVIDIA CORPORATION & AFFILIATES. All rights reserved.
Copyright (c) 2014-2024 Facebook Inc.
Copyright (c) 2011-2014 Idiap Research Institute (Ronan Collobert)
Copyright (c) 2012-2014 Deepmind Technologies    (Koray Kavukcuoglu)
Copyright (c) 2011-2012 NEC Laboratories America (Koray Kavukcuoglu)
Copyright (c) 2011-2013 NYU                      (Clement Farabet)
Copyright (c) 2006-2010 NEC Laboratories America (Ronan Collobert, Leon Bottou, Iain Melvin, Jason Weston)
Copyright (c) 2006      Idiap Research Institute (Samy Bengio)
Copyright (c) 2001-2004 Idiap Research Institute (Ronan Collobert, Samy Bengio, Johnny Mariethoz)
Copyright (c) 2015      Google Inc.
Copyright (c) 2015      Yangqing Jia
Copyright (c) 2013-2016 The Caffe contributors
All rights reserved.

Various files include modifications (c) NVIDIA CORPORATION & AFFILIATES.  All rights reserved.

GOVERNING TERMS: The software and materials are governed by the NVIDIA Software License Agreement
(found at https://www.nvidia.com/en-us/agreements/enterprise-software/nvidia-software-license-agreement/)
and the Product-Specific Terms for NVIDIA AI Products
(found at https://www.nvidia.com/en-us/agreements/enterprise-software/product-specific-terms-for-ai-products/).

NOTE: Mellanox network driver detected, but NVIDIA peer memory driver not
      detected.  Multi-node communication performance may be reduced.

SM90 MegaMoE bench: ranks=8 hidden=4096 ih=2048 experts=256 topk=6 masked_ratio=0.0 fast_math=True
/usr/local/lib/python3.12/dist-packages/torch/utils/_device.py:124: UserWarning: Specified kernel cache directory could not be created! This disables kernel caching. Specified directory is /root/.cache/torch/kernels. This warning will appear only once per process. (Triggered internally at /opt/pytorch/pytorch/aten/src/ATen/native/cuda/jit_utils.cpp:1487.)
  return func(*args, **kwargs)
/usr/local/lib/python3.12/dist-packages/torch/utils/_device.py:124: UserWarning: Specified kernel cache directory could not be created! This disables kernel caching. Specified directory is /root/.cache/torch/kernels. This warning will appear only once per process. (Triggered internally at /opt/pytorch/pytorch/aten/src/ATen/native/cuda/jit_utils.cpp:1487.)
  return func(*args, **kwargs)
 tokens=   8  recv=   46  experts=  24  nvfp4=  240.3us mean_rank=  236.9us max_rank=  242.0us (  9.6TF, 1417GB/s)  (rank0)
 tokens=  16  recv=   92  experts=  30  nvfp4=  262.3us mean_rank=  296.3us max_rank=  308.3us ( 17.7TF, 1625GB/s)  (rank0)
 tokens=  32  recv=  170  experts=  32  nvfp4=  268.2us mean_rank=  264.8us max_rank=  271.5us ( 31.9TF, 1699GB/s)  (rank0)
 tokens=  64  recv=  378  experts=  32  nvfp4=  337.4us mean_rank=  342.5us max_rank=  353.6us ( 56.4TF, 1361GB/s)  (rank0)
 tokens= 128  recv=  784  experts=  32  nvfp4=  284.7us mean_rank=  285.5us max_rank=  292.9us (138.6TF, 1636GB/s)  (rank0)
 tokens= 256  recv= 1568  experts=  32  nvfp4=  333.5us mean_rank=  328.3us max_rank=  339.1us (236.7TF, 1435GB/s)  (rank0)
 tokens= 512  recv= 3147  experts=  32  nvfp4=  502.4us mean_rank=  499.0us max_rank=  503.5us (315.3TF, 1004GB/s)  (rank0)
 tokens=1024  recv= 6221  experts=  32  nvfp4=  821.9us mean_rank=  820.0us max_rank=  824.1us (381.0TF,  675GB/s)  (rank0)
 tokens=2048  recv=12365  experts=  32  nvfp4= 1630.7us mean_rank= 1627.8us max_rank= 1632.3us (381.6TF,  402GB/s)  (rank0)
 tokens=4096  recv=24547  experts=  32  nvfp4= 2828.0us mean_rank= 2826.2us max_rank= 2834.0us (436.9TF,  302GB/s)  (rank0)
 tokens=8192  recv=49065  experts=  32  nvfp4= 5353.0us mean_rank= 5357.5us max_rank= 5366.0us (461.3TF,  235GB/s)  (rank0)
