
=============
== PyTorch ==
=============

NVIDIA Release 26.03 (build 286725635)
PyTorch Version 2.11.0a0+a6c236b
Container image Copyright (c) 2025, NVIDIA CORPORATION & AFFILIATES. All rights reserved.
Copyright (c) 2014-2024 Facebook Inc.
Copyright (c) 2011-2014 Idiap Research Institute (Ronan Collobert)
Copyright (c) 2012-2014 Deepmind Technologies    (Koray Kavukcuoglu)
Copyright (c) 2011-2012 NEC Laboratories America (Koray Kavukcuoglu)
Copyright (c) 2011-2013 NYU                      (Clement Farabet)
Copyright (c) 2006-2010 NEC Laboratories America (Ronan Collobert, Leon Bottou, Iain Melvin, Jason Weston)
Copyright (c) 2006      Idiap Research Institute (Samy Bengio)
Copyright (c) 2001-2004 Idiap Research Institute (Ronan Collobert, Samy Bengio, Johnny Mariethoz)
Copyright (c) 2015      Google Inc.
Copyright (c) 2015      Yangqing Jia
Copyright (c) 2013-2016 The Caffe contributors
All rights reserved.

Various files include modifications (c) NVIDIA CORPORATION & AFFILIATES.  All rights reserved.

GOVERNING TERMS: The software and materials are governed by the NVIDIA Software License Agreement
(found at https://www.nvidia.com/en-us/agreements/enterprise-software/nvidia-software-license-agreement/)
and the Product-Specific Terms for NVIDIA AI Products
(found at https://www.nvidia.com/en-us/agreements/enterprise-software/product-specific-terms-for-ai-products/).

NOTE: Mellanox network driver detected, but NVIDIA peer memory driver not
      detected.  Multi-node communication performance may be reduced.

SM90 MegaMoE bench: ranks=8 hidden=4096 ih=2048 experts=256 topk=6 masked_ratio=0.0 fast_math=True
 tokens=   8  recv=   46  experts=  24  nvfp4=  223.0us mean_rank=  229.2us max_rank=  232.9us ( 10.4TF, 1527GB/s)  (rank0)
 tokens=  16  recv=   92  experts=  30  nvfp4=  312.7us mean_rank=  306.1us max_rank=  319.9us ( 14.8TF, 1363GB/s)  (rank0)
 tokens=  32  recv=  170  experts=  32  nvfp4=  441.1us mean_rank=  415.5us max_rank=  441.1us ( 19.4TF, 1033GB/s)  (rank0)
 tokens=  64  recv=  378  experts=  32  nvfp4=  273.2us mean_rank=  268.2us max_rank=  273.2us ( 69.7TF, 1681GB/s)  (rank0)
 tokens= 128  recv=  784  experts=  32  nvfp4=  309.6us mean_rank=  402.9us max_rank=  426.4us (127.5TF, 1505GB/s)  (rank0)
 tokens= 256  recv= 1568  experts=  32  nvfp4=  281.0us mean_rank=  281.7us max_rank=  284.4us (280.9TF, 1704GB/s)  (rank0)
 tokens= 512  recv= 3147  experts=  32  nvfp4=  541.1us mean_rank=  529.2us max_rank=  541.1us (292.7TF,  932GB/s)  (rank0)
 tokens=1024  recv= 6221  experts=  32  nvfp4=  842.8us mean_rank=  836.6us max_rank=  843.6us (371.5TF,  658GB/s)  (rank0)
 tokens=2048  recv=12365  experts=  32  nvfp4= 1651.8us mean_rank= 1647.0us max_rank= 1654.0us (376.8TF,  397GB/s)  (rank0)
 tokens=4096  recv=24547  experts=  32  nvfp4= 2844.0us mean_rank= 2836.9us max_rank= 2845.0us (434.4TF,  301GB/s)  (rank0)
 tokens=8192  recv=49065  experts=  32  nvfp4= 5390.0us mean_rank= 5379.9us max_rank= 5391.0us (458.2TF,  233GB/s)  (rank0)
