
=============
== PyTorch ==
=============

NVIDIA Release 26.03 (build 286725635)
PyTorch Version 2.11.0a0+a6c236b
Container image Copyright (c) 2025, NVIDIA CORPORATION & AFFILIATES. All rights reserved.
Copyright (c) 2014-2024 Facebook Inc.
Copyright (c) 2011-2014 Idiap Research Institute (Ronan Collobert)
Copyright (c) 2012-2014 Deepmind Technologies    (Koray Kavukcuoglu)
Copyright (c) 2011-2012 NEC Laboratories America (Koray Kavukcuoglu)
Copyright (c) 2011-2013 NYU                      (Clement Farabet)
Copyright (c) 2006-2010 NEC Laboratories America (Ronan Collobert, Leon Bottou, Iain Melvin, Jason Weston)
Copyright (c) 2006      Idiap Research Institute (Samy Bengio)
Copyright (c) 2001-2004 Idiap Research Institute (Ronan Collobert, Samy Bengio, Johnny Mariethoz)
Copyright (c) 2015      Google Inc.
Copyright (c) 2015      Yangqing Jia
Copyright (c) 2013-2016 The Caffe contributors
All rights reserved.

Various files include modifications (c) NVIDIA CORPORATION & AFFILIATES.  All rights reserved.

GOVERNING TERMS: The software and materials are governed by the NVIDIA Software License Agreement
(found at https://www.nvidia.com/en-us/agreements/enterprise-software/nvidia-software-license-agreement/)
and the Product-Specific Terms for NVIDIA AI Products
(found at https://www.nvidia.com/en-us/agreements/enterprise-software/product-specific-terms-for-ai-products/).

NOTE: Mellanox network driver detected, but NVIDIA peer memory driver not
      detected.  Multi-node communication performance may be reduced.

SM90 MegaMoE bench: ranks=8 hidden=4096 ih=2048 experts=256 topk=6 masked_ratio=0.0 fast_math=True
 tokens=   8  recv=   46  experts=  24  nvfp4=  231.3us mean_rank=  234.5us max_rank=  241.3us ( 10.0TF, 1472GB/s)  (rank0)
 tokens=  16  recv=   92  experts=  30  nvfp4=  236.8us mean_rank=  265.0us max_rank=  274.6us ( 19.6TF, 1800GB/s)  (rank0)
 tokens=  32  recv=  170  experts=  32  nvfp4=  245.2us mean_rank=  272.8us max_rank=  278.6us ( 34.9TF, 1858GB/s)  (rank0)
 tokens=  64  recv=  378  experts=  32  nvfp4=  255.6us mean_rank=  280.7us max_rank=  287.0us ( 74.4TF, 1797GB/s)  (rank0)
 tokens= 128  recv=  784  experts=  32  nvfp4=  259.0us mean_rank=  282.5us max_rank=  289.3us (152.4TF, 1799GB/s)  (rank0)
 tokens= 256  recv= 1568  experts=  32  nvfp4=  280.3us mean_rank=  301.4us max_rank=  310.8us (281.6TF, 1708GB/s)  (rank0)
 tokens= 512  recv= 3147  experts=  32  nvfp4=  478.5us mean_rank=  506.0us max_rank=  512.9us (331.0TF, 1055GB/s)  (rank0)
 tokens=1024  recv= 6221  experts=  32  nvfp4=  819.7us mean_rank=  842.7us max_rank=  849.8us (382.0TF,  677GB/s)  (rank0)
 tokens=2048  recv=12365  experts=  32  nvfp4= 1624.9us mean_rank= 1655.9us max_rank= 1666.1us (383.0TF,  403GB/s)  (rank0)
 tokens=4096  recv=24547  experts=  32  nvfp4= 2804.0us mean_rank= 2832.8us max_rank= 2840.0us (440.6TF,  305GB/s)  (rank0)
 tokens=8192  recv=49065  experts=  32  nvfp4= 5362.0us mean_rank= 5383.1us max_rank= 5393.0us (460.6TF,  234GB/s)  (rank0)
