
=============
== PyTorch ==
=============

NVIDIA Release 26.03 (build 286725635)
PyTorch Version 2.11.0a0+a6c236b
Container image Copyright (c) 2025, NVIDIA CORPORATION & AFFILIATES. All rights reserved.
Copyright (c) 2014-2024 Facebook Inc.
Copyright (c) 2011-2014 Idiap Research Institute (Ronan Collobert)
Copyright (c) 2012-2014 Deepmind Technologies    (Koray Kavukcuoglu)
Copyright (c) 2011-2012 NEC Laboratories America (Koray Kavukcuoglu)
Copyright (c) 2011-2013 NYU                      (Clement Farabet)
Copyright (c) 2006-2010 NEC Laboratories America (Ronan Collobert, Leon Bottou, Iain Melvin, Jason Weston)
Copyright (c) 2006      Idiap Research Institute (Samy Bengio)
Copyright (c) 2001-2004 Idiap Research Institute (Ronan Collobert, Samy Bengio, Johnny Mariethoz)
Copyright (c) 2015      Google Inc.
Copyright (c) 2015      Yangqing Jia
Copyright (c) 2013-2016 The Caffe contributors
All rights reserved.

Various files include modifications (c) NVIDIA CORPORATION & AFFILIATES.  All rights reserved.

GOVERNING TERMS: The software and materials are governed by the NVIDIA Software License Agreement
(found at https://www.nvidia.com/en-us/agreements/enterprise-software/nvidia-software-license-agreement/)
and the Product-Specific Terms for NVIDIA AI Products
(found at https://www.nvidia.com/en-us/agreements/enterprise-software/product-specific-terms-for-ai-products/).

NOTE: Mellanox network driver detected, but NVIDIA peer memory driver not
      detected.  Multi-node communication performance may be reduced.

SM90 MegaMoE bench: ranks=8 hidden=7168 ih=3072 experts=384 topk=6 masked_ratio=0.0 fast_math=True
/usr/local/lib/python3.12/dist-packages/torch/utils/_device.py:124: UserWarning: Specified kernel cache directory could not be created! This disables kernel caching. Specified directory is /root/.cache/torch/kernels. This warning will appear only once per process. (Triggered internally at /opt/pytorch/pytorch/aten/src/ATen/native/cuda/jit_utils.cpp:1487.)
  return func(*args, **kwargs)
 tokens=   8  recv=   50  experts=  33  nvfp4=  634.6us mean_rank=  690.2us max_rank=  708.7us ( 10.4TF, 1934GB/s)  (rank0)
 tokens=  16  recv=   89  experts=  39  nvfp4=  755.2us mean_rank=  761.4us max_rank=  769.3us ( 15.6TF, 1922GB/s)  (rank0)
 tokens=  32  recv=  187  experts=  47  nvfp4=  837.0us mean_rank=  850.4us max_rank=  858.3us ( 29.5TF, 2093GB/s)  (rank0)
 tokens=  64  recv=  348  experts=  48  nvfp4=  838.4us mean_rank=  879.2us max_rank=  890.5us ( 54.8TF, 2139GB/s)  (rank0)
 tokens= 128  recv=  789  experts=  48  nvfp4=  914.4us mean_rank=  907.9us max_rank=  916.0us (114.0TF, 1974GB/s)  (rank0)
 tokens= 256  recv= 1574  experts=  48  nvfp4=  913.8us mean_rank=  928.9us max_rank=  937.9us (227.6TF, 1999GB/s)  (rank0)
 tokens= 512  recv= 3089  experts=  48  nvfp4= 1406.0us mean_rank= 1408.4us max_rank= 1414.0us (290.3TF, 1329GB/s)  (rank0)
 tokens=1024  recv= 6102  experts=  48  nvfp4= 2207.0us mean_rank= 2204.6us max_rank= 2214.0us (365.3TF,  885GB/s)  (rank0)
 tokens=2048  recv=12294  experts=  48  nvfp4= 4231.0us mean_rank= 4222.0us max_rank= 4239.0us (383.9TF,  502GB/s)  (rank0)
 tokens=4096  recv=24323  experts=  48  nvfp4= 7317.0us mean_rank= 7324.2us max_rank= 7333.0us (439.2TF,  336GB/s)  (rank0)
 tokens=8192  recv=49566  experts=  48  nvfp4=13765.0us mean_rank=13766.0us max_rank=13772.0us (475.7TF,  229GB/s)  (rank0)
