
=============
== PyTorch ==
=============

NVIDIA Release 26.03 (build 286725635)
PyTorch Version 2.11.0a0+a6c236b
Container image Copyright (c) 2025, NVIDIA CORPORATION & AFFILIATES. All rights reserved.
Copyright (c) 2014-2024 Facebook Inc.
Copyright (c) 2011-2014 Idiap Research Institute (Ronan Collobert)
Copyright (c) 2012-2014 Deepmind Technologies    (Koray Kavukcuoglu)
Copyright (c) 2011-2012 NEC Laboratories America (Koray Kavukcuoglu)
Copyright (c) 2011-2013 NYU                      (Clement Farabet)
Copyright (c) 2006-2010 NEC Laboratories America (Ronan Collobert, Leon Bottou, Iain Melvin, Jason Weston)
Copyright (c) 2006      Idiap Research Institute (Samy Bengio)
Copyright (c) 2001-2004 Idiap Research Institute (Ronan Collobert, Samy Bengio, Johnny Mariethoz)
Copyright (c) 2015      Google Inc.
Copyright (c) 2015      Yangqing Jia
Copyright (c) 2013-2016 The Caffe contributors
All rights reserved.

Various files include modifications (c) NVIDIA CORPORATION & AFFILIATES.  All rights reserved.

GOVERNING TERMS: The software and materials are governed by the NVIDIA Software License Agreement
(found at https://www.nvidia.com/en-us/agreements/enterprise-software/nvidia-software-license-agreement/)
and the Product-Specific Terms for NVIDIA AI Products
(found at https://www.nvidia.com/en-us/agreements/enterprise-software/product-specific-terms-for-ai-products/).

NOTE: Mellanox network driver detected, but NVIDIA peer memory driver not
      detected.  Multi-node communication performance may be reduced.

SM90 MegaMoE bench: ranks=8 hidden=4096 ih=2048 experts=256 topk=6 masked_ratio=0.0 fast_math=True
/usr/local/lib/python3.12/dist-packages/torch/utils/_device.py:124: UserWarning: Specified kernel cache directory could not be created! This disables kernel caching. Specified directory is /root/.cache/torch/kernels. This warning will appear only once per process. (Triggered internally at /opt/pytorch/pytorch/aten/src/ATen/native/cuda/jit_utils.cpp:1487.)
  return func(*args, **kwargs)
 tokens=   8  recv=   46  experts=  24  nvfp4=  227.9us mean_rank=  234.3us max_rank=  240.7us ( 10.2TF, 1494GB/s)  (rank0)
 tokens=  16  recv=   92  experts=  30  nvfp4=  259.0us mean_rank=  261.6us max_rank=  268.5us ( 17.9TF, 1646GB/s)  (rank0)
 tokens=  32  recv=  170  experts=  32  nvfp4=  262.5us mean_rank=  260.5us max_rank=  264.5us ( 32.6TF, 1736GB/s)  (rank0)
 tokens=  64  recv=  378  experts=  32  nvfp4=  310.4us mean_rank=  309.4us max_rank=  319.1us ( 61.3TF, 1479GB/s)  (rank0)
 tokens= 128  recv=  784  experts=  32  nvfp4=  261.4us mean_rank=  270.3us max_rank=  275.7us (151.0TF, 1782GB/s)  (rank0)
 tokens= 256  recv= 1568  experts=  32  nvfp4=  278.8us mean_rank=  281.3us max_rank=  283.8us (283.0TF, 1717GB/s)  (rank0)
 tokens= 512  recv= 3147  experts=  32  nvfp4=  486.6us mean_rank=  488.4us max_rank=  492.4us (325.5TF, 1037GB/s)  (rank0)
 tokens=1024  recv= 6221  experts=  32  nvfp4=  840.8us mean_rank=  842.1us max_rank=  849.4us (372.4TF,  660GB/s)  (rank0)
 tokens=2048  recv=12365  experts=  32  nvfp4= 1627.7us mean_rank= 1630.7us max_rank= 1634.6us (382.4TF,  403GB/s)  (rank0)
 tokens=4096  recv=24547  experts=  32  nvfp4= 2806.0us mean_rank= 2811.0us max_rank= 2815.0us (440.3TF,  305GB/s)  (rank0)
 tokens=8192  recv=49065  experts=  32  nvfp4= 5336.0us mean_rank= 5333.1us max_rank= 5339.0us (462.8TF,  236GB/s)  (rank0)
