
=============
== PyTorch ==
=============

NVIDIA Release 26.03 (build 286725635)
PyTorch Version 2.11.0a0+a6c236b
Container image Copyright (c) 2025, NVIDIA CORPORATION & AFFILIATES. All rights reserved.
Copyright (c) 2014-2024 Facebook Inc.
Copyright (c) 2011-2014 Idiap Research Institute (Ronan Collobert)
Copyright (c) 2012-2014 Deepmind Technologies    (Koray Kavukcuoglu)
Copyright (c) 2011-2012 NEC Laboratories America (Koray Kavukcuoglu)
Copyright (c) 2011-2013 NYU                      (Clement Farabet)
Copyright (c) 2006-2010 NEC Laboratories America (Ronan Collobert, Leon Bottou, Iain Melvin, Jason Weston)
Copyright (c) 2006      Idiap Research Institute (Samy Bengio)
Copyright (c) 2001-2004 Idiap Research Institute (Ronan Collobert, Samy Bengio, Johnny Mariethoz)
Copyright (c) 2015      Google Inc.
Copyright (c) 2015      Yangqing Jia
Copyright (c) 2013-2016 The Caffe contributors
All rights reserved.

Various files include modifications (c) NVIDIA CORPORATION & AFFILIATES.  All rights reserved.

GOVERNING TERMS: The software and materials are governed by the NVIDIA Software License Agreement
(found at https://www.nvidia.com/en-us/agreements/enterprise-software/nvidia-software-license-agreement/)
and the Product-Specific Terms for NVIDIA AI Products
(found at https://www.nvidia.com/en-us/agreements/enterprise-software/product-specific-terms-for-ai-products/).

NOTE: Mellanox network driver detected, but NVIDIA peer memory driver not
      detected.  Multi-node communication performance may be reduced.

SM90 MegaMoE bench: ranks=8 hidden=7168 ih=3072 experts=384 topk=6 masked_ratio=0.0 fast_math=True
 tokens=   8  recv=   50  experts=  33  nvfp4=  619.1us mean_rank=  617.2us max_rank=  622.4us ( 10.7TF, 1983GB/s)  (rank0)
 tokens=  16  recv=   89  experts=  39  nvfp4=  883.7us mean_rank=  868.7us max_rank=  890.0us ( 13.3TF, 1643GB/s)  (rank0)
 tokens=  32  recv=  187  experts=  47  nvfp4=  830.4us mean_rank=  825.3us max_rank=  832.9us ( 29.8TF, 2109GB/s)  (rank0)
 tokens=  64  recv=  348  experts=  48  nvfp4=  867.8us mean_rank=  868.2us max_rank=  876.4us ( 53.0TF, 2066GB/s)  (rank0)
 tokens= 128  recv=  789  experts=  48  nvfp4=  917.4us mean_rank=  923.2us max_rank=  930.5us (113.6TF, 1968GB/s)  (rank0)
 tokens= 256  recv= 1574  experts=  48  nvfp4=  902.4us mean_rank=  906.6us max_rank=  913.7us (230.4TF, 2025GB/s)  (rank0)
 tokens= 512  recv= 3089  experts=  48  nvfp4= 1402.0us mean_rank= 1407.9us max_rank= 1412.0us (291.1TF, 1333GB/s)  (rank0)
 tokens=1024  recv= 6102  experts=  48  nvfp4= 2209.0us mean_rank= 2201.6us max_rank= 2211.0us (365.0TF,  884GB/s)  (rank0)
 tokens=2048  recv=12294  experts=  48  nvfp4= 4155.0us mean_rank= 4149.9us max_rank= 4155.0us (390.9TF,  511GB/s)  (rank0)
 tokens=4096  recv=24323  experts=  48  nvfp4= 7303.0us mean_rank= 7298.0us max_rank= 7305.0us (440.0TF,  336GB/s)  (rank0)
 tokens=8192  recv=49566  experts=  48  nvfp4=13769.0us mean_rank=13763.2us max_rank=13773.0us (475.6TF,  229GB/s)  (rank0)
