
=============
== PyTorch ==
=============

NVIDIA Release 26.03 (build 286725635)
PyTorch Version 2.11.0a0+a6c236b
Container image Copyright (c) 2025, NVIDIA CORPORATION & AFFILIATES. All rights reserved.
Copyright (c) 2014-2024 Facebook Inc.
Copyright (c) 2011-2014 Idiap Research Institute (Ronan Collobert)
Copyright (c) 2012-2014 Deepmind Technologies    (Koray Kavukcuoglu)
Copyright (c) 2011-2012 NEC Laboratories America (Koray Kavukcuoglu)
Copyright (c) 2011-2013 NYU                      (Clement Farabet)
Copyright (c) 2006-2010 NEC Laboratories America (Ronan Collobert, Leon Bottou, Iain Melvin, Jason Weston)
Copyright (c) 2006      Idiap Research Institute (Samy Bengio)
Copyright (c) 2001-2004 Idiap Research Institute (Ronan Collobert, Samy Bengio, Johnny Mariethoz)
Copyright (c) 2015      Google Inc.
Copyright (c) 2015      Yangqing Jia
Copyright (c) 2013-2016 The Caffe contributors
All rights reserved.

Various files include modifications (c) NVIDIA CORPORATION & AFFILIATES.  All rights reserved.

GOVERNING TERMS: The software and materials are governed by the NVIDIA Software License Agreement
(found at https://www.nvidia.com/en-us/agreements/enterprise-software/nvidia-software-license-agreement/)
and the Product-Specific Terms for NVIDIA AI Products
(found at https://www.nvidia.com/en-us/agreements/enterprise-software/product-specific-terms-for-ai-products/).

NOTE: Mellanox network driver detected, but NVIDIA peer memory driver not
      detected.  Multi-node communication performance may be reduced.

SM90 MegaMoE bench: ranks=8 hidden=6144 ih=2048 experts=384 topk=8 masked_ratio=0.0 fast_math=True
/usr/local/lib/python3.12/dist-packages/torch/utils/_device.py:124: UserWarning: Specified kernel cache directory could not be created! This disables kernel caching. Specified directory is /root/.cache/torch/kernels. This warning will appear only once per process. (Triggered internally at /opt/pytorch/pytorch/aten/src/ATen/native/cuda/jit_utils.cpp:1487.)
  return func(*args, **kwargs)
 tokens=   8  recv=   64  experts=  39  nvfp4=  434.2us mean_rank=  437.0us max_rank=  440.1us ( 11.1TF, 1910GB/s)  (rank0)
 tokens=  16  recv=  118  experts=  45  nvfp4=  521.1us mean_rank=  518.2us max_rank=  526.2us ( 17.1TF, 1839GB/s)  (rank0)
 tokens=  32  recv=  241  experts=  48  nvfp4=  511.8us mean_rank=  509.3us max_rank=  515.4us ( 35.5TF, 2002GB/s)  (rank0)
 tokens=  64  recv=  546  experts=  48  nvfp4=  537.6us mean_rank=  536.7us max_rank=  543.2us ( 76.7TF, 1919GB/s)  (rank0)
 tokens= 128  recv=  984  experts=  48  nvfp4=  529.4us mean_rank=  535.9us max_rank=  541.0us (140.3TF, 1967GB/s)  (rank0)
 tokens= 256  recv= 2037  experts=  48  nvfp4=  550.9us mean_rank=  553.9us max_rank=  559.8us (279.2TF, 1933GB/s)  (rank0)
 tokens= 512  recv= 4097  experts=  48  nvfp4= 1013.0us mean_rank= 1019.0us max_rank= 1025.0us (305.3TF, 1097GB/s)  (rank0)
 tokens=1024  recv= 8140  experts=  48  nvfp4= 1539.0us mean_rank= 1548.4us max_rank= 1558.0us (399.3TF,  781GB/s)  (rank0)
 tokens=2048  recv=16409  experts=  48  nvfp4= 2883.0us mean_rank= 2886.0us max_rank= 2894.0us (429.7TF,  482GB/s)  (rank0)
 tokens=4096  recv=32686  experts=  48  nvfp4= 5452.0us mean_rank= 5455.5us max_rank= 5464.0us (452.6TF,  322GB/s)  (rank0)
 tokens=8192  recv=65538  experts=  48  nvfp4=10514.0us mean_rank=10522.2us max_rank=10530.0us (470.6TF,  237GB/s)  (rank0)
