
=============
== PyTorch ==
=============

NVIDIA Release 26.03 (build 286725635)
PyTorch Version 2.11.0a0+a6c236b
Container image Copyright (c) 2025, NVIDIA CORPORATION & AFFILIATES. All rights reserved.
Copyright (c) 2014-2024 Facebook Inc.
Copyright (c) 2011-2014 Idiap Research Institute (Ronan Collobert)
Copyright (c) 2012-2014 Deepmind Technologies    (Koray Kavukcuoglu)
Copyright (c) 2011-2012 NEC Laboratories America (Koray Kavukcuoglu)
Copyright (c) 2011-2013 NYU                      (Clement Farabet)
Copyright (c) 2006-2010 NEC Laboratories America (Ronan Collobert, Leon Bottou, Iain Melvin, Jason Weston)
Copyright (c) 2006      Idiap Research Institute (Samy Bengio)
Copyright (c) 2001-2004 Idiap Research Institute (Ronan Collobert, Samy Bengio, Johnny Mariethoz)
Copyright (c) 2015      Google Inc.
Copyright (c) 2015      Yangqing Jia
Copyright (c) 2013-2016 The Caffe contributors
All rights reserved.

Various files include modifications (c) NVIDIA CORPORATION & AFFILIATES.  All rights reserved.

GOVERNING TERMS: The software and materials are governed by the NVIDIA Software License Agreement
(found at https://www.nvidia.com/en-us/agreements/enterprise-software/nvidia-software-license-agreement/)
and the Product-Specific Terms for NVIDIA AI Products
(found at https://www.nvidia.com/en-us/agreements/enterprise-software/product-specific-terms-for-ai-products/).

NOTE: Mellanox network driver detected, but NVIDIA peer memory driver not
      detected.  Multi-node communication performance may be reduced.

SM90 MegaMoE bench: ranks=8 hidden=4096 ih=2048 experts=256 topk=6 masked_ratio=0.0 fast_math=True
/usr/local/lib/python3.12/dist-packages/torch/utils/_device.py:124: UserWarning: Specified kernel cache directory could not be created! This disables kernel caching. Specified directory is /root/.cache/torch/kernels. This warning will appear only once per process. (Triggered internally at /opt/pytorch/pytorch/aten/src/ATen/native/cuda/jit_utils.cpp:1487.)
  return func(*args, **kwargs)
 tokens=   8  recv=   46  experts=  24  nvfp4=  249.1us mean_rank=  244.5us max_rank=  251.3us (  9.3TF, 1367GB/s)  (rank0)
 tokens=  16  recv=   92  experts=  30  nvfp4=  313.5us mean_rank=  305.1us max_rank=  318.8us ( 14.8TF, 1360GB/s)  (rank0)
 tokens=  32  recv=  170  experts=  32  nvfp4=  298.4us mean_rank=  288.5us max_rank=  299.9us ( 28.7TF, 1527GB/s)  (rank0)
 tokens=  64  recv=  378  experts=  32  nvfp4=  409.8us mean_rank=  389.2us max_rank=  411.4us ( 46.4TF, 1121GB/s)  (rank0)
 tokens= 128  recv=  784  experts=  32  nvfp4=  297.7us mean_rank=  291.2us max_rank=  297.7us (132.6TF, 1565GB/s)  (rank0)
 tokens= 256  recv= 1568  experts=  32  nvfp4=  326.3us mean_rank=  318.5us max_rank=  329.5us (241.8TF, 1467GB/s)  (rank0)
 tokens= 512  recv= 3147  experts=  32  nvfp4=  520.1us mean_rank=  515.6us max_rank=  525.4us (304.5TF,  970GB/s)  (rank0)
 tokens=1024  recv= 6221  experts=  32  nvfp4=  850.7us mean_rank=  842.9us max_rank=  850.7us (368.1TF,  652GB/s)  (rank0)
 tokens=2048  recv=12365  experts=  32  nvfp4= 1668.4us mean_rank= 1658.8us max_rank= 1668.7us (373.0TF,  393GB/s)  (rank0)
 tokens=4096  recv=24547  experts=  32  nvfp4= 2851.0us mean_rank= 2842.1us max_rank= 2851.0us (433.4TF,  300GB/s)  (rank0)
 tokens=8192  recv=49065  experts=  32  nvfp4= 5427.0us mean_rank= 5417.9us max_rank= 5435.0us (455.0TF,  232GB/s)  (rank0)
