
=============
== PyTorch ==
=============

NVIDIA Release 26.03 (build 286725635)
PyTorch Version 2.11.0a0+a6c236b
Container image Copyright (c) 2025, NVIDIA CORPORATION & AFFILIATES. All rights reserved.
Copyright (c) 2014-2024 Facebook Inc.
Copyright (c) 2011-2014 Idiap Research Institute (Ronan Collobert)
Copyright (c) 2012-2014 Deepmind Technologies    (Koray Kavukcuoglu)
Copyright (c) 2011-2012 NEC Laboratories America (Koray Kavukcuoglu)
Copyright (c) 2011-2013 NYU                      (Clement Farabet)
Copyright (c) 2006-2010 NEC Laboratories America (Ronan Collobert, Leon Bottou, Iain Melvin, Jason Weston)
Copyright (c) 2006      Idiap Research Institute (Samy Bengio)
Copyright (c) 2001-2004 Idiap Research Institute (Ronan Collobert, Samy Bengio, Johnny Mariethoz)
Copyright (c) 2015      Google Inc.
Copyright (c) 2015      Yangqing Jia
Copyright (c) 2013-2016 The Caffe contributors
All rights reserved.

Various files include modifications (c) NVIDIA CORPORATION & AFFILIATES.  All rights reserved.

GOVERNING TERMS: The software and materials are governed by the NVIDIA Software License Agreement
(found at https://www.nvidia.com/en-us/agreements/enterprise-software/nvidia-software-license-agreement/)
and the Product-Specific Terms for NVIDIA AI Products
(found at https://www.nvidia.com/en-us/agreements/enterprise-software/product-specific-terms-for-ai-products/).

NOTE: Mellanox network driver detected, but NVIDIA peer memory driver not
      detected.  Multi-node communication performance may be reduced.

SM90 MegaMoE bench: ranks=8 hidden=6144 ih=2048 experts=384 topk=8 masked_ratio=0.0 fast_math=True
/usr/local/lib/python3.12/dist-packages/torch/utils/_device.py:124: UserWarning: Specified kernel cache directory could not be created! This disables kernel caching. Specified directory is /root/.cache/torch/kernels. This warning will appear only once per process. (Triggered internally at /opt/pytorch/pytorch/aten/src/ATen/native/cuda/jit_utils.cpp:1487.)
  return func(*args, **kwargs)
/usr/local/lib/python3.12/dist-packages/torch/utils/_device.py:124: UserWarning: Specified kernel cache directory could not be created! This disables kernel caching. Specified directory is /root/.cache/torch/kernels. This warning will appear only once per process. (Triggered internally at /opt/pytorch/pytorch/aten/src/ATen/native/cuda/jit_utils.cpp:1487.)
  return func(*args, **kwargs)
 tokens=   8  recv=   64  experts=  39  nvfp4=  430.3us mean_rank=  432.3us max_rank=  438.0us ( 11.2TF, 1928GB/s)  (rank0)
 tokens=  16  recv=  118  experts=  45  nvfp4=  571.2us mean_rank=  565.7us max_rank=  580.6us ( 15.6TF, 1678GB/s)  (rank0)
 tokens=  32  recv=  241  experts=  48  nvfp4=  631.9us mean_rank=  616.3us max_rank=  641.5us ( 28.8TF, 1622GB/s)  (rank0)
 tokens=  64  recv=  546  experts=  48  nvfp4=  571.4us mean_rank=  579.4us max_rank=  592.4us ( 72.1TF, 1805GB/s)  (rank0)
 tokens= 128  recv=  984  experts=  48  nvfp4=  599.6us mean_rank=  587.6us max_rank=  600.5us (123.9TF, 1737GB/s)  (rank0)
 tokens= 256  recv= 2037  experts=  48  nvfp4=  568.7us mean_rank=  569.3us max_rank=  580.4us (270.4TF, 1873GB/s)  (rank0)
 tokens= 512  recv= 4097  experts=  48  nvfp4= 1028.0us mean_rank= 1027.4us max_rank= 1035.0us (300.9TF, 1081GB/s)  (rank0)
 tokens=1024  recv= 8140  experts=  48  nvfp4= 1552.0us mean_rank= 1548.8us max_rank= 1557.0us (396.0TF,  775GB/s)  (rank0)
 tokens=2048  recv=16409  experts=  48  nvfp4= 2907.0us mean_rank= 2898.9us max_rank= 2907.0us (426.2TF,  478GB/s)  (rank0)
 tokens=4096  recv=32686  experts=  48  nvfp4= 5454.0us mean_rank= 5449.0us max_rank= 5457.0us (452.5TF,  322GB/s)  (rank0)
 tokens=8192  recv=65538  experts=  48  nvfp4=10592.0us mean_rank=10575.5us max_rank=10593.0us (467.1TF,  236GB/s)  (rank0)
