
=============
== PyTorch ==
=============

NVIDIA Release 26.03 (build 286725635)
PyTorch Version 2.11.0a0+a6c236b
Container image Copyright (c) 2025, NVIDIA CORPORATION & AFFILIATES. All rights reserved.
Copyright (c) 2014-2024 Facebook Inc.
Copyright (c) 2011-2014 Idiap Research Institute (Ronan Collobert)
Copyright (c) 2012-2014 Deepmind Technologies    (Koray Kavukcuoglu)
Copyright (c) 2011-2012 NEC Laboratories America (Koray Kavukcuoglu)
Copyright (c) 2011-2013 NYU                      (Clement Farabet)
Copyright (c) 2006-2010 NEC Laboratories America (Ronan Collobert, Leon Bottou, Iain Melvin, Jason Weston)
Copyright (c) 2006      Idiap Research Institute (Samy Bengio)
Copyright (c) 2001-2004 Idiap Research Institute (Ronan Collobert, Samy Bengio, Johnny Mariethoz)
Copyright (c) 2015      Google Inc.
Copyright (c) 2015      Yangqing Jia
Copyright (c) 2013-2016 The Caffe contributors
All rights reserved.

Various files include modifications (c) NVIDIA CORPORATION & AFFILIATES.  All rights reserved.

GOVERNING TERMS: The software and materials are governed by the NVIDIA Software License Agreement
(found at https://www.nvidia.com/en-us/agreements/enterprise-software/nvidia-software-license-agreement/)
and the Product-Specific Terms for NVIDIA AI Products
(found at https://www.nvidia.com/en-us/agreements/enterprise-software/product-specific-terms-for-ai-products/).

NOTE: Mellanox network driver detected, but NVIDIA peer memory driver not
      detected.  Multi-node communication performance may be reduced.

SM90 MegaMoE bench: ranks=8 hidden=6144 ih=2048 experts=384 topk=8 masked_ratio=0.0 fast_math=True
 tokens=   8  recv=   64  experts=  39  nvfp4=  460.5us mean_rank=  455.5us max_rank=  466.0us ( 10.5TF, 1802GB/s)  (rank0)
 tokens=  16  recv=  118  experts=  45  nvfp4=  601.8us mean_rank=  587.1us max_rank=  605.7us ( 14.8TF, 1592GB/s)  (rank0)
 tokens=  32  recv=  241  experts=  48  nvfp4=  514.0us mean_rank=  515.2us max_rank=  523.5us ( 35.4TF, 1993GB/s)  (rank0)
 tokens=  64  recv=  546  experts=  48  nvfp4=  638.6us mean_rank=  622.6us max_rank=  641.5us ( 64.5TF, 1615GB/s)  (rank0)
 tokens= 128  recv=  984  experts=  48  nvfp4=  557.4us mean_rank=  552.4us max_rank=  558.7us (133.3TF, 1868GB/s)  (rank0)
 tokens= 256  recv= 2037  experts=  48  nvfp4=  556.3us mean_rank=  555.0us max_rank=  559.0us (276.4TF, 1915GB/s)  (rank0)
 tokens= 512  recv= 4097  experts=  48  nvfp4= 1023.0us mean_rank= 1020.9us max_rank= 1026.0us (302.4TF, 1087GB/s)  (rank0)
 tokens=1024  recv= 8140  experts=  48  nvfp4= 1536.0us mean_rank= 1532.6us max_rank= 1539.0us (400.1TF,  783GB/s)  (rank0)
 tokens=2048  recv=16409  experts=  48  nvfp4= 2881.0us mean_rank= 2879.7us max_rank= 2885.0us (430.0TF,  482GB/s)  (rank0)
 tokens=4096  recv=32686  experts=  48  nvfp4= 5438.0us mean_rank= 5435.9us max_rank= 5443.0us (453.8TF,  323GB/s)  (rank0)
 tokens=8192  recv=65538  experts=  48  nvfp4=10553.0us mean_rank=10548.1us max_rank=10558.0us (468.9TF,  236GB/s)  (rank0)
