
=============
== PyTorch ==
=============

NVIDIA Release 26.03 (build 286725635)
PyTorch Version 2.11.0a0+a6c236b
Container image Copyright (c) 2025, NVIDIA CORPORATION & AFFILIATES. All rights reserved.
Copyright (c) 2014-2024 Facebook Inc.
Copyright (c) 2011-2014 Idiap Research Institute (Ronan Collobert)
Copyright (c) 2012-2014 Deepmind Technologies    (Koray Kavukcuoglu)
Copyright (c) 2011-2012 NEC Laboratories America (Koray Kavukcuoglu)
Copyright (c) 2011-2013 NYU                      (Clement Farabet)
Copyright (c) 2006-2010 NEC Laboratories America (Ronan Collobert, Leon Bottou, Iain Melvin, Jason Weston)
Copyright (c) 2006      Idiap Research Institute (Samy Bengio)
Copyright (c) 2001-2004 Idiap Research Institute (Ronan Collobert, Samy Bengio, Johnny Mariethoz)
Copyright (c) 2015      Google Inc.
Copyright (c) 2015      Yangqing Jia
Copyright (c) 2013-2016 The Caffe contributors
All rights reserved.

Various files include modifications (c) NVIDIA CORPORATION & AFFILIATES.  All rights reserved.

GOVERNING TERMS: The software and materials are governed by the NVIDIA Software License Agreement
(found at https://www.nvidia.com/en-us/agreements/enterprise-software/nvidia-software-license-agreement/)
and the Product-Specific Terms for NVIDIA AI Products
(found at https://www.nvidia.com/en-us/agreements/enterprise-software/product-specific-terms-for-ai-products/).

NOTE: Mellanox network driver detected, but NVIDIA peer memory driver not
      detected.  Multi-node communication performance may be reduced.

SM90 MegaMoE bench: ranks=8 hidden=4096 ih=2048 experts=256 topk=6 masked_ratio=0.0 fast_math=True
 tokens=   8  recv=   46  experts=  24  nvfp4=  237.7us mean_rank=  234.9us max_rank=  240.2us (  9.7TF, 1432GB/s)  (rank0)
 tokens=  16  recv=   92  experts=  30  nvfp4=  293.6us mean_rank=  287.6us max_rank=  302.1us ( 15.8TF, 1451GB/s)  (rank0)
 tokens=  32  recv=  170  experts=  32  nvfp4=  263.8us mean_rank=  263.1us max_rank=  271.5us ( 32.4TF, 1728GB/s)  (rank0)
 tokens=  64  recv=  378  experts=  32  nvfp4=  283.6us mean_rank=  278.7us max_rank=  289.9us ( 67.1TF, 1619GB/s)  (rank0)
 tokens= 128  recv=  784  experts=  32  nvfp4=  264.1us mean_rank=  275.2us max_rank=  283.6us (149.4TF, 1764GB/s)  (rank0)
 tokens= 256  recv= 1568  experts=  32  nvfp4=  314.2us mean_rank=  308.3us max_rank=  314.2us (251.1TF, 1523GB/s)  (rank0)
 tokens= 512  recv= 3147  experts=  32  nvfp4=  525.6us mean_rank=  518.7us max_rank=  529.2us (301.4TF,  960GB/s)  (rank0)
 tokens=1024  recv= 6221  experts=  32  nvfp4=  848.5us mean_rank=  841.1us max_rank=  850.9us (369.0TF,  654GB/s)  (rank0)
 tokens=2048  recv=12365  experts=  32  nvfp4= 1653.9us mean_rank= 1660.9us max_rank= 1670.7us (376.3TF,  396GB/s)  (rank0)
 tokens=4096  recv=24547  experts=  32  nvfp4= 2814.0us mean_rank= 2824.0us max_rank= 2830.0us (439.1TF,  304GB/s)  (rank0)
 tokens=8192  recv=49065  experts=  32  nvfp4= 5347.0us mean_rank= 5347.4us max_rank= 5353.0us (461.9TF,  235GB/s)  (rank0)
