
=============
== PyTorch ==
=============

NVIDIA Release 26.03 (build 286725635)
PyTorch Version 2.11.0a0+a6c236b
Container image Copyright (c) 2025, NVIDIA CORPORATION & AFFILIATES. All rights reserved.
Copyright (c) 2014-2024 Facebook Inc.
Copyright (c) 2011-2014 Idiap Research Institute (Ronan Collobert)
Copyright (c) 2012-2014 Deepmind Technologies    (Koray Kavukcuoglu)
Copyright (c) 2011-2012 NEC Laboratories America (Koray Kavukcuoglu)
Copyright (c) 2011-2013 NYU                      (Clement Farabet)
Copyright (c) 2006-2010 NEC Laboratories America (Ronan Collobert, Leon Bottou, Iain Melvin, Jason Weston)
Copyright (c) 2006      Idiap Research Institute (Samy Bengio)
Copyright (c) 2001-2004 Idiap Research Institute (Ronan Collobert, Samy Bengio, Johnny Mariethoz)
Copyright (c) 2015      Google Inc.
Copyright (c) 2015      Yangqing Jia
Copyright (c) 2013-2016 The Caffe contributors
All rights reserved.

Various files include modifications (c) NVIDIA CORPORATION & AFFILIATES.  All rights reserved.

GOVERNING TERMS: The software and materials are governed by the NVIDIA Software License Agreement
(found at https://www.nvidia.com/en-us/agreements/enterprise-software/nvidia-software-license-agreement/)
and the Product-Specific Terms for NVIDIA AI Products
(found at https://www.nvidia.com/en-us/agreements/enterprise-software/product-specific-terms-for-ai-products/).

NOTE: Mellanox network driver detected, but NVIDIA peer memory driver not
      detected.  Multi-node communication performance may be reduced.

SM90 MegaMoE bench: ranks=8 hidden=7168 ih=3072 experts=384 topk=6 masked_ratio=0.0 fast_math=True
 tokens=   8  recv=   50  experts=  33  nvfp4=  604.3us mean_rank=  637.5us max_rank=  645.7us ( 10.9TF, 2032GB/s)  (rank0)
 tokens=  16  recv=   89  experts=  39  nvfp4=  795.2us mean_rank=  824.3us max_rank=  840.8us ( 14.8TF, 1826GB/s)  (rank0)
 tokens=  32  recv=  187  experts=  47  nvfp4=  820.6us mean_rank=  847.3us max_rank=  857.5us ( 30.1TF, 2134GB/s)  (rank0)
 tokens=  64  recv=  348  experts=  48  nvfp4=  842.5us mean_rank=  872.4us max_rank=  882.0us ( 54.6TF, 2129GB/s)  (rank0)
 tokens= 128  recv=  789  experts=  48  nvfp4= 1079.0us mean_rank= 1052.6us max_rank= 1080.0us ( 96.6TF, 1673GB/s)  (rank0)
 tokens= 256  recv= 1574  experts=  48  nvfp4=  934.4us mean_rank=  928.8us max_rank=  940.4us (222.6TF, 1955GB/s)  (rank0)
 tokens= 512  recv= 3089  experts=  48  nvfp4= 1410.0us mean_rank= 1406.0us max_rank= 1412.0us (289.4TF, 1326GB/s)  (rank0)
 tokens=1024  recv= 6102  experts=  48  nvfp4= 2247.0us mean_rank= 2238.6us max_rank= 2250.0us (358.8TF,  869GB/s)  (rank0)
 tokens=2048  recv=12294  experts=  48  nvfp4= 4157.0us mean_rank= 4162.1us max_rank= 4170.0us (390.7TF,  511GB/s)  (rank0)
 tokens=4096  recv=24323  experts=  48  nvfp4= 7305.0us mean_rank= 7307.7us max_rank= 7315.0us (439.9TF,  336GB/s)  (rank0)
 tokens=8192  recv=49566  experts=  48  nvfp4=13757.0us mean_rank=13756.8us max_rank=13763.0us (476.0TF,  229GB/s)  (rank0)
