
=============
== PyTorch ==
=============

NVIDIA Release 26.03 (build 286725635)
PyTorch Version 2.11.0a0+a6c236b
Container image Copyright (c) 2025, NVIDIA CORPORATION & AFFILIATES. All rights reserved.
Copyright (c) 2014-2024 Facebook Inc.
Copyright (c) 2011-2014 Idiap Research Institute (Ronan Collobert)
Copyright (c) 2012-2014 Deepmind Technologies    (Koray Kavukcuoglu)
Copyright (c) 2011-2012 NEC Laboratories America (Koray Kavukcuoglu)
Copyright (c) 2011-2013 NYU                      (Clement Farabet)
Copyright (c) 2006-2010 NEC Laboratories America (Ronan Collobert, Leon Bottou, Iain Melvin, Jason Weston)
Copyright (c) 2006      Idiap Research Institute (Samy Bengio)
Copyright (c) 2001-2004 Idiap Research Institute (Ronan Collobert, Samy Bengio, Johnny Mariethoz)
Copyright (c) 2015      Google Inc.
Copyright (c) 2015      Yangqing Jia
Copyright (c) 2013-2016 The Caffe contributors
All rights reserved.

Various files include modifications (c) NVIDIA CORPORATION & AFFILIATES.  All rights reserved.

GOVERNING TERMS: The software and materials are governed by the NVIDIA Software License Agreement
(found at https://www.nvidia.com/en-us/agreements/enterprise-software/nvidia-software-license-agreement/)
and the Product-Specific Terms for NVIDIA AI Products
(found at https://www.nvidia.com/en-us/agreements/enterprise-software/product-specific-terms-for-ai-products/).

NOTE: Mellanox network driver detected, but NVIDIA peer memory driver not
      detected.  Multi-node communication performance may be reduced.

SM90 MegaMoE bench: ranks=8 hidden=6144 ih=2048 experts=384 topk=8 masked_ratio=0.0 fast_math=True
 tokens=   8  recv=   64  experts=  39  nvfp4=  457.1us mean_rank=  453.9us max_rank=  459.9us ( 10.6TF, 1815GB/s)  (rank0)
 tokens=  16  recv=  118  experts=  45  nvfp4=  503.3us mean_rank=  503.6us max_rank=  509.1us ( 17.7TF, 1904GB/s)  (rank0)
 tokens=  32  recv=  241  experts=  48  nvfp4=  517.2us mean_rank=  513.0us max_rank=  518.5us ( 35.2TF, 1981GB/s)  (rank0)
 tokens=  64  recv=  546  experts=  48  nvfp4=  541.2us mean_rank=  540.5us max_rank=  547.1us ( 76.2TF, 1906GB/s)  (rank0)
 tokens= 128  recv=  984  experts=  48  nvfp4=  538.0us mean_rank=  539.1us max_rank=  543.5us (138.1TF, 1936GB/s)  (rank0)
 tokens= 256  recv= 2037  experts=  48  nvfp4=  563.8us mean_rank=  570.6us max_rank=  577.3us (272.8TF, 1889GB/s)  (rank0)
 tokens= 512  recv= 4097  experts=  48  nvfp4= 1030.0us mean_rank= 1034.0us max_rank= 1043.0us (300.3TF, 1079GB/s)  (rank0)
 tokens=1024  recv= 8140  experts=  48  nvfp4= 1540.0us mean_rank= 1538.2us max_rank= 1546.0us (399.1TF,  781GB/s)  (rank0)
 tokens=2048  recv=16409  experts=  48  nvfp4= 2872.0us mean_rank= 2871.0us max_rank= 2875.0us (431.4TF,  484GB/s)  (rank0)
 tokens=4096  recv=32686  experts=  48  nvfp4= 5433.0us mean_rank= 5434.0us max_rank= 5438.0us (454.2TF,  323GB/s)  (rank0)
 tokens=8192  recv=65538  experts=  48  nvfp4=10536.0us mean_rank=10534.0us max_rank=10541.0us (469.6TF,  237GB/s)  (rank0)
