
=============
== PyTorch ==
=============

NVIDIA Release 26.03 (build 286725635)
PyTorch Version 2.11.0a0+a6c236b
Container image Copyright (c) 2025, NVIDIA CORPORATION & AFFILIATES. All rights reserved.
Copyright (c) 2014-2024 Facebook Inc.
Copyright (c) 2011-2014 Idiap Research Institute (Ronan Collobert)
Copyright (c) 2012-2014 Deepmind Technologies    (Koray Kavukcuoglu)
Copyright (c) 2011-2012 NEC Laboratories America (Koray Kavukcuoglu)
Copyright (c) 2011-2013 NYU                      (Clement Farabet)
Copyright (c) 2006-2010 NEC Laboratories America (Ronan Collobert, Leon Bottou, Iain Melvin, Jason Weston)
Copyright (c) 2006      Idiap Research Institute (Samy Bengio)
Copyright (c) 2001-2004 Idiap Research Institute (Ronan Collobert, Samy Bengio, Johnny Mariethoz)
Copyright (c) 2015      Google Inc.
Copyright (c) 2015      Yangqing Jia
Copyright (c) 2013-2016 The Caffe contributors
All rights reserved.

Various files include modifications (c) NVIDIA CORPORATION & AFFILIATES.  All rights reserved.

GOVERNING TERMS: The software and materials are governed by the NVIDIA Software License Agreement
(found at https://www.nvidia.com/en-us/agreements/enterprise-software/nvidia-software-license-agreement/)
and the Product-Specific Terms for NVIDIA AI Products
(found at https://www.nvidia.com/en-us/agreements/enterprise-software/product-specific-terms-for-ai-products/).

NOTE: Mellanox network driver detected, but NVIDIA peer memory driver not
      detected.  Multi-node communication performance may be reduced.

SM90 MegaMoE bench: ranks=8 hidden=6144 ih=2048 experts=384 topk=8 masked_ratio=0.0 fast_math=True
 tokens=   8  recv=   64  experts=  39  nvfp4=  462.6us mean_rank=  464.3us max_rank=  474.8us ( 10.4TF, 1793GB/s)  (rank0)
 tokens=  16  recv=  118  experts=  45  nvfp4=  480.6us mean_rank=  494.7us max_rank=  499.4us ( 18.5TF, 1994GB/s)  (rank0)
 tokens=  32  recv=  241  experts=  48  nvfp4=  518.9us mean_rank=  533.6us max_rank=  541.9us ( 35.1TF, 1974GB/s)  (rank0)
 tokens=  64  recv=  546  experts=  48  nvfp4=  542.2us mean_rank=  556.4us max_rank=  565.0us ( 76.0TF, 1903GB/s)  (rank0)
 tokens= 128  recv=  984  experts=  48  nvfp4=  538.3us mean_rank=  537.9us max_rank=  541.9us (138.0TF, 1935GB/s)  (rank0)
 tokens= 256  recv= 2037  experts=  48  nvfp4=  541.5us mean_rank=  572.6us max_rank=  581.4us (284.0TF, 1967GB/s)  (rank0)
 tokens= 512  recv= 4097  experts=  48  nvfp4= 1046.0us mean_rank= 1052.1us max_rank= 1063.0us (295.7TF, 1063GB/s)  (rank0)
 tokens=1024  recv= 8140  experts=  48  nvfp4= 1556.0us mean_rank= 1571.0us max_rank= 1591.0us (395.0TF,  773GB/s)  (rank0)
 tokens=2048  recv=16409  experts=  48  nvfp4= 2902.0us mean_rank= 2899.4us max_rank= 2909.0us (426.9TF,  479GB/s)  (rank0)
 tokens=4096  recv=32686  experts=  48  nvfp4= 5463.0us mean_rank= 5461.2us max_rank= 5473.0us (451.7TF,  321GB/s)  (rank0)
 tokens=8192  recv=65538  experts=  48  nvfp4=10595.0us mean_rank=10596.3us max_rank=10611.0us (467.0TF,  236GB/s)  (rank0)
