
=============
== PyTorch ==
=============

NVIDIA Release 26.03 (build 286725635)
PyTorch Version 2.11.0a0+a6c236b
Container image Copyright (c) 2025, NVIDIA CORPORATION & AFFILIATES. All rights reserved.
Copyright (c) 2014-2024 Facebook Inc.
Copyright (c) 2011-2014 Idiap Research Institute (Ronan Collobert)
Copyright (c) 2012-2014 Deepmind Technologies    (Koray Kavukcuoglu)
Copyright (c) 2011-2012 NEC Laboratories America (Koray Kavukcuoglu)
Copyright (c) 2011-2013 NYU                      (Clement Farabet)
Copyright (c) 2006-2010 NEC Laboratories America (Ronan Collobert, Leon Bottou, Iain Melvin, Jason Weston)
Copyright (c) 2006      Idiap Research Institute (Samy Bengio)
Copyright (c) 2001-2004 Idiap Research Institute (Ronan Collobert, Samy Bengio, Johnny Mariethoz)
Copyright (c) 2015      Google Inc.
Copyright (c) 2015      Yangqing Jia
Copyright (c) 2013-2016 The Caffe contributors
All rights reserved.

Various files include modifications (c) NVIDIA CORPORATION & AFFILIATES.  All rights reserved.

GOVERNING TERMS: The software and materials are governed by the NVIDIA Software License Agreement
(found at https://www.nvidia.com/en-us/agreements/enterprise-software/nvidia-software-license-agreement/)
and the Product-Specific Terms for NVIDIA AI Products
(found at https://www.nvidia.com/en-us/agreements/enterprise-software/product-specific-terms-for-ai-products/).

NOTE: Mellanox network driver detected, but NVIDIA peer memory driver not
      detected.  Multi-node communication performance may be reduced.

SM90 MegaMoE bench: ranks=8 hidden=4096 ih=2048 experts=256 topk=6 masked_ratio=0.0 fast_math=True
 tokens=   8  recv=   46  experts=  24  nvfp4=  271.8us mean_rank=  261.5us max_rank=  274.5us (  8.5TF, 1253GB/s)  (rank0)
 tokens=  16  recv=   92  experts=  30  nvfp4=  329.3us mean_rank=  314.3us max_rank=  329.3us ( 14.1TF, 1294GB/s)  (rank0)
 tokens=  32  recv=  170  experts=  32  nvfp4=  254.7us mean_rank=  251.3us max_rank=  254.7us ( 33.6TF, 1789GB/s)  (rank0)
 tokens=  64  recv=  378  experts=  32  nvfp4=  260.6us mean_rank=  277.4us max_rank=  282.2us ( 73.0TF, 1762GB/s)  (rank0)
 tokens= 128  recv=  784  experts=  32  nvfp4=  273.2us mean_rank=  270.2us max_rank=  274.1us (144.4TF, 1705GB/s)  (rank0)
 tokens= 256  recv= 1568  experts=  32  nvfp4=  349.9us mean_rank=  339.0us max_rank=  350.9us (225.5TF, 1368GB/s)  (rank0)
 tokens= 512  recv= 3147  experts=  32  nvfp4=  507.0us mean_rank=  502.3us max_rank=  507.1us (312.4TF,  995GB/s)  (rank0)
 tokens=1024  recv= 6221  experts=  32  nvfp4=  839.7us mean_rank=  835.5us max_rank=  839.7us (372.9TF,  661GB/s)  (rank0)
 tokens=2048  recv=12365  experts=  32  nvfp4= 1583.7us mean_rank= 1577.4us max_rank= 1583.7us (393.0TF,  414GB/s)  (rank0)
 tokens=4096  recv=24547  experts=  32  nvfp4= 2727.0us mean_rank= 2720.0us max_rank= 2727.0us (453.1TF,  314GB/s)  (rank0)
 tokens=8192  recv=49065  experts=  32  nvfp4= 5152.0us mean_rank= 5150.7us max_rank= 5154.0us (479.3TF,  244GB/s)  (rank0)
