
=============
== PyTorch ==
=============

NVIDIA Release 26.03 (build 286725635)
PyTorch Version 2.11.0a0+a6c236b
Container image Copyright (c) 2025, NVIDIA CORPORATION & AFFILIATES. All rights reserved.
Copyright (c) 2014-2024 Facebook Inc.
Copyright (c) 2011-2014 Idiap Research Institute (Ronan Collobert)
Copyright (c) 2012-2014 Deepmind Technologies    (Koray Kavukcuoglu)
Copyright (c) 2011-2012 NEC Laboratories America (Koray Kavukcuoglu)
Copyright (c) 2011-2013 NYU                      (Clement Farabet)
Copyright (c) 2006-2010 NEC Laboratories America (Ronan Collobert, Leon Bottou, Iain Melvin, Jason Weston)
Copyright (c) 2006      Idiap Research Institute (Samy Bengio)
Copyright (c) 2001-2004 Idiap Research Institute (Ronan Collobert, Samy Bengio, Johnny Mariethoz)
Copyright (c) 2015      Google Inc.
Copyright (c) 2015      Yangqing Jia
Copyright (c) 2013-2016 The Caffe contributors
All rights reserved.

Various files include modifications (c) NVIDIA CORPORATION & AFFILIATES.  All rights reserved.

GOVERNING TERMS: The software and materials are governed by the NVIDIA Software License Agreement
(found at https://www.nvidia.com/en-us/agreements/enterprise-software/nvidia-software-license-agreement/)
and the Product-Specific Terms for NVIDIA AI Products
(found at https://www.nvidia.com/en-us/agreements/enterprise-software/product-specific-terms-for-ai-products/).

NOTE: Mellanox network driver detected, but NVIDIA peer memory driver not
      detected.  Multi-node communication performance may be reduced.

SM90 MegaMoE bench: ranks=8 hidden=4096 ih=2048 experts=256 topk=6 masked_ratio=0.0 fast_math=True
 tokens=   8  recv=   46  experts=  24  nvfp4=  230.2us mean_rank=  231.0us max_rank=  233.5us ( 10.1TF, 1479GB/s)  (rank0)
 tokens=  16  recv=   92  experts=  30  nvfp4=  286.6us mean_rank=  279.9us max_rank=  287.0us ( 16.2TF, 1487GB/s)  (rank0)
 tokens=  32  recv=  170  experts=  32  nvfp4=  259.1us mean_rank=  259.9us max_rank=  264.6us ( 33.0TF, 1759GB/s)  (rank0)
 tokens=  64  recv=  378  experts=  32  nvfp4=  272.3us mean_rank=  269.0us max_rank=  274.1us ( 69.9TF, 1686GB/s)  (rank0)
 tokens= 128  recv=  784  experts=  32  nvfp4=  272.6us mean_rank=  278.3us max_rank=  282.8us (144.8TF, 1709GB/s)  (rank0)
 tokens= 256  recv= 1568  experts=  32  nvfp4=  278.5us mean_rank=  289.6us max_rank=  295.1us (283.3TF, 1719GB/s)  (rank0)
 tokens= 512  recv= 3147  experts=  32  nvfp4=  495.2us mean_rank=  506.2us max_rank=  512.1us (319.9TF, 1019GB/s)  (rank0)
 tokens=1024  recv= 6221  experts=  32  nvfp4=  827.4us mean_rank=  832.1us max_rank=  836.1us (378.4TF,  671GB/s)  (rank0)
 tokens=2048  recv=12365  experts=  32  nvfp4= 1576.0us mean_rank= 1578.0us max_rank= 1580.8us (394.9TF,  416GB/s)  (rank0)
 tokens=4096  recv=24547  experts=  32  nvfp4= 2716.0us mean_rank= 2717.8us max_rank= 2723.0us (454.9TF,  315GB/s)  (rank0)
 tokens=8192  recv=49065  experts=  32  nvfp4= 5161.0us mean_rank= 5163.9us max_rank= 5169.0us (478.5TF,  244GB/s)  (rank0)
