
=============
== PyTorch ==
=============

NVIDIA Release 26.03 (build 286725635)
PyTorch Version 2.11.0a0+a6c236b
Container image Copyright (c) 2025, NVIDIA CORPORATION & AFFILIATES. All rights reserved.
Copyright (c) 2014-2024 Facebook Inc.
Copyright (c) 2011-2014 Idiap Research Institute (Ronan Collobert)
Copyright (c) 2012-2014 Deepmind Technologies    (Koray Kavukcuoglu)
Copyright (c) 2011-2012 NEC Laboratories America (Koray Kavukcuoglu)
Copyright (c) 2011-2013 NYU                      (Clement Farabet)
Copyright (c) 2006-2010 NEC Laboratories America (Ronan Collobert, Leon Bottou, Iain Melvin, Jason Weston)
Copyright (c) 2006      Idiap Research Institute (Samy Bengio)
Copyright (c) 2001-2004 Idiap Research Institute (Ronan Collobert, Samy Bengio, Johnny Mariethoz)
Copyright (c) 2015      Google Inc.
Copyright (c) 2015      Yangqing Jia
Copyright (c) 2013-2016 The Caffe contributors
All rights reserved.

Various files include modifications (c) NVIDIA CORPORATION & AFFILIATES.  All rights reserved.

GOVERNING TERMS: The software and materials are governed by the NVIDIA Software License Agreement
(found at https://www.nvidia.com/en-us/agreements/enterprise-software/nvidia-software-license-agreement/)
and the Product-Specific Terms for NVIDIA AI Products
(found at https://www.nvidia.com/en-us/agreements/enterprise-software/product-specific-terms-for-ai-products/).

NOTE: Mellanox network driver detected, but NVIDIA peer memory driver not
      detected.  Multi-node communication performance may be reduced.

SM90 MegaMoE bench: ranks=8 hidden=7168 ih=3072 experts=384 topk=6 masked_ratio=0.0 fast_math=True
 tokens=   8  recv=   50  experts=  33  nvfp4=  662.4us mean_rank=  664.1us max_rank=  670.3us ( 10.0TF, 1853GB/s)  (rank0)
 tokens=  16  recv=   89  experts=  39  nvfp4=  838.6us mean_rank=  837.1us max_rank=  845.2us ( 14.0TF, 1731GB/s)  (rank0)
 tokens=  32  recv=  187  experts=  47  nvfp4=  860.2us mean_rank=  878.0us max_rank=  884.8us ( 28.7TF, 2036GB/s)  (rank0)
 tokens=  64  recv=  348  experts=  48  nvfp4=  884.7us mean_rank=  909.2us max_rank=  917.6us ( 52.0TF, 2027GB/s)  (rank0)
 tokens= 128  recv=  789  experts=  48  nvfp4=  871.2us mean_rank=  889.5us max_rank=  898.7us (119.7TF, 2072GB/s)  (rank0)
 tokens= 256  recv= 1574  experts=  48  nvfp4=  885.9us mean_rank=  905.4us max_rank=  914.3us (234.7TF, 2062GB/s)  (rank0)
 tokens= 512  recv= 3089  experts=  48  nvfp4= 1388.0us mean_rank= 1409.9us max_rank= 1419.0us (294.0TF, 1347GB/s)  (rank0)
 tokens=1024  recv= 6102  experts=  48  nvfp4= 2142.0us mean_rank= 2163.4us max_rank= 2172.0us (376.4TF,  911GB/s)  (rank0)
 tokens=2048  recv=12294  experts=  48  nvfp4= 4011.0us mean_rank= 4013.4us max_rank= 4020.0us (405.0TF,  529GB/s)  (rank0)
 tokens=4096  recv=24323  experts=  48  nvfp4= 7054.0us mean_rank= 7051.9us max_rank= 7054.0us (455.6TF,  348GB/s)  (rank0)
 tokens=8192  recv=49566  experts=  48  nvfp4=13318.0us mean_rank=13317.0us max_rank=13321.0us (491.7TF,  237GB/s)  (rank0)
