
=============
== PyTorch ==
=============

NVIDIA Release 26.03 (build 286725635)
PyTorch Version 2.11.0a0+a6c236b
Container image Copyright (c) 2025, NVIDIA CORPORATION & AFFILIATES. All rights reserved.
Copyright (c) 2014-2024 Facebook Inc.
Copyright (c) 2011-2014 Idiap Research Institute (Ronan Collobert)
Copyright (c) 2012-2014 Deepmind Technologies    (Koray Kavukcuoglu)
Copyright (c) 2011-2012 NEC Laboratories America (Koray Kavukcuoglu)
Copyright (c) 2011-2013 NYU                      (Clement Farabet)
Copyright (c) 2006-2010 NEC Laboratories America (Ronan Collobert, Leon Bottou, Iain Melvin, Jason Weston)
Copyright (c) 2006      Idiap Research Institute (Samy Bengio)
Copyright (c) 2001-2004 Idiap Research Institute (Ronan Collobert, Samy Bengio, Johnny Mariethoz)
Copyright (c) 2015      Google Inc.
Copyright (c) 2015      Yangqing Jia
Copyright (c) 2013-2016 The Caffe contributors
All rights reserved.

Various files include modifications (c) NVIDIA CORPORATION & AFFILIATES.  All rights reserved.

GOVERNING TERMS: The software and materials are governed by the NVIDIA Software License Agreement
(found at https://www.nvidia.com/en-us/agreements/enterprise-software/nvidia-software-license-agreement/)
and the Product-Specific Terms for NVIDIA AI Products
(found at https://www.nvidia.com/en-us/agreements/enterprise-software/product-specific-terms-for-ai-products/).

NOTE: Mellanox network driver detected, but NVIDIA peer memory driver not
      detected.  Multi-node communication performance may be reduced.

SM90 MegaMoE bench: ranks=8 hidden=7168 ih=3072 experts=384 topk=6 masked_ratio=0.0 fast_math=True
/usr/local/lib/python3.12/dist-packages/torch/utils/_device.py:124: UserWarning: Specified kernel cache directory could not be created! This disables kernel caching. Specified directory is /root/.cache/torch/kernels. This warning will appear only once per process. (Triggered internally at /opt/pytorch/pytorch/aten/src/ATen/native/cuda/jit_utils.cpp:1487.)
  return func(*args, **kwargs)
 tokens=   8  recv=   50  experts=  33  nvfp4=  675.0us mean_rank=  668.3us max_rank=  675.0us (  9.8TF, 1819GB/s)  (rank0)
 tokens=  16  recv=   89  experts=  39  nvfp4=  817.8us mean_rank=  817.7us max_rank=  823.6us ( 14.4TF, 1775GB/s)  (rank0)
 tokens=  32  recv=  187  experts=  47  nvfp4=  875.4us mean_rank=  869.7us max_rank=  875.4us ( 28.2TF, 2001GB/s)  (rank0)
 tokens=  64  recv=  348  experts=  48  nvfp4=  894.2us mean_rank=  890.4us max_rank=  894.2us ( 51.4TF, 2006GB/s)  (rank0)
 tokens= 128  recv=  789  experts=  48  nvfp4=  879.8us mean_rank=  877.2us max_rank=  884.5us (118.5TF, 2052GB/s)  (rank0)
 tokens= 256  recv= 1574  experts=  48  nvfp4=  886.0us mean_rank=  881.8us max_rank=  886.0us (234.7TF, 2062GB/s)  (rank0)
 tokens= 512  recv= 3089  experts=  48  nvfp4= 1382.0us mean_rank= 1380.0us max_rank= 1387.0us (295.3TF, 1352GB/s)  (rank0)
 tokens=1024  recv= 6102  experts=  48  nvfp4= 2144.0us mean_rank= 2140.1us max_rank= 2148.0us (376.0TF,  911GB/s)  (rank0)
 tokens=2048  recv=12294  experts=  48  nvfp4= 4007.0us mean_rank= 4003.1us max_rank= 4009.0us (405.4TF,  530GB/s)  (rank0)
 tokens=4096  recv=24323  experts=  48  nvfp4= 7075.0us mean_rank= 7069.2us max_rank= 7078.0us (454.2TF,  347GB/s)  (rank0)
 tokens=8192  recv=49566  experts=  48  nvfp4=13318.0us mean_rank=13314.0us max_rank=13321.0us (491.7TF,  237GB/s)  (rank0)
