
=============
== PyTorch ==
=============

NVIDIA Release 26.03 (build 286725635)
PyTorch Version 2.11.0a0+a6c236b
Container image Copyright (c) 2025, NVIDIA CORPORATION & AFFILIATES. All rights reserved.
Copyright (c) 2014-2024 Facebook Inc.
Copyright (c) 2011-2014 Idiap Research Institute (Ronan Collobert)
Copyright (c) 2012-2014 Deepmind Technologies    (Koray Kavukcuoglu)
Copyright (c) 2011-2012 NEC Laboratories America (Koray Kavukcuoglu)
Copyright (c) 2011-2013 NYU                      (Clement Farabet)
Copyright (c) 2006-2010 NEC Laboratories America (Ronan Collobert, Leon Bottou, Iain Melvin, Jason Weston)
Copyright (c) 2006      Idiap Research Institute (Samy Bengio)
Copyright (c) 2001-2004 Idiap Research Institute (Ronan Collobert, Samy Bengio, Johnny Mariethoz)
Copyright (c) 2015      Google Inc.
Copyright (c) 2015      Yangqing Jia
Copyright (c) 2013-2016 The Caffe contributors
All rights reserved.

Various files include modifications (c) NVIDIA CORPORATION & AFFILIATES.  All rights reserved.

GOVERNING TERMS: The software and materials are governed by the NVIDIA Software License Agreement
(found at https://www.nvidia.com/en-us/agreements/enterprise-software/nvidia-software-license-agreement/)
and the Product-Specific Terms for NVIDIA AI Products
(found at https://www.nvidia.com/en-us/agreements/enterprise-software/product-specific-terms-for-ai-products/).

NOTE: Mellanox network driver detected, but NVIDIA peer memory driver not
      detected.  Multi-node communication performance may be reduced.

SM90 MegaMoE bench: ranks=8 hidden=6144 ih=2048 experts=384 topk=8 masked_ratio=0.0 fast_math=True
/usr/local/lib/python3.12/dist-packages/torch/utils/_device.py:124: UserWarning: Specified kernel cache directory could not be created! This disables kernel caching. Specified directory is /root/.cache/torch/kernels. This warning will appear only once per process. (Triggered internally at /opt/pytorch/pytorch/aten/src/ATen/native/cuda/jit_utils.cpp:1487.)
  return func(*args, **kwargs)
/usr/local/lib/python3.12/dist-packages/torch/utils/_device.py:124: UserWarning: Specified kernel cache directory could not be created! This disables kernel caching. Specified directory is /root/.cache/torch/kernels. This warning will appear only once per process. (Triggered internally at /opt/pytorch/pytorch/aten/src/ATen/native/cuda/jit_utils.cpp:1487.)
  return func(*args, **kwargs)
 tokens=   8  recv=   64  experts=  39  nvfp4=  507.1us mean_rank=  507.5us max_rank=  513.8us (  9.5TF, 1636GB/s)  (rank0)
 tokens=  16  recv=  118  experts=  45  nvfp4=  564.4us mean_rank=  582.4us max_rank=  593.5us ( 15.8TF, 1698GB/s)  (rank0)
 tokens=  32  recv=  241  experts=  48  nvfp4=  598.9us mean_rank=  593.2us max_rank=  602.7us ( 30.4TF, 1711GB/s)  (rank0)
 tokens=  64  recv=  546  experts=  48  nvfp4=  557.3us mean_rank=  555.8us max_rank=  567.8us ( 74.0TF, 1851GB/s)  (rank0)
 tokens= 128  recv=  984  experts=  48  nvfp4=  558.8us mean_rank=  555.5us max_rank=  564.6us (133.0TF, 1864GB/s)  (rank0)
 tokens= 256  recv= 2037  experts=  48  nvfp4=  573.2us mean_rank=  573.6us max_rank=  583.2us (268.3TF, 1858GB/s)  (rank0)
 tokens= 512  recv= 4097  experts=  48  nvfp4= 1095.0us mean_rank= 1089.4us max_rank= 1107.0us (282.5TF, 1015GB/s)  (rank0)
 tokens=1024  recv= 8140  experts=  48  nvfp4= 1554.0us mean_rank= 1552.9us max_rank= 1562.0us (395.5TF,  774GB/s)  (rank0)
 tokens=2048  recv=16409  experts=  48  nvfp4= 2867.0us mean_rank= 2869.6us max_rank= 2880.0us (432.1TF,  484GB/s)  (rank0)
 tokens=4096  recv=32686  experts=  48  nvfp4= 5463.0us mean_rank= 5467.1us max_rank= 5480.0us (451.7TF,  321GB/s)  (rank0)
 tokens=8192  recv=65538  experts=  48  nvfp4=10237.0us mean_rank=10231.8us max_rank=10245.0us (483.3TF,  244GB/s)  (rank0)
