
=============
== PyTorch ==
=============

NVIDIA Release 26.03 (build 286725635)
PyTorch Version 2.11.0a0+a6c236b
Container image Copyright (c) 2025, NVIDIA CORPORATION & AFFILIATES. All rights reserved.
Copyright (c) 2014-2024 Facebook Inc.
Copyright (c) 2011-2014 Idiap Research Institute (Ronan Collobert)
Copyright (c) 2012-2014 Deepmind Technologies    (Koray Kavukcuoglu)
Copyright (c) 2011-2012 NEC Laboratories America (Koray Kavukcuoglu)
Copyright (c) 2011-2013 NYU                      (Clement Farabet)
Copyright (c) 2006-2010 NEC Laboratories America (Ronan Collobert, Leon Bottou, Iain Melvin, Jason Weston)
Copyright (c) 2006      Idiap Research Institute (Samy Bengio)
Copyright (c) 2001-2004 Idiap Research Institute (Ronan Collobert, Samy Bengio, Johnny Mariethoz)
Copyright (c) 2015      Google Inc.
Copyright (c) 2015      Yangqing Jia
Copyright (c) 2013-2016 The Caffe contributors
All rights reserved.

Various files include modifications (c) NVIDIA CORPORATION & AFFILIATES.  All rights reserved.

GOVERNING TERMS: The software and materials are governed by the NVIDIA Software License Agreement
(found at https://www.nvidia.com/en-us/agreements/enterprise-software/nvidia-software-license-agreement/)
and the Product-Specific Terms for NVIDIA AI Products
(found at https://www.nvidia.com/en-us/agreements/enterprise-software/product-specific-terms-for-ai-products/).

NOTE: Mellanox network driver detected, but NVIDIA peer memory driver not
      detected.  Multi-node communication performance may be reduced.

SM90 MegaMoE bench: ranks=8 hidden=7168 ih=3072 experts=384 topk=6 masked_ratio=0.0 fast_math=True
 tokens=   8  recv=   50  experts=  33  nvfp4=  667.2us mean_rank=  668.3us max_rank=  675.3us (  9.9TF, 1840GB/s)  (rank0)
 tokens=  16  recv=   89  experts=  39  nvfp4=  833.3us mean_rank=  840.0us max_rank=  849.7us ( 14.1TF, 1742GB/s)  (rank0)
 tokens=  32  recv=  187  experts=  47  nvfp4=  865.0us mean_rank=  885.2us max_rank=  893.2us ( 28.6TF, 2025GB/s)  (rank0)
 tokens=  64  recv=  348  experts=  48  nvfp4=  895.6us mean_rank=  899.8us max_rank=  907.7us ( 51.3TF, 2002GB/s)  (rank0)
 tokens= 128  recv=  789  experts=  48  nvfp4=  901.4us mean_rank=  900.1us max_rank=  908.5us (115.6TF, 2003GB/s)  (rank0)
 tokens= 256  recv= 1574  experts=  48  nvfp4=  909.6us mean_rank=  907.9us max_rank=  916.4us (228.6TF, 2009GB/s)  (rank0)
 tokens= 512  recv= 3089  experts=  48  nvfp4= 1398.0us mean_rank= 1407.0us max_rank= 1418.0us (291.9TF, 1337GB/s)  (rank0)
 tokens=1024  recv= 6102  experts=  48  nvfp4= 2148.0us mean_rank= 2146.2us max_rank= 2154.0us (375.3TF,  909GB/s)  (rank0)
 tokens=2048  recv=12294  experts=  48  nvfp4= 4015.0us mean_rank= 4014.6us max_rank= 4021.0us (404.6TF,  529GB/s)  (rank0)
 tokens=4096  recv=24323  experts=  48  nvfp4= 7049.0us mean_rank= 7050.3us max_rank= 7053.0us (455.9TF,  348GB/s)  (rank0)
 tokens=8192  recv=49566  experts=  48  nvfp4=13305.0us mean_rank=13306.9us max_rank=13312.0us (492.2TF,  237GB/s)  (rank0)
