
=============
== PyTorch ==
=============

NVIDIA Release 26.03 (build 286725635)
PyTorch Version 2.11.0a0+a6c236b
Container image Copyright (c) 2025, NVIDIA CORPORATION & AFFILIATES. All rights reserved.
Copyright (c) 2014-2024 Facebook Inc.
Copyright (c) 2011-2014 Idiap Research Institute (Ronan Collobert)
Copyright (c) 2012-2014 Deepmind Technologies    (Koray Kavukcuoglu)
Copyright (c) 2011-2012 NEC Laboratories America (Koray Kavukcuoglu)
Copyright (c) 2011-2013 NYU                      (Clement Farabet)
Copyright (c) 2006-2010 NEC Laboratories America (Ronan Collobert, Leon Bottou, Iain Melvin, Jason Weston)
Copyright (c) 2006      Idiap Research Institute (Samy Bengio)
Copyright (c) 2001-2004 Idiap Research Institute (Ronan Collobert, Samy Bengio, Johnny Mariethoz)
Copyright (c) 2015      Google Inc.
Copyright (c) 2015      Yangqing Jia
Copyright (c) 2013-2016 The Caffe contributors
All rights reserved.

Various files include modifications (c) NVIDIA CORPORATION & AFFILIATES.  All rights reserved.

GOVERNING TERMS: The software and materials are governed by the NVIDIA Software License Agreement
(found at https://www.nvidia.com/en-us/agreements/enterprise-software/nvidia-software-license-agreement/)
and the Product-Specific Terms for NVIDIA AI Products
(found at https://www.nvidia.com/en-us/agreements/enterprise-software/product-specific-terms-for-ai-products/).

NOTE: Mellanox network driver detected, but NVIDIA peer memory driver not
      detected.  Multi-node communication performance may be reduced.

SM90 MegaMoE bench: ranks=8 hidden=6144 ih=2048 experts=384 topk=8 masked_ratio=0.0 fast_math=True
 tokens=   8  recv=   64  experts=  39  nvfp4=  503.1us mean_rank=  499.1us max_rank=  503.7us (  9.6TF, 1649GB/s)  (rank0)
 tokens=  16  recv=  118  experts=  45  nvfp4=  582.0us mean_rank=  582.4us max_rank=  591.1us ( 15.3TF, 1646GB/s)  (rank0)
 tokens=  32  recv=  241  experts=  48  nvfp4=  584.1us mean_rank=  584.2us max_rank=  595.0us ( 31.2TF, 1754GB/s)  (rank0)
 tokens=  64  recv=  546  experts=  48  nvfp4=  554.8us mean_rank=  566.0us max_rank=  577.7us ( 74.3TF, 1859GB/s)  (rank0)
 tokens= 128  recv=  984  experts=  48  nvfp4=  577.3us mean_rank=  568.5us max_rank=  577.3us (128.7TF, 1804GB/s)  (rank0)
 tokens= 256  recv= 2037  experts=  48  nvfp4=  580.8us mean_rank=  574.1us max_rank=  582.0us (264.8TF, 1834GB/s)  (rank0)
 tokens= 512  recv= 4097  experts=  48  nvfp4= 1051.0us mean_rank= 1049.0us max_rank= 1057.0us (294.3TF, 1058GB/s)  (rank0)
 tokens=1024  recv= 8140  experts=  48  nvfp4= 1570.0us mean_rank= 1564.8us max_rank= 1576.0us (391.4TF,  766GB/s)  (rank0)
 tokens=2048  recv=16409  experts=  48  nvfp4= 2875.0us mean_rank= 2873.0us max_rank= 2881.0us (430.9TF,  483GB/s)  (rank0)
 tokens=4096  recv=32686  experts=  48  nvfp4= 5506.0us mean_rank= 5499.4us max_rank= 5512.0us (448.2TF,  319GB/s)  (rank0)
 tokens=8192  recv=65538  experts=  48  nvfp4=10198.0us mean_rank=10194.1us max_rank=10206.0us (485.2TF,  245GB/s)  (rank0)
