
=============
== PyTorch ==
=============

NVIDIA Release 26.03 (build 286725635)
PyTorch Version 2.11.0a0+a6c236b
Container image Copyright (c) 2025, NVIDIA CORPORATION & AFFILIATES. All rights reserved.
Copyright (c) 2014-2024 Facebook Inc.
Copyright (c) 2011-2014 Idiap Research Institute (Ronan Collobert)
Copyright (c) 2012-2014 Deepmind Technologies    (Koray Kavukcuoglu)
Copyright (c) 2011-2012 NEC Laboratories America (Koray Kavukcuoglu)
Copyright (c) 2011-2013 NYU                      (Clement Farabet)
Copyright (c) 2006-2010 NEC Laboratories America (Ronan Collobert, Leon Bottou, Iain Melvin, Jason Weston)
Copyright (c) 2006      Idiap Research Institute (Samy Bengio)
Copyright (c) 2001-2004 Idiap Research Institute (Ronan Collobert, Samy Bengio, Johnny Mariethoz)
Copyright (c) 2015      Google Inc.
Copyright (c) 2015      Yangqing Jia
Copyright (c) 2013-2016 The Caffe contributors
All rights reserved.

Various files include modifications (c) NVIDIA CORPORATION & AFFILIATES.  All rights reserved.

GOVERNING TERMS: The software and materials are governed by the NVIDIA Software License Agreement
(found at https://www.nvidia.com/en-us/agreements/enterprise-software/nvidia-software-license-agreement/)
and the Product-Specific Terms for NVIDIA AI Products
(found at https://www.nvidia.com/en-us/agreements/enterprise-software/product-specific-terms-for-ai-products/).

NOTE: Mellanox network driver detected, but NVIDIA peer memory driver not
      detected.  Multi-node communication performance may be reduced.

SM90 MegaMoE bench: ranks=8 hidden=4096 ih=2048 experts=256 topk=6 masked_ratio=0.0 fast_math=True
 tokens=   8  recv=   46  experts=  24  nvfp4=  233.4us mean_rank=  231.9us max_rank=  237.8us (  9.9TF, 1459GB/s)  (rank0)
 tokens=  16  recv=   92  experts=  30  nvfp4=  250.0us mean_rank=  252.4us max_rank=  255.3us ( 18.5TF, 1705GB/s)  (rank0)
 tokens=  32  recv=  170  experts=  32  nvfp4=  259.8us mean_rank=  264.0us max_rank=  270.5us ( 32.9TF, 1754GB/s)  (rank0)
 tokens=  64  recv=  378  experts=  32  nvfp4=  269.2us mean_rank=  268.5us max_rank=  272.9us ( 70.7TF, 1706GB/s)  (rank0)
 tokens= 128  recv=  784  experts=  32  nvfp4=  317.9us mean_rank=  310.4us max_rank=  320.5us (124.1TF, 1466GB/s)  (rank0)
 tokens= 256  recv= 1568  experts=  32  nvfp4=  300.2us mean_rank=  297.4us max_rank=  304.0us (262.9TF, 1594GB/s)  (rank0)
 tokens= 512  recv= 3147  experts=  32  nvfp4=  500.0us mean_rank=  498.5us max_rank=  505.1us (316.8TF, 1009GB/s)  (rank0)
 tokens=1024  recv= 6221  experts=  32  nvfp4=  826.4us mean_rank=  831.2us max_rank=  836.7us (378.9TF,  671GB/s)  (rank0)
 tokens=2048  recv=12365  experts=  32  nvfp4= 1592.0us mean_rank= 1589.7us max_rank= 1595.7us (390.9TF,  412GB/s)  (rank0)
 tokens=4096  recv=24547  experts=  32  nvfp4= 2732.0us mean_rank= 2732.9us max_rank= 2739.0us (452.2TF,  313GB/s)  (rank0)
 tokens=8192  recv=49065  experts=  32  nvfp4= 5158.0us mean_rank= 5157.8us max_rank= 5163.0us (478.8TF,  244GB/s)  (rank0)
