
=============
== PyTorch ==
=============

NVIDIA Release 26.03 (build 286725635)
PyTorch Version 2.11.0a0+a6c236b
Container image Copyright (c) 2025, NVIDIA CORPORATION & AFFILIATES. All rights reserved.
Copyright (c) 2014-2024 Facebook Inc.
Copyright (c) 2011-2014 Idiap Research Institute (Ronan Collobert)
Copyright (c) 2012-2014 Deepmind Technologies    (Koray Kavukcuoglu)
Copyright (c) 2011-2012 NEC Laboratories America (Koray Kavukcuoglu)
Copyright (c) 2011-2013 NYU                      (Clement Farabet)
Copyright (c) 2006-2010 NEC Laboratories America (Ronan Collobert, Leon Bottou, Iain Melvin, Jason Weston)
Copyright (c) 2006      Idiap Research Institute (Samy Bengio)
Copyright (c) 2001-2004 Idiap Research Institute (Ronan Collobert, Samy Bengio, Johnny Mariethoz)
Copyright (c) 2015      Google Inc.
Copyright (c) 2015      Yangqing Jia
Copyright (c) 2013-2016 The Caffe contributors
All rights reserved.

Various files include modifications (c) NVIDIA CORPORATION & AFFILIATES.  All rights reserved.

GOVERNING TERMS: The software and materials are governed by the NVIDIA Software License Agreement
(found at https://www.nvidia.com/en-us/agreements/enterprise-software/nvidia-software-license-agreement/)
and the Product-Specific Terms for NVIDIA AI Products
(found at https://www.nvidia.com/en-us/agreements/enterprise-software/product-specific-terms-for-ai-products/).

NOTE: Mellanox network driver detected, but NVIDIA peer memory driver not
      detected.  Multi-node communication performance may be reduced.

SM90 MegaMoE bench: ranks=8 hidden=7168 ih=3072 experts=384 topk=6 masked_ratio=0.0 fast_math=True
 tokens=   8  recv=   50  experts=  33  nvfp4=  669.7us mean_rank=  670.5us max_rank=  675.2us (  9.9TF, 1833GB/s)  (rank0)
 tokens=  16  recv=   89  experts=  39  nvfp4=  800.2us mean_rank=  824.5us max_rank=  830.0us ( 14.7TF, 1814GB/s)  (rank0)
 tokens=  32  recv=  187  experts=  47  nvfp4=  876.8us mean_rank=  895.8us max_rank=  903.2us ( 28.2TF, 1998GB/s)  (rank0)
 tokens=  64  recv=  348  experts=  48  nvfp4=  881.1us mean_rank=  907.8us max_rank=  914.1us ( 52.2TF, 2035GB/s)  (rank0)
 tokens= 128  recv=  789  experts=  48  nvfp4=  860.7us mean_rank=  882.6us max_rank=  889.3us (121.1TF, 2098GB/s)  (rank0)
 tokens= 256  recv= 1574  experts=  48  nvfp4= 1104.0us mean_rank= 1095.8us max_rank= 1132.0us (188.4TF, 1655GB/s)  (rank0)
 tokens= 512  recv= 3089  experts=  48  nvfp4= 1383.0us mean_rank= 1385.7us max_rank= 1390.0us (295.1TF, 1351GB/s)  (rank0)
 tokens=1024  recv= 6102  experts=  48  nvfp4= 2141.0us mean_rank= 2144.5us max_rank= 2147.0us (376.6TF,  912GB/s)  (rank0)
 tokens=2048  recv=12294  experts=  48  nvfp4= 3973.0us mean_rank= 3983.2us max_rank= 3989.0us (408.8TF,  534GB/s)  (rank0)
 tokens=4096  recv=24323  experts=  48  nvfp4= 7059.0us mean_rank= 7087.6us max_rank= 7097.0us (455.2TF,  348GB/s)  (rank0)
 tokens=8192  recv=49566  experts=  48  nvfp4=13303.0us mean_rank=13329.4us max_rank=13338.0us (492.3TF,  237GB/s)  (rank0)
