
=============
== PyTorch ==
=============

NVIDIA Release 26.03 (build 286725635)
PyTorch Version 2.11.0a0+a6c236b
Container image Copyright (c) 2025, NVIDIA CORPORATION & AFFILIATES. All rights reserved.
Copyright (c) 2014-2024 Facebook Inc.
Copyright (c) 2011-2014 Idiap Research Institute (Ronan Collobert)
Copyright (c) 2012-2014 Deepmind Technologies    (Koray Kavukcuoglu)
Copyright (c) 2011-2012 NEC Laboratories America (Koray Kavukcuoglu)
Copyright (c) 2011-2013 NYU                      (Clement Farabet)
Copyright (c) 2006-2010 NEC Laboratories America (Ronan Collobert, Leon Bottou, Iain Melvin, Jason Weston)
Copyright (c) 2006      Idiap Research Institute (Samy Bengio)
Copyright (c) 2001-2004 Idiap Research Institute (Ronan Collobert, Samy Bengio, Johnny Mariethoz)
Copyright (c) 2015      Google Inc.
Copyright (c) 2015      Yangqing Jia
Copyright (c) 2013-2016 The Caffe contributors
All rights reserved.

Various files include modifications (c) NVIDIA CORPORATION & AFFILIATES.  All rights reserved.

GOVERNING TERMS: The software and materials are governed by the NVIDIA Software License Agreement
(found at https://www.nvidia.com/en-us/agreements/enterprise-software/nvidia-software-license-agreement/)
and the Product-Specific Terms for NVIDIA AI Products
(found at https://www.nvidia.com/en-us/agreements/enterprise-software/product-specific-terms-for-ai-products/).

NOTE: Mellanox network driver detected, but NVIDIA peer memory driver not
      detected.  Multi-node communication performance may be reduced.

SM90 MegaMoE bench: ranks=8 hidden=6144 ih=2048 experts=384 topk=8 masked_ratio=0.0 fast_math=True
/usr/local/lib/python3.12/dist-packages/torch/utils/_device.py:124: UserWarning: Specified kernel cache directory could not be created! This disables kernel caching. Specified directory is /root/.cache/torch/kernels. This warning will appear only once per process. (Triggered internally at /opt/pytorch/pytorch/aten/src/ATen/native/cuda/jit_utils.cpp:1487.)
  return func(*args, **kwargs)
/usr/local/lib/python3.12/dist-packages/torch/utils/_device.py:124: UserWarning: Specified kernel cache directory could not be created! This disables kernel caching. Specified directory is /root/.cache/torch/kernels. This warning will appear only once per process. (Triggered internally at /opt/pytorch/pytorch/aten/src/ATen/native/cuda/jit_utils.cpp:1487.)
  return func(*args, **kwargs)
/usr/local/lib/python3.12/dist-packages/torch/utils/_device.py:124: UserWarning: Specified kernel cache directory could not be created! This disables kernel caching. Specified directory is /root/.cache/torch/kernels. This warning will appear only once per process. (Triggered internally at /opt/pytorch/pytorch/aten/src/ATen/native/cuda/jit_utils.cpp:1487.)
  return func(*args, **kwargs)
 tokens=   8  recv=   64  experts=  39  nvfp4=  504.0us mean_rank=  504.8us max_rank=  510.0us (  9.6TF, 1646GB/s)  (rank0)
 tokens=  16  recv=  118  experts=  45  nvfp4=  549.2us mean_rank=  557.3us max_rank=  562.7us ( 16.2TF, 1745GB/s)  (rank0)
 tokens=  32  recv=  241  experts=  48  nvfp4=  585.1us mean_rank=  593.1us max_rank=  608.3us ( 31.1TF, 1751GB/s)  (rank0)
 tokens=  64  recv=  546  experts=  48  nvfp4=  529.1us mean_rank=  529.4us max_rank=  533.8us ( 77.9TF, 1950GB/s)  (rank0)
 tokens= 128  recv=  984  experts=  48  nvfp4=  612.6us mean_rank=  604.5us max_rank=  619.2us (121.3TF, 1700GB/s)  (rank0)
 tokens= 256  recv= 2037  experts=  48  nvfp4=  545.7us mean_rank=  555.0us max_rank=  559.2us (281.8TF, 1952GB/s)  (rank0)
 tokens= 512  recv= 4097  experts=  48  nvfp4= 1031.0us mean_rank= 1032.5us max_rank= 1038.0us (300.0TF, 1078GB/s)  (rank0)
 tokens=1024  recv= 8140  experts=  48  nvfp4= 1546.0us mean_rank= 1542.8us max_rank= 1546.0us (397.5TF,  778GB/s)  (rank0)
 tokens=2048  recv=16409  experts=  48  nvfp4= 2858.0us mean_rank= 2859.8us max_rank= 2866.0us (433.5TF,  486GB/s)  (rank0)
 tokens=4096  recv=32686  experts=  48  nvfp4= 5428.0us mean_rank= 5430.2us max_rank= 5435.0us (454.6TF,  323GB/s)  (rank0)
 tokens=8192  recv=65538  experts=  48  nvfp4=10186.0us mean_rank=10184.8us max_rank=10188.0us (485.8TF,  245GB/s)  (rank0)
