
=============
== PyTorch ==
=============

NVIDIA Release 26.03 (build 286725635)
PyTorch Version 2.11.0a0+a6c236b
Container image Copyright (c) 2025, NVIDIA CORPORATION & AFFILIATES. All rights reserved.
Copyright (c) 2014-2024 Facebook Inc.
Copyright (c) 2011-2014 Idiap Research Institute (Ronan Collobert)
Copyright (c) 2012-2014 Deepmind Technologies    (Koray Kavukcuoglu)
Copyright (c) 2011-2012 NEC Laboratories America (Koray Kavukcuoglu)
Copyright (c) 2011-2013 NYU                      (Clement Farabet)
Copyright (c) 2006-2010 NEC Laboratories America (Ronan Collobert, Leon Bottou, Iain Melvin, Jason Weston)
Copyright (c) 2006      Idiap Research Institute (Samy Bengio)
Copyright (c) 2001-2004 Idiap Research Institute (Ronan Collobert, Samy Bengio, Johnny Mariethoz)
Copyright (c) 2015      Google Inc.
Copyright (c) 2015      Yangqing Jia
Copyright (c) 2013-2016 The Caffe contributors
All rights reserved.

Various files include modifications (c) NVIDIA CORPORATION & AFFILIATES.  All rights reserved.

GOVERNING TERMS: The software and materials are governed by the NVIDIA Software License Agreement
(found at https://www.nvidia.com/en-us/agreements/enterprise-software/nvidia-software-license-agreement/)
and the Product-Specific Terms for NVIDIA AI Products
(found at https://www.nvidia.com/en-us/agreements/enterprise-software/product-specific-terms-for-ai-products/).

NOTE: Mellanox network driver detected, but NVIDIA peer memory driver not
      detected.  Multi-node communication performance may be reduced.

SM90 MegaMoE bench: ranks=8 hidden=6144 ih=2048 experts=384 topk=8 masked_ratio=0.0 fast_math=True
 tokens=   8  recv=   64  experts=  39  nvfp4=  581.8us mean_rank=  567.6us max_rank=  581.8us (  8.3TF, 1426GB/s)  (rank0)
 tokens=  16  recv=  118  experts=  45  nvfp4=  572.4us mean_rank=  567.1us max_rank=  572.8us ( 15.6TF, 1674GB/s)  (rank0)
 tokens=  32  recv=  241  experts=  48  nvfp4=  583.1us mean_rank=  584.5us max_rank=  592.9us ( 31.2TF, 1757GB/s)  (rank0)
 tokens=  64  recv=  546  experts=  48  nvfp4=  553.4us mean_rank=  549.1us max_rank=  554.6us ( 74.5TF, 1864GB/s)  (rank0)
 tokens= 128  recv=  984  experts=  48  nvfp4=  641.1us mean_rank=  631.3us max_rank=  647.0us (115.9TF, 1624GB/s)  (rank0)
 tokens= 256  recv= 2037  experts=  48  nvfp4=  555.2us mean_rank=  553.1us max_rank=  555.2us (277.0TF, 1919GB/s)  (rank0)
 tokens= 512  recv= 4097  experts=  48  nvfp4= 1033.0us mean_rank= 1028.4us max_rank= 1033.0us (299.4TF, 1076GB/s)  (rank0)
 tokens=1024  recv= 8140  experts=  48  nvfp4= 1542.0us mean_rank= 1539.6us max_rank= 1545.0us (398.5TF,  780GB/s)  (rank0)
 tokens=2048  recv=16409  experts=  48  nvfp4= 2853.0us mean_rank= 2849.5us max_rank= 2853.0us (434.2TF,  487GB/s)  (rank0)
 tokens=4096  recv=32686  experts=  48  nvfp4= 5434.0us mean_rank= 5430.6us max_rank= 5434.0us (454.1TF,  323GB/s)  (rank0)
 tokens=8192  recv=65538  experts=  48  nvfp4=10212.0us mean_rank=10203.4us max_rank=10212.0us (484.5TF,  244GB/s)  (rank0)
