
=============
== PyTorch ==
=============

NVIDIA Release 26.03 (build 286725635)
PyTorch Version 2.11.0a0+a6c236b
Container image Copyright (c) 2025, NVIDIA CORPORATION & AFFILIATES. All rights reserved.
Copyright (c) 2014-2024 Facebook Inc.
Copyright (c) 2011-2014 Idiap Research Institute (Ronan Collobert)
Copyright (c) 2012-2014 Deepmind Technologies    (Koray Kavukcuoglu)
Copyright (c) 2011-2012 NEC Laboratories America (Koray Kavukcuoglu)
Copyright (c) 2011-2013 NYU                      (Clement Farabet)
Copyright (c) 2006-2010 NEC Laboratories America (Ronan Collobert, Leon Bottou, Iain Melvin, Jason Weston)
Copyright (c) 2006      Idiap Research Institute (Samy Bengio)
Copyright (c) 2001-2004 Idiap Research Institute (Ronan Collobert, Samy Bengio, Johnny Mariethoz)
Copyright (c) 2015      Google Inc.
Copyright (c) 2015      Yangqing Jia
Copyright (c) 2013-2016 The Caffe contributors
All rights reserved.

Various files include modifications (c) NVIDIA CORPORATION & AFFILIATES.  All rights reserved.

GOVERNING TERMS: The software and materials are governed by the NVIDIA Software License Agreement
(found at https://www.nvidia.com/en-us/agreements/enterprise-software/nvidia-software-license-agreement/)
and the Product-Specific Terms for NVIDIA AI Products
(found at https://www.nvidia.com/en-us/agreements/enterprise-software/product-specific-terms-for-ai-products/).

NOTE: Mellanox network driver detected, but NVIDIA peer memory driver not
      detected.  Multi-node communication performance may be reduced.

SM90 MegaMoE bench: ranks=8 hidden=6144 ih=2048 experts=384 topk=8 masked_ratio=0.0 fast_math=True
 tokens=   8  recv=   64  experts=  39  nvfp4=  489.1us mean_rank=  512.0us max_rank=  517.9us (  9.9TF, 1696GB/s)  (rank0)
 tokens=  16  recv=  118  experts=  45  nvfp4=  812.9us mean_rank=  799.0us max_rank=  837.6us ( 11.0TF, 1179GB/s)  (rank0)
 tokens=  32  recv=  241  experts=  48  nvfp4=  555.0us mean_rank=  572.4us max_rank=  579.2us ( 32.8TF, 1846GB/s)  (rank0)
 tokens=  64  recv=  546  experts=  48  nvfp4=  521.3us mean_rank=  548.0us max_rank=  553.4us ( 79.1TF, 1979GB/s)  (rank0)
 tokens= 128  recv=  984  experts=  48  nvfp4=  581.9us mean_rank=  599.3us max_rank=  614.2us (127.7TF, 1790GB/s)  (rank0)
 tokens= 256  recv= 2037  experts=  48  nvfp4=  542.8us mean_rank=  562.1us max_rank=  567.4us (283.3TF, 1962GB/s)  (rank0)
 tokens= 512  recv= 4097  experts=  48  nvfp4= 1023.0us mean_rank= 1049.9us max_rank= 1061.0us (302.4TF, 1087GB/s)  (rank0)
 tokens=1024  recv= 8140  experts=  48  nvfp4= 1550.0us mean_rank= 1578.9us max_rank= 1593.0us (396.5TF,  776GB/s)  (rank0)
 tokens=2048  recv=16409  experts=  48  nvfp4= 2854.0us mean_rank= 2879.9us max_rank= 2890.0us (434.1TF,  487GB/s)  (rank0)
 tokens=4096  recv=32686  experts=  48  nvfp4= 5449.0us mean_rank= 5478.8us max_rank= 5491.0us (452.9TF,  322GB/s)  (rank0)
 tokens=8192  recv=65538  experts=  48  nvfp4=10194.0us mean_rank=10217.2us max_rank=10227.0us (485.4TF,  245GB/s)  (rank0)
