
=============
== PyTorch ==
=============

NVIDIA Release 26.03 (build 286725635)
PyTorch Version 2.11.0a0+a6c236b
Container image Copyright (c) 2025, NVIDIA CORPORATION & AFFILIATES. All rights reserved.
Copyright (c) 2014-2024 Facebook Inc.
Copyright (c) 2011-2014 Idiap Research Institute (Ronan Collobert)
Copyright (c) 2012-2014 Deepmind Technologies    (Koray Kavukcuoglu)
Copyright (c) 2011-2012 NEC Laboratories America (Koray Kavukcuoglu)
Copyright (c) 2011-2013 NYU                      (Clement Farabet)
Copyright (c) 2006-2010 NEC Laboratories America (Ronan Collobert, Leon Bottou, Iain Melvin, Jason Weston)
Copyright (c) 2006      Idiap Research Institute (Samy Bengio)
Copyright (c) 2001-2004 Idiap Research Institute (Ronan Collobert, Samy Bengio, Johnny Mariethoz)
Copyright (c) 2015      Google Inc.
Copyright (c) 2015      Yangqing Jia
Copyright (c) 2013-2016 The Caffe contributors
All rights reserved.

Various files include modifications (c) NVIDIA CORPORATION & AFFILIATES.  All rights reserved.

GOVERNING TERMS: The software and materials are governed by the NVIDIA Software License Agreement
(found at https://www.nvidia.com/en-us/agreements/enterprise-software/nvidia-software-license-agreement/)
and the Product-Specific Terms for NVIDIA AI Products
(found at https://www.nvidia.com/en-us/agreements/enterprise-software/product-specific-terms-for-ai-products/).

NOTE: Mellanox network driver detected, but NVIDIA peer memory driver not
      detected.  Multi-node communication performance may be reduced.

SM90 MegaMoE bench: ranks=8 hidden=7168 ih=3072 experts=384 topk=6 masked_ratio=0.0 fast_math=True
 tokens=   8  recv=   50  experts=  33  nvfp4=  651.9us mean_rank=  650.6us max_rank=  652.4us ( 10.1TF, 1883GB/s)  (rank0)
 tokens=  16  recv=   89  experts=  39  nvfp4=  809.6us mean_rank=  813.3us max_rank=  818.4us ( 14.5TF, 1793GB/s)  (rank0)
 tokens=  32  recv=  187  experts=  47  nvfp4=  906.6us mean_rank=  913.4us max_rank=  926.1us ( 27.3TF, 1932GB/s)  (rank0)
 tokens=  64  recv=  348  experts=  48  nvfp4=  921.2us mean_rank=  914.8us max_rank=  923.8us ( 49.9TF, 1947GB/s)  (rank0)
 tokens= 128  recv=  789  experts=  48  nvfp4=  910.8us mean_rank=  903.9us max_rank=  913.4us (114.4TF, 1982GB/s)  (rank0)
 tokens= 256  recv= 1574  experts=  48  nvfp4=  921.5us mean_rank=  923.5us max_rank=  932.7us (225.7TF, 1983GB/s)  (rank0)
 tokens= 512  recv= 3089  experts=  48  nvfp4= 1410.0us mean_rank= 1402.5us max_rank= 1411.0us (289.4TF, 1326GB/s)  (rank0)
 tokens=1024  recv= 6102  experts=  48  nvfp4= 2211.0us mean_rank= 2198.5us max_rank= 2211.0us (364.6TF,  883GB/s)  (rank0)
 tokens=2048  recv=12294  experts=  48  nvfp4= 3993.0us mean_rank= 3984.6us max_rank= 3993.0us (406.8TF,  532GB/s)  (rank0)
 tokens=4096  recv=24323  experts=  48  nvfp4= 7096.0us mean_rank= 7089.2us max_rank= 7100.0us (452.9TF,  346GB/s)  (rank0)
 tokens=8192  recv=49566  experts=  48  nvfp4=13336.0us mean_rank=13330.9us max_rank=13339.0us (491.1TF,  237GB/s)  (rank0)
