
=============
== PyTorch ==
=============

NVIDIA Release 26.03 (build 286725635)
PyTorch Version 2.11.0a0+a6c236b
Container image Copyright (c) 2025, NVIDIA CORPORATION & AFFILIATES. All rights reserved.
Copyright (c) 2014-2024 Facebook Inc.
Copyright (c) 2011-2014 Idiap Research Institute (Ronan Collobert)
Copyright (c) 2012-2014 Deepmind Technologies    (Koray Kavukcuoglu)
Copyright (c) 2011-2012 NEC Laboratories America (Koray Kavukcuoglu)
Copyright (c) 2011-2013 NYU                      (Clement Farabet)
Copyright (c) 2006-2010 NEC Laboratories America (Ronan Collobert, Leon Bottou, Iain Melvin, Jason Weston)
Copyright (c) 2006      Idiap Research Institute (Samy Bengio)
Copyright (c) 2001-2004 Idiap Research Institute (Ronan Collobert, Samy Bengio, Johnny Mariethoz)
Copyright (c) 2015      Google Inc.
Copyright (c) 2015      Yangqing Jia
Copyright (c) 2013-2016 The Caffe contributors
All rights reserved.

Various files include modifications (c) NVIDIA CORPORATION & AFFILIATES.  All rights reserved.

GOVERNING TERMS: The software and materials are governed by the NVIDIA Software License Agreement
(found at https://www.nvidia.com/en-us/agreements/enterprise-software/nvidia-software-license-agreement/)
and the Product-Specific Terms for NVIDIA AI Products
(found at https://www.nvidia.com/en-us/agreements/enterprise-software/product-specific-terms-for-ai-products/).

NOTE: Mellanox network driver detected, but NVIDIA peer memory driver not
      detected.  Multi-node communication performance may be reduced.

SM90 MegaMoE bench: ranks=8 hidden=7168 ih=3072 experts=384 topk=6 masked_ratio=0.0 fast_math=True
 tokens=   8  recv=   50  experts=  33  nvfp4=  660.2us mean_rank=  661.6us max_rank=  668.1us ( 10.0TF, 1859GB/s)  (rank0)
 tokens=  16  recv=   89  experts=  39  nvfp4=  862.2us mean_rank=  859.0us max_rank=  870.5us ( 13.6TF, 1684GB/s)  (rank0)
 tokens=  32  recv=  187  experts=  47  nvfp4=  876.9us mean_rank=  910.1us max_rank=  924.7us ( 28.2TF, 1997GB/s)  (rank0)
 tokens=  64  recv=  348  experts=  48  nvfp4=  875.4us mean_rank=  915.2us max_rank=  923.0us ( 52.5TF, 2048GB/s)  (rank0)
 tokens= 128  recv=  789  experts=  48  nvfp4=  859.7us mean_rank=  885.5us max_rank=  892.2us (121.3TF, 2100GB/s)  (rank0)
 tokens= 256  recv= 1574  experts=  48  nvfp4=  884.4us mean_rank=  907.6us max_rank=  916.0us (235.1TF, 2066GB/s)  (rank0)
 tokens= 512  recv= 3089  experts=  48  nvfp4= 1381.0us mean_rank= 1409.5us max_rank= 1419.0us (295.5TF, 1353GB/s)  (rank0)
 tokens=1024  recv= 6102  experts=  48  nvfp4= 2128.0us mean_rank= 2157.1us max_rank= 2166.0us (378.9TF,  917GB/s)  (rank0)
 tokens=2048  recv=12294  experts=  48  nvfp4= 4006.0us mean_rank= 4010.0us max_rank= 4015.0us (405.5TF,  530GB/s)  (rank0)
 tokens=4096  recv=24323  experts=  48  nvfp4= 7053.0us mean_rank= 7059.0us max_rank= 7064.0us (455.6TF,  348GB/s)  (rank0)
 tokens=8192  recv=49566  experts=  48  nvfp4=13315.0us mean_rank=13320.1us max_rank=13328.0us (491.8TF,  237GB/s)  (rank0)
