
=============
== PyTorch ==
=============

NVIDIA Release 26.03 (build 286725635)
PyTorch Version 2.11.0a0+a6c236b
Container image Copyright (c) 2025, NVIDIA CORPORATION & AFFILIATES. All rights reserved.
Copyright (c) 2014-2024 Facebook Inc.
Copyright (c) 2011-2014 Idiap Research Institute (Ronan Collobert)
Copyright (c) 2012-2014 Deepmind Technologies    (Koray Kavukcuoglu)
Copyright (c) 2011-2012 NEC Laboratories America (Koray Kavukcuoglu)
Copyright (c) 2011-2013 NYU                      (Clement Farabet)
Copyright (c) 2006-2010 NEC Laboratories America (Ronan Collobert, Leon Bottou, Iain Melvin, Jason Weston)
Copyright (c) 2006      Idiap Research Institute (Samy Bengio)
Copyright (c) 2001-2004 Idiap Research Institute (Ronan Collobert, Samy Bengio, Johnny Mariethoz)
Copyright (c) 2015      Google Inc.
Copyright (c) 2015      Yangqing Jia
Copyright (c) 2013-2016 The Caffe contributors
All rights reserved.

Various files include modifications (c) NVIDIA CORPORATION & AFFILIATES.  All rights reserved.

GOVERNING TERMS: The software and materials are governed by the NVIDIA Software License Agreement
(found at https://www.nvidia.com/en-us/agreements/enterprise-software/nvidia-software-license-agreement/)
and the Product-Specific Terms for NVIDIA AI Products
(found at https://www.nvidia.com/en-us/agreements/enterprise-software/product-specific-terms-for-ai-products/).

NOTE: Mellanox network driver detected, but NVIDIA peer memory driver not
      detected.  Multi-node communication performance may be reduced.

SM90 MegaMoE bench: ranks=8 hidden=6144 ih=2048 experts=384 topk=8 masked_ratio=0.0 fast_math=True
 tokens=   8  recv=   64  experts=  39  nvfp4=  488.3us mean_rank=  489.8us max_rank=  495.9us (  9.9TF, 1699GB/s)  (rank0)
 tokens=  16  recv=  118  experts=  45  nvfp4=  595.6us mean_rank=  592.6us max_rank=  599.9us ( 15.0TF, 1609GB/s)  (rank0)
 tokens=  32  recv=  241  experts=  48  nvfp4=  590.2us mean_rank=  584.1us max_rank=  590.2us ( 30.8TF, 1736GB/s)  (rank0)
 tokens=  64  recv=  546  experts=  48  nvfp4=  550.6us mean_rank=  549.1us max_rank=  554.3us ( 74.9TF, 1874GB/s)  (rank0)
 tokens= 128  recv=  984  experts=  48  nvfp4=  553.4us mean_rank=  556.1us max_rank=  565.2us (134.2TF, 1882GB/s)  (rank0)
 tokens= 256  recv= 2037  experts=  48  nvfp4=  620.3us mean_rank=  619.5us max_rank=  634.1us (247.9TF, 1717GB/s)  (rank0)
 tokens= 512  recv= 4097  experts=  48  nvfp4= 1017.0us mean_rank= 1022.3us max_rank= 1028.0us (304.1TF, 1093GB/s)  (rank0)
 tokens=1024  recv= 8140  experts=  48  nvfp4= 1540.0us mean_rank= 1539.1us max_rank= 1547.0us (399.1TF,  781GB/s)  (rank0)
 tokens=2048  recv=16409  experts=  48  nvfp4= 2853.0us mean_rank= 2851.6us max_rank= 2857.0us (434.2TF,  487GB/s)  (rank0)
 tokens=4096  recv=32686  experts=  48  nvfp4= 5437.0us mean_rank= 5448.0us max_rank= 5455.0us (453.9TF,  323GB/s)  (rank0)
 tokens=8192  recv=65538  experts=  48  nvfp4=10195.0us mean_rank=10191.6us max_rank=10199.0us (485.3TF,  245GB/s)  (rank0)
