
=============
== PyTorch ==
=============

NVIDIA Release 26.03 (build 286725635)
PyTorch Version 2.11.0a0+a6c236b
Container image Copyright (c) 2025, NVIDIA CORPORATION & AFFILIATES. All rights reserved.
Copyright (c) 2014-2024 Facebook Inc.
Copyright (c) 2011-2014 Idiap Research Institute (Ronan Collobert)
Copyright (c) 2012-2014 Deepmind Technologies    (Koray Kavukcuoglu)
Copyright (c) 2011-2012 NEC Laboratories America (Koray Kavukcuoglu)
Copyright (c) 2011-2013 NYU                      (Clement Farabet)
Copyright (c) 2006-2010 NEC Laboratories America (Ronan Collobert, Leon Bottou, Iain Melvin, Jason Weston)
Copyright (c) 2006      Idiap Research Institute (Samy Bengio)
Copyright (c) 2001-2004 Idiap Research Institute (Ronan Collobert, Samy Bengio, Johnny Mariethoz)
Copyright (c) 2015      Google Inc.
Copyright (c) 2015      Yangqing Jia
Copyright (c) 2013-2016 The Caffe contributors
All rights reserved.

Various files include modifications (c) NVIDIA CORPORATION & AFFILIATES.  All rights reserved.

GOVERNING TERMS: The software and materials are governed by the NVIDIA Software License Agreement
(found at https://www.nvidia.com/en-us/agreements/enterprise-software/nvidia-software-license-agreement/)
and the Product-Specific Terms for NVIDIA AI Products
(found at https://www.nvidia.com/en-us/agreements/enterprise-software/product-specific-terms-for-ai-products/).

NOTE: Mellanox network driver detected, but NVIDIA peer memory driver not
      detected.  Multi-node communication performance may be reduced.

SM90 MegaMoE bench: ranks=8 hidden=6144 ih=2048 experts=384 topk=8 masked_ratio=0.0 fast_math=True
 tokens=   8  recv=   64  experts=  39  nvfp4=  506.5us mean_rank=  505.8us max_rank=  512.9us (  9.5TF, 1638GB/s)  (rank0)
 tokens=  16  recv=  118  experts=  45  nvfp4=  584.0us mean_rank=  583.0us max_rank=  592.4us ( 15.3TF, 1641GB/s)  (rank0)
 tokens=  32  recv=  241  experts=  48  nvfp4=  578.5us mean_rank=  585.9us max_rank=  592.9us ( 31.5TF, 1771GB/s)  (rank0)
 tokens=  64  recv=  546  experts=  48  nvfp4=  570.9us mean_rank=  570.1us max_rank=  579.9us ( 72.2TF, 1807GB/s)  (rank0)
 tokens= 128  recv=  984  experts=  48  nvfp4=  581.6us mean_rank=  574.4us max_rank=  583.7us (127.7TF, 1791GB/s)  (rank0)
 tokens= 256  recv= 2037  experts=  48  nvfp4=  578.3us mean_rank=  573.4us max_rank=  579.9us (265.9TF, 1842GB/s)  (rank0)
 tokens= 512  recv= 4097  experts=  48  nvfp4= 1055.0us mean_rank= 1047.4us max_rank= 1057.0us (293.2TF, 1054GB/s)  (rank0)
 tokens=1024  recv= 8140  experts=  48  nvfp4= 1550.0us mean_rank= 1546.8us max_rank= 1551.0us (396.5TF,  776GB/s)  (rank0)
 tokens=2048  recv=16409  experts=  48  nvfp4= 2866.0us mean_rank= 2864.2us max_rank= 2869.0us (432.3TF,  485GB/s)  (rank0)
 tokens=4096  recv=32686  experts=  48  nvfp4= 5470.0us mean_rank= 5470.3us max_rank= 5478.0us (451.1TF,  321GB/s)  (rank0)
 tokens=8192  recv=65538  experts=  48  nvfp4=10202.0us mean_rank=10199.5us max_rank=10207.0us (485.0TF,  245GB/s)  (rank0)
