
=============
== PyTorch ==
=============

NVIDIA Release 26.03 (build 286725635)
PyTorch Version 2.11.0a0+a6c236b
Container image Copyright (c) 2025, NVIDIA CORPORATION & AFFILIATES. All rights reserved.
Copyright (c) 2014-2024 Facebook Inc.
Copyright (c) 2011-2014 Idiap Research Institute (Ronan Collobert)
Copyright (c) 2012-2014 Deepmind Technologies    (Koray Kavukcuoglu)
Copyright (c) 2011-2012 NEC Laboratories America (Koray Kavukcuoglu)
Copyright (c) 2011-2013 NYU                      (Clement Farabet)
Copyright (c) 2006-2010 NEC Laboratories America (Ronan Collobert, Leon Bottou, Iain Melvin, Jason Weston)
Copyright (c) 2006      Idiap Research Institute (Samy Bengio)
Copyright (c) 2001-2004 Idiap Research Institute (Ronan Collobert, Samy Bengio, Johnny Mariethoz)
Copyright (c) 2015      Google Inc.
Copyright (c) 2015      Yangqing Jia
Copyright (c) 2013-2016 The Caffe contributors
All rights reserved.

Various files include modifications (c) NVIDIA CORPORATION & AFFILIATES.  All rights reserved.

GOVERNING TERMS: The software and materials are governed by the NVIDIA Software License Agreement
(found at https://www.nvidia.com/en-us/agreements/enterprise-software/nvidia-software-license-agreement/)
and the Product-Specific Terms for NVIDIA AI Products
(found at https://www.nvidia.com/en-us/agreements/enterprise-software/product-specific-terms-for-ai-products/).

NOTE: Mellanox network driver detected, but NVIDIA peer memory driver not
      detected.  Multi-node communication performance may be reduced.

SM90 MegaMoE bench: ranks=8 hidden=7168 ih=3072 experts=384 topk=6 masked_ratio=0.0 fast_math=True
 tokens=   8  recv=   50  experts=  33  nvfp4=  679.9us mean_rank=  671.5us max_rank=  679.9us (  9.7TF, 1806GB/s)  (rank0)
 tokens=  16  recv=   89  experts=  39  nvfp4=  816.7us mean_rank=  817.9us max_rank=  823.7us ( 14.4TF, 1777GB/s)  (rank0)
 tokens=  32  recv=  187  experts=  47  nvfp4=  883.0us mean_rank=  878.8us max_rank=  883.5us ( 28.0TF, 1984GB/s)  (rank0)
 tokens=  64  recv=  348  experts=  48  nvfp4=  888.6us mean_rank=  883.7us max_rank=  888.6us ( 51.7TF, 2018GB/s)  (rank0)
 tokens= 128  recv=  789  experts=  48  nvfp4=  878.9us mean_rank=  875.4us max_rank=  879.2us (118.6TF, 2054GB/s)  (rank0)
 tokens= 256  recv= 1574  experts=  48  nvfp4=  926.9us mean_rank=  917.4us max_rank=  927.3us (224.4TF, 1971GB/s)  (rank0)
 tokens= 512  recv= 3089  experts=  48  nvfp4= 1419.0us mean_rank= 1409.8us max_rank= 1419.0us (287.6TF, 1317GB/s)  (rank0)
 tokens=1024  recv= 6102  experts=  48  nvfp4= 2154.0us mean_rank= 2147.3us max_rank= 2154.0us (374.3TF,  906GB/s)  (rank0)
 tokens=2048  recv=12294  experts=  48  nvfp4= 4039.0us mean_rank= 4037.8us max_rank= 4049.0us (402.2TF,  526GB/s)  (rank0)
 tokens=4096  recv=24323  experts=  48  nvfp4= 7091.0us mean_rank= 7084.1us max_rank= 7091.0us (453.2TF,  346GB/s)  (rank0)
 tokens=8192  recv=49566  experts=  48  nvfp4=13324.0us mean_rank=13319.1us max_rank=13326.0us (491.5TF,  237GB/s)  (rank0)
