
=============
== PyTorch ==
=============

NVIDIA Release 26.03 (build 286725635)
PyTorch Version 2.11.0a0+a6c236b
Container image Copyright (c) 2025, NVIDIA CORPORATION & AFFILIATES. All rights reserved.
Copyright (c) 2014-2024 Facebook Inc.
Copyright (c) 2011-2014 Idiap Research Institute (Ronan Collobert)
Copyright (c) 2012-2014 Deepmind Technologies    (Koray Kavukcuoglu)
Copyright (c) 2011-2012 NEC Laboratories America (Koray Kavukcuoglu)
Copyright (c) 2011-2013 NYU                      (Clement Farabet)
Copyright (c) 2006-2010 NEC Laboratories America (Ronan Collobert, Leon Bottou, Iain Melvin, Jason Weston)
Copyright (c) 2006      Idiap Research Institute (Samy Bengio)
Copyright (c) 2001-2004 Idiap Research Institute (Ronan Collobert, Samy Bengio, Johnny Mariethoz)
Copyright (c) 2015      Google Inc.
Copyright (c) 2015      Yangqing Jia
Copyright (c) 2013-2016 The Caffe contributors
All rights reserved.

Various files include modifications (c) NVIDIA CORPORATION & AFFILIATES.  All rights reserved.

GOVERNING TERMS: The software and materials are governed by the NVIDIA Software License Agreement
(found at https://www.nvidia.com/en-us/agreements/enterprise-software/nvidia-software-license-agreement/)
and the Product-Specific Terms for NVIDIA AI Products
(found at https://www.nvidia.com/en-us/agreements/enterprise-software/product-specific-terms-for-ai-products/).

NOTE: Mellanox network driver detected, but NVIDIA peer memory driver not
      detected.  Multi-node communication performance may be reduced.

SM90 MegaMoE bench: ranks=8 hidden=7168 ih=3072 experts=384 topk=6 masked_ratio=0.0 fast_math=True
/usr/local/lib/python3.12/dist-packages/torch/utils/_device.py:124: UserWarning: Specified kernel cache directory could not be created! This disables kernel caching. Specified directory is /root/.cache/torch/kernels. This warning will appear only once per process. (Triggered internally at /opt/pytorch/pytorch/aten/src/ATen/native/cuda/jit_utils.cpp:1487.)
  return func(*args, **kwargs)
/usr/local/lib/python3.12/dist-packages/torch/utils/_device.py:124: UserWarning: Specified kernel cache directory could not be created! This disables kernel caching. Specified directory is /root/.cache/torch/kernels. This warning will appear only once per process. (Triggered internally at /opt/pytorch/pytorch/aten/src/ATen/native/cuda/jit_utils.cpp:1487.)
  return func(*args, **kwargs)
/usr/local/lib/python3.12/dist-packages/torch/utils/_device.py:124: UserWarning: Specified kernel cache directory could not be created! This disables kernel caching. Specified directory is /root/.cache/torch/kernels. This warning will appear only once per process. (Triggered internally at /opt/pytorch/pytorch/aten/src/ATen/native/cuda/jit_utils.cpp:1487.)
  return func(*args, **kwargs)
 tokens=   8  recv=   50  experts=  33  nvfp4=  755.6us mean_rank=  740.7us max_rank=  756.3us (  8.7TF, 1625GB/s)  (rank0)
 tokens=  16  recv=   89  experts=  39  nvfp4=  810.4us mean_rank=  808.2us max_rank=  812.2us ( 14.5TF, 1791GB/s)  (rank0)
 tokens=  32  recv=  187  experts=  47  nvfp4=  918.9us mean_rank=  908.7us max_rank=  918.9us ( 26.9TF, 1906GB/s)  (rank0)
 tokens=  64  recv=  348  experts=  48  nvfp4=  898.8us mean_rank=  894.2us max_rank=  899.7us ( 51.2TF, 1995GB/s)  (rank0)
 tokens= 128  recv=  789  experts=  48  nvfp4=  868.8us mean_rank=  865.7us max_rank=  869.0us (120.0TF, 2078GB/s)  (rank0)
 tokens= 256  recv= 1574  experts=  48  nvfp4=  893.5us mean_rank=  890.2us max_rank=  893.7us (232.7TF, 2045GB/s)  (rank0)
 tokens= 512  recv= 3089  experts=  48  nvfp4= 1386.0us mean_rank= 1380.6us max_rank= 1386.0us (294.5TF, 1349GB/s)  (rank0)
 tokens=1024  recv= 6102  experts=  48  nvfp4= 2151.0us mean_rank= 2147.5us max_rank= 2152.0us (374.8TF,  908GB/s)  (rank0)
 tokens=2048  recv=12294  experts=  48  nvfp4= 4014.0us mean_rank= 4009.9us max_rank= 4014.0us (404.7TF,  529GB/s)  (rank0)
 tokens=4096  recv=24323  experts=  48  nvfp4= 7084.0us mean_rank= 7078.1us max_rank= 7085.0us (453.6TF,  347GB/s)  (rank0)
 tokens=8192  recv=49566  experts=  48  nvfp4=13323.0us mean_rank=13323.4us max_rank=13330.0us (491.5TF,  237GB/s)  (rank0)
