
=============
== PyTorch ==
=============

NVIDIA Release 26.03 (build 286725635)
PyTorch Version 2.11.0a0+a6c236b
Container image Copyright (c) 2025, NVIDIA CORPORATION & AFFILIATES. All rights reserved.
Copyright (c) 2014-2024 Facebook Inc.
Copyright (c) 2011-2014 Idiap Research Institute (Ronan Collobert)
Copyright (c) 2012-2014 Deepmind Technologies    (Koray Kavukcuoglu)
Copyright (c) 2011-2012 NEC Laboratories America (Koray Kavukcuoglu)
Copyright (c) 2011-2013 NYU                      (Clement Farabet)
Copyright (c) 2006-2010 NEC Laboratories America (Ronan Collobert, Leon Bottou, Iain Melvin, Jason Weston)
Copyright (c) 2006      Idiap Research Institute (Samy Bengio)
Copyright (c) 2001-2004 Idiap Research Institute (Ronan Collobert, Samy Bengio, Johnny Mariethoz)
Copyright (c) 2015      Google Inc.
Copyright (c) 2015      Yangqing Jia
Copyright (c) 2013-2016 The Caffe contributors
All rights reserved.

Various files include modifications (c) NVIDIA CORPORATION & AFFILIATES.  All rights reserved.

GOVERNING TERMS: The software and materials are governed by the NVIDIA Software License Agreement
(found at https://www.nvidia.com/en-us/agreements/enterprise-software/nvidia-software-license-agreement/)
and the Product-Specific Terms for NVIDIA AI Products
(found at https://www.nvidia.com/en-us/agreements/enterprise-software/product-specific-terms-for-ai-products/).

NOTE: Mellanox network driver detected, but NVIDIA peer memory driver not
      detected.  Multi-node communication performance may be reduced.

SM90 MegaMoE bench: ranks=8 hidden=7168 ih=3072 experts=384 topk=6 masked_ratio=0.0 fast_math=True
 tokens=   8  recv=   50  experts=  33  nvfp4=  652.9us mean_rank=  653.8us max_rank=  661.0us ( 10.1TF, 1880GB/s)  (rank0)
 tokens=  16  recv=   89  experts=  39  nvfp4=  863.9us mean_rank=  857.9us max_rank=  871.1us ( 13.6TF, 1680GB/s)  (rank0)
 tokens=  32  recv=  187  experts=  47  nvfp4=  915.4us mean_rank=  911.6us max_rank=  925.3us ( 27.0TF, 1914GB/s)  (rank0)
 tokens=  64  recv=  348  experts=  48  nvfp4=  902.7us mean_rank=  907.1us max_rank=  917.1us ( 50.9TF, 1987GB/s)  (rank0)
 tokens= 128  recv=  789  experts=  48  nvfp4=  908.8us mean_rank=  906.8us max_rank=  919.1us (114.7TF, 1987GB/s)  (rank0)
 tokens= 256  recv= 1574  experts=  48  nvfp4=  912.9us mean_rank=  909.3us max_rank=  919.9us (227.8TF, 2001GB/s)  (rank0)
 tokens= 512  recv= 3089  experts=  48  nvfp4= 1391.0us mean_rank= 1388.9us max_rank= 1397.0us (293.4TF, 1344GB/s)  (rank0)
 tokens=1024  recv= 6102  experts=  48  nvfp4= 2140.0us mean_rank= 2140.6us max_rank= 2148.0us (376.7TF,  912GB/s)  (rank0)
 tokens=2048  recv=12294  experts=  48  nvfp4= 3972.0us mean_rank= 3971.7us max_rank= 3978.0us (408.9TF,  535GB/s)  (rank0)
 tokens=4096  recv=24323  experts=  48  nvfp4= 7064.0us mean_rank= 7063.6us max_rank= 7074.0us (454.9TF,  348GB/s)  (rank0)
 tokens=8192  recv=49566  experts=  48  nvfp4=13328.0us mean_rank=13334.9us max_rank=13345.0us (491.3TF,  237GB/s)  (rank0)
