
=============
== PyTorch ==
=============

NVIDIA Release 26.03 (build 286725635)
PyTorch Version 2.11.0a0+a6c236b
Container image Copyright (c) 2025, NVIDIA CORPORATION & AFFILIATES. All rights reserved.
Copyright (c) 2014-2024 Facebook Inc.
Copyright (c) 2011-2014 Idiap Research Institute (Ronan Collobert)
Copyright (c) 2012-2014 Deepmind Technologies    (Koray Kavukcuoglu)
Copyright (c) 2011-2012 NEC Laboratories America (Koray Kavukcuoglu)
Copyright (c) 2011-2013 NYU                      (Clement Farabet)
Copyright (c) 2006-2010 NEC Laboratories America (Ronan Collobert, Leon Bottou, Iain Melvin, Jason Weston)
Copyright (c) 2006      Idiap Research Institute (Samy Bengio)
Copyright (c) 2001-2004 Idiap Research Institute (Ronan Collobert, Samy Bengio, Johnny Mariethoz)
Copyright (c) 2015      Google Inc.
Copyright (c) 2015      Yangqing Jia
Copyright (c) 2013-2016 The Caffe contributors
All rights reserved.

Various files include modifications (c) NVIDIA CORPORATION & AFFILIATES.  All rights reserved.

GOVERNING TERMS: The software and materials are governed by the NVIDIA Software License Agreement
(found at https://www.nvidia.com/en-us/agreements/enterprise-software/nvidia-software-license-agreement/)
and the Product-Specific Terms for NVIDIA AI Products
(found at https://www.nvidia.com/en-us/agreements/enterprise-software/product-specific-terms-for-ai-products/).

NOTE: Mellanox network driver detected, but NVIDIA peer memory driver not
      detected.  Multi-node communication performance may be reduced.

SM90 MegaMoE bench: ranks=8 hidden=4096 ih=2048 experts=256 topk=6 masked_ratio=0.0 fast_math=True
 tokens=   8  recv=   46  experts=  24  nvfp4=  231.7us mean_rank=  237.1us max_rank=  245.6us ( 10.0TF, 1470GB/s)  (rank0)
 tokens=  16  recv=   92  experts=  30  nvfp4=  301.9us mean_rank=  296.9us max_rank=  312.2us ( 15.3TF, 1411GB/s)  (rank0)
 tokens=  32  recv=  170  experts=  32  nvfp4=  277.9us mean_rank=  283.6us max_rank=  294.4us ( 30.8TF, 1640GB/s)  (rank0)
 tokens=  64  recv=  378  experts=  32  nvfp4=  307.8us mean_rank=  316.2us max_rank=  330.0us ( 61.8TF, 1492GB/s)  (rank0)
 tokens= 128  recv=  784  experts=  32  nvfp4=  276.7us mean_rank=  279.2us max_rank=  287.4us (142.6TF, 1684GB/s)  (rank0)
 tokens= 256  recv= 1568  experts=  32  nvfp4=  283.9us mean_rank=  286.4us max_rank=  293.9us (278.0TF, 1686GB/s)  (rank0)
 tokens= 512  recv= 3147  experts=  32  nvfp4=  490.7us mean_rank=  492.7us max_rank=  498.3us (322.8TF, 1028GB/s)  (rank0)
 tokens=1024  recv= 6221  experts=  32  nvfp4=  823.7us mean_rank=  854.1us max_rank=  863.4us (380.1TF,  674GB/s)  (rank0)
 tokens=2048  recv=12365  experts=  32  nvfp4= 1568.9us mean_rank= 1590.3us max_rank= 1598.4us (396.7TF,  418GB/s)  (rank0)
 tokens=4096  recv=24547  experts=  32  nvfp4= 2712.0us mean_rank= 2734.5us max_rank= 2743.0us (455.6TF,  315GB/s)  (rank0)
 tokens=8192  recv=49065  experts=  32  nvfp4= 5164.0us mean_rank= 5181.0us max_rank= 5190.0us (478.2TF,  243GB/s)  (rank0)
