
=============
== PyTorch ==
=============

NVIDIA Release 26.03 (build 286725635)
PyTorch Version 2.11.0a0+a6c236b
Container image Copyright (c) 2025, NVIDIA CORPORATION & AFFILIATES. All rights reserved.
Copyright (c) 2014-2024 Facebook Inc.
Copyright (c) 2011-2014 Idiap Research Institute (Ronan Collobert)
Copyright (c) 2012-2014 Deepmind Technologies    (Koray Kavukcuoglu)
Copyright (c) 2011-2012 NEC Laboratories America (Koray Kavukcuoglu)
Copyright (c) 2011-2013 NYU                      (Clement Farabet)
Copyright (c) 2006-2010 NEC Laboratories America (Ronan Collobert, Leon Bottou, Iain Melvin, Jason Weston)
Copyright (c) 2006      Idiap Research Institute (Samy Bengio)
Copyright (c) 2001-2004 Idiap Research Institute (Ronan Collobert, Samy Bengio, Johnny Mariethoz)
Copyright (c) 2015      Google Inc.
Copyright (c) 2015      Yangqing Jia
Copyright (c) 2013-2016 The Caffe contributors
All rights reserved.

Various files include modifications (c) NVIDIA CORPORATION & AFFILIATES.  All rights reserved.

GOVERNING TERMS: The software and materials are governed by the NVIDIA Software License Agreement
(found at https://www.nvidia.com/en-us/agreements/enterprise-software/nvidia-software-license-agreement/)
and the Product-Specific Terms for NVIDIA AI Products
(found at https://www.nvidia.com/en-us/agreements/enterprise-software/product-specific-terms-for-ai-products/).

NOTE: Mellanox network driver detected, but NVIDIA peer memory driver not
      detected.  Multi-node communication performance may be reduced.

SM90 MegaMoE bench: ranks=8 hidden=4096 ih=2048 experts=256 topk=6 masked_ratio=0.0 fast_math=True
 tokens=   8  recv=   46  experts=  24  nvfp4=  246.7us mean_rank=  270.4us max_rank=  280.7us (  9.4TF, 1380GB/s)  (rank0)
 tokens=  16  recv=   92  experts=  30  nvfp4=  245.4us mean_rank=  245.6us max_rank=  251.0us ( 18.9TF, 1737GB/s)  (rank0)
 tokens=  32  recv=  170  experts=  32  nvfp4=  262.4us mean_rank=  261.8us max_rank=  268.3us ( 32.6TF, 1737GB/s)  (rank0)
 tokens=  64  recv=  378  experts=  32  nvfp4=  278.9us mean_rank=  276.5us max_rank=  282.0us ( 68.2TF, 1646GB/s)  (rank0)
 tokens= 128  recv=  784  experts=  32  nvfp4=  264.6us mean_rank=  266.5us max_rank=  270.4us (149.2TF, 1761GB/s)  (rank0)
 tokens= 256  recv= 1568  experts=  32  nvfp4=  282.6us mean_rank=  282.6us max_rank=  286.2us (279.3TF, 1694GB/s)  (rank0)
 tokens= 512  recv= 3147  experts=  32  nvfp4=  564.5us mean_rank=  554.9us max_rank=  569.2us (280.6TF,  894GB/s)  (rank0)
 tokens=1024  recv= 6221  experts=  32  nvfp4=  889.6us mean_rank=  883.8us max_rank=  896.5us (352.0TF,  624GB/s)  (rank0)
 tokens=2048  recv=12365  experts=  32  nvfp4= 1580.2us mean_rank= 1579.5us max_rank= 1585.2us (393.8TF,  415GB/s)  (rank0)
 tokens=4096  recv=24547  experts=  32  nvfp4= 2725.0us mean_rank= 2724.8us max_rank= 2729.0us (453.4TF,  314GB/s)  (rank0)
 tokens=8192  recv=49065  experts=  32  nvfp4= 5172.0us mean_rank= 5209.9us max_rank= 5221.0us (477.5TF,  243GB/s)  (rank0)
