
=============
== PyTorch ==
=============

NVIDIA Release 26.03 (build 286725635)
PyTorch Version 2.11.0a0+a6c236b
Container image Copyright (c) 2025, NVIDIA CORPORATION & AFFILIATES. All rights reserved.
Copyright (c) 2014-2024 Facebook Inc.
Copyright (c) 2011-2014 Idiap Research Institute (Ronan Collobert)
Copyright (c) 2012-2014 Deepmind Technologies    (Koray Kavukcuoglu)
Copyright (c) 2011-2012 NEC Laboratories America (Koray Kavukcuoglu)
Copyright (c) 2011-2013 NYU                      (Clement Farabet)
Copyright (c) 2006-2010 NEC Laboratories America (Ronan Collobert, Leon Bottou, Iain Melvin, Jason Weston)
Copyright (c) 2006      Idiap Research Institute (Samy Bengio)
Copyright (c) 2001-2004 Idiap Research Institute (Ronan Collobert, Samy Bengio, Johnny Mariethoz)
Copyright (c) 2015      Google Inc.
Copyright (c) 2015      Yangqing Jia
Copyright (c) 2013-2016 The Caffe contributors
All rights reserved.

Various files include modifications (c) NVIDIA CORPORATION & AFFILIATES.  All rights reserved.

GOVERNING TERMS: The software and materials are governed by the NVIDIA Software License Agreement
(found at https://www.nvidia.com/en-us/agreements/enterprise-software/nvidia-software-license-agreement/)
and the Product-Specific Terms for NVIDIA AI Products
(found at https://www.nvidia.com/en-us/agreements/enterprise-software/product-specific-terms-for-ai-products/).

NOTE: Mellanox network driver detected, but NVIDIA peer memory driver not
      detected.  Multi-node communication performance may be reduced.

SM90 MegaMoE bench: ranks=8 hidden=6144 ih=2048 experts=384 topk=8 masked_ratio=0.0 fast_math=True
 tokens=   8  recv=   64  experts=  39  nvfp4=  495.4us mean_rank=  492.0us max_rank=  495.4us (  9.8TF, 1674GB/s)  (rank0)
 tokens=  16  recv=  118  experts=  45  nvfp4=  558.7us mean_rank=  559.5us max_rank=  564.3us ( 15.9TF, 1715GB/s)  (rank0)
 tokens=  32  recv=  241  experts=  48  nvfp4=  560.1us mean_rank=  561.3us max_rank=  564.5us ( 32.5TF, 1830GB/s)  (rank0)
 tokens=  64  recv=  546  experts=  48  nvfp4=  628.8us mean_rank=  628.9us max_rank=  649.3us ( 65.6TF, 1641GB/s)  (rank0)
 tokens= 128  recv=  984  experts=  48  nvfp4=  600.3us mean_rank=  614.9us max_rank=  628.1us (123.7TF, 1735GB/s)  (rank0)
 tokens= 256  recv= 2037  experts=  48  nvfp4=  554.1us mean_rank=  578.2us max_rank=  588.2us (277.5TF, 1922GB/s)  (rank0)
 tokens= 512  recv= 4097  experts=  48  nvfp4= 1014.0us mean_rank= 1037.1us max_rank= 1045.0us (305.0TF, 1096GB/s)  (rank0)
 tokens=1024  recv= 8140  experts=  48  nvfp4= 1530.0us mean_rank= 1557.6us max_rank= 1563.0us (401.7TF,  786GB/s)  (rank0)
 tokens=2048  recv=16409  experts=  48  nvfp4= 2846.0us mean_rank= 2868.6us max_rank= 2876.0us (435.3TF,  488GB/s)  (rank0)
 tokens=4096  recv=32686  experts=  48  nvfp4= 5441.0us mean_rank= 5458.6us max_rank= 5465.0us (453.5TF,  323GB/s)  (rank0)
 tokens=8192  recv=65538  experts=  48  nvfp4=10203.0us mean_rank=10223.5us max_rank=10234.0us (485.0TF,  245GB/s)  (rank0)
