
=============
== PyTorch ==
=============

NVIDIA Release 26.03 (build 286725635)
PyTorch Version 2.11.0a0+a6c236b
Container image Copyright (c) 2025, NVIDIA CORPORATION & AFFILIATES. All rights reserved.
Copyright (c) 2014-2024 Facebook Inc.
Copyright (c) 2011-2014 Idiap Research Institute (Ronan Collobert)
Copyright (c) 2012-2014 Deepmind Technologies    (Koray Kavukcuoglu)
Copyright (c) 2011-2012 NEC Laboratories America (Koray Kavukcuoglu)
Copyright (c) 2011-2013 NYU                      (Clement Farabet)
Copyright (c) 2006-2010 NEC Laboratories America (Ronan Collobert, Leon Bottou, Iain Melvin, Jason Weston)
Copyright (c) 2006      Idiap Research Institute (Samy Bengio)
Copyright (c) 2001-2004 Idiap Research Institute (Ronan Collobert, Samy Bengio, Johnny Mariethoz)
Copyright (c) 2015      Google Inc.
Copyright (c) 2015      Yangqing Jia
Copyright (c) 2013-2016 The Caffe contributors
All rights reserved.

Various files include modifications (c) NVIDIA CORPORATION & AFFILIATES.  All rights reserved.

GOVERNING TERMS: The software and materials are governed by the NVIDIA Software License Agreement
(found at https://www.nvidia.com/en-us/agreements/enterprise-software/nvidia-software-license-agreement/)
and the Product-Specific Terms for NVIDIA AI Products
(found at https://www.nvidia.com/en-us/agreements/enterprise-software/product-specific-terms-for-ai-products/).

NOTE: Mellanox network driver detected, but NVIDIA peer memory driver not
      detected.  Multi-node communication performance may be reduced.

SM90 MegaMoE bench: ranks=8 hidden=6144 ih=2048 experts=384 topk=8 masked_ratio=0.0 fast_math=True
 tokens=   8  recv=   64  experts=  39  nvfp4=  531.2us mean_rank=  528.0us max_rank=  537.6us (  9.1TF, 1562GB/s)  (rank0)
 tokens=  16  recv=  118  experts=  45  nvfp4=  587.6us mean_rank=  590.9us max_rank=  601.7us ( 15.2TF, 1631GB/s)  (rank0)
 tokens=  32  recv=  241  experts=  48  nvfp4=  563.0us mean_rank=  563.7us max_rank=  569.0us ( 32.3TF, 1820GB/s)  (rank0)
 tokens=  64  recv=  546  experts=  48  nvfp4=  543.8us mean_rank=  545.6us max_rank=  553.1us ( 75.8TF, 1897GB/s)  (rank0)
 tokens= 128  recv=  984  experts=  48  nvfp4=  537.0us mean_rank=  544.5us max_rank=  550.3us (138.3TF, 1939GB/s)  (rank0)
 tokens= 256  recv= 2037  experts=  48  nvfp4=  546.8us mean_rank=  557.9us max_rank=  563.4us (281.3TF, 1948GB/s)  (rank0)
 tokens= 512  recv= 4097  experts=  48  nvfp4= 1038.0us mean_rank= 1038.9us max_rank= 1046.0us (298.0TF, 1071GB/s)  (rank0)
 tokens=1024  recv= 8140  experts=  48  nvfp4= 1532.0us mean_rank= 1536.0us max_rank= 1539.0us (401.1TF,  785GB/s)  (rank0)
 tokens=2048  recv=16409  experts=  48  nvfp4= 2849.0us mean_rank= 2849.9us max_rank= 2855.0us (434.8TF,  487GB/s)  (rank0)
 tokens=4096  recv=32686  experts=  48  nvfp4= 5458.0us mean_rank= 5456.2us max_rank= 5463.0us (452.1TF,  322GB/s)  (rank0)
 tokens=8192  recv=65538  experts=  48  nvfp4=10185.0us mean_rank=10181.2us max_rank=10186.0us (485.8TF,  245GB/s)  (rank0)
