
=============
== PyTorch ==
=============

NVIDIA Release 26.03 (build 286725635)
PyTorch Version 2.11.0a0+a6c236b
Container image Copyright (c) 2025, NVIDIA CORPORATION & AFFILIATES. All rights reserved.
Copyright (c) 2014-2024 Facebook Inc.
Copyright (c) 2011-2014 Idiap Research Institute (Ronan Collobert)
Copyright (c) 2012-2014 Deepmind Technologies    (Koray Kavukcuoglu)
Copyright (c) 2011-2012 NEC Laboratories America (Koray Kavukcuoglu)
Copyright (c) 2011-2013 NYU                      (Clement Farabet)
Copyright (c) 2006-2010 NEC Laboratories America (Ronan Collobert, Leon Bottou, Iain Melvin, Jason Weston)
Copyright (c) 2006      Idiap Research Institute (Samy Bengio)
Copyright (c) 2001-2004 Idiap Research Institute (Ronan Collobert, Samy Bengio, Johnny Mariethoz)
Copyright (c) 2015      Google Inc.
Copyright (c) 2015      Yangqing Jia
Copyright (c) 2013-2016 The Caffe contributors
All rights reserved.

Various files include modifications (c) NVIDIA CORPORATION & AFFILIATES.  All rights reserved.

GOVERNING TERMS: The software and materials are governed by the NVIDIA Software License Agreement
(found at https://www.nvidia.com/en-us/agreements/enterprise-software/nvidia-software-license-agreement/)
and the Product-Specific Terms for NVIDIA AI Products
(found at https://www.nvidia.com/en-us/agreements/enterprise-software/product-specific-terms-for-ai-products/).

NOTE: Mellanox network driver detected, but NVIDIA peer memory driver not
      detected.  Multi-node communication performance may be reduced.

SM90 MegaMoE bench: ranks=8 hidden=4096 ih=2048 experts=256 topk=6 masked_ratio=0.0 fast_math=True
 tokens=   8  recv=   46  experts=  24  nvfp4=  246.6us mean_rank=  243.1us max_rank=  248.1us (  9.4TF, 1381GB/s)  (rank0)
 tokens=  16  recv=   92  experts=  30  nvfp4=  260.8us mean_rank=  264.7us max_rank=  273.1us ( 17.8TF, 1634GB/s)  (rank0)
 tokens=  32  recv=  170  experts=  32  nvfp4=  250.6us mean_rank=  259.5us max_rank=  263.7us ( 34.1TF, 1819GB/s)  (rank0)
 tokens=  64  recv=  378  experts=  32  nvfp4=  268.5us mean_rank=  269.3us max_rank=  275.2us ( 70.9TF, 1710GB/s)  (rank0)
 tokens= 128  recv=  784  experts=  32  nvfp4=  308.3us mean_rank=  303.2us max_rank=  310.5us (128.0TF, 1511GB/s)  (rank0)
 tokens= 256  recv= 1568  experts=  32  nvfp4=  304.9us mean_rank=  301.4us max_rank=  308.2us (258.9TF, 1570GB/s)  (rank0)
 tokens= 512  recv= 3147  experts=  32  nvfp4=  517.1us mean_rank=  515.0us max_rank=  518.8us (306.3TF,  976GB/s)  (rank0)
 tokens=1024  recv= 6221  experts=  32  nvfp4=  837.3us mean_rank=  835.1us max_rank=  841.7us (374.0TF,  663GB/s)  (rank0)
 tokens=2048  recv=12365  experts=  32  nvfp4= 1581.8us mean_rank= 1579.8us max_rank= 1582.2us (393.4TF,  414GB/s)  (rank0)
 tokens=4096  recv=24547  experts=  32  nvfp4= 2730.0us mean_rank= 2728.0us max_rank= 2733.0us (452.6TF,  313GB/s)  (rank0)
 tokens=8192  recv=49065  experts=  32  nvfp4= 5155.0us mean_rank= 5158.6us max_rank= 5163.0us (479.1TF,  244GB/s)  (rank0)
