
=============
== PyTorch ==
=============

NVIDIA Release 26.03 (build 286725635)
PyTorch Version 2.11.0a0+a6c236b
Container image Copyright (c) 2025, NVIDIA CORPORATION & AFFILIATES. All rights reserved.
Copyright (c) 2014-2024 Facebook Inc.
Copyright (c) 2011-2014 Idiap Research Institute (Ronan Collobert)
Copyright (c) 2012-2014 Deepmind Technologies    (Koray Kavukcuoglu)
Copyright (c) 2011-2012 NEC Laboratories America (Koray Kavukcuoglu)
Copyright (c) 2011-2013 NYU                      (Clement Farabet)
Copyright (c) 2006-2010 NEC Laboratories America (Ronan Collobert, Leon Bottou, Iain Melvin, Jason Weston)
Copyright (c) 2006      Idiap Research Institute (Samy Bengio)
Copyright (c) 2001-2004 Idiap Research Institute (Ronan Collobert, Samy Bengio, Johnny Mariethoz)
Copyright (c) 2015      Google Inc.
Copyright (c) 2015      Yangqing Jia
Copyright (c) 2013-2016 The Caffe contributors
All rights reserved.

Various files include modifications (c) NVIDIA CORPORATION & AFFILIATES.  All rights reserved.

GOVERNING TERMS: The software and materials are governed by the NVIDIA Software License Agreement
(found at https://www.nvidia.com/en-us/agreements/enterprise-software/nvidia-software-license-agreement/)
and the Product-Specific Terms for NVIDIA AI Products
(found at https://www.nvidia.com/en-us/agreements/enterprise-software/product-specific-terms-for-ai-products/).

NOTE: Mellanox network driver detected, but NVIDIA peer memory driver not
      detected.  Multi-node communication performance may be reduced.

SM90 MegaMoE bench: ranks=8 hidden=6144 ih=2048 experts=384 topk=8 masked_ratio=0.0 fast_math=True
/usr/local/lib/python3.12/dist-packages/torch/utils/_device.py:124: UserWarning: Specified kernel cache directory could not be created! This disables kernel caching. Specified directory is /root/.cache/torch/kernels. This warning will appear only once per process. (Triggered internally at /opt/pytorch/pytorch/aten/src/ATen/native/cuda/jit_utils.cpp:1487.)
  return func(*args, **kwargs)
/usr/local/lib/python3.12/dist-packages/torch/utils/_device.py:124: UserWarning: Specified kernel cache directory could not be created! This disables kernel caching. Specified directory is /root/.cache/torch/kernels. This warning will appear only once per process. (Triggered internally at /opt/pytorch/pytorch/aten/src/ATen/native/cuda/jit_utils.cpp:1487.)
  return func(*args, **kwargs)
/usr/local/lib/python3.12/dist-packages/torch/utils/_device.py:124: UserWarning: Specified kernel cache directory could not be created! This disables kernel caching. Specified directory is /root/.cache/torch/kernels. This warning will appear only once per process. (Triggered internally at /opt/pytorch/pytorch/aten/src/ATen/native/cuda/jit_utils.cpp:1487.)
  return func(*args, **kwargs)
 tokens=   8  recv=   64  experts=  39  nvfp4=  508.1us mean_rank=  507.4us max_rank=  514.0us (  9.5TF, 1633GB/s)  (rank0)
 tokens=  16  recv=  118  experts=  45  nvfp4=  548.2us mean_rank=  559.9us max_rank=  562.5us ( 16.2TF, 1748GB/s)  (rank0)
 tokens=  32  recv=  241  experts=  48  nvfp4=  555.8us mean_rank=  564.2us max_rank=  569.5us ( 32.7TF, 1844GB/s)  (rank0)
 tokens=  64  recv=  546  experts=  48  nvfp4=  540.8us mean_rank=  550.1us max_rank=  557.4us ( 76.2TF, 1907GB/s)  (rank0)
 tokens= 128  recv=  984  experts=  48  nvfp4=  541.5us mean_rank=  545.1us max_rank=  547.4us (137.2TF, 1923GB/s)  (rank0)
 tokens= 256  recv= 2037  experts=  48  nvfp4=  547.3us mean_rank=  549.6us max_rank=  554.1us (281.0TF, 1946GB/s)  (rank0)
 tokens= 512  recv= 4097  experts=  48  nvfp4= 1029.0us mean_rank= 1033.5us max_rank= 1038.0us (300.6TF, 1080GB/s)  (rank0)
 tokens=1024  recv= 8140  experts=  48  nvfp4= 1534.0us mean_rank= 1535.5us max_rank= 1541.0us (400.6TF,  784GB/s)  (rank0)
 tokens=2048  recv=16409  experts=  48  nvfp4= 2858.0us mean_rank= 2859.6us max_rank= 2864.0us (433.5TF,  486GB/s)  (rank0)
 tokens=4096  recv=32686  experts=  48  nvfp4= 5421.0us mean_rank= 5422.1us max_rank= 5427.0us (455.2TF,  324GB/s)  (rank0)
 tokens=8192  recv=65538  experts=  48  nvfp4=10180.0us mean_rank=10182.1us max_rank=10185.0us (486.0TF,  245GB/s)  (rank0)
