
=============
== PyTorch ==
=============

NVIDIA Release 26.03 (build 286725635)
PyTorch Version 2.11.0a0+a6c236b
Container image Copyright (c) 2025, NVIDIA CORPORATION & AFFILIATES. All rights reserved.
Copyright (c) 2014-2024 Facebook Inc.
Copyright (c) 2011-2014 Idiap Research Institute (Ronan Collobert)
Copyright (c) 2012-2014 Deepmind Technologies    (Koray Kavukcuoglu)
Copyright (c) 2011-2012 NEC Laboratories America (Koray Kavukcuoglu)
Copyright (c) 2011-2013 NYU                      (Clement Farabet)
Copyright (c) 2006-2010 NEC Laboratories America (Ronan Collobert, Leon Bottou, Iain Melvin, Jason Weston)
Copyright (c) 2006      Idiap Research Institute (Samy Bengio)
Copyright (c) 2001-2004 Idiap Research Institute (Ronan Collobert, Samy Bengio, Johnny Mariethoz)
Copyright (c) 2015      Google Inc.
Copyright (c) 2015      Yangqing Jia
Copyright (c) 2013-2016 The Caffe contributors
All rights reserved.

Various files include modifications (c) NVIDIA CORPORATION & AFFILIATES.  All rights reserved.

GOVERNING TERMS: The software and materials are governed by the NVIDIA Software License Agreement
(found at https://www.nvidia.com/en-us/agreements/enterprise-software/nvidia-software-license-agreement/)
and the Product-Specific Terms for NVIDIA AI Products
(found at https://www.nvidia.com/en-us/agreements/enterprise-software/product-specific-terms-for-ai-products/).

NOTE: Mellanox network driver detected, but NVIDIA peer memory driver not
      detected.  Multi-node communication performance may be reduced.

SM90 MegaMoE bench: ranks=8 hidden=6144 ih=2048 experts=384 topk=8 masked_ratio=0.0 fast_math=True
 tokens=   8  recv=   64  experts=  39  nvfp4=  555.6us mean_rank=  543.5us max_rank=  555.6us (  8.7TF, 1493GB/s)  (rank0)
 tokens=  16  recv=  118  experts=  45  nvfp4=  565.1us mean_rank=  562.0us max_rank=  566.1us ( 15.8TF, 1696GB/s)  (rank0)
 tokens=  32  recv=  241  experts=  48  nvfp4=  574.8us mean_rank=  569.0us max_rank=  574.8us ( 31.7TF, 1783GB/s)  (rank0)
 tokens=  64  recv=  546  experts=  48  nvfp4=  535.4us mean_rank=  532.9us max_rank=  537.5us ( 77.0TF, 1927GB/s)  (rank0)
 tokens= 128  recv=  984  experts=  48  nvfp4=  551.5us mean_rank=  545.7us max_rank=  551.5us (134.7TF, 1888GB/s)  (rank0)
 tokens= 256  recv= 2037  experts=  48  nvfp4=  564.3us mean_rank=  558.0us max_rank=  564.3us (272.5TF, 1887GB/s)  (rank0)
 tokens= 512  recv= 4097  experts=  48  nvfp4= 1046.0us mean_rank= 1049.6us max_rank= 1057.0us (295.7TF, 1063GB/s)  (rank0)
 tokens=1024  recv= 8140  experts=  48  nvfp4= 1557.0us mean_rank= 1549.2us max_rank= 1557.0us (394.7TF,  772GB/s)  (rank0)
 tokens=2048  recv=16409  experts=  48  nvfp4= 2862.0us mean_rank= 2856.5us max_rank= 2863.0us (432.9TF,  485GB/s)  (rank0)
 tokens=4096  recv=32686  experts=  48  nvfp4= 5429.0us mean_rank= 5429.1us max_rank= 5432.0us (454.5TF,  323GB/s)  (rank0)
 tokens=8192  recv=65538  experts=  48  nvfp4=10179.0us mean_rank=10174.1us max_rank=10182.0us (486.1TF,  245GB/s)  (rank0)
