
=============
== PyTorch ==
=============

NVIDIA Release 26.03 (build 286725635)
PyTorch Version 2.11.0a0+a6c236b
Container image Copyright (c) 2025, NVIDIA CORPORATION & AFFILIATES. All rights reserved.
Copyright (c) 2014-2024 Facebook Inc.
Copyright (c) 2011-2014 Idiap Research Institute (Ronan Collobert)
Copyright (c) 2012-2014 Deepmind Technologies    (Koray Kavukcuoglu)
Copyright (c) 2011-2012 NEC Laboratories America (Koray Kavukcuoglu)
Copyright (c) 2011-2013 NYU                      (Clement Farabet)
Copyright (c) 2006-2010 NEC Laboratories America (Ronan Collobert, Leon Bottou, Iain Melvin, Jason Weston)
Copyright (c) 2006      Idiap Research Institute (Samy Bengio)
Copyright (c) 2001-2004 Idiap Research Institute (Ronan Collobert, Samy Bengio, Johnny Mariethoz)
Copyright (c) 2015      Google Inc.
Copyright (c) 2015      Yangqing Jia
Copyright (c) 2013-2016 The Caffe contributors
All rights reserved.

Various files include modifications (c) NVIDIA CORPORATION & AFFILIATES.  All rights reserved.

GOVERNING TERMS: The software and materials are governed by the NVIDIA Software License Agreement
(found at https://www.nvidia.com/en-us/agreements/enterprise-software/nvidia-software-license-agreement/)
and the Product-Specific Terms for NVIDIA AI Products
(found at https://www.nvidia.com/en-us/agreements/enterprise-software/product-specific-terms-for-ai-products/).

NOTE: Mellanox network driver detected, but NVIDIA peer memory driver not
      detected.  Multi-node communication performance may be reduced.

SM90 MegaMoE bench: ranks=8 hidden=6144 ih=2048 experts=384 topk=8 masked_ratio=0.0 fast_math=True
 tokens=   8  recv=   64  experts=  39  nvfp4=  509.5us mean_rank=  505.7us max_rank=  513.5us (  9.5TF, 1628GB/s)  (rank0)
 tokens=  16  recv=  118  experts=  45  nvfp4=  580.2us mean_rank=  574.4us max_rank=  580.9us ( 15.4TF, 1651GB/s)  (rank0)
 tokens=  32  recv=  241  experts=  48  nvfp4=  575.8us mean_rank=  576.9us max_rank=  584.9us ( 31.6TF, 1779GB/s)  (rank0)
 tokens=  64  recv=  546  experts=  48  nvfp4=  548.3us mean_rank=  550.9us max_rank=  560.6us ( 75.2TF, 1881GB/s)  (rank0)
 tokens= 128  recv=  984  experts=  48  nvfp4=  567.4us mean_rank=  564.2us max_rank=  572.6us (130.9TF, 1835GB/s)  (rank0)
 tokens= 256  recv= 2037  experts=  48  nvfp4=  593.7us mean_rank=  586.1us max_rank=  597.4us (259.0TF, 1794GB/s)  (rank0)
 tokens= 512  recv= 4097  experts=  48  nvfp4= 1047.0us mean_rank= 1044.8us max_rank= 1053.0us (295.4TF, 1062GB/s)  (rank0)
 tokens=1024  recv= 8140  experts=  48  nvfp4= 1565.0us mean_rank= 1558.2us max_rank= 1566.0us (392.7TF,  768GB/s)  (rank0)
 tokens=2048  recv=16409  experts=  48  nvfp4= 2862.0us mean_rank= 2869.0us max_rank= 2876.0us (432.9TF,  485GB/s)  (rank0)
 tokens=4096  recv=32686  experts=  48  nvfp4= 5483.0us mean_rank= 5476.6us max_rank= 5490.0us (450.1TF,  320GB/s)  (rank0)
 tokens=8192  recv=65538  experts=  48  nvfp4=10196.0us mean_rank=10195.2us max_rank=10202.0us (485.3TF,  245GB/s)  (rank0)
