
=============
== PyTorch ==
=============

NVIDIA Release 26.03 (build 286725635)
PyTorch Version 2.11.0a0+a6c236b
Container image Copyright (c) 2025, NVIDIA CORPORATION & AFFILIATES. All rights reserved.
Copyright (c) 2014-2024 Facebook Inc.
Copyright (c) 2011-2014 Idiap Research Institute (Ronan Collobert)
Copyright (c) 2012-2014 Deepmind Technologies    (Koray Kavukcuoglu)
Copyright (c) 2011-2012 NEC Laboratories America (Koray Kavukcuoglu)
Copyright (c) 2011-2013 NYU                      (Clement Farabet)
Copyright (c) 2006-2010 NEC Laboratories America (Ronan Collobert, Leon Bottou, Iain Melvin, Jason Weston)
Copyright (c) 2006      Idiap Research Institute (Samy Bengio)
Copyright (c) 2001-2004 Idiap Research Institute (Ronan Collobert, Samy Bengio, Johnny Mariethoz)
Copyright (c) 2015      Google Inc.
Copyright (c) 2015      Yangqing Jia
Copyright (c) 2013-2016 The Caffe contributors
All rights reserved.

Various files include modifications (c) NVIDIA CORPORATION & AFFILIATES.  All rights reserved.

GOVERNING TERMS: The software and materials are governed by the NVIDIA Software License Agreement
(found at https://www.nvidia.com/en-us/agreements/enterprise-software/nvidia-software-license-agreement/)
and the Product-Specific Terms for NVIDIA AI Products
(found at https://www.nvidia.com/en-us/agreements/enterprise-software/product-specific-terms-for-ai-products/).

NOTE: Mellanox network driver detected, but NVIDIA peer memory driver not
      detected.  Multi-node communication performance may be reduced.

SM90 MegaMoE bench: ranks=8 hidden=6144 ih=2048 experts=384 topk=8 masked_ratio=0.0 fast_math=True
 tokens=   8  recv=   64  experts=  39  nvfp4=  538.9us mean_rank=  529.3us max_rank=  538.9us (  9.0TF, 1539GB/s)  (rank0)
 tokens=  16  recv=  118  experts=  45  nvfp4=  576.0us mean_rank=  585.7us max_rank=  593.5us ( 15.5TF, 1663GB/s)  (rank0)
 tokens=  32  recv=  241  experts=  48  nvfp4=  583.8us mean_rank=  577.6us max_rank=  583.8us ( 31.2TF, 1755GB/s)  (rank0)
 tokens=  64  recv=  546  experts=  48  nvfp4=  588.5us mean_rank=  577.0us max_rank=  588.5us ( 70.1TF, 1753GB/s)  (rank0)
 tokens= 128  recv=  984  experts=  48  nvfp4=  630.0us mean_rank=  612.9us max_rank=  630.0us (117.9TF, 1653GB/s)  (rank0)
 tokens= 256  recv= 2037  experts=  48  nvfp4=  597.4us mean_rank=  593.0us max_rank=  604.7us (257.4TF, 1783GB/s)  (rank0)
 tokens= 512  recv= 4097  experts=  48  nvfp4= 1036.0us mean_rank= 1032.9us max_rank= 1038.0us (298.6TF, 1073GB/s)  (rank0)
 tokens=1024  recv= 8140  experts=  48  nvfp4= 1574.0us mean_rank= 1566.0us max_rank= 1574.0us (390.4TF,  764GB/s)  (rank0)
 tokens=2048  recv=16409  experts=  48  nvfp4= 2874.0us mean_rank= 2868.5us max_rank= 2874.0us (431.1TF,  483GB/s)  (rank0)
 tokens=4096  recv=32686  experts=  48  nvfp4= 5463.0us mean_rank= 5457.9us max_rank= 5463.0us (451.7TF,  321GB/s)  (rank0)
 tokens=8192  recv=65538  experts=  48  nvfp4=10194.0us mean_rank=10186.6us max_rank=10194.0us (485.4TF,  245GB/s)  (rank0)
