
=============
== PyTorch ==
=============

NVIDIA Release 26.03 (build 286725635)
PyTorch Version 2.11.0a0+a6c236b
Container image Copyright (c) 2025, NVIDIA CORPORATION & AFFILIATES. All rights reserved.
Copyright (c) 2014-2024 Facebook Inc.
Copyright (c) 2011-2014 Idiap Research Institute (Ronan Collobert)
Copyright (c) 2012-2014 Deepmind Technologies    (Koray Kavukcuoglu)
Copyright (c) 2011-2012 NEC Laboratories America (Koray Kavukcuoglu)
Copyright (c) 2011-2013 NYU                      (Clement Farabet)
Copyright (c) 2006-2010 NEC Laboratories America (Ronan Collobert, Leon Bottou, Iain Melvin, Jason Weston)
Copyright (c) 2006      Idiap Research Institute (Samy Bengio)
Copyright (c) 2001-2004 Idiap Research Institute (Ronan Collobert, Samy Bengio, Johnny Mariethoz)
Copyright (c) 2015      Google Inc.
Copyright (c) 2015      Yangqing Jia
Copyright (c) 2013-2016 The Caffe contributors
All rights reserved.

Various files include modifications (c) NVIDIA CORPORATION & AFFILIATES.  All rights reserved.

GOVERNING TERMS: The software and materials are governed by the NVIDIA Software License Agreement
(found at https://www.nvidia.com/en-us/agreements/enterprise-software/nvidia-software-license-agreement/)
and the Product-Specific Terms for NVIDIA AI Products
(found at https://www.nvidia.com/en-us/agreements/enterprise-software/product-specific-terms-for-ai-products/).

NOTE: Mellanox network driver detected, but NVIDIA peer memory driver not
      detected.  Multi-node communication performance may be reduced.

SM90 MegaMoE bench: ranks=8 hidden=6144 ih=2048 experts=384 topk=8 masked_ratio=0.0 fast_math=True
 tokens=   8  recv=   64  experts=  39  nvfp4=  517.4us mean_rank=  508.5us max_rank=  518.6us (  9.3TF, 1603GB/s)  (rank0)
 tokens=  16  recv=  118  experts=  45  nvfp4=  690.2us mean_rank=  666.3us max_rank=  690.2us ( 12.9TF, 1388GB/s)  (rank0)
 tokens=  32  recv=  241  experts=  48  nvfp4=  606.6us mean_rank=  596.1us max_rank=  609.6us ( 30.0TF, 1689GB/s)  (rank0)
 tokens=  64  recv=  546  experts=  48  nvfp4=  553.1us mean_rank=  545.7us max_rank=  555.6us ( 74.5TF, 1865GB/s)  (rank0)
 tokens= 128  recv=  984  experts=  48  nvfp4=  603.1us mean_rank=  588.6us max_rank=  603.6us (123.2TF, 1727GB/s)  (rank0)
 tokens= 256  recv= 2037  experts=  48  nvfp4=  572.8us mean_rank=  576.5us max_rank=  586.9us (268.5TF, 1860GB/s)  (rank0)
 tokens= 512  recv= 4097  experts=  48  nvfp4= 1054.0us mean_rank= 1050.9us max_rank= 1060.0us (293.5TF, 1055GB/s)  (rank0)
 tokens=1024  recv= 8140  experts=  48  nvfp4= 1564.0us mean_rank= 1559.1us max_rank= 1566.0us (392.9TF,  769GB/s)  (rank0)
 tokens=2048  recv=16409  experts=  48  nvfp4= 2877.0us mean_rank= 2869.8us max_rank= 2879.0us (430.6TF,  483GB/s)  (rank0)
 tokens=4096  recv=32686  experts=  48  nvfp4= 5452.0us mean_rank= 5447.6us max_rank= 5454.0us (452.6TF,  322GB/s)  (rank0)
 tokens=8192  recv=65538  experts=  48  nvfp4=10207.0us mean_rank=10199.1us max_rank=10207.0us (484.8TF,  245GB/s)  (rank0)
