
=============
== PyTorch ==
=============

NVIDIA Release 26.03 (build 286725635)
PyTorch Version 2.11.0a0+a6c236b
Container image Copyright (c) 2025, NVIDIA CORPORATION & AFFILIATES. All rights reserved.
Copyright (c) 2014-2024 Facebook Inc.
Copyright (c) 2011-2014 Idiap Research Institute (Ronan Collobert)
Copyright (c) 2012-2014 Deepmind Technologies    (Koray Kavukcuoglu)
Copyright (c) 2011-2012 NEC Laboratories America (Koray Kavukcuoglu)
Copyright (c) 2011-2013 NYU                      (Clement Farabet)
Copyright (c) 2006-2010 NEC Laboratories America (Ronan Collobert, Leon Bottou, Iain Melvin, Jason Weston)
Copyright (c) 2006      Idiap Research Institute (Samy Bengio)
Copyright (c) 2001-2004 Idiap Research Institute (Ronan Collobert, Samy Bengio, Johnny Mariethoz)
Copyright (c) 2015      Google Inc.
Copyright (c) 2015      Yangqing Jia
Copyright (c) 2013-2016 The Caffe contributors
All rights reserved.

Various files include modifications (c) NVIDIA CORPORATION & AFFILIATES.  All rights reserved.

GOVERNING TERMS: The software and materials are governed by the NVIDIA Software License Agreement
(found at https://www.nvidia.com/en-us/agreements/enterprise-software/nvidia-software-license-agreement/)
and the Product-Specific Terms for NVIDIA AI Products
(found at https://www.nvidia.com/en-us/agreements/enterprise-software/product-specific-terms-for-ai-products/).

NOTE: Mellanox network driver detected, but NVIDIA peer memory driver not
      detected.  Multi-node communication performance may be reduced.

SM90 MegaMoE bench: ranks=8 hidden=4096 ih=2048 experts=256 topk=6 masked_ratio=0.0 fast_math=True
/usr/local/lib/python3.12/dist-packages/torch/utils/_device.py:124: UserWarning: Specified kernel cache directory could not be created! This disables kernel caching. Specified directory is /root/.cache/torch/kernels. This warning will appear only once per process. (Triggered internally at /opt/pytorch/pytorch/aten/src/ATen/native/cuda/jit_utils.cpp:1487.)
  return func(*args, **kwargs)
 tokens=   8  recv=   46  experts=  24  nvfp4=  271.4us mean_rank=  263.9us max_rank=  275.7us (  8.5TF, 1254GB/s)  (rank0)
 tokens=  16  recv=   92  experts=  30  nvfp4=  269.0us mean_rank=  270.3us max_rank=  277.6us ( 17.2TF, 1584GB/s)  (rank0)
 tokens=  32  recv=  170  experts=  32  nvfp4=  272.7us mean_rank=  269.5us max_rank=  277.1us ( 31.4TF, 1671GB/s)  (rank0)
 tokens=  64  recv=  378  experts=  32  nvfp4=  278.3us mean_rank=  275.4us max_rank=  280.1us ( 68.4TF, 1650GB/s)  (rank0)
 tokens= 128  recv=  784  experts=  32  nvfp4=  264.6us mean_rank=  278.2us max_rank=  287.8us (149.1TF, 1761GB/s)  (rank0)
 tokens= 256  recv= 1568  experts=  32  nvfp4=  286.4us mean_rank=  285.5us max_rank=  291.8us (275.5TF, 1671GB/s)  (rank0)
 tokens= 512  recv= 3147  experts=  32  nvfp4=  527.8us mean_rank=  523.8us max_rank=  532.4us (300.1TF,  956GB/s)  (rank0)
 tokens=1024  recv= 6221  experts=  32  nvfp4=  827.5us mean_rank=  828.7us max_rank=  834.4us (378.4TF,  671GB/s)  (rank0)
 tokens=2048  recv=12365  experts=  32  nvfp4= 1587.9us mean_rank= 1593.5us max_rank= 1601.7us (391.9TF,  413GB/s)  (rank0)
 tokens=4096  recv=24547  experts=  32  nvfp4= 2720.0us mean_rank= 2719.8us max_rank= 2726.0us (454.2TF,  314GB/s)  (rank0)
 tokens=8192  recv=49065  experts=  32  nvfp4= 5157.0us mean_rank= 5158.4us max_rank= 5164.0us (478.9TF,  244GB/s)  (rank0)
