
=============
== PyTorch ==
=============

NVIDIA Release 26.03 (build 286725635)
PyTorch Version 2.11.0a0+a6c236b
Container image Copyright (c) 2025, NVIDIA CORPORATION & AFFILIATES. All rights reserved.
Copyright (c) 2014-2024 Facebook Inc.
Copyright (c) 2011-2014 Idiap Research Institute (Ronan Collobert)
Copyright (c) 2012-2014 Deepmind Technologies    (Koray Kavukcuoglu)
Copyright (c) 2011-2012 NEC Laboratories America (Koray Kavukcuoglu)
Copyright (c) 2011-2013 NYU                      (Clement Farabet)
Copyright (c) 2006-2010 NEC Laboratories America (Ronan Collobert, Leon Bottou, Iain Melvin, Jason Weston)
Copyright (c) 2006      Idiap Research Institute (Samy Bengio)
Copyright (c) 2001-2004 Idiap Research Institute (Ronan Collobert, Samy Bengio, Johnny Mariethoz)
Copyright (c) 2015      Google Inc.
Copyright (c) 2015      Yangqing Jia
Copyright (c) 2013-2016 The Caffe contributors
All rights reserved.

Various files include modifications (c) NVIDIA CORPORATION & AFFILIATES.  All rights reserved.

GOVERNING TERMS: The software and materials are governed by the NVIDIA Software License Agreement
(found at https://www.nvidia.com/en-us/agreements/enterprise-software/nvidia-software-license-agreement/)
and the Product-Specific Terms for NVIDIA AI Products
(found at https://www.nvidia.com/en-us/agreements/enterprise-software/product-specific-terms-for-ai-products/).

NOTE: Mellanox network driver detected, but NVIDIA peer memory driver not
      detected.  Multi-node communication performance may be reduced.

SM90 MegaMoE bench: ranks=8 hidden=7168 ih=3072 experts=384 topk=6 masked_ratio=0.0 fast_math=True
 tokens=   8  recv=   50  experts=  33  nvfp4=  674.6us mean_rank=  672.5us max_rank=  679.2us (  9.8TF, 1820GB/s)  (rank0)
 tokens=  16  recv=   89  experts=  39  nvfp4=  815.1us mean_rank=  812.6us max_rank=  817.8us ( 14.4TF, 1781GB/s)  (rank0)
 tokens=  32  recv=  187  experts=  47  nvfp4=  898.5us mean_rank=  892.8us max_rank=  899.4us ( 27.5TF, 1950GB/s)  (rank0)
 tokens=  64  recv=  348  experts=  48  nvfp4=  896.6us mean_rank=  894.5us max_rank=  899.0us ( 51.3TF, 2000GB/s)  (rank0)
 tokens= 128  recv=  789  experts=  48  nvfp4=  887.1us mean_rank=  882.2us max_rank=  889.8us (117.5TF, 2035GB/s)  (rank0)
 tokens= 256  recv= 1574  experts=  48  nvfp4=  908.2us mean_rank=  903.3us max_rank=  908.6us (229.0TF, 2012GB/s)  (rank0)
 tokens= 512  recv= 3089  experts=  48  nvfp4= 1412.0us mean_rank= 1402.8us max_rank= 1412.0us (289.0TF, 1324GB/s)  (rank0)
 tokens=1024  recv= 6102  experts=  48  nvfp4= 2145.0us mean_rank= 2144.9us max_rank= 2149.0us (375.9TF,  910GB/s)  (rank0)
 tokens=2048  recv=12294  experts=  48  nvfp4= 4009.0us mean_rank= 4007.0us max_rank= 4012.0us (405.2TF,  530GB/s)  (rank0)
 tokens=4096  recv=24323  experts=  48  nvfp4= 7066.0us mean_rank= 7063.9us max_rank= 7068.0us (454.8TF,  348GB/s)  (rank0)
 tokens=8192  recv=49566  experts=  48  nvfp4=13334.0us mean_rank=13328.9us max_rank=13338.0us (491.1TF,  237GB/s)  (rank0)
