
=============
== PyTorch ==
=============

NVIDIA Release 26.03 (build 286725635)
PyTorch Version 2.11.0a0+a6c236b
Container image Copyright (c) 2025, NVIDIA CORPORATION & AFFILIATES. All rights reserved.
Copyright (c) 2014-2024 Facebook Inc.
Copyright (c) 2011-2014 Idiap Research Institute (Ronan Collobert)
Copyright (c) 2012-2014 Deepmind Technologies    (Koray Kavukcuoglu)
Copyright (c) 2011-2012 NEC Laboratories America (Koray Kavukcuoglu)
Copyright (c) 2011-2013 NYU                      (Clement Farabet)
Copyright (c) 2006-2010 NEC Laboratories America (Ronan Collobert, Leon Bottou, Iain Melvin, Jason Weston)
Copyright (c) 2006      Idiap Research Institute (Samy Bengio)
Copyright (c) 2001-2004 Idiap Research Institute (Ronan Collobert, Samy Bengio, Johnny Mariethoz)
Copyright (c) 2015      Google Inc.
Copyright (c) 2015      Yangqing Jia
Copyright (c) 2013-2016 The Caffe contributors
All rights reserved.

Various files include modifications (c) NVIDIA CORPORATION & AFFILIATES.  All rights reserved.

GOVERNING TERMS: The software and materials are governed by the NVIDIA Software License Agreement
(found at https://www.nvidia.com/en-us/agreements/enterprise-software/nvidia-software-license-agreement/)
and the Product-Specific Terms for NVIDIA AI Products
(found at https://www.nvidia.com/en-us/agreements/enterprise-software/product-specific-terms-for-ai-products/).

NOTE: Mellanox network driver detected, but NVIDIA peer memory driver not
      detected.  Multi-node communication performance may be reduced.

SM90 MegaMoE bench: ranks=8 hidden=4096 ih=2048 experts=256 topk=6 masked_ratio=0.0 fast_math=True
 tokens=   8  recv=   46  experts=  24  nvfp4=  232.2us mean_rank=  233.7us max_rank=  238.7us ( 10.0TF, 1466GB/s)  (rank0)
 tokens=  16  recv=   92  experts=  30  nvfp4=  283.8us mean_rank=  281.2us max_rank=  291.9us ( 16.3TF, 1502GB/s)  (rank0)
 tokens=  32  recv=  170  experts=  32  nvfp4=  387.7us mean_rank=  373.2us max_rank=  396.0us ( 22.1TF, 1176GB/s)  (rank0)
 tokens=  64  recv=  378  experts=  32  nvfp4=  291.1us mean_rank=  284.9us max_rank=  294.8us ( 65.4TF, 1577GB/s)  (rank0)
 tokens= 128  recv=  784  experts=  32  nvfp4=  324.0us mean_rank=  313.7us max_rank=  326.5us (121.8TF, 1438GB/s)  (rank0)
 tokens= 256  recv= 1568  experts=  32  nvfp4=  310.2us mean_rank=  305.3us max_rank=  315.2us (254.4TF, 1543GB/s)  (rank0)
 tokens= 512  recv= 3147  experts=  32  nvfp4=  520.1us mean_rank=  512.9us max_rank=  522.1us (304.5TF,  970GB/s)  (rank0)
 tokens=1024  recv= 6221  experts=  32  nvfp4=  905.1us mean_rank=  890.1us max_rank=  905.4us (345.9TF,  613GB/s)  (rank0)
 tokens=2048  recv=12365  experts=  32  nvfp4= 1602.5us mean_rank= 1598.5us max_rank= 1608.2us (388.4TF,  409GB/s)  (rank0)
 tokens=4096  recv=24547  experts=  32  nvfp4= 2737.0us mean_rank= 2732.5us max_rank= 2741.0us (451.4TF,  312GB/s)  (rank0)
 tokens=8192  recv=49065  experts=  32  nvfp4= 5179.0us mean_rank= 5179.0us max_rank= 5190.0us (476.8TF,  243GB/s)  (rank0)
