
=============
== PyTorch ==
=============

NVIDIA Release 26.03 (build 286725635)
PyTorch Version 2.11.0a0+a6c236b
Container image Copyright (c) 2025, NVIDIA CORPORATION & AFFILIATES. All rights reserved.
Copyright (c) 2014-2024 Facebook Inc.
Copyright (c) 2011-2014 Idiap Research Institute (Ronan Collobert)
Copyright (c) 2012-2014 Deepmind Technologies    (Koray Kavukcuoglu)
Copyright (c) 2011-2012 NEC Laboratories America (Koray Kavukcuoglu)
Copyright (c) 2011-2013 NYU                      (Clement Farabet)
Copyright (c) 2006-2010 NEC Laboratories America (Ronan Collobert, Leon Bottou, Iain Melvin, Jason Weston)
Copyright (c) 2006      Idiap Research Institute (Samy Bengio)
Copyright (c) 2001-2004 Idiap Research Institute (Ronan Collobert, Samy Bengio, Johnny Mariethoz)
Copyright (c) 2015      Google Inc.
Copyright (c) 2015      Yangqing Jia
Copyright (c) 2013-2016 The Caffe contributors
All rights reserved.

Various files include modifications (c) NVIDIA CORPORATION & AFFILIATES.  All rights reserved.

GOVERNING TERMS: The software and materials are governed by the NVIDIA Software License Agreement
(found at https://www.nvidia.com/en-us/agreements/enterprise-software/nvidia-software-license-agreement/)
and the Product-Specific Terms for NVIDIA AI Products
(found at https://www.nvidia.com/en-us/agreements/enterprise-software/product-specific-terms-for-ai-products/).

NOTE: Mellanox network driver detected, but NVIDIA peer memory driver not
      detected.  Multi-node communication performance may be reduced.

SM90 MegaMoE bench: ranks=8 hidden=7168 ih=3072 experts=384 topk=6 masked_ratio=0.0 fast_math=True
 tokens=   8  recv=   50  experts=  33  nvfp4=  661.6us mean_rank=  657.2us max_rank=  661.6us ( 10.0TF, 1856GB/s)  (rank0)
 tokens=  16  recv=   89  experts=  39  nvfp4=  818.3us mean_rank=  816.2us max_rank=  820.7us ( 14.4TF, 1774GB/s)  (rank0)
 tokens=  32  recv=  187  experts=  47  nvfp4=  876.6us mean_rank=  873.2us max_rank=  878.5us ( 28.2TF, 1998GB/s)  (rank0)
 tokens=  64  recv=  348  experts=  48  nvfp4=  899.2us mean_rank=  897.1us max_rank=  900.2us ( 51.1TF, 1994GB/s)  (rank0)
 tokens= 128  recv=  789  experts=  48  nvfp4=  881.3us mean_rank=  904.8us max_rank=  913.6us (118.3TF, 2049GB/s)  (rank0)
 tokens= 256  recv= 1574  experts=  48  nvfp4=  890.4us mean_rank=  889.2us max_rank=  892.6us (233.6TF, 2052GB/s)  (rank0)
 tokens= 512  recv= 3089  experts=  48  nvfp4= 1387.0us mean_rank= 1382.0us max_rank= 1387.0us (294.2TF, 1348GB/s)  (rank0)
 tokens=1024  recv= 6102  experts=  48  nvfp4= 2152.0us mean_rank= 2149.1us max_rank= 2155.0us (374.6TF,  907GB/s)  (rank0)
 tokens=2048  recv=12294  experts=  48  nvfp4= 3955.0us mean_rank= 3967.1us max_rank= 3972.0us (410.7TF,  537GB/s)  (rank0)
 tokens=4096  recv=24323  experts=  48  nvfp4= 7069.0us mean_rank= 7069.1us max_rank= 7076.0us (454.6TF,  347GB/s)  (rank0)
 tokens=8192  recv=49566  experts=  48  nvfp4=13327.0us mean_rank=13323.9us max_rank=13328.0us (491.4TF,  237GB/s)  (rank0)
