
=============
== PyTorch ==
=============

NVIDIA Release 26.03 (build 286725635)
PyTorch Version 2.11.0a0+a6c236b
Container image Copyright (c) 2025, NVIDIA CORPORATION & AFFILIATES. All rights reserved.
Copyright (c) 2014-2024 Facebook Inc.
Copyright (c) 2011-2014 Idiap Research Institute (Ronan Collobert)
Copyright (c) 2012-2014 Deepmind Technologies    (Koray Kavukcuoglu)
Copyright (c) 2011-2012 NEC Laboratories America (Koray Kavukcuoglu)
Copyright (c) 2011-2013 NYU                      (Clement Farabet)
Copyright (c) 2006-2010 NEC Laboratories America (Ronan Collobert, Leon Bottou, Iain Melvin, Jason Weston)
Copyright (c) 2006      Idiap Research Institute (Samy Bengio)
Copyright (c) 2001-2004 Idiap Research Institute (Ronan Collobert, Samy Bengio, Johnny Mariethoz)
Copyright (c) 2015      Google Inc.
Copyright (c) 2015      Yangqing Jia
Copyright (c) 2013-2016 The Caffe contributors
All rights reserved.

Various files include modifications (c) NVIDIA CORPORATION & AFFILIATES.  All rights reserved.

GOVERNING TERMS: The software and materials are governed by the NVIDIA Software License Agreement
(found at https://www.nvidia.com/en-us/agreements/enterprise-software/nvidia-software-license-agreement/)
and the Product-Specific Terms for NVIDIA AI Products
(found at https://www.nvidia.com/en-us/agreements/enterprise-software/product-specific-terms-for-ai-products/).

NOTE: Mellanox network driver detected, but NVIDIA peer memory driver not
      detected.  Multi-node communication performance may be reduced.

SM90 MegaMoE bench: ranks=8 hidden=7168 ih=3072 experts=384 topk=6 masked_ratio=0.0 fast_math=True
 tokens=   8  recv=   50  experts=  33  nvfp4=  676.3us mean_rank=  670.4us max_rank=  676.3us (  9.8TF, 1815GB/s)  (rank0)
 tokens=  16  recv=   89  experts=  39  nvfp4=  830.1us mean_rank=  824.4us max_rank=  831.5us ( 14.2TF, 1749GB/s)  (rank0)
 tokens=  32  recv=  187  experts=  47  nvfp4=  883.2us mean_rank=  877.7us max_rank=  883.2us ( 28.0TF, 1983GB/s)  (rank0)
 tokens=  64  recv=  348  experts=  48  nvfp4=  913.1us mean_rank=  906.2us max_rank=  913.1us ( 50.4TF, 1964GB/s)  (rank0)
 tokens= 128  recv=  789  experts=  48  nvfp4=  903.9us mean_rank=  895.6us max_rank=  903.9us (115.3TF, 1997GB/s)  (rank0)
 tokens= 256  recv= 1574  experts=  48  nvfp4=  924.0us mean_rank=  915.8us max_rank=  925.3us (225.1TF, 1977GB/s)  (rank0)
 tokens= 512  recv= 3089  experts=  48  nvfp4= 1417.0us mean_rank= 1413.2us max_rank= 1424.0us (288.0TF, 1319GB/s)  (rank0)
 tokens=1024  recv= 6102  experts=  48  nvfp4= 2187.0us mean_rank= 2178.6us max_rank= 2187.0us (368.6TF,  893GB/s)  (rank0)
 tokens=2048  recv=12294  experts=  48  nvfp4= 4007.0us mean_rank= 4003.7us max_rank= 4008.0us (405.4TF,  530GB/s)  (rank0)
 tokens=4096  recv=24323  experts=  48  nvfp4= 7071.0us mean_rank= 7065.8us max_rank= 7071.0us (454.5TF,  347GB/s)  (rank0)
 tokens=8192  recv=49566  experts=  48  nvfp4=13382.0us mean_rank=13369.0us max_rank=13382.0us (489.4TF,  236GB/s)  (rank0)
