
=============
== PyTorch ==
=============

NVIDIA Release 26.03 (build 286725635)
PyTorch Version 2.11.0a0+a6c236b
Container image Copyright (c) 2025, NVIDIA CORPORATION & AFFILIATES. All rights reserved.
Copyright (c) 2014-2024 Facebook Inc.
Copyright (c) 2011-2014 Idiap Research Institute (Ronan Collobert)
Copyright (c) 2012-2014 Deepmind Technologies    (Koray Kavukcuoglu)
Copyright (c) 2011-2012 NEC Laboratories America (Koray Kavukcuoglu)
Copyright (c) 2011-2013 NYU                      (Clement Farabet)
Copyright (c) 2006-2010 NEC Laboratories America (Ronan Collobert, Leon Bottou, Iain Melvin, Jason Weston)
Copyright (c) 2006      Idiap Research Institute (Samy Bengio)
Copyright (c) 2001-2004 Idiap Research Institute (Ronan Collobert, Samy Bengio, Johnny Mariethoz)
Copyright (c) 2015      Google Inc.
Copyright (c) 2015      Yangqing Jia
Copyright (c) 2013-2016 The Caffe contributors
All rights reserved.

Various files include modifications (c) NVIDIA CORPORATION & AFFILIATES.  All rights reserved.

GOVERNING TERMS: The software and materials are governed by the NVIDIA Software License Agreement
(found at https://www.nvidia.com/en-us/agreements/enterprise-software/nvidia-software-license-agreement/)
and the Product-Specific Terms for NVIDIA AI Products
(found at https://www.nvidia.com/en-us/agreements/enterprise-software/product-specific-terms-for-ai-products/).

NOTE: Mellanox network driver detected, but NVIDIA peer memory driver not
      detected.  Multi-node communication performance may be reduced.

SM90 MegaMoE bench: ranks=8 hidden=7168 ih=3072 experts=384 topk=6 masked_ratio=0.0 fast_math=True
/usr/local/lib/python3.12/dist-packages/torch/utils/_device.py:124: UserWarning: Specified kernel cache directory could not be created! This disables kernel caching. Specified directory is /root/.cache/torch/kernels. This warning will appear only once per process. (Triggered internally at /opt/pytorch/pytorch/aten/src/ATen/native/cuda/jit_utils.cpp:1487.)
  return func(*args, **kwargs)
 tokens=   8  recv=   50  experts=  33  nvfp4=  677.9us mean_rank=  734.6us max_rank=  752.1us (  9.7TF, 1811GB/s)  (rank0)
 tokens=  16  recv=   89  experts=  39  nvfp4=  828.6us mean_rank=  823.2us max_rank=  830.8us ( 14.2TF, 1752GB/s)  (rank0)
 tokens=  32  recv=  187  experts=  47  nvfp4=  886.4us mean_rank=  879.4us max_rank=  887.4us ( 27.9TF, 1976GB/s)  (rank0)
 tokens=  64  recv=  348  experts=  48  nvfp4=  913.3us mean_rank=  912.9us max_rank=  921.2us ( 50.3TF, 1963GB/s)  (rank0)
 tokens= 128  recv=  789  experts=  48  nvfp4=  871.5us mean_rank=  868.3us max_rank=  872.6us (119.6TF, 2072GB/s)  (rank0)
 tokens= 256  recv= 1574  experts=  48  nvfp4=  885.9us mean_rank=  883.9us max_rank=  888.7us (234.8TF, 2063GB/s)  (rank0)
 tokens= 512  recv= 3089  experts=  48  nvfp4= 1390.0us mean_rank= 1387.0us max_rank= 1390.0us (293.6TF, 1345GB/s)  (rank0)
 tokens=1024  recv= 6102  experts=  48  nvfp4= 2144.0us mean_rank= 2139.6us max_rank= 2144.0us (376.0TF,  911GB/s)  (rank0)
 tokens=2048  recv=12294  experts=  48  nvfp4= 3963.0us mean_rank= 3960.6us max_rank= 3965.0us (409.9TF,  536GB/s)  (rank0)
 tokens=4096  recv=24323  experts=  48  nvfp4= 7077.0us mean_rank= 7069.6us max_rank= 7077.0us (454.1TF,  347GB/s)  (rank0)
 tokens=8192  recv=49566  experts=  48  nvfp4=13324.0us mean_rank=13317.1us max_rank=13324.0us (491.5TF,  237GB/s)  (rank0)
