
=============
== PyTorch ==
=============

NVIDIA Release 26.03 (build 286725635)
PyTorch Version 2.11.0a0+a6c236b
Container image Copyright (c) 2025, NVIDIA CORPORATION & AFFILIATES. All rights reserved.
Copyright (c) 2014-2024 Facebook Inc.
Copyright (c) 2011-2014 Idiap Research Institute (Ronan Collobert)
Copyright (c) 2012-2014 Deepmind Technologies    (Koray Kavukcuoglu)
Copyright (c) 2011-2012 NEC Laboratories America (Koray Kavukcuoglu)
Copyright (c) 2011-2013 NYU                      (Clement Farabet)
Copyright (c) 2006-2010 NEC Laboratories America (Ronan Collobert, Leon Bottou, Iain Melvin, Jason Weston)
Copyright (c) 2006      Idiap Research Institute (Samy Bengio)
Copyright (c) 2001-2004 Idiap Research Institute (Ronan Collobert, Samy Bengio, Johnny Mariethoz)
Copyright (c) 2015      Google Inc.
Copyright (c) 2015      Yangqing Jia
Copyright (c) 2013-2016 The Caffe contributors
All rights reserved.

Various files include modifications (c) NVIDIA CORPORATION & AFFILIATES.  All rights reserved.

GOVERNING TERMS: The software and materials are governed by the NVIDIA Software License Agreement
(found at https://www.nvidia.com/en-us/agreements/enterprise-software/nvidia-software-license-agreement/)
and the Product-Specific Terms for NVIDIA AI Products
(found at https://www.nvidia.com/en-us/agreements/enterprise-software/product-specific-terms-for-ai-products/).

NOTE: Mellanox network driver detected, but NVIDIA peer memory driver not
      detected.  Multi-node communication performance may be reduced.

SM90 MegaMoE bench: ranks=8 hidden=4096 ih=2048 experts=256 topk=6 masked_ratio=0.0 fast_math=True
/usr/local/lib/python3.12/dist-packages/torch/utils/_device.py:124: UserWarning: Specified kernel cache directory could not be created! This disables kernel caching. Specified directory is /root/.cache/torch/kernels. This warning will appear only once per process. (Triggered internally at /opt/pytorch/pytorch/aten/src/ATen/native/cuda/jit_utils.cpp:1487.)
  return func(*args, **kwargs)
/usr/local/lib/python3.12/dist-packages/torch/utils/_device.py:124: UserWarning: Specified kernel cache directory could not be created! This disables kernel caching. Specified directory is /root/.cache/torch/kernels. This warning will appear only once per process. (Triggered internally at /opt/pytorch/pytorch/aten/src/ATen/native/cuda/jit_utils.cpp:1487.)
  return func(*args, **kwargs)
/usr/local/lib/python3.12/dist-packages/torch/utils/_device.py:124: UserWarning: Specified kernel cache directory could not be created! This disables kernel caching. Specified directory is /root/.cache/torch/kernels. This warning will appear only once per process. (Triggered internally at /opt/pytorch/pytorch/aten/src/ATen/native/cuda/jit_utils.cpp:1487.)
  return func(*args, **kwargs)
/usr/local/lib/python3.12/dist-packages/torch/utils/_device.py:124: UserWarning: Specified kernel cache directory could not be created! This disables kernel caching. Specified directory is /root/.cache/torch/kernels. This warning will appear only once per process. (Triggered internally at /opt/pytorch/pytorch/aten/src/ATen/native/cuda/jit_utils.cpp:1487.)
  return func(*args, **kwargs)
/usr/local/lib/python3.12/dist-packages/torch/utils/_device.py:124: UserWarning: Specified kernel cache directory could not be created! This disables kernel caching. Specified directory is /root/.cache/torch/kernels. This warning will appear only once per process. (Triggered internally at /opt/pytorch/pytorch/aten/src/ATen/native/cuda/jit_utils.cpp:1487.)
  return func(*args, **kwargs)
 tokens=   8  recv=   46  experts=  24  nvfp4=  232.1us mean_rank=  229.5us max_rank=  233.4us ( 10.0TF, 1467GB/s)  (rank0)
 tokens=  16  recv=   92  experts=  30  nvfp4=  349.9us mean_rank=  329.7us max_rank=  349.9us ( 13.2TF, 1218GB/s)  (rank0)
 tokens=  32  recv=  170  experts=  32  nvfp4=  333.2us mean_rank=  318.0us max_rank=  333.2us ( 25.7TF, 1368GB/s)  (rank0)
 tokens=  64  recv=  378  experts=  32  nvfp4=  296.8us mean_rank=  312.6us max_rank=  321.6us ( 64.1TF, 1547GB/s)  (rank0)
 tokens= 128  recv=  784  experts=  32  nvfp4=  277.9us mean_rank=  272.7us max_rank=  277.9us (142.0TF, 1676GB/s)  (rank0)
 tokens= 256  recv= 1568  experts=  32  nvfp4=  298.6us mean_rank=  302.3us max_rank=  309.8us (264.3TF, 1603GB/s)  (rank0)
 tokens= 512  recv= 3147  experts=  32  nvfp4=  497.8us mean_rank=  493.0us max_rank=  497.8us (318.2TF, 1014GB/s)  (rank0)
 tokens=1024  recv= 6221  experts=  32  nvfp4=  837.7us mean_rank=  831.9us max_rank=  837.7us (373.8TF,  662GB/s)  (rank0)
 tokens=2048  recv=12365  experts=  32  nvfp4= 1593.6us mean_rank= 1585.1us max_rank= 1593.6us (390.5TF,  411GB/s)  (rank0)
 tokens=4096  recv=24547  experts=  32  nvfp4= 2734.0us mean_rank= 2725.8us max_rank= 2734.0us (451.9TF,  313GB/s)  (rank0)
 tokens=8192  recv=49065  experts=  32  nvfp4= 5168.0us mean_rank= 5161.5us max_rank= 5168.0us (477.8TF,  243GB/s)  (rank0)
