
=============
== PyTorch ==
=============

NVIDIA Release 26.03 (build 286725635)
PyTorch Version 2.11.0a0+a6c236b
Container image Copyright (c) 2025, NVIDIA CORPORATION & AFFILIATES. All rights reserved.
Copyright (c) 2014-2024 Facebook Inc.
Copyright (c) 2011-2014 Idiap Research Institute (Ronan Collobert)
Copyright (c) 2012-2014 Deepmind Technologies    (Koray Kavukcuoglu)
Copyright (c) 2011-2012 NEC Laboratories America (Koray Kavukcuoglu)
Copyright (c) 2011-2013 NYU                      (Clement Farabet)
Copyright (c) 2006-2010 NEC Laboratories America (Ronan Collobert, Leon Bottou, Iain Melvin, Jason Weston)
Copyright (c) 2006      Idiap Research Institute (Samy Bengio)
Copyright (c) 2001-2004 Idiap Research Institute (Ronan Collobert, Samy Bengio, Johnny Mariethoz)
Copyright (c) 2015      Google Inc.
Copyright (c) 2015      Yangqing Jia
Copyright (c) 2013-2016 The Caffe contributors
All rights reserved.

Various files include modifications (c) NVIDIA CORPORATION & AFFILIATES.  All rights reserved.

GOVERNING TERMS: The software and materials are governed by the NVIDIA Software License Agreement
(found at https://www.nvidia.com/en-us/agreements/enterprise-software/nvidia-software-license-agreement/)
and the Product-Specific Terms for NVIDIA AI Products
(found at https://www.nvidia.com/en-us/agreements/enterprise-software/product-specific-terms-for-ai-products/).

NOTE: Mellanox network driver detected, but NVIDIA peer memory driver not
      detected.  Multi-node communication performance may be reduced.

SM90 MegaMoE bench: ranks=8 hidden=6144 ih=2048 experts=384 topk=8 masked_ratio=0.0 fast_math=True
 tokens=   8  recv=   64  experts=  39  nvfp4=  493.6us mean_rank=  497.7us max_rank=  502.1us (  9.8TF, 1680GB/s)  (rank0)
 tokens=  16  recv=  118  experts=  45  nvfp4=  604.9us mean_rank=  599.8us max_rank=  616.0us ( 14.7TF, 1584GB/s)  (rank0)
 tokens=  32  recv=  241  experts=  48  nvfp4=  578.6us mean_rank=  578.8us max_rank=  584.7us ( 31.4TF, 1771GB/s)  (rank0)
 tokens=  64  recv=  546  experts=  48  nvfp4=  535.8us mean_rank=  533.5us max_rank=  537.1us ( 76.9TF, 1925GB/s)  (rank0)
 tokens= 128  recv=  984  experts=  48  nvfp4=  540.9us mean_rank=  536.7us max_rank=  540.9us (137.3TF, 1925GB/s)  (rank0)
 tokens= 256  recv= 2037  experts=  48  nvfp4=  574.1us mean_rank=  567.5us max_rank=  574.1us (267.9TF, 1855GB/s)  (rank0)
 tokens= 512  recv= 4097  experts=  48  nvfp4= 1037.0us mean_rank= 1034.6us max_rank= 1039.0us (298.3TF, 1072GB/s)  (rank0)
 tokens=1024  recv= 8140  experts=  48  nvfp4= 1550.0us mean_rank= 1546.4us max_rank= 1550.0us (396.5TF,  776GB/s)  (rank0)
 tokens=2048  recv=16409  experts=  48  nvfp4= 2858.0us mean_rank= 2854.4us max_rank= 2858.0us (433.5TF,  486GB/s)  (rank0)
 tokens=4096  recv=32686  experts=  48  nvfp4= 5436.0us mean_rank= 5435.0us max_rank= 5440.0us (454.0TF,  323GB/s)  (rank0)
 tokens=8192  recv=65538  experts=  48  nvfp4=10177.0us mean_rank=10183.6us max_rank=10187.0us (486.2TF,  245GB/s)  (rank0)
