
=============
== PyTorch ==
=============

NVIDIA Release 26.03 (build 286725635)
PyTorch Version 2.11.0a0+a6c236b
Container image Copyright (c) 2025, NVIDIA CORPORATION & AFFILIATES. All rights reserved.
Copyright (c) 2014-2024 Facebook Inc.
Copyright (c) 2011-2014 Idiap Research Institute (Ronan Collobert)
Copyright (c) 2012-2014 Deepmind Technologies    (Koray Kavukcuoglu)
Copyright (c) 2011-2012 NEC Laboratories America (Koray Kavukcuoglu)
Copyright (c) 2011-2013 NYU                      (Clement Farabet)
Copyright (c) 2006-2010 NEC Laboratories America (Ronan Collobert, Leon Bottou, Iain Melvin, Jason Weston)
Copyright (c) 2006      Idiap Research Institute (Samy Bengio)
Copyright (c) 2001-2004 Idiap Research Institute (Ronan Collobert, Samy Bengio, Johnny Mariethoz)
Copyright (c) 2015      Google Inc.
Copyright (c) 2015      Yangqing Jia
Copyright (c) 2013-2016 The Caffe contributors
All rights reserved.

Various files include modifications (c) NVIDIA CORPORATION & AFFILIATES.  All rights reserved.

GOVERNING TERMS: The software and materials are governed by the NVIDIA Software License Agreement
(found at https://www.nvidia.com/en-us/agreements/enterprise-software/nvidia-software-license-agreement/)
and the Product-Specific Terms for NVIDIA AI Products
(found at https://www.nvidia.com/en-us/agreements/enterprise-software/product-specific-terms-for-ai-products/).

NOTE: Mellanox network driver detected, but NVIDIA peer memory driver not
      detected.  Multi-node communication performance may be reduced.

SM90 MegaMoE bench: ranks=8 hidden=6144 ih=2048 experts=384 topk=8 masked_ratio=0.0 fast_math=True
 tokens=   8  recv=   64  experts=  39  nvfp4=  513.0us mean_rank=  507.0us max_rank=  513.0us (  9.4TF, 1617GB/s)  (rank0)
 tokens=  16  recv=  118  experts=  45  nvfp4=  580.8us mean_rank=  578.5us max_rank=  585.8us ( 15.3TF, 1650GB/s)  (rank0)
 tokens=  32  recv=  241  experts=  48  nvfp4=  571.4us mean_rank=  576.0us max_rank=  581.2us ( 31.8TF, 1793GB/s)  (rank0)
 tokens=  64  recv=  546  experts=  48  nvfp4=  542.1us mean_rank=  545.8us max_rank=  550.8us ( 76.0TF, 1903GB/s)  (rank0)
 tokens= 128  recv=  984  experts=  48  nvfp4=  563.5us mean_rank=  559.0us max_rank=  565.7us (131.8TF, 1848GB/s)  (rank0)
 tokens= 256  recv= 2037  experts=  48  nvfp4=  552.5us mean_rank=  550.3us max_rank=  553.9us (278.3TF, 1928GB/s)  (rank0)
 tokens= 512  recv= 4097  experts=  48  nvfp4= 1027.0us mean_rank= 1021.2us max_rank= 1027.0us (301.2TF, 1082GB/s)  (rank0)
 tokens=1024  recv= 8140  experts=  48  nvfp4= 1565.0us mean_rank= 1556.8us max_rank= 1565.0us (392.7TF,  768GB/s)  (rank0)
 tokens=2048  recv=16409  experts=  48  nvfp4= 2857.0us mean_rank= 2852.2us max_rank= 2857.0us (433.6TF,  486GB/s)  (rank0)
 tokens=4096  recv=32686  experts=  48  nvfp4= 5454.0us mean_rank= 5447.5us max_rank= 5454.0us (452.5TF,  322GB/s)  (rank0)
 tokens=8192  recv=65538  experts=  48  nvfp4=10197.0us mean_rank=10190.5us max_rank=10197.0us (485.2TF,  245GB/s)  (rank0)
