
=============
== PyTorch ==
=============

NVIDIA Release 26.03 (build 286725635)
PyTorch Version 2.11.0a0+a6c236b
Container image Copyright (c) 2025, NVIDIA CORPORATION & AFFILIATES. All rights reserved.
Copyright (c) 2014-2024 Facebook Inc.
Copyright (c) 2011-2014 Idiap Research Institute (Ronan Collobert)
Copyright (c) 2012-2014 Deepmind Technologies    (Koray Kavukcuoglu)
Copyright (c) 2011-2012 NEC Laboratories America (Koray Kavukcuoglu)
Copyright (c) 2011-2013 NYU                      (Clement Farabet)
Copyright (c) 2006-2010 NEC Laboratories America (Ronan Collobert, Leon Bottou, Iain Melvin, Jason Weston)
Copyright (c) 2006      Idiap Research Institute (Samy Bengio)
Copyright (c) 2001-2004 Idiap Research Institute (Ronan Collobert, Samy Bengio, Johnny Mariethoz)
Copyright (c) 2015      Google Inc.
Copyright (c) 2015      Yangqing Jia
Copyright (c) 2013-2016 The Caffe contributors
All rights reserved.

Various files include modifications (c) NVIDIA CORPORATION & AFFILIATES.  All rights reserved.

GOVERNING TERMS: The software and materials are governed by the NVIDIA Software License Agreement
(found at https://www.nvidia.com/en-us/agreements/enterprise-software/nvidia-software-license-agreement/)
and the Product-Specific Terms for NVIDIA AI Products
(found at https://www.nvidia.com/en-us/agreements/enterprise-software/product-specific-terms-for-ai-products/).

NOTE: Mellanox network driver detected, but NVIDIA peer memory driver not
      detected.  Multi-node communication performance may be reduced.

SM90 MegaMoE bench: ranks=8 hidden=4096 ih=2048 experts=256 topk=6 masked_ratio=0.0 fast_math=True
 tokens=   8  recv=   46  experts=  24  nvfp4=  231.9us mean_rank=  234.2us max_rank=  237.3us ( 10.0TF, 1468GB/s)  (rank0)
 tokens=  16  recv=   92  experts=  30  nvfp4=  252.0us mean_rank=  253.0us max_rank=  255.6us ( 18.4TF, 1692GB/s)  (rank0)
 tokens=  32  recv=  170  experts=  32  nvfp4=  254.6us mean_rank=  256.6us max_rank=  260.6us ( 33.6TF, 1790GB/s)  (rank0)
 tokens=  64  recv=  378  experts=  32  nvfp4=  281.9us mean_rank=  279.9us max_rank=  285.3us ( 67.5TF, 1629GB/s)  (rank0)
 tokens= 128  recv=  784  experts=  32  nvfp4=  286.9us mean_rank=  285.5us max_rank=  290.0us (137.6TF, 1624GB/s)  (rank0)
 tokens= 256  recv= 1568  experts=  32  nvfp4=  296.9us mean_rank=  295.4us max_rank=  301.7us (265.8TF, 1612GB/s)  (rank0)
 tokens= 512  recv= 3147  experts=  32  nvfp4=  506.0us mean_rank=  505.9us max_rank=  509.9us (313.0TF,  997GB/s)  (rank0)
 tokens=1024  recv= 6221  experts=  32  nvfp4=  891.6us mean_rank=  884.6us max_rank=  895.7us (351.2TF,  622GB/s)  (rank0)
 tokens=2048  recv=12365  experts=  32  nvfp4= 1583.9us mean_rank= 1583.4us max_rank= 1586.4us (392.9TF,  414GB/s)  (rank0)
 tokens=4096  recv=24547  experts=  32  nvfp4= 2717.0us mean_rank= 2718.1us max_rank= 2720.0us (454.7TF,  315GB/s)  (rank0)
 tokens=8192  recv=49065  experts=  32  nvfp4= 5132.0us mean_rank= 5131.5us max_rank= 5136.0us (481.2TF,  245GB/s)  (rank0)
