
=============
== PyTorch ==
=============

NVIDIA Release 26.03 (build 286725635)
PyTorch Version 2.11.0a0+a6c236b
Container image Copyright (c) 2025, NVIDIA CORPORATION & AFFILIATES. All rights reserved.
Copyright (c) 2014-2024 Facebook Inc.
Copyright (c) 2011-2014 Idiap Research Institute (Ronan Collobert)
Copyright (c) 2012-2014 Deepmind Technologies    (Koray Kavukcuoglu)
Copyright (c) 2011-2012 NEC Laboratories America (Koray Kavukcuoglu)
Copyright (c) 2011-2013 NYU                      (Clement Farabet)
Copyright (c) 2006-2010 NEC Laboratories America (Ronan Collobert, Leon Bottou, Iain Melvin, Jason Weston)
Copyright (c) 2006      Idiap Research Institute (Samy Bengio)
Copyright (c) 2001-2004 Idiap Research Institute (Ronan Collobert, Samy Bengio, Johnny Mariethoz)
Copyright (c) 2015      Google Inc.
Copyright (c) 2015      Yangqing Jia
Copyright (c) 2013-2016 The Caffe contributors
All rights reserved.

Various files include modifications (c) NVIDIA CORPORATION & AFFILIATES.  All rights reserved.

GOVERNING TERMS: The software and materials are governed by the NVIDIA Software License Agreement
(found at https://www.nvidia.com/en-us/agreements/enterprise-software/nvidia-software-license-agreement/)
and the Product-Specific Terms for NVIDIA AI Products
(found at https://www.nvidia.com/en-us/agreements/enterprise-software/product-specific-terms-for-ai-products/).

NOTE: Mellanox network driver detected, but NVIDIA peer memory driver not
      detected.  Multi-node communication performance may be reduced.

SM90 MegaMoE bench: ranks=8 hidden=4096 ih=2048 experts=256 topk=6 masked_ratio=0.0 fast_math=True
 tokens=   8  recv=   46  experts=  24  nvfp4=  275.8us mean_rank=  268.7us max_rank=  280.1us (  8.4TF, 1235GB/s)  (rank0)
 tokens=  16  recv=   92  experts=  30  nvfp4=  395.3us mean_rank=  380.3us max_rank=  404.6us ( 11.7TF, 1078GB/s)  (rank0)
 tokens=  32  recv=  170  experts=  32  nvfp4=  265.0us mean_rank=  264.8us max_rank=  274.1us ( 32.3TF, 1720GB/s)  (rank0)
 tokens=  64  recv=  378  experts=  32  nvfp4=  279.5us mean_rank=  274.4us max_rank=  282.6us ( 68.1TF, 1643GB/s)  (rank0)
 tokens= 128  recv=  784  experts=  32  nvfp4=  286.3us mean_rank=  290.2us max_rank=  298.9us (137.8TF, 1627GB/s)  (rank0)
 tokens= 256  recv= 1568  experts=  32  nvfp4=  305.0us mean_rank=  300.3us max_rank=  305.0us (258.8TF, 1569GB/s)  (rank0)
 tokens= 512  recv= 3147  experts=  32  nvfp4=  502.3us mean_rank=  498.6us max_rank=  503.6us (315.3TF, 1004GB/s)  (rank0)
 tokens=1024  recv= 6221  experts=  32  nvfp4=  835.5us mean_rank=  833.3us max_rank=  839.0us (374.8TF,  664GB/s)  (rank0)
 tokens=2048  recv=12365  experts=  32  nvfp4= 1589.0us mean_rank= 1584.3us max_rank= 1589.0us (391.7TF,  413GB/s)  (rank0)
 tokens=4096  recv=24547  experts=  32  nvfp4= 2735.0us mean_rank= 2729.3us max_rank= 2735.0us (451.7TF,  313GB/s)  (rank0)
 tokens=8192  recv=49065  experts=  32  nvfp4= 5182.0us mean_rank= 5185.0us max_rank= 5193.0us (476.6TF,  243GB/s)  (rank0)
