
=============
== PyTorch ==
=============

NVIDIA Release 26.03 (build 286725635)
PyTorch Version 2.11.0a0+a6c236b
Container image Copyright (c) 2025, NVIDIA CORPORATION & AFFILIATES. All rights reserved.
Copyright (c) 2014-2024 Facebook Inc.
Copyright (c) 2011-2014 Idiap Research Institute (Ronan Collobert)
Copyright (c) 2012-2014 Deepmind Technologies    (Koray Kavukcuoglu)
Copyright (c) 2011-2012 NEC Laboratories America (Koray Kavukcuoglu)
Copyright (c) 2011-2013 NYU                      (Clement Farabet)
Copyright (c) 2006-2010 NEC Laboratories America (Ronan Collobert, Leon Bottou, Iain Melvin, Jason Weston)
Copyright (c) 2006      Idiap Research Institute (Samy Bengio)
Copyright (c) 2001-2004 Idiap Research Institute (Ronan Collobert, Samy Bengio, Johnny Mariethoz)
Copyright (c) 2015      Google Inc.
Copyright (c) 2015      Yangqing Jia
Copyright (c) 2013-2016 The Caffe contributors
All rights reserved.

Various files include modifications (c) NVIDIA CORPORATION & AFFILIATES.  All rights reserved.

GOVERNING TERMS: The software and materials are governed by the NVIDIA Software License Agreement
(found at https://www.nvidia.com/en-us/agreements/enterprise-software/nvidia-software-license-agreement/)
and the Product-Specific Terms for NVIDIA AI Products
(found at https://www.nvidia.com/en-us/agreements/enterprise-software/product-specific-terms-for-ai-products/).

NOTE: Mellanox network driver detected, but NVIDIA peer memory driver not
      detected.  Multi-node communication performance may be reduced.

SM90 MegaMoE bench: ranks=8 hidden=7168 ih=3072 experts=384 topk=6 masked_ratio=0.0 fast_math=True
 tokens=   8  recv=   50  experts=  33  nvfp4=  718.9us mean_rank=  711.7us max_rank=  723.9us (  9.2TF, 1708GB/s)  (rank0)
 tokens=  16  recv=   89  experts=  39  nvfp4=  848.8us mean_rank=  855.4us max_rank=  868.3us ( 13.9TF, 1710GB/s)  (rank0)
 tokens=  32  recv=  187  experts=  47  nvfp4=  875.3us mean_rank=  876.5us max_rank=  882.9us ( 28.2TF, 2001GB/s)  (rank0)
 tokens=  64  recv=  348  experts=  48  nvfp4=  903.1us mean_rank=  898.0us max_rank=  903.1us ( 50.9TF, 1986GB/s)  (rank0)
 tokens= 128  recv=  789  experts=  48  nvfp4=  920.3us mean_rank=  913.2us max_rank=  923.8us (113.3TF, 1962GB/s)  (rank0)
 tokens= 256  recv= 1574  experts=  48  nvfp4=  917.3us mean_rank=  909.7us max_rank=  918.3us (226.7TF, 1992GB/s)  (rank0)
 tokens= 512  recv= 3089  experts=  48  nvfp4= 1385.0us mean_rank= 1382.4us max_rank= 1387.0us (294.7TF, 1349GB/s)  (rank0)
 tokens=1024  recv= 6102  experts=  48  nvfp4= 2144.0us mean_rank= 2143.8us max_rank= 2148.0us (376.0TF,  911GB/s)  (rank0)
 tokens=2048  recv=12294  experts=  48  nvfp4= 4016.0us mean_rank= 4012.6us max_rank= 4019.0us (404.5TF,  529GB/s)  (rank0)
 tokens=4096  recv=24323  experts=  48  nvfp4= 7174.0us mean_rank= 7160.8us max_rank= 7183.0us (447.9TF,  342GB/s)  (rank0)
 tokens=8192  recv=49566  experts=  48  nvfp4=13308.0us mean_rank=13305.0us max_rank=13312.0us (492.1TF,  237GB/s)  (rank0)
