
=============
== PyTorch ==
=============

NVIDIA Release 26.03 (build 286725635)
PyTorch Version 2.11.0a0+a6c236b
Container image Copyright (c) 2025, NVIDIA CORPORATION & AFFILIATES. All rights reserved.
Copyright (c) 2014-2024 Facebook Inc.
Copyright (c) 2011-2014 Idiap Research Institute (Ronan Collobert)
Copyright (c) 2012-2014 Deepmind Technologies    (Koray Kavukcuoglu)
Copyright (c) 2011-2012 NEC Laboratories America (Koray Kavukcuoglu)
Copyright (c) 2011-2013 NYU                      (Clement Farabet)
Copyright (c) 2006-2010 NEC Laboratories America (Ronan Collobert, Leon Bottou, Iain Melvin, Jason Weston)
Copyright (c) 2006      Idiap Research Institute (Samy Bengio)
Copyright (c) 2001-2004 Idiap Research Institute (Ronan Collobert, Samy Bengio, Johnny Mariethoz)
Copyright (c) 2015      Google Inc.
Copyright (c) 2015      Yangqing Jia
Copyright (c) 2013-2016 The Caffe contributors
All rights reserved.

Various files include modifications (c) NVIDIA CORPORATION & AFFILIATES.  All rights reserved.

GOVERNING TERMS: The software and materials are governed by the NVIDIA Software License Agreement
(found at https://www.nvidia.com/en-us/agreements/enterprise-software/nvidia-software-license-agreement/)
and the Product-Specific Terms for NVIDIA AI Products
(found at https://www.nvidia.com/en-us/agreements/enterprise-software/product-specific-terms-for-ai-products/).

NOTE: Mellanox network driver detected, but NVIDIA peer memory driver not
      detected.  Multi-node communication performance may be reduced.

SM90 MegaMoE bench: ranks=8 hidden=4096 ih=2048 experts=256 topk=6 masked_ratio=0.0 fast_math=True
 tokens=   8  recv=   46  experts=  24  nvfp4=  260.4us mean_rank=  251.2us max_rank=  260.4us (  8.9TF, 1307GB/s)  (rank0)
 tokens=  16  recv=   92  experts=  30  nvfp4=  256.0us mean_rank=  255.6us max_rank=  257.7us ( 18.1TF, 1665GB/s)  (rank0)
 tokens=  32  recv=  170  experts=  32  nvfp4=  261.7us mean_rank=  257.4us max_rank=  261.7us ( 32.7TF, 1741GB/s)  (rank0)
 tokens=  64  recv=  378  experts=  32  nvfp4=  277.0us mean_rank=  279.8us max_rank=  286.2us ( 68.7TF, 1658GB/s)  (rank0)
 tokens= 128  recv=  784  experts=  32  nvfp4=  335.1us mean_rank=  319.6us max_rank=  335.1us (117.7TF, 1390GB/s)  (rank0)
 tokens= 256  recv= 1568  experts=  32  nvfp4=  306.2us mean_rank=  298.4us max_rank=  306.2us (257.8TF, 1563GB/s)  (rank0)
 tokens= 512  recv= 3147  experts=  32  nvfp4=  516.8us mean_rank=  508.9us max_rank=  516.8us (306.5TF,  976GB/s)  (rank0)
 tokens=1024  recv= 6221  experts=  32  nvfp4=  829.4us mean_rank=  858.1us max_rank=  866.7us (377.5TF,  669GB/s)  (rank0)
 tokens=2048  recv=12365  experts=  32  nvfp4= 1598.7us mean_rank= 1589.5us max_rank= 1598.7us (389.3TF,  410GB/s)  (rank0)
 tokens=4096  recv=24547  experts=  32  nvfp4= 2726.0us mean_rank= 2719.6us max_rank= 2726.0us (453.2TF,  314GB/s)  (rank0)
 tokens=8192  recv=49065  experts=  32  nvfp4= 5169.0us mean_rank= 5161.5us max_rank= 5169.0us (477.8TF,  243GB/s)  (rank0)
