
=============
== PyTorch ==
=============

NVIDIA Release 26.03 (build 286725635)
PyTorch Version 2.11.0a0+a6c236b
Container image Copyright (c) 2025, NVIDIA CORPORATION & AFFILIATES. All rights reserved.
Copyright (c) 2014-2024 Facebook Inc.
Copyright (c) 2011-2014 Idiap Research Institute (Ronan Collobert)
Copyright (c) 2012-2014 Deepmind Technologies    (Koray Kavukcuoglu)
Copyright (c) 2011-2012 NEC Laboratories America (Koray Kavukcuoglu)
Copyright (c) 2011-2013 NYU                      (Clement Farabet)
Copyright (c) 2006-2010 NEC Laboratories America (Ronan Collobert, Leon Bottou, Iain Melvin, Jason Weston)
Copyright (c) 2006      Idiap Research Institute (Samy Bengio)
Copyright (c) 2001-2004 Idiap Research Institute (Ronan Collobert, Samy Bengio, Johnny Mariethoz)
Copyright (c) 2015      Google Inc.
Copyright (c) 2015      Yangqing Jia
Copyright (c) 2013-2016 The Caffe contributors
All rights reserved.

Various files include modifications (c) NVIDIA CORPORATION & AFFILIATES.  All rights reserved.

GOVERNING TERMS: The software and materials are governed by the NVIDIA Software License Agreement
(found at https://www.nvidia.com/en-us/agreements/enterprise-software/nvidia-software-license-agreement/)
and the Product-Specific Terms for NVIDIA AI Products
(found at https://www.nvidia.com/en-us/agreements/enterprise-software/product-specific-terms-for-ai-products/).

NOTE: Mellanox network driver detected, but NVIDIA peer memory driver not
      detected.  Multi-node communication performance may be reduced.

SM90 MegaMoE bench: ranks=8 hidden=4096 ih=2048 experts=256 topk=6 masked_ratio=0.0 fast_math=True
 tokens=   8  recv=   46  experts=  24  nvfp4=  251.8us mean_rank=  250.6us max_rank=  255.7us (  9.2TF, 1352GB/s)  (rank0)
 tokens=  16  recv=   92  experts=  30  nvfp4=  261.9us mean_rank=  260.1us max_rank=  265.5us ( 17.7TF, 1628GB/s)  (rank0)
 tokens=  32  recv=  170  experts=  32  nvfp4=  252.1us mean_rank=  254.9us max_rank=  259.0us ( 33.9TF, 1808GB/s)  (rank0)
 tokens=  64  recv=  378  experts=  32  nvfp4=  271.8us mean_rank=  273.0us max_rank=  276.6us ( 70.0TF, 1690GB/s)  (rank0)
 tokens= 128  recv=  784  experts=  32  nvfp4=  290.8us mean_rank=  287.9us max_rank=  293.5us (135.7TF, 1602GB/s)  (rank0)
 tokens= 256  recv= 1568  experts=  32  nvfp4=  299.6us mean_rank=  307.4us max_rank=  317.0us (263.5TF, 1598GB/s)  (rank0)
 tokens= 512  recv= 3147  experts=  32  nvfp4=  507.8us mean_rank=  522.0us max_rank=  528.4us (311.9TF,  994GB/s)  (rank0)
 tokens=1024  recv= 6221  experts=  32  nvfp4=  825.8us mean_rank=  825.3us max_rank=  829.0us (379.2TF,  672GB/s)  (rank0)
 tokens=2048  recv=12365  experts=  32  nvfp4= 1579.5us mean_rank= 1581.7us max_rank= 1586.9us (394.0TF,  415GB/s)  (rank0)
 tokens=4096  recv=24547  experts=  32  nvfp4= 2721.0us mean_rank= 2721.8us max_rank= 2727.0us (454.1TF,  314GB/s)  (rank0)
 tokens=8192  recv=49065  experts=  32  nvfp4= 5159.0us mean_rank= 5158.8us max_rank= 5164.0us (478.7TF,  244GB/s)  (rank0)
