
=============
== PyTorch ==
=============

NVIDIA Release 26.03 (build 286725635)
PyTorch Version 2.11.0a0+a6c236b
Container image Copyright (c) 2025, NVIDIA CORPORATION & AFFILIATES. All rights reserved.
Copyright (c) 2014-2024 Facebook Inc.
Copyright (c) 2011-2014 Idiap Research Institute (Ronan Collobert)
Copyright (c) 2012-2014 Deepmind Technologies    (Koray Kavukcuoglu)
Copyright (c) 2011-2012 NEC Laboratories America (Koray Kavukcuoglu)
Copyright (c) 2011-2013 NYU                      (Clement Farabet)
Copyright (c) 2006-2010 NEC Laboratories America (Ronan Collobert, Leon Bottou, Iain Melvin, Jason Weston)
Copyright (c) 2006      Idiap Research Institute (Samy Bengio)
Copyright (c) 2001-2004 Idiap Research Institute (Ronan Collobert, Samy Bengio, Johnny Mariethoz)
Copyright (c) 2015      Google Inc.
Copyright (c) 2015      Yangqing Jia
Copyright (c) 2013-2016 The Caffe contributors
All rights reserved.

Various files include modifications (c) NVIDIA CORPORATION & AFFILIATES.  All rights reserved.

GOVERNING TERMS: The software and materials are governed by the NVIDIA Software License Agreement
(found at https://www.nvidia.com/en-us/agreements/enterprise-software/nvidia-software-license-agreement/)
and the Product-Specific Terms for NVIDIA AI Products
(found at https://www.nvidia.com/en-us/agreements/enterprise-software/product-specific-terms-for-ai-products/).

NOTE: Mellanox network driver detected, but NVIDIA peer memory driver not
      detected.  Multi-node communication performance may be reduced.

SM90 MegaMoE bench: ranks=8 hidden=7168 ih=3072 experts=384 topk=6 masked_ratio=0.0 fast_math=True
 tokens=   8  recv=   50  experts=  33  nvfp4=  659.9us mean_rank=  659.0us max_rank=  663.0us ( 10.0TF, 1860GB/s)  (rank0)
 tokens=  16  recv=   89  experts=  39  nvfp4=  812.2us mean_rank=  811.3us max_rank=  815.3us ( 14.5TF, 1787GB/s)  (rank0)
 tokens=  32  recv=  187  experts=  47  nvfp4=  901.3us mean_rank=  895.4us max_rank=  904.0us ( 27.4TF, 1944GB/s)  (rank0)
 tokens=  64  recv=  348  experts=  48  nvfp4=  886.0us mean_rank=  891.2us max_rank=  895.5us ( 51.9TF, 2024GB/s)  (rank0)
 tokens= 128  recv=  789  experts=  48  nvfp4=  870.9us mean_rank=  870.9us max_rank=  873.8us (119.7TF, 2073GB/s)  (rank0)
 tokens= 256  recv= 1574  experts=  48  nvfp4=  881.2us mean_rank=  882.0us max_rank=  885.3us (236.0TF, 2073GB/s)  (rank0)
 tokens= 512  recv= 3089  experts=  48  nvfp4= 1387.0us mean_rank= 1384.0us max_rank= 1387.0us (294.2TF, 1348GB/s)  (rank0)
 tokens=1024  recv= 6102  experts=  48  nvfp4= 2137.0us mean_rank= 2135.2us max_rank= 2138.0us (377.3TF,  914GB/s)  (rank0)
 tokens=2048  recv=12294  experts=  48  nvfp4= 4014.0us mean_rank= 4011.5us max_rank= 4015.0us (404.7TF,  529GB/s)  (rank0)
 tokens=4096  recv=24323  experts=  48  nvfp4= 7071.0us mean_rank= 7068.2us max_rank= 7073.0us (454.5TF,  347GB/s)  (rank0)
 tokens=8192  recv=49566  experts=  48  nvfp4=13326.0us mean_rank=13322.1us max_rank=13327.0us (491.4TF,  237GB/s)  (rank0)
