
=============
== PyTorch ==
=============

NVIDIA Release 26.03 (build 286725635)
PyTorch Version 2.11.0a0+a6c236b
Container image Copyright (c) 2025, NVIDIA CORPORATION & AFFILIATES. All rights reserved.
Copyright (c) 2014-2024 Facebook Inc.
Copyright (c) 2011-2014 Idiap Research Institute (Ronan Collobert)
Copyright (c) 2012-2014 Deepmind Technologies    (Koray Kavukcuoglu)
Copyright (c) 2011-2012 NEC Laboratories America (Koray Kavukcuoglu)
Copyright (c) 2011-2013 NYU                      (Clement Farabet)
Copyright (c) 2006-2010 NEC Laboratories America (Ronan Collobert, Leon Bottou, Iain Melvin, Jason Weston)
Copyright (c) 2006      Idiap Research Institute (Samy Bengio)
Copyright (c) 2001-2004 Idiap Research Institute (Ronan Collobert, Samy Bengio, Johnny Mariethoz)
Copyright (c) 2015      Google Inc.
Copyright (c) 2015      Yangqing Jia
Copyright (c) 2013-2016 The Caffe contributors
All rights reserved.

Various files include modifications (c) NVIDIA CORPORATION & AFFILIATES.  All rights reserved.

GOVERNING TERMS: The software and materials are governed by the NVIDIA Software License Agreement
(found at https://www.nvidia.com/en-us/agreements/enterprise-software/nvidia-software-license-agreement/)
and the Product-Specific Terms for NVIDIA AI Products
(found at https://www.nvidia.com/en-us/agreements/enterprise-software/product-specific-terms-for-ai-products/).

NOTE: Mellanox network driver detected, but NVIDIA peer memory driver not
      detected.  Multi-node communication performance may be reduced.

SM90 MegaMoE bench: ranks=8 hidden=4096 ih=2048 experts=256 topk=6 masked_ratio=0.0 fast_math=True
 tokens=   8  recv=   46  experts=  24  nvfp4=  248.2us mean_rank=  250.2us max_rank=  257.7us (  9.3TF, 1372GB/s)  (rank0)
 tokens=  16  recv=   92  experts=  30  nvfp4=  252.6us mean_rank=  254.0us max_rank=  259.5us ( 18.3TF, 1687GB/s)  (rank0)
 tokens=  32  recv=  170  experts=  32  nvfp4=  268.4us mean_rank=  274.0us max_rank=  283.1us ( 31.9TF, 1698GB/s)  (rank0)
 tokens=  64  recv=  378  experts=  32  nvfp4=  273.5us mean_rank=  280.0us max_rank=  288.0us ( 69.6TF, 1679GB/s)  (rank0)
 tokens= 128  recv=  784  experts=  32  nvfp4=  288.4us mean_rank=  290.3us max_rank=  299.3us (136.8TF, 1615GB/s)  (rank0)
 tokens= 256  recv= 1568  experts=  32  nvfp4=  298.3us mean_rank=  307.9us max_rank=  317.8us (264.6TF, 1605GB/s)  (rank0)
 tokens= 512  recv= 3147  experts=  32  nvfp4=  518.8us mean_rank=  518.8us max_rank=  528.3us (305.3TF,  973GB/s)  (rank0)
 tokens=1024  recv= 6221  experts=  32  nvfp4=  848.7us mean_rank=  846.7us max_rank=  854.6us (368.9TF,  654GB/s)  (rank0)
 tokens=2048  recv=12365  experts=  32  nvfp4= 1603.0us mean_rank= 1599.0us max_rank= 1609.1us (388.2TF,  409GB/s)  (rank0)
 tokens=4096  recv=24547  experts=  32  nvfp4= 2749.0us mean_rank= 2743.8us max_rank= 2756.0us (449.4TF,  311GB/s)  (rank0)
 tokens=8192  recv=49065  experts=  32  nvfp4= 5226.0us mean_rank= 5216.6us max_rank= 5229.0us (472.5TF,  241GB/s)  (rank0)
