
=============
== PyTorch ==
=============

NVIDIA Release 26.03 (build 286725635)
PyTorch Version 2.11.0a0+a6c236b
Container image Copyright (c) 2025, NVIDIA CORPORATION & AFFILIATES. All rights reserved.
Copyright (c) 2014-2024 Facebook Inc.
Copyright (c) 2011-2014 Idiap Research Institute (Ronan Collobert)
Copyright (c) 2012-2014 Deepmind Technologies    (Koray Kavukcuoglu)
Copyright (c) 2011-2012 NEC Laboratories America (Koray Kavukcuoglu)
Copyright (c) 2011-2013 NYU                      (Clement Farabet)
Copyright (c) 2006-2010 NEC Laboratories America (Ronan Collobert, Leon Bottou, Iain Melvin, Jason Weston)
Copyright (c) 2006      Idiap Research Institute (Samy Bengio)
Copyright (c) 2001-2004 Idiap Research Institute (Ronan Collobert, Samy Bengio, Johnny Mariethoz)
Copyright (c) 2015      Google Inc.
Copyright (c) 2015      Yangqing Jia
Copyright (c) 2013-2016 The Caffe contributors
All rights reserved.

Various files include modifications (c) NVIDIA CORPORATION & AFFILIATES.  All rights reserved.

GOVERNING TERMS: The software and materials are governed by the NVIDIA Software License Agreement
(found at https://www.nvidia.com/en-us/agreements/enterprise-software/nvidia-software-license-agreement/)
and the Product-Specific Terms for NVIDIA AI Products
(found at https://www.nvidia.com/en-us/agreements/enterprise-software/product-specific-terms-for-ai-products/).

NOTE: Mellanox network driver detected, but NVIDIA peer memory driver not
      detected.  Multi-node communication performance may be reduced.

SM90 MegaMoE bench: ranks=8 hidden=7168 ih=3072 experts=384 topk=6 masked_ratio=0.0 fast_math=True
/usr/local/lib/python3.12/dist-packages/torch/utils/_device.py:124: UserWarning: Specified kernel cache directory could not be created! This disables kernel caching. Specified directory is /root/.cache/torch/kernels. This warning will appear only once per process. (Triggered internally at /opt/pytorch/pytorch/aten/src/ATen/native/cuda/jit_utils.cpp:1487.)
  return func(*args, **kwargs)
/usr/local/lib/python3.12/dist-packages/torch/utils/_device.py:124: UserWarning: Specified kernel cache directory could not be created! This disables kernel caching. Specified directory is /root/.cache/torch/kernels. This warning will appear only once per process. (Triggered internally at /opt/pytorch/pytorch/aten/src/ATen/native/cuda/jit_utils.cpp:1487.)
  return func(*args, **kwargs)
 tokens=   8  recv=   50  experts=  33  nvfp4=  653.7us mean_rank=  654.7us max_rank=  658.7us ( 10.1TF, 1878GB/s)  (rank0)
 tokens=  16  recv=   89  experts=  39  nvfp4=  806.9us mean_rank=  810.5us max_rank=  816.6us ( 14.6TF, 1799GB/s)  (rank0)
 tokens=  32  recv=  187  experts=  47  nvfp4=  914.3us mean_rank=  911.0us max_rank=  925.2us ( 27.0TF, 1916GB/s)  (rank0)
 tokens=  64  recv=  348  experts=  48  nvfp4=  897.3us mean_rank=  900.5us max_rank=  910.2us ( 51.2TF, 1998GB/s)  (rank0)
 tokens= 128  recv=  789  experts=  48  nvfp4=  874.1us mean_rank=  877.5us max_rank=  884.1us (119.3TF, 2066GB/s)  (rank0)
 tokens= 256  recv= 1574  experts=  48  nvfp4=  898.6us mean_rank=  899.3us max_rank=  906.7us (231.4TF, 2033GB/s)  (rank0)
 tokens= 512  recv= 3089  experts=  48  nvfp4= 1380.0us mean_rank= 1381.9us max_rank= 1386.0us (295.7TF, 1354GB/s)  (rank0)
 tokens=1024  recv= 6102  experts=  48  nvfp4= 2155.0us mean_rank= 2157.1us max_rank= 2164.0us (374.1TF,  906GB/s)  (rank0)
 tokens=2048  recv=12294  experts=  48  nvfp4= 4030.0us mean_rank= 4028.1us max_rank= 4035.0us (403.0TF,  527GB/s)  (rank0)
 tokens=4096  recv=24323  experts=  48  nvfp4= 7081.0us mean_rank= 7076.1us max_rank= 7084.0us (453.8TF,  347GB/s)  (rank0)
 tokens=8192  recv=49566  experts=  48  nvfp4=13309.0us mean_rank=13313.0us max_rank=13319.0us (492.0TF,  237GB/s)  (rank0)
