
=============
== PyTorch ==
=============

NVIDIA Release 26.03 (build 286725635)
PyTorch Version 2.11.0a0+a6c236b
Container image Copyright (c) 2025, NVIDIA CORPORATION & AFFILIATES. All rights reserved.
Copyright (c) 2014-2024 Facebook Inc.
Copyright (c) 2011-2014 Idiap Research Institute (Ronan Collobert)
Copyright (c) 2012-2014 Deepmind Technologies    (Koray Kavukcuoglu)
Copyright (c) 2011-2012 NEC Laboratories America (Koray Kavukcuoglu)
Copyright (c) 2011-2013 NYU                      (Clement Farabet)
Copyright (c) 2006-2010 NEC Laboratories America (Ronan Collobert, Leon Bottou, Iain Melvin, Jason Weston)
Copyright (c) 2006      Idiap Research Institute (Samy Bengio)
Copyright (c) 2001-2004 Idiap Research Institute (Ronan Collobert, Samy Bengio, Johnny Mariethoz)
Copyright (c) 2015      Google Inc.
Copyright (c) 2015      Yangqing Jia
Copyright (c) 2013-2016 The Caffe contributors
All rights reserved.

Various files include modifications (c) NVIDIA CORPORATION & AFFILIATES.  All rights reserved.

GOVERNING TERMS: The software and materials are governed by the NVIDIA Software License Agreement
(found at https://www.nvidia.com/en-us/agreements/enterprise-software/nvidia-software-license-agreement/)
and the Product-Specific Terms for NVIDIA AI Products
(found at https://www.nvidia.com/en-us/agreements/enterprise-software/product-specific-terms-for-ai-products/).

NOTE: Mellanox network driver detected, but NVIDIA peer memory driver not
      detected.  Multi-node communication performance may be reduced.

SM90 MegaMoE bench: ranks=8 hidden=4096 ih=2048 experts=256 topk=6 masked_ratio=0.0 fast_math=True
 tokens=   8  recv=   46  experts=  24  nvfp4=  220.4us mean_rank=  247.1us max_rank=  252.9us ( 10.5TF, 1545GB/s)  (rank0)
 tokens=  16  recv=   92  experts=  30  nvfp4=  242.6us mean_rank=  264.0us max_rank=  271.0us ( 19.1TF, 1757GB/s)  (rank0)
 tokens=  32  recv=  170  experts=  32  nvfp4=  260.0us mean_rank=  280.4us max_rank=  288.5us ( 32.9TF, 1753GB/s)  (rank0)
 tokens=  64  recv=  378  experts=  32  nvfp4=  253.7us mean_rank=  273.9us max_rank=  279.1us ( 75.0TF, 1810GB/s)  (rank0)
 tokens= 128  recv=  784  experts=  32  nvfp4=  257.8us mean_rank=  293.1us max_rank=  301.1us (153.1TF, 1807GB/s)  (rank0)
 tokens= 256  recv= 1568  experts=  32  nvfp4=  273.1us mean_rank=  297.2us max_rank=  303.4us (288.9TF, 1753GB/s)  (rank0)
 tokens= 512  recv= 3147  experts=  32  nvfp4=  505.7us mean_rank=  528.5us max_rank=  538.2us (313.2TF,  998GB/s)  (rank0)
 tokens=1024  recv= 6221  experts=  32  nvfp4=  847.0us mean_rank=  863.7us max_rank=  874.8us (369.7TF,  655GB/s)  (rank0)
 tokens=2048  recv=12365  experts=  32  nvfp4= 1571.4us mean_rank= 1593.3us max_rank= 1600.6us (396.0TF,  417GB/s)  (rank0)
 tokens=4096  recv=24547  experts=  32  nvfp4= 2704.0us mean_rank= 2728.1us max_rank= 2734.0us (456.9TF,  316GB/s)  (rank0)
 tokens=8192  recv=49065  experts=  32  nvfp4= 5150.0us mean_rank= 5175.6us max_rank= 5183.0us (479.5TF,  244GB/s)  (rank0)
