
=============
== PyTorch ==
=============

NVIDIA Release 26.03 (build 286725635)
PyTorch Version 2.11.0a0+a6c236b
Container image Copyright (c) 2025, NVIDIA CORPORATION & AFFILIATES. All rights reserved.
Copyright (c) 2014-2024 Facebook Inc.
Copyright (c) 2011-2014 Idiap Research Institute (Ronan Collobert)
Copyright (c) 2012-2014 Deepmind Technologies    (Koray Kavukcuoglu)
Copyright (c) 2011-2012 NEC Laboratories America (Koray Kavukcuoglu)
Copyright (c) 2011-2013 NYU                      (Clement Farabet)
Copyright (c) 2006-2010 NEC Laboratories America (Ronan Collobert, Leon Bottou, Iain Melvin, Jason Weston)
Copyright (c) 2006      Idiap Research Institute (Samy Bengio)
Copyright (c) 2001-2004 Idiap Research Institute (Ronan Collobert, Samy Bengio, Johnny Mariethoz)
Copyright (c) 2015      Google Inc.
Copyright (c) 2015      Yangqing Jia
Copyright (c) 2013-2016 The Caffe contributors
All rights reserved.

Various files include modifications (c) NVIDIA CORPORATION & AFFILIATES.  All rights reserved.

GOVERNING TERMS: The software and materials are governed by the NVIDIA Software License Agreement
(found at https://www.nvidia.com/en-us/agreements/enterprise-software/nvidia-software-license-agreement/)
and the Product-Specific Terms for NVIDIA AI Products
(found at https://www.nvidia.com/en-us/agreements/enterprise-software/product-specific-terms-for-ai-products/).

NOTE: Mellanox network driver detected, but NVIDIA peer memory driver not
      detected.  Multi-node communication performance may be reduced.

SM90 MegaMoE bench: ranks=8 hidden=6144 ih=2048 experts=384 topk=8 masked_ratio=0.0 fast_math=True
 tokens=   8  recv=   64  experts=  39  nvfp4=  489.6us mean_rank=  492.0us max_rank=  498.1us (  9.9TF, 1694GB/s)  (rank0)
 tokens=  16  recv=  118  experts=  45  nvfp4=  569.0us mean_rank=  572.9us max_rank=  579.9us ( 15.7TF, 1684GB/s)  (rank0)
 tokens=  32  recv=  241  experts=  48  nvfp4=  581.8us mean_rank=  583.8us max_rank=  590.3us ( 31.3TF, 1761GB/s)  (rank0)
 tokens=  64  recv=  546  experts=  48  nvfp4=  535.9us mean_rank=  538.2us max_rank=  541.7us ( 76.9TF, 1925GB/s)  (rank0)
 tokens= 128  recv=  984  experts=  48  nvfp4=  578.6us mean_rank=  573.6us max_rank=  583.6us (128.4TF, 1800GB/s)  (rank0)
 tokens= 256  recv= 2037  experts=  48  nvfp4=  569.3us mean_rank=  567.7us max_rank=  575.8us (270.1TF, 1871GB/s)  (rank0)
 tokens= 512  recv= 4097  experts=  48  nvfp4= 1041.0us mean_rank= 1047.6us max_rank= 1058.0us (297.1TF, 1068GB/s)  (rank0)
 tokens=1024  recv= 8140  experts=  48  nvfp4= 1542.0us mean_rank= 1539.9us max_rank= 1546.0us (398.5TF,  780GB/s)  (rank0)
 tokens=2048  recv=16409  experts=  48  nvfp4= 2888.0us mean_rank= 2881.4us max_rank= 2888.0us (429.0TF,  481GB/s)  (rank0)
 tokens=4096  recv=32686  experts=  48  nvfp4= 5466.0us mean_rank= 5462.1us max_rank= 5471.0us (451.5TF,  321GB/s)  (rank0)
 tokens=8192  recv=65538  experts=  48  nvfp4=10217.0us mean_rank=10208.5us max_rank=10223.0us (484.3TF,  244GB/s)  (rank0)
