
=============
== PyTorch ==
=============

NVIDIA Release 26.03 (build 286725635)
PyTorch Version 2.11.0a0+a6c236b
Container image Copyright (c) 2025, NVIDIA CORPORATION & AFFILIATES. All rights reserved.
Copyright (c) 2014-2024 Facebook Inc.
Copyright (c) 2011-2014 Idiap Research Institute (Ronan Collobert)
Copyright (c) 2012-2014 Deepmind Technologies    (Koray Kavukcuoglu)
Copyright (c) 2011-2012 NEC Laboratories America (Koray Kavukcuoglu)
Copyright (c) 2011-2013 NYU                      (Clement Farabet)
Copyright (c) 2006-2010 NEC Laboratories America (Ronan Collobert, Leon Bottou, Iain Melvin, Jason Weston)
Copyright (c) 2006      Idiap Research Institute (Samy Bengio)
Copyright (c) 2001-2004 Idiap Research Institute (Ronan Collobert, Samy Bengio, Johnny Mariethoz)
Copyright (c) 2015      Google Inc.
Copyright (c) 2015      Yangqing Jia
Copyright (c) 2013-2016 The Caffe contributors
All rights reserved.

Various files include modifications (c) NVIDIA CORPORATION & AFFILIATES.  All rights reserved.

GOVERNING TERMS: The software and materials are governed by the NVIDIA Software License Agreement
(found at https://www.nvidia.com/en-us/agreements/enterprise-software/nvidia-software-license-agreement/)
and the Product-Specific Terms for NVIDIA AI Products
(found at https://www.nvidia.com/en-us/agreements/enterprise-software/product-specific-terms-for-ai-products/).

NOTE: Mellanox network driver detected, but NVIDIA peer memory driver not
      detected.  Multi-node communication performance may be reduced.

SM90 MegaMoE bench: ranks=8 hidden=7168 ih=3072 experts=384 topk=6 masked_ratio=0.0 fast_math=True
/usr/local/lib/python3.12/dist-packages/torch/utils/_device.py:124: UserWarning: Specified kernel cache directory could not be created! This disables kernel caching. Specified directory is /root/.cache/torch/kernels. This warning will appear only once per process. (Triggered internally at /opt/pytorch/pytorch/aten/src/ATen/native/cuda/jit_utils.cpp:1487.)
  return func(*args, **kwargs)
/usr/local/lib/python3.12/dist-packages/torch/utils/_device.py:124: UserWarning: Specified kernel cache directory could not be created! This disables kernel caching. Specified directory is /root/.cache/torch/kernels. This warning will appear only once per process. (Triggered internally at /opt/pytorch/pytorch/aten/src/ATen/native/cuda/jit_utils.cpp:1487.)
  return func(*args, **kwargs)
 tokens=   8  recv=   50  experts=  33  nvfp4=  646.8us mean_rank=  651.6us max_rank=  655.3us ( 10.2TF, 1898GB/s)  (rank0)
 tokens=  16  recv=   89  experts=  39  nvfp4=  804.4us mean_rank=  853.4us max_rank=  865.3us ( 14.6TF, 1805GB/s)  (rank0)
 tokens=  32  recv=  187  experts=  47  nvfp4=  922.7us mean_rank=  919.7us max_rank=  930.7us ( 26.8TF, 1898GB/s)  (rank0)
 tokens=  64  recv=  348  experts=  48  nvfp4=  892.9us mean_rank=  896.3us max_rank=  901.7us ( 51.5TF, 2008GB/s)  (rank0)
 tokens= 128  recv=  789  experts=  48  nvfp4=  873.3us mean_rank=  879.3us max_rank=  886.3us (119.4TF, 2067GB/s)  (rank0)
 tokens= 256  recv= 1574  experts=  48  nvfp4=  897.1us mean_rank=  896.4us max_rank=  901.3us (231.8TF, 2037GB/s)  (rank0)
 tokens= 512  recv= 3089  experts=  48  nvfp4= 1388.0us mean_rank= 1389.3us max_rank= 1394.0us (294.0TF, 1347GB/s)  (rank0)
 tokens=1024  recv= 6102  experts=  48  nvfp4= 2142.0us mean_rank= 2152.4us max_rank= 2158.0us (376.4TF,  911GB/s)  (rank0)
 tokens=2048  recv=12294  experts=  48  nvfp4= 4021.0us mean_rank= 4017.0us max_rank= 4023.0us (404.0TF,  528GB/s)  (rank0)
 tokens=4096  recv=24323  experts=  48  nvfp4= 7072.0us mean_rank= 7075.4us max_rank= 7084.0us (454.4TF,  347GB/s)  (rank0)
 tokens=8192  recv=49566  experts=  48  nvfp4=13325.0us mean_rank=13321.9us max_rank=13330.0us (491.5TF,  237GB/s)  (rank0)
