
=============
== PyTorch ==
=============

NVIDIA Release 26.03 (build 286725635)
PyTorch Version 2.11.0a0+a6c236b
Container image Copyright (c) 2025, NVIDIA CORPORATION & AFFILIATES. All rights reserved.
Copyright (c) 2014-2024 Facebook Inc.
Copyright (c) 2011-2014 Idiap Research Institute (Ronan Collobert)
Copyright (c) 2012-2014 Deepmind Technologies    (Koray Kavukcuoglu)
Copyright (c) 2011-2012 NEC Laboratories America (Koray Kavukcuoglu)
Copyright (c) 2011-2013 NYU                      (Clement Farabet)
Copyright (c) 2006-2010 NEC Laboratories America (Ronan Collobert, Leon Bottou, Iain Melvin, Jason Weston)
Copyright (c) 2006      Idiap Research Institute (Samy Bengio)
Copyright (c) 2001-2004 Idiap Research Institute (Ronan Collobert, Samy Bengio, Johnny Mariethoz)
Copyright (c) 2015      Google Inc.
Copyright (c) 2015      Yangqing Jia
Copyright (c) 2013-2016 The Caffe contributors
All rights reserved.

Various files include modifications (c) NVIDIA CORPORATION & AFFILIATES.  All rights reserved.

GOVERNING TERMS: The software and materials are governed by the NVIDIA Software License Agreement
(found at https://www.nvidia.com/en-us/agreements/enterprise-software/nvidia-software-license-agreement/)
and the Product-Specific Terms for NVIDIA AI Products
(found at https://www.nvidia.com/en-us/agreements/enterprise-software/product-specific-terms-for-ai-products/).

NOTE: Mellanox network driver detected, but NVIDIA peer memory driver not
      detected.  Multi-node communication performance may be reduced.

SM90 MegaMoE bench: ranks=8 hidden=6144 ih=2048 experts=384 topk=8 masked_ratio=0.0 fast_math=True
/usr/local/lib/python3.12/dist-packages/torch/utils/_device.py:124: UserWarning: Specified kernel cache directory could not be created! This disables kernel caching. Specified directory is /root/.cache/torch/kernels. This warning will appear only once per process. (Triggered internally at /opt/pytorch/pytorch/aten/src/ATen/native/cuda/jit_utils.cpp:1487.)
  return func(*args, **kwargs)
/usr/local/lib/python3.12/dist-packages/torch/utils/_device.py:124: UserWarning: Specified kernel cache directory could not be created! This disables kernel caching. Specified directory is /root/.cache/torch/kernels. This warning will appear only once per process. (Triggered internally at /opt/pytorch/pytorch/aten/src/ATen/native/cuda/jit_utils.cpp:1487.)
  return func(*args, **kwargs)
 tokens=   8  recv=   64  experts=  39  nvfp4=  493.2us mean_rank=  492.0us max_rank=  494.8us (  9.8TF, 1682GB/s)  (rank0)
 tokens=  16  recv=  118  experts=  45  nvfp4=  644.5us mean_rank=  631.3us max_rank=  644.5us ( 13.8TF, 1487GB/s)  (rank0)
 tokens=  32  recv=  241  experts=  48  nvfp4=  568.5us mean_rank=  564.2us max_rank=  568.5us ( 32.0TF, 1802GB/s)  (rank0)
 tokens=  64  recv=  546  experts=  48  nvfp4=  552.9us mean_rank=  546.8us max_rank=  552.9us ( 74.5TF, 1866GB/s)  (rank0)
 tokens= 128  recv=  984  experts=  48  nvfp4=  554.9us mean_rank=  555.4us max_rank=  562.9us (133.9TF, 1877GB/s)  (rank0)
 tokens= 256  recv= 2037  experts=  48  nvfp4=  557.0us mean_rank=  553.3us max_rank=  557.0us (276.1TF, 1912GB/s)  (rank0)
 tokens= 512  recv= 4097  experts=  48  nvfp4= 1034.0us mean_rank= 1040.4us max_rank= 1048.0us (299.1TF, 1075GB/s)  (rank0)
 tokens=1024  recv= 8140  experts=  48  nvfp4= 1538.0us mean_rank= 1537.4us max_rank= 1540.0us (399.6TF,  782GB/s)  (rank0)
 tokens=2048  recv=16409  experts=  48  nvfp4= 2854.0us mean_rank= 2852.4us max_rank= 2855.0us (434.1TF,  487GB/s)  (rank0)
 tokens=4096  recv=32686  experts=  48  nvfp4= 5449.0us mean_rank= 5450.5us max_rank= 5456.0us (452.9TF,  322GB/s)  (rank0)
 tokens=8192  recv=65538  experts=  48  nvfp4=10175.0us mean_rank=10172.2us max_rank=10177.0us (486.3TF,  245GB/s)  (rank0)
