
=============
== PyTorch ==
=============

NVIDIA Release 26.03 (build 286725635)
PyTorch Version 2.11.0a0+a6c236b
Container image Copyright (c) 2025, NVIDIA CORPORATION & AFFILIATES. All rights reserved.
Copyright (c) 2014-2024 Facebook Inc.
Copyright (c) 2011-2014 Idiap Research Institute (Ronan Collobert)
Copyright (c) 2012-2014 Deepmind Technologies    (Koray Kavukcuoglu)
Copyright (c) 2011-2012 NEC Laboratories America (Koray Kavukcuoglu)
Copyright (c) 2011-2013 NYU                      (Clement Farabet)
Copyright (c) 2006-2010 NEC Laboratories America (Ronan Collobert, Leon Bottou, Iain Melvin, Jason Weston)
Copyright (c) 2006      Idiap Research Institute (Samy Bengio)
Copyright (c) 2001-2004 Idiap Research Institute (Ronan Collobert, Samy Bengio, Johnny Mariethoz)
Copyright (c) 2015      Google Inc.
Copyright (c) 2015      Yangqing Jia
Copyright (c) 2013-2016 The Caffe contributors
All rights reserved.

Various files include modifications (c) NVIDIA CORPORATION & AFFILIATES.  All rights reserved.

GOVERNING TERMS: The software and materials are governed by the NVIDIA Software License Agreement
(found at https://www.nvidia.com/en-us/agreements/enterprise-software/nvidia-software-license-agreement/)
and the Product-Specific Terms for NVIDIA AI Products
(found at https://www.nvidia.com/en-us/agreements/enterprise-software/product-specific-terms-for-ai-products/).

NOTE: Mellanox network driver detected, but NVIDIA peer memory driver not
      detected.  Multi-node communication performance may be reduced.

SM90 MegaMoE bench: ranks=8 hidden=7168 ih=3072 experts=384 topk=6 masked_ratio=0.0 fast_math=True
 tokens=   8  recv=   50  experts=  33  nvfp4=  718.5us mean_rank=  730.6us max_rank=  745.8us (  9.2TF, 1708GB/s)  (rank0)
 tokens=  16  recv=   89  experts=  39  nvfp4=  810.4us mean_rank=  819.1us max_rank=  825.4us ( 14.5TF, 1791GB/s)  (rank0)
 tokens=  32  recv=  187  experts=  47  nvfp4=  878.1us mean_rank=  888.4us max_rank=  897.8us ( 28.1TF, 1995GB/s)  (rank0)
 tokens=  64  recv=  348  experts=  48  nvfp4=  894.9us mean_rank=  893.1us max_rank=  900.7us ( 51.4TF, 2004GB/s)  (rank0)
 tokens= 128  recv=  789  experts=  48  nvfp4=  877.7us mean_rank=  875.4us max_rank=  881.8us (118.8TF, 2057GB/s)  (rank0)
 tokens= 256  recv= 1574  experts=  48  nvfp4=  900.0us mean_rank=  895.7us max_rank=  900.4us (231.1TF, 2030GB/s)  (rank0)
 tokens= 512  recv= 3089  experts=  48  nvfp4= 1375.0us mean_rank= 1374.1us max_rank= 1379.0us (296.8TF, 1359GB/s)  (rank0)
 tokens=1024  recv= 6102  experts=  48  nvfp4= 2138.0us mean_rank= 2158.9us max_rank= 2168.0us (377.1TF,  913GB/s)  (rank0)
 tokens=2048  recv=12294  experts=  48  nvfp4= 4002.0us mean_rank= 4038.8us max_rank= 4051.0us (405.9TF,  531GB/s)  (rank0)
 tokens=4096  recv=24323  experts=  48  nvfp4= 7076.0us mean_rank= 7081.5us max_rank= 7088.0us (454.2TF,  347GB/s)  (rank0)
 tokens=8192  recv=49566  experts=  48  nvfp4=13319.0us mean_rank=13314.9us max_rank=13319.0us (491.7TF,  237GB/s)  (rank0)
