
=============
== PyTorch ==
=============

NVIDIA Release 26.03 (build 286725635)
PyTorch Version 2.11.0a0+a6c236b
Container image Copyright (c) 2025, NVIDIA CORPORATION & AFFILIATES. All rights reserved.
Copyright (c) 2014-2024 Facebook Inc.
Copyright (c) 2011-2014 Idiap Research Institute (Ronan Collobert)
Copyright (c) 2012-2014 Deepmind Technologies    (Koray Kavukcuoglu)
Copyright (c) 2011-2012 NEC Laboratories America (Koray Kavukcuoglu)
Copyright (c) 2011-2013 NYU                      (Clement Farabet)
Copyright (c) 2006-2010 NEC Laboratories America (Ronan Collobert, Leon Bottou, Iain Melvin, Jason Weston)
Copyright (c) 2006      Idiap Research Institute (Samy Bengio)
Copyright (c) 2001-2004 Idiap Research Institute (Ronan Collobert, Samy Bengio, Johnny Mariethoz)
Copyright (c) 2015      Google Inc.
Copyright (c) 2015      Yangqing Jia
Copyright (c) 2013-2016 The Caffe contributors
All rights reserved.

Various files include modifications (c) NVIDIA CORPORATION & AFFILIATES.  All rights reserved.

GOVERNING TERMS: The software and materials are governed by the NVIDIA Software License Agreement
(found at https://www.nvidia.com/en-us/agreements/enterprise-software/nvidia-software-license-agreement/)
and the Product-Specific Terms for NVIDIA AI Products
(found at https://www.nvidia.com/en-us/agreements/enterprise-software/product-specific-terms-for-ai-products/).

NOTE: Mellanox network driver detected, but NVIDIA peer memory driver not
      detected.  Multi-node communication performance may be reduced.

SM90 MegaMoE bench: ranks=8 hidden=7168 ih=3072 experts=384 topk=6 masked_ratio=0.0 fast_math=True
 tokens=   8  recv=   50  experts=  33  nvfp4=  665.3us mean_rank=  667.0us max_rank=  672.2us (  9.9TF, 1845GB/s)  (rank0)
 tokens=  16  recv=   89  experts=  39  nvfp4=  821.6us mean_rank=  821.8us max_rank=  826.6us ( 14.3TF, 1767GB/s)  (rank0)
 tokens=  32  recv=  187  experts=  47  nvfp4=  876.0us mean_rank=  877.0us max_rank=  882.4us ( 28.2TF, 2000GB/s)  (rank0)
 tokens=  64  recv=  348  experts=  48  nvfp4=  891.6us mean_rank=  893.2us max_rank=  898.9us ( 51.6TF, 2011GB/s)  (rank0)
 tokens= 128  recv=  789  experts=  48  nvfp4=  891.2us mean_rank=  894.9us max_rank=  903.2us (117.0TF, 2026GB/s)  (rank0)
 tokens= 256  recv= 1574  experts=  48  nvfp4=  925.8us mean_rank=  927.6us max_rank=  939.4us (224.6TF, 1974GB/s)  (rank0)
 tokens= 512  recv= 3089  experts=  48  nvfp4= 1400.0us mean_rank= 1400.9us max_rank= 1411.0us (291.5TF, 1335GB/s)  (rank0)
 tokens=1024  recv= 6102  experts=  48  nvfp4= 2160.0us mean_rank= 2162.6us max_rank= 2167.0us (373.2TF,  904GB/s)  (rank0)
 tokens=2048  recv=12294  experts=  48  nvfp4= 4003.0us mean_rank= 4000.5us max_rank= 4003.0us (405.8TF,  530GB/s)  (rank0)
 tokens=4096  recv=24323  experts=  48  nvfp4= 7080.0us mean_rank= 7076.8us max_rank= 7083.0us (453.9TF,  347GB/s)  (rank0)
 tokens=8192  recv=49566  experts=  48  nvfp4=13304.0us mean_rank=13306.4us max_rank=13313.0us (492.2TF,  237GB/s)  (rank0)
