
=============
== PyTorch ==
=============

NVIDIA Release 26.03 (build 286725635)
PyTorch Version 2.11.0a0+a6c236b
Container image Copyright (c) 2025, NVIDIA CORPORATION & AFFILIATES. All rights reserved.
Copyright (c) 2014-2024 Facebook Inc.
Copyright (c) 2011-2014 Idiap Research Institute (Ronan Collobert)
Copyright (c) 2012-2014 Deepmind Technologies    (Koray Kavukcuoglu)
Copyright (c) 2011-2012 NEC Laboratories America (Koray Kavukcuoglu)
Copyright (c) 2011-2013 NYU                      (Clement Farabet)
Copyright (c) 2006-2010 NEC Laboratories America (Ronan Collobert, Leon Bottou, Iain Melvin, Jason Weston)
Copyright (c) 2006      Idiap Research Institute (Samy Bengio)
Copyright (c) 2001-2004 Idiap Research Institute (Ronan Collobert, Samy Bengio, Johnny Mariethoz)
Copyright (c) 2015      Google Inc.
Copyright (c) 2015      Yangqing Jia
Copyright (c) 2013-2016 The Caffe contributors
All rights reserved.

Various files include modifications (c) NVIDIA CORPORATION & AFFILIATES.  All rights reserved.

GOVERNING TERMS: The software and materials are governed by the NVIDIA Software License Agreement
(found at https://www.nvidia.com/en-us/agreements/enterprise-software/nvidia-software-license-agreement/)
and the Product-Specific Terms for NVIDIA AI Products
(found at https://www.nvidia.com/en-us/agreements/enterprise-software/product-specific-terms-for-ai-products/).

NOTE: Mellanox network driver detected, but NVIDIA peer memory driver not
      detected.  Multi-node communication performance may be reduced.

SM90 MegaMoE bench: ranks=8 hidden=7168 ih=3072 experts=384 topk=6 masked_ratio=0.0 fast_math=True
 tokens=   8  recv=   50  experts=  33  nvfp4=  676.3us mean_rank=  672.8us max_rank=  683.5us (  9.8TF, 1815GB/s)  (rank0)
 tokens=  16  recv=   89  experts=  39  nvfp4=  830.8us mean_rank=  824.8us max_rank=  832.2us ( 14.2TF, 1747GB/s)  (rank0)
 tokens=  32  recv=  187  experts=  47  nvfp4=  910.9us mean_rank=  912.6us max_rank=  927.6us ( 27.1TF, 1923GB/s)  (rank0)
 tokens=  64  recv=  348  experts=  48  nvfp4=  911.4us mean_rank=  907.6us max_rank=  915.5us ( 50.5TF, 1968GB/s)  (rank0)
 tokens= 128  recv=  789  experts=  48  nvfp4=  891.6us mean_rank=  887.1us max_rank=  896.8us (116.9TF, 2025GB/s)  (rank0)
 tokens= 256  recv= 1574  experts=  48  nvfp4=  911.7us mean_rank=  908.1us max_rank=  917.5us (228.1TF, 2004GB/s)  (rank0)
 tokens= 512  recv= 3089  experts=  48  nvfp4= 1409.0us mean_rank= 1421.1us max_rank= 1434.0us (289.7TF, 1326GB/s)  (rank0)
 tokens=1024  recv= 6102  experts=  48  nvfp4= 2161.0us mean_rank= 2163.6us max_rank= 2176.0us (373.1TF,  903GB/s)  (rank0)
 tokens=2048  recv=12294  experts=  48  nvfp4= 4027.0us mean_rank= 4024.1us max_rank= 4036.0us (403.3TF,  527GB/s)  (rank0)
 tokens=4096  recv=24323  experts=  48  nvfp4= 7094.0us mean_rank= 7083.6us max_rank= 7095.0us (453.0TF,  346GB/s)  (rank0)
 tokens=8192  recv=49566  experts=  48  nvfp4=13358.0us mean_rank=13342.0us max_rank=13358.0us (490.2TF,  236GB/s)  (rank0)
