
=============
== PyTorch ==
=============

NVIDIA Release 26.03 (build 286725635)
PyTorch Version 2.11.0a0+a6c236b
Container image Copyright (c) 2025, NVIDIA CORPORATION & AFFILIATES. All rights reserved.
Copyright (c) 2014-2024 Facebook Inc.
Copyright (c) 2011-2014 Idiap Research Institute (Ronan Collobert)
Copyright (c) 2012-2014 Deepmind Technologies    (Koray Kavukcuoglu)
Copyright (c) 2011-2012 NEC Laboratories America (Koray Kavukcuoglu)
Copyright (c) 2011-2013 NYU                      (Clement Farabet)
Copyright (c) 2006-2010 NEC Laboratories America (Ronan Collobert, Leon Bottou, Iain Melvin, Jason Weston)
Copyright (c) 2006      Idiap Research Institute (Samy Bengio)
Copyright (c) 2001-2004 Idiap Research Institute (Ronan Collobert, Samy Bengio, Johnny Mariethoz)
Copyright (c) 2015      Google Inc.
Copyright (c) 2015      Yangqing Jia
Copyright (c) 2013-2016 The Caffe contributors
All rights reserved.

Various files include modifications (c) NVIDIA CORPORATION & AFFILIATES.  All rights reserved.

GOVERNING TERMS: The software and materials are governed by the NVIDIA Software License Agreement
(found at https://www.nvidia.com/en-us/agreements/enterprise-software/nvidia-software-license-agreement/)
and the Product-Specific Terms for NVIDIA AI Products
(found at https://www.nvidia.com/en-us/agreements/enterprise-software/product-specific-terms-for-ai-products/).

NOTE: Mellanox network driver detected, but NVIDIA peer memory driver not
      detected.  Multi-node communication performance may be reduced.

SM90 MegaMoE bench: ranks=8 hidden=4096 ih=2048 experts=256 topk=6 masked_ratio=0.0 fast_math=True
/usr/local/lib/python3.12/dist-packages/torch/utils/_device.py:124: UserWarning: Specified kernel cache directory could not be created! This disables kernel caching. Specified directory is /root/.cache/torch/kernels. This warning will appear only once per process. (Triggered internally at /opt/pytorch/pytorch/aten/src/ATen/native/cuda/jit_utils.cpp:1487.)
  return func(*args, **kwargs)
 tokens=   8  recv=   46  experts=  24  nvfp4=  228.6us mean_rank=  231.0us max_rank=  238.6us ( 10.1TF, 1490GB/s)  (rank0)
 tokens=  16  recv=   92  experts=  30  nvfp4=  286.4us mean_rank=  277.8us max_rank=  291.9us ( 16.2TF, 1488GB/s)  (rank0)
 tokens=  32  recv=  170  experts=  32  nvfp4=  284.1us mean_rank=  281.6us max_rank=  292.7us ( 30.1TF, 1604GB/s)  (rank0)
 tokens=  64  recv=  378  experts=  32  nvfp4=  288.2us mean_rank=  330.9us max_rank=  349.0us ( 66.0TF, 1593GB/s)  (rank0)
 tokens= 128  recv=  784  experts=  32  nvfp4=  267.8us mean_rank=  277.9us max_rank=  286.5us (147.3TF, 1739GB/s)  (rank0)
 tokens= 256  recv= 1568  experts=  32  nvfp4=  291.2us mean_rank=  288.4us max_rank=  295.5us (271.0TF, 1644GB/s)  (rank0)
 tokens= 512  recv= 3147  experts=  32  nvfp4=  507.0us mean_rank=  503.8us max_rank=  510.9us (312.4TF,  995GB/s)  (rank0)
 tokens=1024  recv= 6221  experts=  32  nvfp4=  840.9us mean_rank=  837.1us max_rank=  843.5us (372.4TF,  660GB/s)  (rank0)
 tokens=2048  recv=12365  experts=  32  nvfp4= 1581.4us mean_rank= 1578.4us max_rank= 1585.4us (393.5TF,  415GB/s)  (rank0)
 tokens=4096  recv=24547  experts=  32  nvfp4= 2730.0us mean_rank= 2724.6us max_rank= 2733.0us (452.6TF,  313GB/s)  (rank0)
 tokens=8192  recv=49065  experts=  32  nvfp4= 5160.0us mean_rank= 5155.0us max_rank= 5163.0us (478.6TF,  244GB/s)  (rank0)
