
=============
== PyTorch ==
=============

NVIDIA Release 26.03 (build 286725635)
PyTorch Version 2.11.0a0+a6c236b
Container image Copyright (c) 2025, NVIDIA CORPORATION & AFFILIATES. All rights reserved.
Copyright (c) 2014-2024 Facebook Inc.
Copyright (c) 2011-2014 Idiap Research Institute (Ronan Collobert)
Copyright (c) 2012-2014 Deepmind Technologies    (Koray Kavukcuoglu)
Copyright (c) 2011-2012 NEC Laboratories America (Koray Kavukcuoglu)
Copyright (c) 2011-2013 NYU                      (Clement Farabet)
Copyright (c) 2006-2010 NEC Laboratories America (Ronan Collobert, Leon Bottou, Iain Melvin, Jason Weston)
Copyright (c) 2006      Idiap Research Institute (Samy Bengio)
Copyright (c) 2001-2004 Idiap Research Institute (Ronan Collobert, Samy Bengio, Johnny Mariethoz)
Copyright (c) 2015      Google Inc.
Copyright (c) 2015      Yangqing Jia
Copyright (c) 2013-2016 The Caffe contributors
All rights reserved.

Various files include modifications (c) NVIDIA CORPORATION & AFFILIATES.  All rights reserved.

GOVERNING TERMS: The software and materials are governed by the NVIDIA Software License Agreement
(found at https://www.nvidia.com/en-us/agreements/enterprise-software/nvidia-software-license-agreement/)
and the Product-Specific Terms for NVIDIA AI Products
(found at https://www.nvidia.com/en-us/agreements/enterprise-software/product-specific-terms-for-ai-products/).

NOTE: Mellanox network driver detected, but NVIDIA peer memory driver not
      detected.  Multi-node communication performance may be reduced.

SM90 MegaMoE bench: ranks=8 hidden=6144 ih=2048 experts=384 topk=8 masked_ratio=0.0 fast_math=True
/usr/local/lib/python3.12/dist-packages/torch/utils/_device.py:124: UserWarning: Specified kernel cache directory could not be created! This disables kernel caching. Specified directory is /root/.cache/torch/kernels. This warning will appear only once per process. (Triggered internally at /opt/pytorch/pytorch/aten/src/ATen/native/cuda/jit_utils.cpp:1487.)
  return func(*args, **kwargs)
/usr/local/lib/python3.12/dist-packages/torch/utils/_device.py:124: UserWarning: Specified kernel cache directory could not be created! This disables kernel caching. Specified directory is /root/.cache/torch/kernels. This warning will appear only once per process. (Triggered internally at /opt/pytorch/pytorch/aten/src/ATen/native/cuda/jit_utils.cpp:1487.)
  return func(*args, **kwargs)
 tokens=   8  recv=   64  experts=  39  nvfp4=  499.0us mean_rank=  496.2us max_rank=  499.7us (  9.7TF, 1663GB/s)  (rank0)
 tokens=  16  recv=  118  experts=  45  nvfp4=  560.1us mean_rank=  561.7us max_rank=  565.3us ( 15.9TF, 1711GB/s)  (rank0)
 tokens=  32  recv=  241  experts=  48  nvfp4=  588.8us mean_rank=  628.5us max_rank=  642.0us ( 30.9TF, 1740GB/s)  (rank0)
 tokens=  64  recv=  546  experts=  48  nvfp4=  566.1us mean_rank=  561.2us max_rank=  569.6us ( 72.8TF, 1822GB/s)  (rank0)
 tokens= 128  recv=  984  experts=  48  nvfp4=  567.4us mean_rank=  596.2us max_rank=  609.1us (130.9TF, 1835GB/s)  (rank0)
 tokens= 256  recv= 2037  experts=  48  nvfp4=  585.9us mean_rank=  583.1us max_rank=  591.5us (262.5TF, 1818GB/s)  (rank0)
 tokens= 512  recv= 4097  experts=  48  nvfp4= 1051.0us mean_rank= 1045.2us max_rank= 1052.0us (294.3TF, 1058GB/s)  (rank0)
 tokens=1024  recv= 8140  experts=  48  nvfp4= 1580.0us mean_rank= 1572.6us max_rank= 1580.0us (389.0TF,  761GB/s)  (rank0)
 tokens=2048  recv=16409  experts=  48  nvfp4= 2871.0us mean_rank= 2866.9us max_rank= 2872.0us (431.5TF,  484GB/s)  (rank0)
 tokens=4096  recv=32686  experts=  48  nvfp4= 5469.0us mean_rank= 5461.6us max_rank= 5469.0us (451.2TF,  321GB/s)  (rank0)
 tokens=8192  recv=65538  experts=  48  nvfp4=10211.0us mean_rank=10203.4us max_rank=10213.0us (484.6TF,  244GB/s)  (rank0)
