
=============
== PyTorch ==
=============

NVIDIA Release 26.03 (build 286725635)
PyTorch Version 2.11.0a0+a6c236b
Container image Copyright (c) 2025, NVIDIA CORPORATION & AFFILIATES. All rights reserved.
Copyright (c) 2014-2024 Facebook Inc.
Copyright (c) 2011-2014 Idiap Research Institute (Ronan Collobert)
Copyright (c) 2012-2014 Deepmind Technologies    (Koray Kavukcuoglu)
Copyright (c) 2011-2012 NEC Laboratories America (Koray Kavukcuoglu)
Copyright (c) 2011-2013 NYU                      (Clement Farabet)
Copyright (c) 2006-2010 NEC Laboratories America (Ronan Collobert, Leon Bottou, Iain Melvin, Jason Weston)
Copyright (c) 2006      Idiap Research Institute (Samy Bengio)
Copyright (c) 2001-2004 Idiap Research Institute (Ronan Collobert, Samy Bengio, Johnny Mariethoz)
Copyright (c) 2015      Google Inc.
Copyright (c) 2015      Yangqing Jia
Copyright (c) 2013-2016 The Caffe contributors
All rights reserved.

Various files include modifications (c) NVIDIA CORPORATION & AFFILIATES.  All rights reserved.

GOVERNING TERMS: The software and materials are governed by the NVIDIA Software License Agreement
(found at https://www.nvidia.com/en-us/agreements/enterprise-software/nvidia-software-license-agreement/)
and the Product-Specific Terms for NVIDIA AI Products
(found at https://www.nvidia.com/en-us/agreements/enterprise-software/product-specific-terms-for-ai-products/).

NOTE: Mellanox network driver detected, but NVIDIA peer memory driver not
      detected.  Multi-node communication performance may be reduced.

SM90 MegaMoE bench: ranks=8 hidden=4096 ih=2048 experts=256 topk=6 masked_ratio=0.0 fast_math=True
/usr/local/lib/python3.12/dist-packages/torch/utils/_device.py:124: UserWarning: Specified kernel cache directory could not be created! This disables kernel caching. Specified directory is /root/.cache/torch/kernels. This warning will appear only once per process. (Triggered internally at /opt/pytorch/pytorch/aten/src/ATen/native/cuda/jit_utils.cpp:1487.)
  return func(*args, **kwargs)
 tokens=   8  recv=   46  experts=  24  nvfp4=  227.4us mean_rank=  230.9us max_rank=  233.6us ( 10.2TF, 1497GB/s)  (rank0)
 tokens=  16  recv=   92  experts=  30  nvfp4=  244.8us mean_rank=  246.6us max_rank=  252.7us ( 18.9TF, 1741GB/s)  (rank0)
 tokens=  32  recv=  170  experts=  32  nvfp4=  249.6us mean_rank=  258.5us max_rank=  267.1us ( 34.3TF, 1826GB/s)  (rank0)
 tokens=  64  recv=  378  experts=  32  nvfp4=  270.3us mean_rank=  270.8us max_rank=  278.2us ( 70.4TF, 1699GB/s)  (rank0)
 tokens= 128  recv=  784  experts=  32  nvfp4=  288.4us mean_rank=  297.2us max_rank=  303.6us (136.8TF, 1615GB/s)  (rank0)
 tokens= 256  recv= 1568  experts=  32  nvfp4=  298.0us mean_rank=  295.6us max_rank=  301.0us (264.8TF, 1606GB/s)  (rank0)
 tokens= 512  recv= 3147  experts=  32  nvfp4=  491.8us mean_rank=  492.8us max_rank=  497.7us (322.0TF, 1026GB/s)  (rank0)
 tokens=1024  recv= 6221  experts=  32  nvfp4=  842.6us mean_rank=  844.0us max_rank=  852.1us (371.6TF,  659GB/s)  (rank0)
 tokens=2048  recv=12365  experts=  32  nvfp4= 1587.4us mean_rank= 1585.5us max_rank= 1591.4us (392.1TF,  413GB/s)  (rank0)
 tokens=4096  recv=24547  experts=  32  nvfp4= 2717.0us mean_rank= 2717.1us max_rank= 2723.0us (454.7TF,  315GB/s)  (rank0)
 tokens=8192  recv=49065  experts=  32  nvfp4= 5153.0us mean_rank= 5154.0us max_rank= 5161.0us (479.2TF,  244GB/s)  (rank0)
