
=============
== PyTorch ==
=============

NVIDIA Release 26.03 (build 286725635)
PyTorch Version 2.11.0a0+a6c236b
Container image Copyright (c) 2025, NVIDIA CORPORATION & AFFILIATES. All rights reserved.
Copyright (c) 2014-2024 Facebook Inc.
Copyright (c) 2011-2014 Idiap Research Institute (Ronan Collobert)
Copyright (c) 2012-2014 Deepmind Technologies    (Koray Kavukcuoglu)
Copyright (c) 2011-2012 NEC Laboratories America (Koray Kavukcuoglu)
Copyright (c) 2011-2013 NYU                      (Clement Farabet)
Copyright (c) 2006-2010 NEC Laboratories America (Ronan Collobert, Leon Bottou, Iain Melvin, Jason Weston)
Copyright (c) 2006      Idiap Research Institute (Samy Bengio)
Copyright (c) 2001-2004 Idiap Research Institute (Ronan Collobert, Samy Bengio, Johnny Mariethoz)
Copyright (c) 2015      Google Inc.
Copyright (c) 2015      Yangqing Jia
Copyright (c) 2013-2016 The Caffe contributors
All rights reserved.

Various files include modifications (c) NVIDIA CORPORATION & AFFILIATES.  All rights reserved.

GOVERNING TERMS: The software and materials are governed by the NVIDIA Software License Agreement
(found at https://www.nvidia.com/en-us/agreements/enterprise-software/nvidia-software-license-agreement/)
and the Product-Specific Terms for NVIDIA AI Products
(found at https://www.nvidia.com/en-us/agreements/enterprise-software/product-specific-terms-for-ai-products/).

NOTE: Mellanox network driver detected, but NVIDIA peer memory driver not
      detected.  Multi-node communication performance may be reduced.

SM90 MegaMoE bench: ranks=8 hidden=4096 ih=2048 experts=256 topk=6 masked_ratio=0.0 fast_math=True
 tokens=   8  recv=   46  experts=  24  nvfp4=  225.1us mean_rank=  248.8us max_rank=  256.0us ( 10.3TF, 1513GB/s)  (rank0)
 tokens=  16  recv=   92  experts=  30  nvfp4=  255.2us mean_rank=  270.8us max_rank=  279.0us ( 18.1TF, 1670GB/s)  (rank0)
 tokens=  32  recv=  170  experts=  32  nvfp4=  248.8us mean_rank=  270.6us max_rank=  277.7us ( 34.4TF, 1832GB/s)  (rank0)
 tokens=  64  recv=  378  experts=  32  nvfp4=  283.6us mean_rank=  299.9us max_rank=  309.2us ( 67.1TF, 1619GB/s)  (rank0)
 tokens= 128  recv=  784  experts=  32  nvfp4=  261.6us mean_rank=  282.0us max_rank=  287.2us (150.8TF, 1781GB/s)  (rank0)
 tokens= 256  recv= 1568  experts=  32  nvfp4=  279.0us mean_rank=  307.6us max_rank=  315.3us (282.9TF, 1716GB/s)  (rank0)
 tokens= 512  recv= 3147  experts=  32  nvfp4=  485.1us mean_rank=  511.1us max_rank=  516.9us (326.5TF, 1040GB/s)  (rank0)
 tokens=1024  recv= 6221  experts=  32  nvfp4=  830.1us mean_rank=  850.1us max_rank=  857.6us (377.2TF,  669GB/s)  (rank0)
 tokens=2048  recv=12365  experts=  32  nvfp4= 1576.9us mean_rank= 1596.0us max_rank= 1603.0us (394.7TF,  416GB/s)  (rank0)
 tokens=4096  recv=24547  experts=  32  nvfp4= 2734.0us mean_rank= 2733.6us max_rank= 2740.0us (451.9TF,  313GB/s)  (rank0)
 tokens=8192  recv=49065  experts=  32  nvfp4= 5202.0us mean_rank= 5196.2us max_rank= 5207.0us (474.7TF,  242GB/s)  (rank0)
