
=============
== PyTorch ==
=============

NVIDIA Release 26.03 (build 286725635)
PyTorch Version 2.11.0a0+a6c236b
Container image Copyright (c) 2025, NVIDIA CORPORATION & AFFILIATES. All rights reserved.
Copyright (c) 2014-2024 Facebook Inc.
Copyright (c) 2011-2014 Idiap Research Institute (Ronan Collobert)
Copyright (c) 2012-2014 Deepmind Technologies    (Koray Kavukcuoglu)
Copyright (c) 2011-2012 NEC Laboratories America (Koray Kavukcuoglu)
Copyright (c) 2011-2013 NYU                      (Clement Farabet)
Copyright (c) 2006-2010 NEC Laboratories America (Ronan Collobert, Leon Bottou, Iain Melvin, Jason Weston)
Copyright (c) 2006      Idiap Research Institute (Samy Bengio)
Copyright (c) 2001-2004 Idiap Research Institute (Ronan Collobert, Samy Bengio, Johnny Mariethoz)
Copyright (c) 2015      Google Inc.
Copyright (c) 2015      Yangqing Jia
Copyright (c) 2013-2016 The Caffe contributors
All rights reserved.

Various files include modifications (c) NVIDIA CORPORATION & AFFILIATES.  All rights reserved.

GOVERNING TERMS: The software and materials are governed by the NVIDIA Software License Agreement
(found at https://www.nvidia.com/en-us/agreements/enterprise-software/nvidia-software-license-agreement/)
and the Product-Specific Terms for NVIDIA AI Products
(found at https://www.nvidia.com/en-us/agreements/enterprise-software/product-specific-terms-for-ai-products/).

NOTE: Mellanox network driver detected, but NVIDIA peer memory driver not
      detected.  Multi-node communication performance may be reduced.

SM90 MegaMoE bench: ranks=8 hidden=4096 ih=2048 experts=256 topk=6 masked_ratio=0.0 fast_math=True
 tokens=   8  recv=   46  experts=  24  nvfp4=  231.1us mean_rank=  230.7us max_rank=  235.5us ( 10.0TF, 1473GB/s)  (rank0)
 tokens=  16  recv=   92  experts=  30  nvfp4=  256.3us mean_rank=  252.6us max_rank=  256.3us ( 18.1TF, 1663GB/s)  (rank0)
 tokens=  32  recv=  170  experts=  32  nvfp4=  261.7us mean_rank=  258.2us max_rank=  263.4us ( 32.7TF, 1742GB/s)  (rank0)
 tokens=  64  recv=  378  experts=  32  nvfp4=  285.3us mean_rank=  297.1us max_rank=  312.0us ( 66.7TF, 1609GB/s)  (rank0)
 tokens= 128  recv=  784  experts=  32  nvfp4=  257.4us mean_rank=  285.2us max_rank=  292.4us (153.3TF, 1810GB/s)  (rank0)
 tokens= 256  recv= 1568  experts=  32  nvfp4=  280.0us mean_rank=  323.0us max_rank=  335.5us (281.8TF, 1709GB/s)  (rank0)
 tokens= 512  recv= 3147  experts=  32  nvfp4=  494.0us mean_rank=  518.7us max_rank=  527.1us (320.7TF, 1021GB/s)  (rank0)
 tokens=1024  recv= 6221  experts=  32  nvfp4=  819.1us mean_rank=  838.6us max_rank=  844.6us (382.2TF,  677GB/s)  (rank0)
 tokens=2048  recv=12365  experts=  32  nvfp4= 1576.9us mean_rank= 1582.0us max_rank= 1587.0us (394.7TF,  416GB/s)  (rank0)
 tokens=4096  recv=24547  experts=  32  nvfp4= 2710.0us mean_rank= 2713.1us max_rank= 2717.0us (455.9TF,  316GB/s)  (rank0)
 tokens=8192  recv=49065  experts=  32  nvfp4= 5152.0us mean_rank= 5154.6us max_rank= 5159.0us (479.3TF,  244GB/s)  (rank0)
